

Starting up. 07:54.11
---------------------
Adding game mode abduction (abduction) to configuration.
Adding game mode blob (blob) to configuration.
Adding game mode changeling (changeling) to configuration.
Adding game mode traitor+changeling (traitorchan) to configuration.
Adding game mode double agents (double_agents) to configuration.
Adding game mode traitor (traitor) to configuration.
Adding game mode cult (cult) to configuration.
Adding game mode extended (extended) to configuration.
Adding game mode gang war (gang) to configuration.
Adding game mode hand of god (handofgod) to configuration.
Adding game mode AI malfunction (malfunction) to configuration.
Adding game mode meteor (meteor) to configuration.
Adding game mode monkey (monkey) to configuration.
Adding game mode nuclear emergency (nuclear) to configuration.
Adding game mode revolution (revolution) to configuration.
Adding game mode sandbox (sandbox) to configuration.
Adding game mode shadowling (shadowling) to configuration.
Adding game mode very ragin' bullshit mages (veryraginbullshitmages) to configuration.
Adding game mode ragin' mages (raginmages) to configuration.
Adding game mode wizard (wizard) to configuration.
[07:54:14]ADMIN: Loading Banlistjob
[07:54:14]ADMIN: Banlistjob is empty.
[07:54:14]ADMIN: Banlistjob missing base dir.
[07:54:14]ADMIN: Loading jobban_rank
[07:54:14]ADMIN: jobban_keylist was empty
[07:54:14]ADMIN: Loading appearance_rank
[07:54:14]ADMIN: appearance_keylist was empty
[07:54:14]ADMIN: Updating jobbanfile!
[07:54:14]ADMIN: Loading Banlist
[07:54:14]ADMIN: Banlist is empty.
[07:54:14]ADMIN: Banlist missing base dir.
[07:54:21]ACCESS: Login: Tk420634/(Tk420634) from localhost-4019019304 || BYOND v509
[07:56:06]ACCESS: Logout: Tk420634[DC]/(Tk420634)


Starting up. 07:57.14
---------------------
Adding game mode abduction (abduction) to configuration.
Adding game mode blob (blob) to configuration.
Adding game mode changeling (changeling) to configuration.
Adding game mode traitor+changeling (traitorchan) to configuration.
Adding game mode double agents (double_agents) to configuration.
Adding game mode traitor (traitor) to configuration.
Adding game mode cult (cult) to configuration.
Adding game mode extended (extended) to configuration.
Adding game mode gang war (gang) to configuration.
Adding game mode hand of god (handofgod) to configuration.
Adding game mode AI malfunction (malfunction) to configuration.
Adding game mode meteor (meteor) to configuration.
Adding game mode monkey (monkey) to configuration.
Adding game mode nuclear emergency (nuclear) to configuration.
Adding game mode revolution (revolution) to configuration.
Adding game mode sandbox (sandbox) to configuration.
Adding game mode shadowling (shadowling) to configuration.
Adding game mode very ragin' bullshit mages (veryraginbullshitmages) to configuration.
Adding game mode ragin' mages (raginmages) to configuration.
Adding game mode wizard (wizard) to configuration.
[07:57:27]ADMIN: Loading Banlistjob
[07:57:27]ADMIN: Loading jobban_rank
[07:57:27]ADMIN: jobban_keylist was empty
[07:57:27]ADMIN: Loading appearance_rank
[07:57:27]ADMIN: appearance_keylist was empty
[07:57:27]ADMIN: Updating jobbanfile!
[07:57:27]ADMIN: Loading Banlist
[07:57:50]ACCESS: Login: Tk420634/(Tk420634) from localhost-4019019304 || BYOND v509
[08:00:03]ADMIN: Tk420634 has started the game.
[08:00:08]GAME: Tk420634 (ckey) has been selected as a traitor
[08:00:08]ACCESS: Logout: *no key*/(Tk420634)
[08:00:08]ACCESS: Login: Tk420634/(Greyson Ehret) from localhost-4019019304 || BYOND v509
[08:00:18]ACCESS: Logout: Tk420634[DC]/(Greyson Ehret)


Starting up. 08:06.35
---------------------
Adding game mode abduction (abduction) to configuration.
Adding game mode blob (blob) to configuration.
Adding game mode changeling (changeling) to configuration.
Adding game mode traitor+changeling (traitorchan) to configuration.
Adding game mode double agents (double_agents) to configuration.
Adding game mode traitor (traitor) to configuration.
Adding game mode cult (cult) to configuration.
Adding game mode extended (extended) to configuration.
Adding game mode gang war (gang) to configuration.
Adding game mode hand of god (handofgod) to configuration.
Adding game mode AI malfunction (malfunction) to configuration.
Adding game mode meteor (meteor) to configuration.
Adding game mode monkey (monkey) to configuration.
Adding game mode nuclear emergency (nuclear) to configuration.
Adding game mode revolution (revolution) to configuration.
Adding game mode sandbox (sandbox) to configuration.
Adding game mode shadowling (shadowling) to configuration.
Adding game mode very ragin' bullshit mages (veryraginbullshitmages) to configuration.
Adding game mode ragin' mages (raginmages) to configuration.
Adding game mode wizard (wizard) to configuration.
[08:06:43]ADMIN: Loading Banlistjob
[08:06:43]ADMIN: Loading jobban_rank
[08:06:43]ADMIN: jobban_keylist was empty
[08:06:44]ADMIN: Loading appearance_rank
[08:06:44]ADMIN: appearance_keylist was empty
[08:06:44]ADMIN: Updating jobbanfile!
[08:06:44]ADMIN: Loading Banlist
[08:06:55]ACCESS: Login: Tk420634/(Tk420634) from localhost-4019019304 || BYOND v509
[08:08:19]ADMIN: Tk420634 has started the game.
[08:08:23]GAME: Tk420634 (ckey) has been selected as a traitor
[08:08:23]ACCESS: Logout: *no key*/(Tk420634)
[08:08:23]ACCESS: Login: Tk420634/(Greyson Ehret) from localhost-4019019304 || BYOND v509
[08:08:37]EMOTE: Poly/ : <B>Poly</B> turns and flies towards the clipboard.
[08:08:38]ADMIN: Tk420634/(Greyson Ehret) has modified world.fps to 16
[08:08:47]SAY: Poly/ : Wire the solars, you lazy bums!
[08:09:52]ADMIN: Tk420634/(Greyson Ehret) manipulated a pump at 121, 35, 1
[08:09:53]ADMIN: Tk420634/(Greyson Ehret) manipulated a pump at 121, 35, 1
[08:11:06]ADMIN: Tk420634/(Greyson Ehret) manipulated a pump at 129, 35, 1
[08:11:07]ADMIN: Tk420634/(Greyson Ehret) manipulated a pump at 129, 35, 1
[08:11:20]ADMIN: Tk420634/(Greyson Ehret) manipulated a pump at 129, 41, 1
[08:11:21]ADMIN: Tk420634/(Greyson Ehret) manipulated a pump at 129, 41, 1
[08:12:31]SAY: Poly/ : Check the singlo, you chucklefucks!
[08:12:56]SAY: Poly/ : Wire the solars, you lazy bums!
[08:13:08]EMOTE: crab/ : <B>The crab</B> clacks.
[08:14:13]ADMIN: Tk420634/(Greyson Ehret) jumped to 120,45,1 in Engineering
[08:14:21]ADMIN: Tk420634/(Greyson Ehret) called SMES Room's open() with no arguments.
[08:14:31]SAY: Poly/ : WHO TOOK THE DAMN HARDSUITS?
[08:15:19]ADMIN: Tk420634/(Greyson Ehret) jumped to 125,47,1 in Engineering
[08:17:36]ADMIN: Tk420634/(Greyson Ehret) changed the equipment of Tk420634/(Greyson Ehret) to Chief Engineer.
[08:19:50]GAME: Random Event triggering: Minor Space Dust (/datum/round_event/meteor_wave/dust)
[08:20:28]ADMIN: Tk420634/(Greyson Ehret) jumped to 121,45,1 in Engineering
[08:20:35]SAY: Poly/ : Poly wanna cracker!
[08:20:40]ADMIN: Tk420634/(Greyson Ehret) has entered build mode.
[08:20:42]ADMIN: Build Mode: Tk420634/(Greyson Ehret) deleted the reinforced wall at (123,45,1)
[08:20:44]ADMIN: Tk420634/(Greyson Ehret) has left build mode.
[08:20:57]SAY: Poly/ : OH GOD ITS FREE CALL THE SHUTTLE
[08:21:28]EMOTE: monkey (508)/ : <B>The monkey (508)</B> jumps!
[08:21:48]EMOTE: crab/ : <B>The crab</B> clicks.
[08:25:48]EMOTE: crab/ : <B>The crab</B> clicks.
[08:25:59]GAME: Random Event triggering: Minor Space Dust (/datum/round_event/meteor_wave/dust)
[08:26:05]SAY: Poly/ : OH GOD ITS FREE CALL THE SHUTTLE
[08:26:49]GAME: Emitter lost power in (123,41,1)
[08:26:49]GAME: Emitter lost power in (127,41,1)
[08:27:31]EMOTE: monkey (692)/ : <B>The monkey (692)</B> jumps!
[08:30:48]EMOTE: monkey (692)/ : <B>The monkey (692)</B> jumps!
[08:37:02]EMOTE: crab/ : <B>The crab</B> clicks.
[08:37:40]EMOTE: crab/ : <B>The crab</B> clicks.
[08:39:19]SAY: Poly/ : WHO TOOK THE DAMN HARDSUITS?
[08:40:55]EMOTE: Poly/ : <B>Poly</B> bawks!
[08:41:07]GAME: Random Event triggering: Minor Space Dust (/datum/round_event/meteor_wave/dust)
[08:41:28]EMOTE: crab/ : <B>The crab</B> clicks.
[08:41:32]SAY: Poly/ : Wire the solars, you lazy bums!
[08:43:14]ADMIN: Tk420634/(Greyson Ehret) has toggled Tk420634/(Greyson Ehret)'s nodamage to On
[08:43:46]EMOTE: monkey (692)/ : <B>The monkey (692)</B> jumps!
[08:45:53]EMOTE: monkey (508)/ : <B>The monkey (508)</B> jumps!
[08:52:05]SAY: Poly/ : WHO TOOK THE DAMN HARDSUITS?
[08:52:20]GAME: Random Event triggering: Minor Space Dust (/datum/round_event/meteor_wave/dust)
[09:00:29]GAME: Random Event triggering: Camera Failure (/datum/round_event/camera_failure)
[09:01:47]SAY: Poly/ : OH GOD ITS FREE CALL THE SHUTTLE
[09:02:08]ADMIN: Tk420634/(Greyson Ehret) has modified world.fps to 14
[09:07:36]EMOTE: crab/ : <B>The crab</B> clacks.
[09:07:39]EMOTE: monkey (692)/ : <B>The monkey (692)</B> jumps!
[09:08:08]EMOTE: crab/ : <B>The crab</B> clacks.
[09:09:54]GAME: Random Event triggering: Communications Blackout (/datum/round_event/communications_blackout)
[09:10:17]EMOTE: monkey (508)/ : <B>The monkey (508)</B> jumps!
[09:10:29]ADMIN: Tk420634/(Greyson Ehret) admin ghosted
[09:10:29]ACCESS: Logout: *no key*/(Greyson Ehret)
[09:10:29]ACCESS: Login: Tk420634/(Greyson Ehret) from localhost-4019019304 || BYOND v509
[09:10:39]ADMIN: Tk420634/(Greyson Ehret) changed their view range to 128.
[09:11:04]ADMIN: Tk420634/(Greyson Ehret) has entered build mode.
[09:11:06]ADMIN: Build Mode: Tk420634/(Greyson Ehret) built the wall at (123,200,1)
[09:11:08]EMOTE: crab/ : <B>The crab</B> clacks.
[09:11:39]ADMIN: Tk420634/(Greyson Ehret) changed their view range to 7.
[09:11:54]ACCESS: Logout: *no key*/(Greyson Ehret)
[09:11:54]ACCESS: Login: Tk420634/(Greyson Ehret) from localhost-4019019304 || BYOND v509
[09:13:08]EMOTE: crab/ : <B>The crab</B> clicks.
[09:13:34]ACCESS: Logout: Tk420634[DC]/(Greyson Ehret)


Starting up. 09:24.41
---------------------
Adding game mode abduction (abduction) to configuration.
Adding game mode blob (blob) to configuration.
Adding game mode changeling (changeling) to configuration.
Adding game mode traitor+changeling (traitorchan) to configuration.
Adding game mode double agents (double_agents) to configuration.
Adding game mode traitor (traitor) to configuration.
Adding game mode cult (cult) to configuration.
Adding game mode extended (extended) to configuration.
Adding game mode gang war (gang) to configuration.
Adding game mode hand of god (handofgod) to configuration.
Adding game mode AI malfunction (malfunction) to configuration.
Adding game mode meteor (meteor) to configuration.
Adding game mode monkey (monkey) to configuration.
Adding game mode nuclear emergency (nuclear) to configuration.
Adding game mode revolution (revolution) to configuration.
Adding game mode sandbox (sandbox) to configuration.
Adding game mode shadowling (shadowling) to configuration.
Adding game mode very ragin' bullshit mages (veryraginbullshitmages) to configuration.
Adding game mode ragin' mages (raginmages) to configuration.
Adding game mode wizard (wizard) to configuration.
[09:24:43]ADMIN: Loading Banlistjob
[09:24:43]ADMIN: Loading jobban_rank
[09:24:43]ADMIN: jobban_keylist was empty
[09:24:43]ADMIN: Loading appearance_rank
[09:24:43]ADMIN: appearance_keylist was empty
[09:24:43]ADMIN: Updating jobbanfile!
[09:24:44]ADMIN: Loading Banlist
[09:25:00]ACCESS: Login: Tk420634/(Tk420634) from localhost-4019019304 || BYOND v509
[09:26:52]ACCESS: Logout: Tk420634[DC]/(Tk420634)


Starting up. 09:29.58
---------------------
Adding game mode abduction (abduction) to configuration.
Adding game mode blob (blob) to configuration.
Adding game mode changeling (changeling) to configuration.
Adding game mode traitor+changeling (traitorchan) to configuration.
Adding game mode double agents (double_agents) to configuration.
Adding game mode traitor (traitor) to configuration.
Adding game mode cult (cult) to configuration.
Adding game mode extended (extended) to configuration.
Adding game mode gang war (gang) to configuration.
Adding game mode hand of god (handofgod) to configuration.
Adding game mode AI malfunction (malfunction) to configuration.
Adding game mode meteor (meteor) to configuration.
Adding game mode monkey (monkey) to configuration.
Adding game mode nuclear emergency (nuclear) to configuration.
Adding game mode revolution (revolution) to configuration.
Adding game mode sandbox (sandbox) to configuration.
Adding game mode shadowling (shadowling) to configuration.
Adding game mode very ragin' bullshit mages (veryraginbullshitmages) to configuration.
Adding game mode ragin' mages (raginmages) to configuration.
Adding game mode wizard (wizard) to configuration.
[09:30:02]ADMIN: Loading Banlistjob
[09:30:02]ADMIN: Loading jobban_rank
[09:30:02]ADMIN: jobban_keylist was empty
[09:30:02]ADMIN: Loading appearance_rank
[09:30:02]ADMIN: appearance_keylist was empty
[09:30:02]ADMIN: Updating jobbanfile!
[09:30:02]ADMIN: Loading Banlist
[09:30:08]ACCESS: Login: Tk420634/(Tk420634) from localhost-4019019304 || BYOND v509
[09:31:09]ADMIN: Tk420634 has started the game.
[09:31:12]GAME: Tk420634 (ckey) has been selected as a traitor
[09:31:13]ACCESS: Logout: *no key*/(Tk420634)
[09:31:13]ACCESS: Login: Tk420634/(Greyson Ehret) from localhost-4019019304 || BYOND v509
[09:31:25]ADMIN: Tk420634/(Greyson Ehret) changed the equipment of Tk420634/(Greyson Ehret) to Chief Engineer.
[09:31:35]ADMIN: Tk420634/(Greyson Ehret) has modified world.fps to 16
[09:32:02]EMOTE: Poly/ : <B>Poly</B> bawks!
[09:33:32]ADMIN: Tk420634/(Greyson Ehret) manipulated a pump at 121, 35, 1
[09:33:32]ADMIN: Tk420634/(Greyson Ehret) manipulated a pump at 121, 35, 1
[09:33:57]ADMIN: Tk420634/(Greyson Ehret) manipulated a pump at 129, 41, 1
[09:33:58]ADMIN: Tk420634/(Greyson Ehret) manipulated a pump at 129, 41, 1
[09:34:02]ADMIN: Tk420634/(Greyson Ehret) manipulated a pump at 129, 35, 1
[09:34:02]ADMIN: Tk420634/(Greyson Ehret) manipulated a pump at 129, 35, 1
[09:34:47]SAY: Poly/ : Check the singlo, you chucklefucks!
[09:36:02]EMOTE: crab/ : <B>The crab</B> clicks.
[09:36:34]EMOTE: crab/ : <B>The crab</B> clacks.
[09:37:00]EMOTE: Poly/ : <B>Poly</B> bawks!
[09:38:56]EMOTE: monkey (177)/ : <B>The monkey (177)</B> jumps!
[09:40:04]EMOTE: monkey (676)/ : <B>The monkey (676)</B> jumps!
[09:40:34]GAME: Random Event triggering: Minor Space Dust (/datum/round_event/meteor_wave/dust)
[09:41:35]ACCESS: Logout: Tk420634[DC]/(Greyson Ehret)


Starting up. 09:55.31
---------------------
Adding game mode abduction (abduction) to configuration.
Adding game mode blob (blob) to configuration.
Adding game mode changeling (changeling) to configuration.
Adding game mode traitor+changeling (traitorchan) to configuration.
Adding game mode double agents (double_agents) to configuration.
Adding game mode traitor (traitor) to configuration.
Adding game mode cult (cult) to configuration.
Adding game mode extended (extended) to configuration.
Adding game mode gang war (gang) to configuration.
Adding game mode hand of god (handofgod) to configuration.
Adding game mode AI malfunction (malfunction) to configuration.
Adding game mode meteor (meteor) to configuration.
Adding game mode monkey (monkey) to configuration.
Adding game mode nuclear emergency (nuclear) to configuration.
Adding game mode revolution (revolution) to configuration.
Adding game mode sandbox (sandbox) to configuration.
Adding game mode shadowling (shadowling) to configuration.
Adding game mode very ragin' bullshit mages (veryraginbullshitmages) to configuration.
Adding game mode ragin' mages (raginmages) to configuration.
Adding game mode wizard (wizard) to configuration.
[09:55:34]ADMIN: Loading Banlistjob
[09:55:34]ADMIN: Loading jobban_rank
[09:55:34]ADMIN: jobban_keylist was empty
[09:55:34]ADMIN: Loading appearance_rank
[09:55:34]ADMIN: appearance_keylist was empty
[09:55:34]ADMIN: Updating jobbanfile!
[09:55:34]ADMIN: Loading Banlist
[09:55:40]ACCESS: Login: Tk420634/(Tk420634) from localhost-4019019304 || BYOND v509
[09:55:45]ADMIN: Loading Banlistjob
[09:55:45]ADMIN: Banlistjob is empty.
[09:55:45]ADMIN: Banlistjob missing base dir.
[09:55:45]ADMIN: Loading jobban_rank
[09:55:45]ADMIN: jobban_keylist was empty
[09:55:45]ADMIN: Loading appearance_rank
[09:55:45]ADMIN: appearance_keylist was empty
[09:55:45]ADMIN: Updating jobbanfile!
[09:55:45]ADMIN: Loading Banlist
[09:55:45]ADMIN: Banlist is empty.
[09:55:45]ADMIN: Banlist missing base dir.
[09:55:51]ADMIN: Loading Banlistjob
[09:55:51]ADMIN: Banlistjob missing base dir.
[09:55:51]ADMIN: Loading jobban_rank
[09:55:51]ADMIN: jobban_keylist was empty
[09:55:51]ADMIN: Loading appearance_rank
[09:55:51]ADMIN: appearance_keylist was empty
[09:55:51]ADMIN: Updating jobbanfile!
[09:55:51]ADMIN: Loading Banlist
[09:55:51]ADMIN: Banlist is empty.
[09:55:51]ADMIN: Banlist missing base dir.
[09:56:02]ADMIN: Loading Banlistjob
[09:56:02]ADMIN: Loading jobban_rank
[09:56:02]ADMIN: jobban_keylist was empty
[09:56:02]ADMIN: Loading appearance_rank
[09:56:02]ADMIN: appearance_keylist was empty
[09:56:02]ADMIN: Updating jobbanfile!
[09:56:02]ADMIN: Loading Banlist
[09:56:02]ADMIN: Banlist is empty.
[09:56:02]ADMIN: Banlist missing base dir.
[09:56:15]ADMIN: Loading Banlistjob
[09:56:15]ADMIN: Loading jobban_rank
[09:56:15]ADMIN: jobban_keylist was empty
[09:56:15]ADMIN: Loading appearance_rank
[09:56:15]ADMIN: appearance_keylist was empty
[09:56:15]ADMIN: Updating jobbanfile!
[09:56:15]ADMIN: Loading Banlist
[09:56:15]ADMIN: Banlist is empty.
[09:56:15]ADMIN: Banlist missing base dir.
[09:56:27]ADMIN: Loading Banlistjob
[09:56:27]ADMIN: Loading jobban_rank
[09:56:27]ADMIN: jobban_keylist was empty
[09:56:27]ADMIN: Loading appearance_rank
[09:56:27]ADMIN: appearance_keylist was empty
[09:56:27]ADMIN: Updating jobbanfile!
[09:56:27]ADMIN: Loading Banlist
[09:56:27]ADMIN: Banlist is empty.
[09:56:27]ADMIN: Banlist missing base dir.
[09:56:40]ADMIN: Loading Banlistjob
[09:56:40]ADMIN: Loading jobban_rank
[09:56:40]ADMIN: jobban_keylist was empty
[09:56:40]ADMIN: Loading appearance_rank
[09:56:40]ADMIN: appearance_keylist was empty
[09:56:40]ADMIN: Updating jobbanfile!
[09:56:40]ADMIN: Loading Banlist
[09:56:40]ADMIN: Banlist is empty.
[09:56:40]ADMIN: Banlist missing base dir.


Starting up. 09:59.57
---------------------
Adding game mode abduction (abduction) to configuration.
Adding game mode blob (blob) to configuration.
Adding game mode changeling (changeling) to configuration.
Adding game mode traitor+changeling (traitorchan) to configuration.
Adding game mode double agents (double_agents) to configuration.
Adding game mode traitor (traitor) to configuration.
Adding game mode cult (cult) to configuration.
Adding game mode extended (extended) to configuration.
Adding game mode gang war (gang) to configuration.
Adding game mode hand of god (handofgod) to configuration.
Adding game mode AI malfunction (malfunction) to configuration.
Adding game mode meteor (meteor) to configuration.
Adding game mode monkey (monkey) to configuration.
Adding game mode nuclear emergency (nuclear) to configuration.
Adding game mode revolution (revolution) to configuration.
Adding game mode sandbox (sandbox) to configuration.
Adding game mode shadowling (shadowling) to configuration.
Adding game mode very ragin' bullshit mages (veryraginbullshitmages) to configuration.
Adding game mode ragin' mages (raginmages) to configuration.
Adding game mode wizard (wizard) to configuration.
[09:59:59]ADMIN: Loading Banlistjob
[09:59:59]ADMIN: Loading jobban_rank
[09:59:59]ADMIN: jobban_keylist was empty
[09:59:59]ADMIN: Loading appearance_rank
[09:59:59]ADMIN: appearance_keylist was empty
[09:59:59]ADMIN: Updating jobbanfile!
[09:59:59]ADMIN: Loading Banlist
[10:00:04]ACCESS: Login: Tk420634/(Tk420634) from localhost-4019019304 || BYOND v509
[10:00:51]ADMIN: Tk420634 has started the game.
[10:00:55]GAME: Tk420634 (ckey) has been selected as a traitor
[10:00:55]ACCESS: Logout: *no key*/(Tk420634)
[10:00:55]ACCESS: Login: Tk420634/(Greyson Ehret) from localhost-4019019304 || BYOND v509
[10:01:08]ADMIN: Tk420634/(Greyson Ehret) changed the equipment of Tk420634/(Greyson Ehret) to Chief Engineer.
[10:01:15]ADMIN: Tk420634/(Greyson Ehret) has modified world.fps to 16
[10:01:57]EMOTE: monkey (975)/ : <B>The monkey (975)</B> jumps!
[10:02:45]ADMIN: Tk420634/(Greyson Ehret) manipulated a pump at 121, 35, 1
[10:02:46]ADMIN: Tk420634/(Greyson Ehret) manipulated a pump at 121, 35, 1
[10:03:04]ADMIN: Tk420634/(Greyson Ehret) manipulated a pump at 129, 35, 1
[10:03:08]ADMIN: Tk420634/(Greyson Ehret) manipulated a pump at 129, 35, 1
[10:03:19]ADMIN: Tk420634/(Greyson Ehret) manipulated a pump at 129, 41, 1
[10:03:20]ADMIN: Tk420634/(Greyson Ehret) manipulated a pump at 129, 41, 1
[10:05:01]EMOTE: crab/ : <B>The crab</B> clacks.
[10:05:41]SAY: Poly/ : Wire the solars, you lazy bums!
[10:05:51]EMOTE: crab/ : <B>The crab</B> clacks.
[10:06:21]GAME: Random Event triggering: Minor Space Dust (/datum/round_event/meteor_wave/dust)
[10:06:41]ACCESS: Logout: Tk420634[DC]/(Greyson Ehret)


Starting up. 10:12.17
---------------------
Adding game mode abduction (abduction) to configuration.
Adding game mode blob (blob) to configuration.
Adding game mode changeling (changeling) to configuration.
Adding game mode traitor+changeling (traitorchan) to configuration.
Adding game mode double agents (double_agents) to configuration.
Adding game mode traitor (traitor) to configuration.
Adding game mode cult (cult) to configuration.
Adding game mode extended (extended) to configuration.
Adding game mode gang war (gang) to configuration.
Adding game mode hand of god (handofgod) to configuration.
Adding game mode AI malfunction (malfunction) to configuration.
Adding game mode meteor (meteor) to configuration.
Adding game mode monkey (monkey) to configuration.
Adding game mode nuclear emergency (nuclear) to configuration.
Adding game mode revolution (revolution) to configuration.
Adding game mode sandbox (sandbox) to configuration.
Adding game mode shadowling (shadowling) to configuration.
Adding game mode very ragin' bullshit mages (veryraginbullshitmages) to configuration.
Adding game mode ragin' mages (raginmages) to configuration.
Adding game mode wizard (wizard) to configuration.
[10:12:20]ADMIN: Loading Banlistjob
[10:12:20]ADMIN: Loading jobban_rank
[10:12:20]ADMIN: jobban_keylist was empty
[10:12:20]ADMIN: Loading appearance_rank
[10:12:20]ADMIN: appearance_keylist was empty
[10:12:20]ADMIN: Updating jobbanfile!
[10:12:20]ADMIN: Loading Banlist
[10:12:28]ACCESS: Login: Tk420634/(Tk420634) from localhost-4019019304 || BYOND v509
[10:13:20]ADMIN: Tk420634 has started the game.
[10:13:24]GAME: Tk420634 (ckey) has been selected as a traitor
[10:13:25]ACCESS: Logout: *no key*/(Tk420634)
[10:13:25]ACCESS: Login: Tk420634/(Greyson Ehret) from localhost-4019019304 || BYOND v509
[10:13:26]GAME: *null* has triggered a gibtonite deposit reaction at Mine (67, 15, 5).
[10:13:36]ADMIN: Tk420634/(Greyson Ehret) changed the equipment of Tk420634/(Greyson Ehret) to Chief Engineer.
[10:13:46]ADMIN: Tk420634/(Greyson Ehret) has modified world.fps to 16
[10:14:06]EMOTE: Poly/ : <B>Poly</B> turns and flies towards the folder.
[10:14:56]ADMIN: Tk420634/(Greyson Ehret) manipulated a pump at 129, 35, 1
[10:14:57]ADMIN: Tk420634/(Greyson Ehret) manipulated a pump at 129, 35, 1
[10:15:11]ADMIN: Tk420634/(Greyson Ehret) manipulated a pump at 121, 35, 1
[10:15:11]ADMIN: Tk420634/(Greyson Ehret) manipulated a pump at 121, 35, 1
[10:15:57]ADMIN: Tk420634/(Greyson Ehret) manipulated a pump at 129, 41, 1
[10:15:57]ADMIN: Tk420634/(Greyson Ehret) manipulated a pump at 129, 41, 1
[10:16:42]EMOTE: monkey (322)/ : <B>The monkey (322)</B> jumps!
[10:18:34]SAY: Greyson Ehret/Tk420634 : Fuck me
[10:18:46]ADMIN: Tk420634/(Greyson Ehret) deleted the reinforced wall at (123,45,1)
[10:18:52]ADMIN: Tk420634/(Greyson Ehret) has entered build mode.
[10:18:53]ADMIN: Build Mode: Tk420634/(Greyson Ehret) built the floor at (123,45,1)
[10:19:11]ADMIN: Tk420634/(Greyson Ehret) has left build mode.
[10:21:08]EMOTE: Greyson Ehret/Tk420634 : <B>Greyson Ehret</B> gasps!
[10:21:16]EMOTE: Greyson Ehret/Tk420634 : <B>Greyson Ehret</B> gasps!
[10:21:25]GAME: Random Event triggering: Minor Space Dust (/datum/round_event/meteor_wave/dust)
[10:21:30]EMOTE: Greyson Ehret/Tk420634 : <B>Greyson Ehret</B> gasps!
[10:21:32]EMOTE: Greyson Ehret/Tk420634 : <B>Greyson Ehret</B> gasps!
[10:21:48]GAME: SQL ERROR obtaining reason from watch table. Error : [not connected]

[10:21:49]ADMIN: Tk420634/(Greyson Ehret) healed / Revived Tk420634/(Greyson Ehret)
[10:23:06]SAY: Poly/ : WHO TOOK THE DAMN HARDSUITS?
[10:23:16]SAY: Poly/ : Wire the solars, you lazy bums!
[10:26:27]ACCESS: Logout: Tk420634[DC]/(Greyson Ehret)


Starting up. 10:31.32
---------------------
Adding game mode abduction (abduction) to configuration.
Adding game mode blob (blob) to configuration.
Adding game mode changeling (changeling) to configuration.
Adding game mode traitor+changeling (traitorchan) to configuration.
Adding game mode double agents (double_agents) to configuration.
Adding game mode traitor (traitor) to configuration.
Adding game mode cult (cult) to configuration.
Adding game mode extended (extended) to configuration.
Adding game mode gang war (gang) to configuration.
Adding game mode hand of god (handofgod) to configuration.
Adding game mode AI malfunction (malfunction) to configuration.
Adding game mode meteor (meteor) to configuration.
Adding game mode monkey (monkey) to configuration.
Adding game mode nuclear emergency (nuclear) to configuration.
Adding game mode revolution (revolution) to configuration.
Adding game mode sandbox (sandbox) to configuration.
Adding game mode shadowling (shadowling) to configuration.
Adding game mode very ragin' bullshit mages (veryraginbullshitmages) to configuration.
Adding game mode ragin' mages (raginmages) to configuration.
Adding game mode wizard (wizard) to configuration.
[10:34:00]ADMIN: Loading Banlistjob
[10:34:00]ADMIN: Loading jobban_rank
[10:34:00]ADMIN: jobban_keylist was empty
[10:34:00]ADMIN: Loading appearance_rank
[10:34:00]ADMIN: appearance_keylist was empty
[10:34:00]ADMIN: Updating jobbanfile!
[10:34:00]ADMIN: Loading Banlist
[10:34:06]ACCESS: Login: Tk420634/(Tk420634) from localhost-4019019304 || BYOND v509
[10:35:39]ADMIN: Tk420634 has started the game.
[10:35:44]GAME: Tk420634 (ckey) has been selected as a traitor
[10:35:44]ACCESS: Logout: *no key*/(Tk420634)
[10:35:44]ACCESS: Login: Tk420634/(Greyson Ehret) from localhost-4019019304 || BYOND v509
[10:35:55]ADMIN: Tk420634/(Greyson Ehret) changed the equipment of Tk420634/(Greyson Ehret) to Chief Engineer.
[10:35:59]ADMIN: Tk420634/(Greyson Ehret) has modified world.fps to 16
[10:36:07]EMOTE: Poly/ : <B>Poly</B> turns and flies towards the clipboard.
[10:36:54]ADMIN: Tk420634/(Greyson Ehret) manipulated a pump at 129, 35, 1
[10:36:55]ADMIN: Tk420634/(Greyson Ehret) manipulated a pump at 129, 35, 1
[10:37:10]ADMIN: Tk420634/(Greyson Ehret) manipulated a pump at 121, 35, 1
[10:37:10]ADMIN: Tk420634/(Greyson Ehret) manipulated a pump at 121, 35, 1
[10:37:25]ADMIN: Tk420634/(Greyson Ehret) manipulated a pump at 129, 41, 1
[10:37:26]ADMIN: Tk420634/(Greyson Ehret) manipulated a pump at 129, 41, 1
[10:38:54]EMOTE: monkey (611)/ : <B>The monkey (611)</B> jumps!
[10:41:05]EMOTE: monkey (611)/ : <B>The monkey (611)</B> jumps!
[10:41:55]GAME: Random Event triggering: Shuttle loan (/datum/round_event/shuttle_loan)
[10:44:37]EMOTE: monkey (747)/ : <B>The monkey (747)</B> jumps!
[10:46:42]ACCESS: Logout: Tk420634[DC]/(Greyson Ehret)


Starting up. 10:52.17
---------------------
Adding game mode abduction (abduction) to configuration.
Adding game mode blob (blob) to configuration.
Adding game mode changeling (changeling) to configuration.
Adding game mode traitor+changeling (traitorchan) to configuration.
Adding game mode double agents (double_agents) to configuration.
Adding game mode traitor (traitor) to configuration.
Adding game mode cult (cult) to configuration.
Adding game mode extended (extended) to configuration.
Adding game mode gang war (gang) to configuration.
Adding game mode hand of god (handofgod) to configuration.
Adding game mode AI malfunction (malfunction) to configuration.
Adding game mode meteor (meteor) to configuration.
Adding game mode monkey (monkey) to configuration.
Adding game mode nuclear emergency (nuclear) to configuration.
Adding game mode revolution (revolution) to configuration.
Adding game mode sandbox (sandbox) to configuration.
Adding game mode shadowling (shadowling) to configuration.
Adding game mode very ragin' bullshit mages (veryraginbullshitmages) to configuration.
Adding game mode ragin' mages (raginmages) to configuration.
Adding game mode wizard (wizard) to configuration.
[10:52:22]ADMIN: Loading Banlistjob
[10:52:22]ADMIN: Loading jobban_rank
[10:52:22]ADMIN: jobban_keylist was empty
[10:52:22]ADMIN: Loading appearance_rank
[10:52:22]ADMIN: appearance_keylist was empty
[10:52:22]ADMIN: Updating jobbanfile!
[10:52:22]ADMIN: Loading Banlist
[10:52:29]ACCESS: Login: Tk420634/(Tk420634) from localhost-4019019304 || BYOND v509
[10:53:28]ADMIN: Tk420634 has started the game.
[10:53:38]GAME: Tk420634 (ckey) has been selected as a traitor
[10:53:38]ACCESS: Logout: *no key*/(Tk420634)
[10:53:38]ACCESS: Login: Tk420634/(Greyson Ehret) from localhost-4019019304 || BYOND v509
[10:53:50]ADMIN: Tk420634/(Greyson Ehret) changed the equipment of Tk420634/(Greyson Ehret) to Chief Engineer.
[10:54:47]ADMIN: Tk420634/(Greyson Ehret) manipulated a pump at 129, 35, 1
[10:54:48]ADMIN: Tk420634/(Greyson Ehret) manipulated a pump at 129, 35, 1
[10:55:03]ADMIN: Tk420634/(Greyson Ehret) manipulated a pump at 121, 35, 1
[10:55:04]ADMIN: Tk420634/(Greyson Ehret) manipulated a pump at 121, 35, 1
[10:55:10]ADMIN: Tk420634/(Greyson Ehret) manipulated a pump at 129, 41, 1
[10:55:10]ADMIN: Tk420634/(Greyson Ehret) manipulated a pump at 129, 41, 1
[10:56:01]EMOTE: monkey (601)/ : <B>The monkey (601)</B> jumps!
[10:56:06]ADMIN: Tk420634/(Greyson Ehret) has modified world.fps to 16
[10:56:50]EMOTE: monkey (576)/ : <B>The monkey (576)</B> jumps!
[10:58:20]SAY: Poly/ : WHO TOOK THE DAMN HARDSUITS?
[10:58:24]EMOTE: monkey (576)/ : <B>The monkey (576)</B> jumps!
[10:59:53]GAME: Random Event triggering: Minor Space Dust (/datum/round_event/meteor_wave/dust)
[11:00:36]EMOTE: crab/ : <B>The crab</B> clicks.
[11:00:43]SAY: Poly/ : Check the singlo, you chucklefucks!
[11:00:47]EMOTE: Poly/ : <B>Poly</B> bawks!
[11:02:08]EMOTE: crab/ : <B>The crab</B> clacks.
[11:02:08]EMOTE: monkey (576)/ : <B>The monkey (576)</B> jumps!
[11:02:57]EMOTE: monkey (576)/ : <B>The monkey (576)</B> jumps!
[11:04:40]GAME: SQL ERROR obtaining reason from watch table. Error : [not connected]

[11:04:41]ADMIN: Tk420634/(Greyson Ehret) healed / Revived Tk420634/(Greyson Ehret)
[11:04:43]EMOTE: monkey (601)/ : <B>The monkey (601)</B> jumps!
[11:07:38]ADMIN: Tk420634/(Greyson Ehret) admin ghosted
[11:07:38]ACCESS: Logout: *no key*/(Greyson Ehret)
[11:07:38]ACCESS: Login: Tk420634/(Greyson Ehret) from localhost-4019019304 || BYOND v509
[11:07:42]ADMIN: Tk420634/(Greyson Ehret) changed their view range to 128.
[11:10:39]SAY: Poly/ : Wire the solars, you lazy bums!
[11:11:32]GAME: Random Event triggering: Minor Space Dust (/datum/round_event/meteor_wave/dust)
[11:16:12]EMOTE: crab/ : <B>The crab</B> clicks.
[11:16:50]EMOTE: crab/ : <B>The crab</B> clicks.
[11:17:18]SAY: Poly/ : Poly wanna cracker!
[11:22:31]GAME: Random Event triggering: Shuttle loan (/datum/round_event/shuttle_loan)
[11:23:58]EMOTE: monkey (576)/ : <B>The monkey (576)</B> jumps!
[11:26:18]EMOTE: Poly/ : <B>Poly</B> flutters its wings.
[11:27:33]EMOTE: Poly/ : <B>Poly</B> bawks!
[11:32:34]EMOTE: Poly/ : <B>Poly</B> bawks!
[11:33:40]EMOTE: monkey (601)/ : <B>The monkey (601)</B> jumps!
[11:36:39]SAY: Poly/ : Check the singlo, you chucklefucks!
[11:37:32]SAY: Poly/ : Poly wanna cracker!
[11:38:18]GAME: Random Event triggering: Alien Infestation (/datum/round_event/alien_infestation)
[11:40:43]EMOTE: monkey (601)/ : <B>The monkey (601)</B> jumps!
[11:42:33]SAY: Poly/ : WHO TOOK THE DAMN HARDSUITS?
[11:43:11]EMOTE: crab/ : <B>The crab</B> clicks.
[11:47:43]EMOTE: crab/ : <B>The crab</B> clacks.
[11:47:55]GAME: Random Event triggering: Clogged Vents (/datum/round_event/vent_clog)
[11:48:02]ACCESS: Logout: *no key*/(Greyson Ehret)
[11:48:02]ACCESS: Login: Tk420634/(Greyson Ehret) from localhost-4019019304 || BYOND v509
[11:48:20]ADMIN: Tk420634/(Greyson Ehret) changed their view range to 7.
[11:48:24]ADMIN: Tk420634/(Greyson Ehret) changed their view range to 14.
[11:48:49]EMOTE: monkey (576)/ : <B>The monkey (576)</B> jumps!
[11:49:20]ADMIN: Tk420634/(Greyson Ehret) changed their view range to 7.
[11:50:02]SAY: Poly/ : Poly wanna cracker!
[11:52:39]EMOTE: crab/ : <B>The crab</B> clacks.
[11:52:40]GAME: Emitter turned off by Tk420634/(Greyson Ehret) in (123,41,1)
[11:53:13]GAME: *null* triggered a fueltank explosion.
[11:53:13]GAME: Explosion with size (-1, 0, 2, 2) in area Supermatter Room (124,41,1)
[11:53:13]GAME: Explosion with size (-1, 0, 2, 2) in area Supermatter Room (124,41,1)
[11:53:14]GAME: Radiation pulse with size (16, 32) and severity 500 in area Supermatter Room 
[11:53:14]GAME: Radiation pulse with size (16, 32) and severity 500 in area Supermatter Room 
[11:53:14]GAME: Radiation pulse with size (16, 32) and severity 500 in area Supermatter Room 
[11:53:14]GAME: Radiation pulse with size (16, 32) and severity 500 in area Supermatter Room 
[11:53:14]GAME: Radiation pulse with size (16, 32) and severity 500 in area Supermatter Room 
[11:53:15]GAME: Radiation pulse with size (16, 32) and severity 500 in area Supermatter Room 
[11:53:18]GAME: Emitter lost power in (127,41,1)
[11:53:38]EMOTE: Greyson Ehret/Tk420634 : <B>Greyson Ehret</B> gasps!
[11:53:59]ADMIN: Tk420634/(Greyson Ehret) admin ghosted
[11:53:59]ACCESS: Logout: *no key*/(Greyson Ehret)
[11:53:59]ACCESS: Login: Tk420634/(Greyson Ehret) from localhost-4019019304 || BYOND v509
[11:54:17]ADMIN: Tk420634/(Greyson Ehret) spawned /obj/structure/reagent_dispensers/fueltank at (125,39,1)
[11:54:19]GAME: *null* triggered a fueltank explosion.
[11:54:19]GAME: Explosion with size (-1, 0, 2, 2) in area Supermatter Room (125,39,1)
[11:54:19]GAME: Explosion with size (-1, 0, 2, 2) in area Supermatter Room (125,39,1)
[11:54:37]ADMIN: Tk420634/(Greyson Ehret) spawned /obj/machinery/portable_atmospherics/canister/toxins at (125,39,1)
[11:54:45]GAME: Random Event triggering: Clogged Vents (/datum/round_event/vent_clog)
[11:55:09]SAY: Poly/ : Check the singlo, you chucklefucks!
[11:55:57]ACCESS: Logout: *no key*/(Greyson Ehret)
[11:55:57]ACCESS: Login: Tk420634/(Greyson Ehret) from localhost-4019019304 || BYOND v509
[11:56:01]ADMIN: Tk420634/(Greyson Ehret) admin ghosted
[11:56:01]ACCESS: Logout: *no key*/(Greyson Ehret)
[11:56:01]ACCESS: Login: Tk420634/(Greyson Ehret) from localhost-4019019304 || BYOND v509
[11:56:26]GAME: Radiation pulse with size (256, 512) and severity 1000 in area Supermatter Room 
[11:56:26]GAME: Explosion with size (3, 7, 14, 0) in area Supermatter Room (125,38,1)
[11:56:26]GAME: Emitter deleted at (127,41,1)
[11:56:50]EMOTE: monkey (576)/ : <B>The monkey (576)</B> collapses!
[11:56:58]EMOTE: monkey (576)/ : <B>The monkey (576)</B> collapses!
[11:56:58]EMOTE: monkey (601)/ : <B>The monkey (601)</B> collapses!
[11:57:16]EMOTE: Poly/ : <B>Poly</B> looks in the Power-ON cartridge's direction and takes flight.
[11:57:51]SAY: Poly/ : Danger! Crystal hyperstructure instability! Instability: 6%
[11:58:14]EMOTE: Poly/ : <B>Poly</B> looks in the Power-ON cartridge's direction and takes flight.
[11:58:28]SAY: Poly/ : Danger! Crystal hyperstructure instability! Instability: 6%
[11:59:13]EMOTE: Poly/ : <B>Poly</B> looks in the Power-ON cartridge's direction and takes flight.
[11:59:22]ACCESS: Logout: *no key*/(Greyson Ehret)
[11:59:22]ACCESS: Login: Tk420634/(Greyson Ehret) from localhost-4019019304 || BYOND v509
[12:00:11]EMOTE: Poly/ : <B>Poly</B> looks in the BreatheDeep cartridge's direction and takes flight.
[12:00:46]ADMIN: Tk420634/(Greyson Ehret) admin ghosted
[12:00:46]ACCESS: Logout: *no key*/(Greyson Ehret)
[12:00:46]ACCESS: Login: Tk420634/(Greyson Ehret) from localhost-4019019304 || BYOND v509
[12:00:50]ADMIN: Tk420634/(Greyson Ehret) changed their view range to 14.
[12:02:20]EMOTE: monkey (576)/ : <B>The monkey (576)</B> jumps!
[12:06:11]SAY: Poly/ : Danger! Crystal hyperstructure instability! Instability: 6%
[12:06:23]GAME: Random Event triggering: False Alarm (/datum/round_event/falsealarm)
[12:06:28]EMOTE: Poly/ : <B>Poly</B> flutters its wings.
[12:06:28]EMOTE: monkey (601)/ : <B>The monkey (601)</B> jumps!
[12:07:25]EMOTE: monkey (576)/ : <B>The monkey (576)</B> jumps!
[12:09:09]SAY: Poly/ : Wire the solars, you lazy bums!
[12:09:13]EMOTE: crab/ : <B>The crab</B> clacks.
[12:10:27]EMOTE: crab/ : <B>The crab</B> clacks.
[12:13:15]SAY: Poly/ : Wire the solars, you lazy bums!
[12:15:32]GAME: Random Event triggering: Ion Storm (/datum/round_event/ion_storm)
[12:18:39]SAY: Poly/ : Danger! Crystal hyperstructure instability! Instability: 6%
[12:25:39]GAME: Random Event triggering: Mass Hallucination (/datum/round_event/mass_hallucination)
[12:31:19]EMOTE: monkey (601)/ : <B>The monkey (601)</B> jumps!
[12:31:41]EMOTE: Poly/ : <B>Poly</B> squawks.
[12:32:35]EMOTE: monkey (576)/ : <B>The monkey (576)</B> jumps!
[12:35:17]GAME: Random Event triggering: Radiation Storm (/datum/round_event/radiation_storm)
[12:37:46]EMOTE: monkey (601)/ : <B>The monkey (601)</B> jumps!
[12:39:28]EMOTE: Poly/ : <B>Poly</B> bawks!
[12:40:08]EMOTE: crab/ : <B>The crab</B> clacks.
[12:40:25]GAME: Random Event triggering: False Alarm (/datum/round_event/falsealarm)
[12:43:22]EMOTE: crab/ : <B>The crab</B> clacks.
[12:44:04]SAY: Poly/ : Danger! Crystal hyperstructure instability! Instability: 6%
[12:44:44]EMOTE: monkey (601)/ : <B>The monkey (601)</B> jumps!
[12:46:47]GAME: Random Event triggering: Ion Storm (/datum/round_event/ion_storm)
[12:47:12]EMOTE: crab/ : <B>The crab</B> clacks.
[12:48:16]EMOTE: monkey (576)/ : <B>The monkey (576)</B> jumps!
[12:56:58]EMOTE: crab/ : <B>The crab</B> clicks.
[12:57:00]GAME: Random Event triggering: Electrical Storm (/datum/round_event/electrical_storm)
[12:57:10]ACCESS: Logout: Tk420634[DC]/(Greyson Ehret)


Starting up. 14:03.26
---------------------
Adding game mode abduction (abduction) to configuration.
Adding game mode blob (blob) to configuration.
Adding game mode changeling (changeling) to configuration.
Adding game mode traitor+changeling (traitorchan) to configuration.
Adding game mode double agents (double_agents) to configuration.
Adding game mode traitor (traitor) to configuration.
Adding game mode cult (cult) to configuration.
Adding game mode extended (extended) to configuration.
Adding game mode gang war (gang) to configuration.
Adding game mode hand of god (handofgod) to configuration.
Adding game mode AI malfunction (malfunction) to configuration.
Adding game mode meteor (meteor) to configuration.
Adding game mode monkey (monkey) to configuration.
Adding game mode nuclear emergency (nuclear) to configuration.
Adding game mode revolution (revolution) to configuration.
Adding game mode sandbox (sandbox) to configuration.
Adding game mode shadowling (shadowling) to configuration.
Adding game mode very ragin' bullshit mages (veryraginbullshitmages) to configuration.
Adding game mode ragin' mages (raginmages) to configuration.
Adding game mode wizard (wizard) to configuration.
[14:03:31]ADMIN: Loading Banlistjob
[14:03:31]ADMIN: Loading jobban_rank
[14:03:31]ADMIN: jobban_keylist was empty
[14:03:31]ADMIN: Loading appearance_rank
[14:03:31]ADMIN: appearance_keylist was empty
[14:03:31]ADMIN: Updating jobbanfile!
[14:03:31]ADMIN: Loading Banlist
[14:03:37]ACCESS: Login: Tk420634/(Tk420634) from localhost-4019019304 || BYOND v509
[14:04:35]ADMIN: Tk420634 has started the game.
[14:04:39]GAME: Tk420634 (ckey) has been selected as a traitor
[14:04:39]ACCESS: Logout: *no key*/(Tk420634)
[14:04:39]ACCESS: Login: Tk420634/(Greyson Ehret) from localhost-4019019304 || BYOND v509
[14:04:50]ADMIN: Tk420634/(Greyson Ehret) changed the equipment of Tk420634/(Greyson Ehret) to Chief Engineer.
[14:05:05]ADMIN: Tk420634/(Greyson Ehret) has modified world.fps to 16
[14:05:27]EMOTE: Poly/ : <B>Poly</B> turns and flies towards the folder.
[14:06:14]ADMIN: Tk420634/(Greyson Ehret) manipulated a pump at 121, 35, 1
[14:06:16]ADMIN: Tk420634/(Greyson Ehret) manipulated a pump at 121, 35, 1
[14:06:23]ADMIN: Tk420634/(Greyson Ehret) manipulated a pump at 129, 35, 1
[14:06:24]ADMIN: Tk420634/(Greyson Ehret) manipulated a pump at 129, 35, 1
[14:06:37]ADMIN: Tk420634/(Greyson Ehret) manipulated a pump at 129, 41, 1
[14:06:38]ADMIN: Tk420634/(Greyson Ehret) manipulated a pump at 129, 41, 1
[14:06:55]SAY: Poly/ : OH GOD ITS FREE CALL THE SHUTTLE
[14:07:09]GAME: Emitter lost power in (123,41,1)
[14:07:09]GAME: Emitter lost power in (127,41,1)
[14:07:18]EMOTE: crab/ : <B>The crab</B> clicks.
[14:07:20]GAME: Emitter turned off by Tk420634/(Greyson Ehret) in (123,41,1)
[14:07:32]EMOTE: Poly/ : <B>Poly</B> flutters its wings.
[14:08:42]GAME: Emitter lost power in (127,41,1)
[14:08:48]GAME: Emitter lost power in (123,41,1)
[14:08:55]EMOTE: monkey (81)/ : <B>The monkey (81)</B> jumps!
[14:09:01]EMOTE: Runtime/ : <B>Runtime</B> shivers
[14:10:05]ADMIN: Tk420634/(Greyson Ehret) admin ghosted
[14:10:05]ACCESS: Logout: *no key*/(Greyson Ehret)
[14:10:05]ACCESS: Login: Tk420634/(Greyson Ehret) from localhost-4019019304 || BYOND v509
[14:10:38]ACCESS: Logout: *no key*/(Greyson Ehret)
[14:10:38]ACCESS: Login: Tk420634/(Greyson Ehret) from localhost-4019019304 || BYOND v509
[14:10:52]ADMIN: Tk420634/(Greyson Ehret) admin ghosted
[14:10:52]ACCESS: Logout: *no key*/(Greyson Ehret)
[14:10:52]ACCESS: Login: Tk420634/(Greyson Ehret) from localhost-4019019304 || BYOND v509
[14:11:20]ADMIN: Tk420634/(Greyson Ehret) deleted the supermatter crystal at (125,38,1)
[14:11:21]ACCESS: Logout: *no key*/(Greyson Ehret)
[14:11:21]ACCESS: Login: Tk420634/(Greyson Ehret) from localhost-4019019304 || BYOND v509
[14:11:37]ADMIN: Tk420634/(Greyson Ehret) admin ghosted
[14:11:37]ACCESS: Logout: *no key*/(Greyson Ehret)
[14:11:37]ACCESS: Login: Tk420634/(Greyson Ehret) from localhost-4019019304 || BYOND v509
[14:11:39]EMOTE: Runtime/ : <B>Runtime</B> shivers
[14:11:47]ADMIN: Tk420634/(Greyson Ehret) spawned /obj/machinery/power/supermatter_shard at (125,38,1)
[14:11:51]ACCESS: Logout: *no key*/(Greyson Ehret)
[14:11:51]ACCESS: Login: Tk420634/(Greyson Ehret) from localhost-4019019304 || BYOND v509
[14:15:14]ADMIN: Tk420634/(Greyson Ehret) jumped to 121,71,1 in Chief Medical Officer's office
[14:16:39]ADMIN: Tk420634/(Greyson Ehret) jumped to 124,67,1 in Aft Primary Hallway
[14:16:44]GAME: Random Event triggering: Spawn Revenant (/datum/round_event/revenant)
[14:17:38]GAME: Emitter lost power in (123,41,1)
[14:19:41]ADMIN: Tk420634/(Greyson Ehret) jumped to 121,71,1 in Chief Medical Officer's office
[14:19:48]ADMIN: Tk420634/(Greyson Ehret) jumped to 128,71,1 in Research Director's Office
[14:21:19]EMOTE: Runtime/ : <B>Runtime</B> shivers
[14:22:48]ADMIN: Tk420634/(Greyson Ehret) admin ghosted
[14:22:48]ACCESS: Logout: *no key*/(Greyson Ehret)
[14:22:48]ACCESS: Login: Tk420634/(Greyson Ehret) from localhost-4019019304 || BYOND v509
[14:23:13]ADMIN: Tk420634/(Greyson Ehret) changed their view range to 14.
[14:23:14]GAME: Random Event triggering: Minor Space Dust (/datum/round_event/meteor_wave/dust)
[14:24:11]ADMIN: Tk420634/(Greyson Ehret) has triggered an event. (Meteor Wave)
[14:24:21]ADMIN: Tk420634/(Greyson Ehret) has modified world.fps to 16
[14:24:39]GAME: Radiation pulse with size (2, 5) and severity 50 in area Space 
[14:24:46]EMOTE: monkey (81)/ : <B>The monkey (81)</B> jumps!
[14:24:47]GAME: Radiation pulse with size (2, 5) and severity 50 in area Hydroponics 
[14:25:05]GAME: Radiation pulse with size (2, 5) and severity 50 in area Locker Room Maintenance 
[14:25:12]EMOTE: Runtime/ : <B>Runtime</B> shakes its head
[14:25:23]GAME: Radiation pulse with size (2, 5) and severity 50 in area Slime Biology Lab 
[14:25:23]GAME: Radiation pulse with size (2, 5) and severity 50 in area Starboard Maintenance 
[14:25:34]GAME: Radiation pulse with size (2, 5) and severity 50 in area Supermatter Room 
[14:25:38]GAME: Emitter lost power in (127,41,1)
[14:25:46]GAME: Radiation pulse with size (2, 5) and severity 50 in area Starboard Maintenance 
[14:25:58]GAME: Radiation pulse with size (2, 5) and severity 50 in area Space 
[14:26:02]GAME: Radiation pulse with size (2, 5) and severity 50 in area Space 
[14:26:14]GAME: Radiation pulse with size (2, 5) and severity 50 in area Science Shuttle 
[14:26:15]GAME: Radiation pulse with size (2, 5) and severity 50 in area Space 
[14:26:35]GAME: Radiation pulse with size (2, 5) and severity 50 in area Virology 
[14:26:45]GAME: Radiation pulse with size (2, 5) and severity 50 in area Space 
[14:31:42]EMOTE: crab/ : <B>The crab</B> clicks.
[14:35:40]EMOTE: Runtime/ : <B>Runtime</B> shivers
[14:38:54]GAME: Random Event triggering: Camera Failure (/datum/round_event/camera_failure)
[14:42:30]EMOTE: monkey (81)/ : <B>The monkey (81)</B> jumps!
[14:44:39]EMOTE: monkey (927)/ : <B>The monkey (927)</B> jumps!
[14:44:55]EMOTE: monkey (927)/ : <B>The monkey (927)</B> jumps!
[14:45:56]EMOTE: crab/ : <B>The crab</B> clicks.
[14:46:51]EMOTE: monkey (927)/ : <B>The monkey (927)</B> jumps!
[14:47:15]ADMIN: Tk420634/(Greyson Ehret) spawned /obj/effect/meteor/tunguska at (125,212,1)
[14:47:19]ADMIN: Tk420634/(Greyson Ehret) has entered build mode.
[14:47:37]GAME: Emitter lost power in (127,41,1)
[14:47:39]GAME: Explosion with size (2, 4, 6, 0) in area Supermatter Room (125,37,1)
[14:47:40]GAME: Explosion with size (2, 4, 6, 0) in area Supermatter Room (125,33,1)
[14:47:42]ADMIN: Build Mode: Tk420634/(Greyson Ehret) threw the tunguska meteor at space (125,205,1)
[14:48:22]EMOTE: monkey (81)/ : <B>The monkey (81)</B> jumps!
[14:48:27]ADMIN: Tk420634/(Greyson Ehret) spawned /obj/effect/meteor/tunguska at (122,212,1)
[14:48:36]GAME: Explosion with size (2, 4, 6, 0) in area AI Chamber (122,150,1)
[14:48:44]GAME: Explosion with size (-1, 0, 2, 2) in area Primary Tool Storage (122,63,1)
[14:48:44]GAME: Explosion with size (2, 4, 6, 0) in area Engineering (122,62,1)
[14:48:45]GAME: Explosion with size (-1, 0, 2, 2) in area Engineering (122,54,1)
[14:48:45]GAME: Explosion with size (-1, 0, 2, 2) in area Atmospherics (131,60,1)
[14:48:45]ADMIN: Build Mode: Tk420634/(Greyson Ehret) threw the tunguska meteor at space (122,209,1)
[14:48:56]EMOTE: crab/ : <B>The crab</B> clacks.
[14:49:04]ADMIN: Tk420634/(Greyson Ehret) spawned /obj/effect/meteor/tunguska at (135,23,1)
[14:49:08]GAME: Explosion with size (2, 4, 6, 0) in area Chief Engineer's office (135,40,1)
[14:49:10]GAME: Explosion with size (2, 4, 6, 0) in area Atmospherics (135,62,1)
[14:49:11]GAME: Explosion with size (2, 4, 6, 0) in area Starboard Maintenance (135,67,1)
[14:49:13]GAME: Explosion with size (2, 4, 6, 0) in area Research Division (135,85,1)
[14:49:27]ADMIN: Build Mode: Tk420634/(Greyson Ehret) threw the tunguska meteor at space (135,30,1)
[14:49:47]ADMIN: Tk420634/(Greyson Ehret) has triggered an event. (Immovable Rod)
[14:49:48]ADMIN: Tk420634/(Greyson Ehret) has triggered an event. (Immovable Rod)
[14:49:49]ADMIN: Tk420634/(Greyson Ehret) has triggered an event. (Immovable Rod)
[14:49:50]ADMIN: Tk420634/(Greyson Ehret) has triggered an event. (Immovable Rod)
[14:50:09]ADMIN: Tk420634/(Greyson Ehret) changed their view range to 7.
[14:50:11]ADMIN: Tk420634/(Greyson Ehret) changed their view range to 128.
[14:50:19]EMOTE: crab/ : <B>The crab</B> clacks.
[14:50:48]ADMIN: Tk420634/(Greyson Ehret) spawned /obj/effect/meteor/tunguska at (84,79,1)
[14:50:56]GAME: Explosion with size (2, 4, 6, 0) in area Aft Primary Hallway (126,79,1)
[14:51:00]GAME: Explosion with size (2, 4, 6, 0) in area Slime Biology Lab (154,79,1)
[14:51:10]ADMIN: Build Mode: Tk420634/(Greyson Ehret) threw the tunguska meteor at the tunguska meteor (0,0,0)
[14:51:10]ADMIN: Build Mode: Tk420634/(Greyson Ehret) threw the tunguska meteor at the tunguska meteor (0,0,0)
[14:51:11]ADMIN: Build Mode: Tk420634/(Greyson Ehret) threw the tunguska meteor at space (102,79,1)
[14:51:11]ADMIN: Build Mode: Tk420634/(Greyson Ehret) threw the tunguska meteor at the tunguska meteor (0,0,0)
[14:52:19]ACCESS: Logout: Tk420634[DC]/(Greyson Ehret)


Starting up. 16:22.27
---------------------
Adding game mode abduction (abduction) to configuration.
Adding game mode blob (blob) to configuration.
Adding game mode changeling (changeling) to configuration.
Adding game mode traitor+changeling (traitorchan) to configuration.
Adding game mode double agents (double_agents) to configuration.
Adding game mode traitor (traitor) to configuration.
Adding game mode cult (cult) to configuration.
Adding game mode extended (extended) to configuration.
Adding game mode gang war (gang) to configuration.
Adding game mode hand of god (handofgod) to configuration.
Adding game mode AI malfunction (malfunction) to configuration.
Adding game mode meteor (meteor) to configuration.
Adding game mode monkey (monkey) to configuration.
Adding game mode nuclear emergency (nuclear) to configuration.
Adding game mode revolution (revolution) to configuration.
Adding game mode sandbox (sandbox) to configuration.
Adding game mode shadowling (shadowling) to configuration.
Adding game mode very ragin' bullshit mages (veryraginbullshitmages) to configuration.
Adding game mode ragin' mages (raginmages) to configuration.
Adding game mode wizard (wizard) to configuration.
[16:22:29]ADMIN: Loading Banlistjob
[16:22:29]ADMIN: Loading jobban_rank
[16:22:29]ADMIN: jobban_keylist was empty
[16:22:29]ADMIN: Loading appearance_rank
[16:22:29]ADMIN: appearance_keylist was empty
[16:22:29]ADMIN: Updating jobbanfile!
[16:22:29]ADMIN: Loading Banlist
[16:22:53]ACCESS: Login: Tk420634/(Tk420634) from localhost-4019019304 || BYOND v509
[16:23:01]ADMIN: Loading Banlistjob
[16:23:01]ADMIN: Loading jobban_rank
[16:23:01]ADMIN: jobban_keylist was empty
[16:23:01]ADMIN: Loading appearance_rank
[16:23:01]ADMIN: appearance_keylist was empty
[16:23:01]ADMIN: Updating jobbanfile!
[16:23:01]ADMIN: Loading Banlist
[16:23:01]ADMIN: Banlist is empty.
[16:23:01]ADMIN: Banlist missing base dir.
[16:23:06]ADMIN: Loading Banlistjob
[16:23:06]ADMIN: Loading jobban_rank
[16:23:06]ADMIN: jobban_keylist was empty
[16:23:06]ADMIN: Loading appearance_rank
[16:23:06]ADMIN: appearance_keylist was empty
[16:23:06]ADMIN: Updating jobbanfile!
[16:23:06]ADMIN: Loading Banlist
[16:23:06]ADMIN: Banlist is empty.
[16:23:06]ADMIN: Banlist missing base dir.
[16:23:12]ACCESS: Logout: Tk420634[DC]/(Tk420634)
[16:23:12]ADMIN: Loading Banlistjob
[16:23:12]ADMIN: Loading jobban_rank
[16:23:12]ADMIN: jobban_keylist was empty
[16:23:12]ADMIN: Loading appearance_rank
[16:23:12]ADMIN: appearance_keylist was empty
[16:23:12]ADMIN: Updating jobbanfile!
[16:23:12]ADMIN: Loading Banlist
[16:23:12]ADMIN: Banlist is empty.
[16:23:12]ADMIN: Banlist missing base dir.


Starting up. 16:25.07
---------------------
Adding game mode abduction (abduction) to configuration.
Adding game mode blob (blob) to configuration.
Adding game mode changeling (changeling) to configuration.
Adding game mode traitor+changeling (traitorchan) to configuration.
Adding game mode double agents (double_agents) to configuration.
Adding game mode traitor (traitor) to configuration.
Adding game mode cult (cult) to configuration.
Adding game mode extended (extended) to configuration.
Adding game mode gang war (gang) to configuration.
Adding game mode hand of god (handofgod) to configuration.
Adding game mode AI malfunction (malfunction) to configuration.
Adding game mode meteor (meteor) to configuration.
Adding game mode monkey (monkey) to configuration.
Adding game mode nuclear emergency (nuclear) to configuration.
Adding game mode revolution (revolution) to configuration.
Adding game mode sandbox (sandbox) to configuration.
Adding game mode shadowling (shadowling) to configuration.
Adding game mode very ragin' bullshit mages (veryraginbullshitmages) to configuration.
Adding game mode ragin' mages (raginmages) to configuration.
Adding game mode wizard (wizard) to configuration.
[16:25:08]ADMIN: Loading Banlistjob
[16:25:09]ADMIN: Loading jobban_rank
[16:25:09]ADMIN: jobban_keylist was empty
[16:25:09]ADMIN: Loading appearance_rank
[16:25:09]ADMIN: appearance_keylist was empty
[16:25:09]ADMIN: Updating jobbanfile!
[16:25:09]ADMIN: Loading Banlist
[16:25:14]ACCESS: Login: Tk420634/(Tk420634) from localhost-4019019304 || BYOND v509
[16:26:02]ACCESS: Logout: Tk420634[DC]/(Tk420634)


Starting up. 16:28.23
---------------------
Adding game mode abduction (abduction) to configuration.
Adding game mode blob (blob) to configuration.
Adding game mode changeling (changeling) to configuration.
Adding game mode traitor+changeling (traitorchan) to configuration.
Adding game mode double agents (double_agents) to configuration.
Adding game mode traitor (traitor) to configuration.
Adding game mode cult (cult) to configuration.
Adding game mode extended (extended) to configuration.
Adding game mode gang war (gang) to configuration.
Adding game mode hand of god (handofgod) to configuration.
Adding game mode AI malfunction (malfunction) to configuration.
Adding game mode meteor (meteor) to configuration.
Adding game mode monkey (monkey) to configuration.
Adding game mode nuclear emergency (nuclear) to configuration.
Adding game mode revolution (revolution) to configuration.
Adding game mode sandbox (sandbox) to configuration.
Adding game mode shadowling (shadowling) to configuration.
Adding game mode very ragin' bullshit mages (veryraginbullshitmages) to configuration.
Adding game mode ragin' mages (raginmages) to configuration.
Adding game mode wizard (wizard) to configuration.
[16:28:30]ADMIN: Loading Banlistjob
[16:28:31]ADMIN: Loading jobban_rank
[16:28:31]ADMIN: jobban_keylist was empty
[16:28:33]ADMIN: Loading appearance_rank
[16:28:33]ADMIN: appearance_keylist was empty
[16:28:33]ADMIN: Updating jobbanfile!
[16:28:33]ADMIN: Loading Banlist
[16:28:43]ACCESS: Login: Tk420634/(Tk420634) from localhost-4019019304 || BYOND v509
[16:29:31]ADMIN: Tk420634 has started the game.
[16:29:34]GAME: Tk420634 (ckey) has been selected as a traitor
[16:29:34]ACCESS: Logout: *no key*/(Tk420634)
[16:29:34]ACCESS: Login: Tk420634/(Greyson Ehret) from localhost-4019019304 || BYOND v509
[16:29:49]ADMIN: Tk420634/(Greyson Ehret) changed the equipment of Tk420634/(Greyson Ehret) to Chief Engineer.
[16:29:53]EMOTE: Poly/ : <B>Poly</B> turns and flies towards the clipboard.
[16:29:58]ADMIN: Tk420634/(Greyson Ehret) has modified world.fps to 16
[16:30:33]EMOTE: Runtime/ : <B>Runtime</B> shakes its head
[16:32:38]EMOTE: monkey (893)/ : <B>The monkey (893)</B> jumps!
[16:32:51]ADMIN: Tk420634/(Greyson Ehret) manipulated a pump at 121, 35, 1
[16:32:51]ADMIN: Tk420634/(Greyson Ehret) manipulated a pump at 121, 35, 1
[16:33:30]ADMIN: Tk420634/(Greyson Ehret) manipulated a pump at 129, 35, 1
[16:33:30]ADMIN: Tk420634/(Greyson Ehret) manipulated a pump at 129, 35, 1
[16:33:34]ADMIN: Tk420634/(Greyson Ehret) manipulated a pump at 129, 41, 1
[16:33:34]ADMIN: Tk420634/(Greyson Ehret) manipulated a pump at 129, 41, 1
[16:34:03]EMOTE: monkey (799)/ : <B>The monkey (799)</B> jumps!
[16:34:33]EMOTE: crab/ : <B>The crab</B> clicks.
[16:34:55]SAY: Runtime/ : Purr!
[16:35:55]EMOTE: monkey (893)/ : <B>The monkey (893)</B> jumps!
[16:36:04]EMOTE: crab/ : <B>The crab</B> clacks.
[16:36:52]EMOTE: crab/ : <B>The crab</B> clacks.
[16:37:19]SAY: Poly/ : Check the singlo, you chucklefucks!
[16:37:29]SAY: Poly/ : Wire the solars, you lazy bums!
[16:37:53]SAY: Poly/ : Wire the solars, you lazy bums!
[16:39:36]ADMIN: Tk420634/(Greyson Ehret) spawned /obj/item/device/flashlight/seclite at (119,76,1)
[16:39:48]ADMIN: Tk420634/(Greyson Ehret) spawned /obj/item/device/flashlight/seclite at (112,80,1)
[16:39:55]ADMIN: Tk420634/(Greyson Ehret) changed the equipment of Tk420634/(Greyson Ehret) to Captain.
[16:41:06]EMOTE: Poly/ : <B>Poly</B> bawks!
[16:41:45]GAME: Random Event triggering: Minor Space Dust (/datum/round_event/meteor_wave/dust)
[16:43:48]EMOTE: monkey (893)/ : <B>The monkey (893)</B> jumps!
[16:45:59]EMOTE: monkey (893)/ : <B>The monkey (893)</B> jumps!
[16:46:28]ADMIN: Tk420634/(Greyson Ehret) admin ghosted
[16:46:28]ACCESS: Logout: *no key*/(Greyson Ehret)
[16:46:28]ACCESS: Login: Tk420634/(Greyson Ehret) from localhost-4019019304 || BYOND v509
[16:46:33]GAME: SQL ERROR obtaining reason from watch table. Error : [not connected]

[16:46:35]ADMIN: Tk420634/(Greyson Ehret) has used rudimentary transformation on Tk420634/(Greyson Ehret). Transforming to human; deletemob=1
[16:46:35]ACCESS: Logout: *no key*/(Greyson Ehret)
[16:46:35]ACCESS: Login: Tk420634/(Greyson Ehret) from localhost-4019019304 || BYOND v509
[16:48:09]ADMIN: Tk420634/(Greyson Ehret) teleported @Tk420634[DC]/(Greyson Ehret)
[16:48:12]ADMIN: Tk420634/(Greyson Ehret) admin ghosted
[16:48:12]ACCESS: Logout: *no key*/(Greyson Ehret)
[16:48:12]ACCESS: Login: Tk420634/(Greyson Ehret) from localhost-4019019304 || BYOND v509
[16:48:14]ADMIN: Tk420634/(Greyson Ehret) stuffed tk420634 into Greyson Ehret.
[16:48:14]ACCESS: Logout: *no key*/(Greyson Ehret)
[16:48:14]ACCESS: Login: tk420634/(Greyson Ehret) from localhost-4019019304 || BYOND v509
[16:49:53]ADMIN: tk420634/(Greyson Ehret) admin ghosted
[16:49:53]ACCESS: Logout: *no key*/(Greyson Ehret)
[16:49:53]ACCESS: Login: tk420634/(Greyson Ehret) from localhost-4019019304 || BYOND v509
[16:50:22]ACCESS: Logout: *no key*/(Greyson Ehret)
[16:50:22]ACCESS: Login: tk420634/(Greyson Ehret) from localhost-4019019304 || BYOND v509
[16:52:13]GAME: Random Event triggering: Camera Failure (/datum/round_event/camera_failure)
[17:00:41]EMOTE: crab/ : <B>The crab</B> clacks.
[17:02:13]EMOTE: crab/ : <B>The crab</B> clacks.
[17:02:37]EMOTE: crab/ : <B>The crab</B> clicks.
[17:02:57]SAY: Runtime/ : Purr!
[17:03:36]EMOTE: monkey (893)/ : <B>The monkey (893)</B> jumps!
[17:04:53]EMOTE: monkey (799)/ : <B>The monkey (799)</B> jumps!
[17:05:30]GAME: Random Event triggering: Minor Space Dust (/datum/round_event/meteor_wave/dust)
[17:07:39]EMOTE: Poly/ : <B>Poly</B> bawks!
[17:08:00]SAY: Runtime/ : Purr!
[17:09:04]EMOTE: crab/ : <B>The crab</B> clacks.
[17:10:10]SAY: Poly/ : Poly wanna cracker!
[17:13:47]ADMIN: tk420634/(Greyson Ehret) admin ghosted
[17:13:47]ACCESS: Logout: *no key*/(Greyson Ehret)
[17:13:47]ACCESS: Login: tk420634/(Greyson Ehret) from localhost-4019019304 || BYOND v509
[17:13:52]ADMIN: tk420634/(Greyson Ehret) changed their view range to 14.
[17:15:53]EMOTE: monkey (893)/ : <B>The monkey (893)</B> jumps!
[17:18:25]EMOTE: crab/ : <B>The crab</B> clicks.
[17:18:31]ACCESS: Logout: tk420634[DC]/(Greyson Ehret)
lAdding game mode abduction (abduction) to configuration.
Adding game mode blob (blob) to configuration.
Adding game mode changeling (changeling) to configuration.
Adding game mode traitor+changeling (traitorchan) to configuration.
Adding game mode double agents (double_agents) to configuration.
Adding game mode traitor (traitor) to configuration.
Adding game mode cult (cult) to configuration.
Adding game mode extended (extended) to configuration.
Adding game mode gang war (gang) to configuration.
Adding game mode hand of god (handofgod) to configuration.
Adding game mode AI malfunction (malfunction) to configuration.
Adding game mode meteor (meteor) to configuration.
Adding game mode monkey (monkey) to configuration.
Adding game mode nuclear emergency (nuclear) to configuration.
Adding game mode revolution (revolution) to configuration.
Adding game mode sandbox (sandbox) to configuration.
Adding game mode shadowling (shadowling) to configuration.
Adding game mode very ragin' bullshit mages (veryraginbullshitmages) to configuration.
Adding game mode ragin' mages (raginmages) to configuration.
Adding game mode wizard (wizard) to configuration.
[17:21:28]ADMIN: Loading Banlistjob
[17:21:30]ADMIN: Loading jobban_rank
[17:21:30]ADMIN: jobban_keylist was empty
[17:21:30]ADMIN: Loading appearance_rank
[17:21:30]ADMIN: appearance_keylist was empty
[17:21:30]ADMIN: Updating jobbanfile!
[17:21:31]ADMIN: Loading Banlist
[17:21:38]ACCESS: Login: Tk420634/(Tk420634) from localhost-4019019304 || BYOND v509
[17:23:01]ADMIN: Tk420634/(Tk420634) has modified world.fps to 16
[17:23:05]ADMIN: Tk420634 has started the game.
[17:23:10]GAME: Tk420634 (ckey) has been selected as a traitor
[17:23:10]ACCESS: Logout: *no key*/(Tk420634)
[17:23:10]ACCESS: Login: Tk420634/(Greyson Ehret) from localhost-4019019304 || BYOND v509
[17:23:22]ADMIN: Tk420634/(Greyson Ehret) changed the equipment of Tk420634/(Greyson Ehret) to Captain.
[17:23:25]EMOTE: Poly/ : <B>Poly</B> turns and flies towards the clipboard.
[17:24:29]ADMIN: Tk420634/(Greyson Ehret) changed the equipment of Tk420634/(Greyson Ehret) to Chief Engineer.
[17:24:44]ADMIN: Tk420634/(Greyson Ehret) manipulated a pump at 121, 35, 1
[17:24:44]ADMIN: Tk420634/(Greyson Ehret) manipulated a pump at 121, 35, 1
[17:24:58]ADMIN: Tk420634/(Greyson Ehret) manipulated a pump at 129, 35, 1
[17:24:58]ADMIN: Tk420634/(Greyson Ehret) manipulated a pump at 129, 35, 1
[17:25:02]ADMIN: Tk420634/(Greyson Ehret) manipulated a pump at 129, 41, 1
[17:25:04]ADMIN: Tk420634/(Greyson Ehret) manipulated a pump at 129, 41, 1
[17:25:43]EMOTE: Runtime/ : <B>Runtime</B> mews
[17:27:49]EMOTE: monkey (646)/ : <B>The monkey (646)</B> jumps!
[17:29:12]ADMIN: Tk420634/(Greyson Ehret) spawned /obj/item/device/flashlight/seclite at (123,55,1)
[17:29:14]ADMIN: Tk420634/(Greyson Ehret) spawned /obj/item/device/flashlight/seclite at (123,55,1)
[17:30:09]EMOTE: monkey (646)/ : <B>The monkey (646)</B> jumps!
[17:30:29]SAY: Runtime/ : HSSSSS
[17:30:44]ADMIN: Tk420634/(Greyson Ehret) called Medbay's open() with no arguments.
[17:31:12]ADMIN: Tk420634/(Greyson Ehret) changed the equipment of Tk420634/(Greyson Ehret) to Captain.
[17:31:35]EMOTE: crab/ : <B>The crab</B> clacks.
[17:31:37]EMOTE: crab/ : <B>The crab</B> clicks.
[17:33:13]EMOTE: crab/ : <B>The crab</B> clicks.
[17:33:27]GAME: Random Event triggering: Minor Space Dust (/datum/round_event/meteor_wave/dust)
[17:35:53]EMOTE: Runtime/ : <B>Runtime</B> mews
[17:36:29]EMOTE: Poly/ : <B>Poly</B> flutters its wings.
[17:37:15]SAY: Poly/ : OH GOD ITS FREE CALL THE SHUTTLE
[17:38:31]EMOTE: monkey (298)/ : <B>The monkey (298)</B> jumps!
[17:38:41]SAY: Tk420634/(Greyson Ehret) has made a station announcement: Nerds
[17:38:45]SAY: Poly/ : Check the singlo, you chucklefucks!
[17:39:17]EMOTE: crab/ : <B>The crab</B> clicks.
[17:39:20]ADMIN: Tk420634/(Greyson Ehret) spawned /obj/screen/ai/crew_monitor at (122,69,1)
[17:39:26]ADMIN: Tk420634/(Greyson Ehret) deleted Crew Monitoring Console at (122,69,1)
[17:40:12]EMOTE: monkey (646)/ : <B>The monkey (646)</B> jumps!
[17:41:25]ADMIN: Tk420634/(Greyson Ehret) spawned /mob/living/carbon/alien/humanoid/royal/queen at (117,75,1)
[17:41:29]ADMIN: Tk420634/(Greyson Ehret) deleted the alien queen at (117,75,1)
[17:43:40]SAY: Runtime/ : HSSSSS
[17:43:42]EMOTE: crab/ : <B>The crab</B> clacks.
[17:44:22]ADMIN: Tk420634/(Greyson Ehret) spawned /mob/living/carbon/human at (116,74,1)
[17:44:36]GAME: Random Event triggering: Electrical Storm (/datum/round_event/electrical_storm)
[17:46:15]ADMIN: Tk420634/(Greyson Ehret) admin ghosted
[17:46:15]ACCESS: Logout: *no key*/(Greyson Ehret)
[17:46:15]ACCESS: Login: Tk420634/(Greyson Ehret) from localhost-4019019304 || BYOND v509
[17:46:18]ADMIN: Tk420634/(Greyson Ehret) stuffed tk420634 into Shanika Stall.
[17:46:18]ACCESS: Logout: *no key*/(Greyson Ehret)
[17:46:18]ACCESS: Login: tk420634/(Shanika Stall) from localhost-4019019304 || BYOND v509
[17:46:22]ADMIN: tk420634/(Shanika Stall) admin ghosted
[17:46:22]ACCESS: Logout: *no key*/(Shanika Stall)
[17:46:22]ACCESS: Login: tk420634/(Shanika Stall) from localhost-4019019304 || BYOND v509
[17:46:24]ADMIN: tk420634/(Shanika Stall) stuffed tk420634 into Greyson Ehret.
[17:46:24]ACCESS: Logout: *no key*/(Shanika Stall)
[17:46:24]ACCESS: Login: tk420634/(Greyson Ehret) from localhost-4019019304 || BYOND v509
[17:47:00]EMOTE: monkey (298)/ : <B>The monkey (298)</B> jumps!
[17:48:20]EMOTE: monkey (298)/ : <B>The monkey (298)</B> jumps!
[17:49:16]EMOTE: Poly/ : <B>Poly</B> flutters its wings.
[17:54:26]GAME: Random Event triggering: Minor Space Dust (/datum/round_event/meteor_wave/dust)
[17:54:51]EMOTE: monkey (298)/ : <B>The monkey (298)</B> jumps!
[17:58:54]EMOTE: crab/ : <B>The crab</B> clacks.
[17:59:56]EMOTE: Runtime/ : <B>Runtime</B> shakes its head
[18:01:37]ACCESS: Logout: tk420634[DC]/(Greyson Ehret)


Starting up. 18:09.10
---------------------
Adding game mode abduction (abduction) to configuration.
Adding game mode blob (blob) to configuration.
Adding game mode changeling (changeling) to configuration.
Adding game mode traitor+changeling (traitorchan) to configuration.
Adding game mode double agents (double_agents) to configuration.
Adding game mode traitor (traitor) to configuration.
Adding game mode cult (cult) to configuration.
Adding game mode extended (extended) to configuration.
Adding game mode gang war (gang) to configuration.
Adding game mode hand of god (handofgod) to configuration.
Adding game mode AI malfunction (malfunction) to configuration.
Adding game mode meteor (meteor) to configuration.
Adding game mode monkey (monkey) to configuration.
Adding game mode nuclear emergency (nuclear) to configuration.
Adding game mode revolution (revolution) to configuration.
Adding game mode sandbox (sandbox) to configuration.
Adding game mode shadowling (shadowling) to configuration.
Adding game mode very ragin' bullshit mages (veryraginbullshitmages) to configuration.
Adding game mode ragin' mages (raginmages) to configuration.
Adding game mode wizard (wizard) to configuration.
[18:09:13]ADMIN: Loading Banlistjob
[18:09:13]ADMIN: Loading jobban_rank
[18:09:13]ADMIN: jobban_keylist was empty
[18:09:13]ADMIN: Loading appearance_rank
[18:09:13]ADMIN: appearance_keylist was empty
[18:09:13]ADMIN: Updating jobbanfile!
[18:09:14]ADMIN: Loading Banlist
[18:09:20]ACCESS: Login: Tk420634/(Tk420634) from localhost-4019019304 || BYOND v509
[18:10:00]ADMIN: Tk420634/(Tk420634) has modified world.fps to 16
[18:10:11]ADMIN: Tk420634 has started the game.
[18:10:15]GAME: Tk420634 (ckey) has been selected as a traitor
[18:10:15]ACCESS: Logout: *no key*/(Tk420634)
[18:10:15]ACCESS: Login: Tk420634/(Greyson Ehret) from localhost-4019019304 || BYOND v509
[18:10:27]ADMIN: Tk420634/(Greyson Ehret) changed the equipment of Tk420634/(Greyson Ehret) to Chief Engineer.
[18:10:42]EMOTE: Poly/ : <B>Poly</B> turns and flies towards the folder.
[18:11:57]EMOTE: crab/ : <B>The crab</B> clicks.
[18:12:37]EMOTE: monkey (924)/ : <B>The monkey (924)</B> jumps!
[18:12:52]ADMIN: Tk420634/(Greyson Ehret) manipulated a pump at 121, 35, 1
[18:12:53]ADMIN: Tk420634/(Greyson Ehret) manipulated a pump at 121, 35, 1
[18:13:06]ADMIN: Tk420634/(Greyson Ehret) manipulated a pump at 129, 35, 1
[18:13:06]ADMIN: Tk420634/(Greyson Ehret) manipulated a pump at 129, 35, 1
[18:13:15]ADMIN: Tk420634/(Greyson Ehret) manipulated a pump at 129, 41, 1
[18:13:15]ADMIN: Tk420634/(Greyson Ehret) manipulated a pump at 129, 41, 1
[18:13:25]GAME: Emitter turned off by Tk420634/(Greyson Ehret) in (127,41,1)
[18:14:48]EMOTE: crab/ : <B>The crab</B> clacks.
[18:15:18]EMOTE: Poly/ : <B>Poly</B> bawks!
[18:15:45]ADMIN: Tk420634/(Greyson Ehret) used secret whiteout
[18:16:33]ADMIN: Tk420634/(Greyson Ehret) spawned /obj/item/weapon/card/id/captains_spare at (121,78,1)
[18:18:51]ADMIN: Tk420634/(Greyson Ehret) modified floor's icon_plating to vault
[18:18:58]EMOTE: monkey (750)/ : <B>The monkey (750)</B> jumps!
[18:19:02]ADMIN: Tk420634/(Greyson Ehret) modified floor's icon_state to vault
[18:19:11]ADMIN: Tk420634/(Greyson Ehret) mass modified floor's icon_state to vault

[18:19:53]ADMIN: Tk420634/(Greyson Ehret) mass modified floor's icon_state to vault
[18:19:56]SAY: Poly/ : WHO TOOK THE DAMN HARDSUITS?
[18:20:00]EMOTE: monkey (924)/ : <B>The monkey (924)</B> jumps!
[18:20:48]GAME: Random Event triggering: Minor Space Dust (/datum/round_event/meteor_wave/dust)
[18:23:21]EMOTE: crab/ : <B>The crab</B> clicks.
[18:24:55]ADMIN: Tk420634/(Greyson Ehret) manipulated a pump at 129, 61, 1
[18:24:55]ADMIN: Tk420634/(Greyson Ehret) manipulated a pump at 129, 61, 1
[18:26:43]EMOTE: monkey (924)/ : <B>The monkey (924)</B> jumps!
[18:27:34]GAME: Random Event triggering: Spawn Revenant (/datum/round_event/revenant)
[18:29:44]SAY: Runtime/ : Purr!
[18:29:59]ACCESS: Logout: Tk420634[DC]/(Greyson Ehret)
Adding game mode abduction (abduction) to configuration.
Adding game mode blob (blob) to configuration.
Adding game mode changeling (changeling) to configuration.
Adding game mode traitor+changeling (traitorchan) to configuration.
Adding game mode double agents (double_agents) to configuration.
Adding game mode traitor (traitor) to configuration.
Adding game mode cult (cult) to configuration.
Adding game mode extended (extended) to configuration.
Adding game mode gang war (gang) to configuration.
Adding game mode hand of god (handofgod) to configuration.
Adding game mode AI malfunction (malfunction) to configuration.
Adding game mode meteor (meteor) to configuration.
Adding game mode monkey (monkey) to configuration.
Adding game mode nuclear emergency (nuclear) to configuration.
Adding game mode revolution (revolution) to configuration.
Adding game mode sandbox (sandbox) to configuration.
Adding game mode shadowling (shadowling) to configuration.
Adding game mode very ragin' bullshit mages (veryraginbullshitmages) to configuration.
Adding game mode ragin' mages (raginmages) to configuration.
Adding game mode wizard (wizard) to configuration.
[18:53:16]ADMIN: Loading Banlistjob
[18:53:16]ADMIN: Loading jobban_rank
[18:53:16]ADMIN: jobban_keylist was empty
[18:53:16]ADMIN: Loading appearance_rank
[18:53:16]ADMIN: appearance_keylist was empty
[18:53:16]ADMIN: Updating jobbanfile!
[18:53:17]ADMIN: Loading Banlist
[18:53:24]ACCESS: Login: Tk420634/(Tk420634) from localhost-4019019304 || BYOND v509
[18:55:23]ADMIN: Tk420634 has started the game.
[18:55:28]GAME: Tk420634 (ckey) has been selected as a traitor
[18:55:28]ACCESS: Logout: *no key*/(Tk420634)
[18:55:28]ACCESS: Login: Tk420634/(Greyson Ehret) from localhost-4019019304 || BYOND v509
[18:55:50]ADMIN: Tk420634/(Greyson Ehret) changed the equipment of Tk420634/(Greyson Ehret) to Captain.
[18:55:57]EMOTE: Runtime/ : <B>Runtime</B> shivers
[18:57:05]EMOTE: monkey (278)/ : <B>The monkey (278)</B> jumps!
[18:58:09]GAME: Emitter turned off by Tk420634/(Greyson Ehret) in (123,41,1)
[18:58:44]ADMIN: Tk420634/(Greyson Ehret) manipulated a pump at 121, 35, 1
[18:58:45]ADMIN: Tk420634/(Greyson Ehret) manipulated a pump at 121, 35, 1
[18:58:51]ADMIN: Tk420634/(Greyson Ehret) manipulated a pump at 129, 35, 1
[18:58:51]ADMIN: Tk420634/(Greyson Ehret) manipulated a pump at 129, 35, 1
[18:58:56]ADMIN: Tk420634/(Greyson Ehret) manipulated a pump at 129, 41, 1
[18:58:57]ADMIN: Tk420634/(Greyson Ehret) manipulated a pump at 129, 41, 1
[19:01:02]SAY: Runtime/ : Purr!
[19:02:32]ADMIN: Tk420634/(Greyson Ehret) manipulated a pump at 129, 61, 1
[19:02:40]ADMIN: Tk420634/(Greyson Ehret) manipulated a pump at 129, 61, 1
[19:04:41]EMOTE: Poly/ : <B>Poly</B> flutters its wings.
[19:04:57]SAY: Runtime/ : HSSSSS
[19:05:47]GAME: SQL ERROR obtaining reason from watch table. Error : [not connected]

[19:05:49]ADMIN: Tk420634/(Greyson Ehret) healed / Revived Tk420634/(Greyson Ehret)
[19:05:56]ADMIN: Tk420634/(Greyson Ehret) manipulated a pump at 129, 61, 1
[19:07:07]EMOTE: monkey (783)/ : <B>The monkey (783)</B> jumps!
[19:07:11]EMOTE: monkey (278)/ : <B>The monkey (278)</B> jumps!
[19:07:31]GAME: SQL ERROR obtaining reason from watch table. Error : [not connected]

[19:07:36]ADMIN: Tk420634/(Greyson Ehret) healed / Revived Tk420634/(Greyson Ehret)
[19:07:37]ADMIN: Tk420634/(Greyson Ehret) healed / Revived Tk420634/(Greyson Ehret)
[19:07:37]ADMIN: Tk420634/(Greyson Ehret) healed / Revived Tk420634/(Greyson Ehret)
[19:07:38]ADMIN: Tk420634/(Greyson Ehret) healed / Revived Tk420634/(Greyson Ehret)
[19:08:03]EMOTE: monkey (783)/ : <B>The monkey (783)</B> jumps!
[19:09:15]EMOTE: crab/ : <B>The crab</B> clicks.
[19:09:30]GAME: Random Event triggering: Spontaneous Appendicitis (/datum/round_event/spontaneous_appendicitis)
[19:09:40]EMOTE: Greyson Ehret/Tk420634 : <B>Greyson Ehret</B> coughs!
[19:10:11]SAY: Runtime/ : Meow!
[19:10:14]EMOTE: Greyson Ehret/Tk420634 : <B>Greyson Ehret</B> coughs!
[19:10:33]SAY: Runtime/ : HSSSSS
[19:14:09]EMOTE: monkey (278)/ : <B>The monkey (278)</B> jumps!
[19:19:23]EMOTE: monkey (783)/ : <B>The monkey (783)</B> jumps!
[19:19:33]EMOTE: crab/ : <B>The crab</B> clicks.
[19:20:42]GAME: Random Event triggering: Camera Failure (/datum/round_event/camera_failure)
[19:22:19]EMOTE: monkey (783)/ : <B>The monkey (783)</B> jumps!
[19:24:25]GAME: SQL ERROR obtaining reason from watch table. Error : [not connected]

[19:24:26]ADMIN: Tk420634/(Greyson Ehret) healed / Revived Tk420634/(Greyson Ehret)
[19:24:27]ADMIN: Tk420634/(Greyson Ehret) healed / Revived Tk420634/(Greyson Ehret)
[19:25:54]ADMIN: Tk420634/(Greyson Ehret) changed the equipment of Tk420634/(Greyson Ehret) to Assistant.
[19:25:59]EMOTE: crab/ : <B>The crab</B> clacks.
[19:26:17]ADMIN: Tk420634/(Greyson Ehret) changed the equipment of Tk420634/(Greyson Ehret) to Chief Engineer.
[19:26:22]EMOTE: monkey (783)/ : <B>The monkey (783)</B> jumps!
[19:26:58]EMOTE: Runtime/ : <B>Runtime</B> shivers
[19:27:14]SAY: Poly/ : WHO TOOK THE DAMN HARDSUITS?
[19:27:50]EMOTE: Poly/ : <B>Poly</B> bawks!
[19:31:23]GAME: Random Event triggering: Clogged Vents (/datum/round_event/vent_clog)
[19:33:18]ACCESS: Logout: Tk420634[DC]/(Greyson Ehret)


Starting up. 19:44.12
---------------------
Adding game mode abduction (abduction) to configuration.
Adding game mode blob (blob) to configuration.
Adding game mode changeling (changeling) to configuration.
Adding game mode traitor+changeling (traitorchan) to configuration.
Adding game mode double agents (double_agents) to configuration.
Adding game mode traitor (traitor) to configuration.
Adding game mode cult (cult) to configuration.
Adding game mode extended (extended) to configuration.
Adding game mode gang war (gang) to configuration.
Adding game mode hand of god (handofgod) to configuration.
Adding game mode AI malfunction (malfunction) to configuration.
Adding game mode meteor (meteor) to configuration.
Adding game mode monkey (monkey) to configuration.
Adding game mode nuclear emergency (nuclear) to configuration.
Adding game mode revolution (revolution) to configuration.
Adding game mode sandbox (sandbox) to configuration.
Adding game mode shadowling (shadowling) to configuration.
Adding game mode very ragin' bullshit mages (veryraginbullshitmages) to configuration.
Adding game mode ragin' mages (raginmages) to configuration.
Adding game mode wizard (wizard) to configuration.
[19:44:13]ADMIN: Loading Banlistjob
[19:44:13]ADMIN: Loading jobban_rank
[19:44:13]ADMIN: jobban_keylist was empty
[19:44:13]ADMIN: Loading appearance_rank
[19:44:13]ADMIN: appearance_keylist was empty
[19:44:13]ADMIN: Updating jobbanfile!
[19:44:13]ADMIN: Loading Banlist
[19:44:19]ACCESS: Login: Tk420634/(Tk420634) from localhost-4019019304 || BYOND v509
[19:44:21]ADMIN: Loading Banlistjob
[19:44:21]ADMIN: Loading jobban_rank
[19:44:21]ADMIN: jobban_keylist was empty
[19:44:21]ADMIN: Loading appearance_rank
[19:44:21]ADMIN: appearance_keylist was empty
[19:44:21]ADMIN: Updating jobbanfile!
[19:44:21]ADMIN: Loading Banlist
[19:44:21]ADMIN: Banlist is empty.
[19:44:21]ADMIN: Banlist missing base dir.
[19:44:25]ADMIN: Loading Banlistjob
[19:44:25]ADMIN: Loading jobban_rank
[19:44:25]ADMIN: jobban_keylist was empty
[19:44:25]ADMIN: Loading appearance_rank
[19:44:25]ADMIN: appearance_keylist was empty
[19:44:25]ADMIN: Updating jobbanfile!
[19:44:25]ADMIN: Loading Banlist
[19:44:25]ADMIN: Banlist is empty.
[19:44:25]ADMIN: Banlist missing base dir.
[19:44:30]ADMIN: Loading Banlistjob
[19:44:30]ADMIN: Loading jobban_rank
[19:44:30]ADMIN: jobban_keylist was empty
[19:44:30]ADMIN: Loading appearance_rank
[19:44:30]ADMIN: appearance_keylist was empty
[19:44:30]ADMIN: Updating jobbanfile!
[19:44:30]ADMIN: Loading Banlist
[19:44:30]ADMIN: Banlist is empty.
[19:44:30]ADMIN: Banlist missing base dir.
[19:44:36]ADMIN: Loading Banlistjob
[19:44:36]ADMIN: Loading jobban_rank
[19:44:36]ADMIN: jobban_keylist was empty
[19:44:36]ADMIN: Loading appearance_rank
[19:44:36]ADMIN: appearance_keylist was empty
[19:44:36]ADMIN: Updating jobbanfile!
[19:44:36]ADMIN: Loading Banlist
[19:44:36]ADMIN: Banlist is empty.
[19:44:36]ADMIN: Banlist missing base dir.
[19:44:42]ADMIN: Loading Banlistjob
[19:44:42]ADMIN: Loading jobban_rank
[19:44:42]ADMIN: jobban_keylist was empty
[19:44:42]ADMIN: Loading appearance_rank
[19:44:42]ADMIN: appearance_keylist was empty
[19:44:42]ADMIN: Updating jobbanfile!
[19:44:42]ADMIN: Loading Banlist
[19:44:42]ADMIN: Banlist is empty.
[19:44:42]ADMIN: Banlist missing base dir.
[19:44:48]ADMIN: Loading Banlistjob
[19:44:48]ADMIN: Loading jobban_rank
[19:44:48]ADMIN: jobban_keylist was empty
[19:44:48]ADMIN: Loading appearance_rank
[19:44:48]ADMIN: appearance_keylist was empty
[19:44:48]ADMIN: Updating jobbanfile!
[19:44:48]ADMIN: Loading Banlist
[19:44:48]ADMIN: Banlist is empty.
[19:44:48]ADMIN: Banlist missing base dir.
[19:44:54]ADMIN: Loading Banlistjob
[19:44:54]ADMIN: Loading jobban_rank
[19:44:54]ADMIN: jobban_keylist was empty
[19:44:54]ADMIN: Loading appearance_rank
[19:44:54]ADMIN: appearance_keylist was empty
[19:44:54]ADMIN: Updating jobbanfile!
[19:44:54]ADMIN: Loading Banlist
[19:44:54]ADMIN: Banlist is empty.
[19:44:54]ADMIN: Banlist missing base dir.
[19:45:00]ADMIN: Loading Banlistjob
[19:45:00]ADMIN: Loading jobban_rank
[19:45:00]ADMIN: jobban_keylist was empty
[19:45:00]ADMIN: Loading appearance_rank
[19:45:00]ADMIN: appearance_keylist was empty
[19:45:00]ADMIN: Updating jobbanfile!
[19:45:00]ADMIN: Loading Banlist
[19:45:00]ADMIN: Banlist is empty.
[19:45:00]ADMIN: Banlist missing base dir.
[19:45:06]ADMIN: Loading Banlistjob
[19:45:06]ADMIN: Loading jobban_rank
[19:45:06]ADMIN: jobban_keylist was empty
[19:45:06]ADMIN: Loading appearance_rank
[19:45:06]ADMIN: appearance_keylist was empty
[19:45:06]ADMIN: Updating jobbanfile!
[19:45:06]ADMIN: Loading Banlist
[19:45:06]ADMIN: Banlist is empty.
[19:45:06]ADMIN: Banlist missing base dir.
[19:45:12]ACCESS: Logout: Tk420634[DC]/(Tk420634)
[19:45:12]ADMIN: Loading Banlistjob
[19:45:12]ADMIN: Loading jobban_rank
[19:45:12]ADMIN: jobban_keylist was empty
[19:45:12]ADMIN: Loading appearance_rank
[19:45:12]ADMIN: appearance_keylist was empty
[19:45:12]ADMIN: Updating jobbanfile!
[19:45:12]ADMIN: Loading Banlist
[19:45:12]ADMIN: Banlist is empty.
[19:45:12]ADMIN: Banlist missing base dir.
[19:45:18]ADMIN: Loading Banlistjob
[19:45:18]ADMIN: Loading jobban_rank
[19:45:18]ADMIN: jobban_keylist was empty
[19:45:18]ADMIN: Loading appearance_rank
[19:45:18]ADMIN: appearance_keylist was empty
[19:45:18]ADMIN: Updating jobbanfile!
[19:45:18]ADMIN: Loading Banlist
[19:45:18]ADMIN: Banlist is empty.
[19:45:18]ADMIN: Banlist missing base dir.


Starting up. 19:55.37
---------------------
Adding game mode abduction (abduction) to configuration.
Adding game mode blob (blob) to configuration.
Adding game mode changeling (changeling) to configuration.
Adding game mode traitor+changeling (traitorchan) to configuration.
Adding game mode double agents (double_agents) to configuration.
Adding game mode traitor (traitor) to configuration.
Adding game mode cult (cult) to configuration.
Adding game mode extended (extended) to configuration.
Adding game mode gang war (gang) to configuration.
Adding game mode hand of god (handofgod) to configuration.
Adding game mode AI malfunction (malfunction) to configuration.
Adding game mode meteor (meteor) to configuration.
Adding game mode monkey (monkey) to configuration.
Adding game mode nuclear emergency (nuclear) to configuration.
Adding game mode revolution (revolution) to configuration.
Adding game mode sandbox (sandbox) to configuration.
Adding game mode shadowling (shadowling) to configuration.
Adding game mode very ragin' bullshit mages (veryraginbullshitmages) to configuration.
Adding game mode ragin' mages (raginmages) to configuration.
Adding game mode wizard (wizard) to configuration.
[19:55:48]ADMIN: Loading Banlistjob
[19:55:48]ADMIN: Loading jobban_rank
[19:55:48]ADMIN: jobban_keylist was empty
[19:55:48]ADMIN: Loading appearance_rank
[19:55:48]ADMIN: appearance_keylist was empty
[19:55:48]ADMIN: Updating jobbanfile!
[19:55:48]ADMIN: Loading Banlist
[19:55:54]ACCESS: Login: Tk420634/(Tk420634) from localhost-4019019304 || BYOND v509
[19:58:27]ADMIN: Tk420634 has started the game.
[19:58:35]GAME: Tk420634 (ckey) has been selected as a traitor
[19:58:35]ACCESS: Logout: *no key*/(Tk420634)
[19:58:35]ACCESS: Login: Tk420634/(Greyson Ehret) from localhost-4019019304 || BYOND v509
[19:58:40]EMOTE: crab/ : <B>The crab</B> clicks.
[19:58:48]ADMIN: Tk420634/(Greyson Ehret) has modified world.fps to 16
[19:59:59]EMOTE: Poly/ : <B>Poly</B> turns and flies towards the Power-ON cartridge.
[20:00:28]EMOTE: Poly/ : <B>Poly</B> flutters its wings.
[20:01:36]ADMIN: Tk420634/(Greyson Ehret) manipulated a pump at 121, 35, 1
[20:01:36]ADMIN: Tk420634/(Greyson Ehret) manipulated a pump at 121, 35, 1
[20:01:54]EMOTE: monkey (209)/ : <B>The monkey (209)</B> jumps!
[20:01:56]ADMIN: Tk420634/(Greyson Ehret) manipulated a pump at 129, 35, 1
[20:01:56]ADMIN: Tk420634/(Greyson Ehret) manipulated a pump at 129, 35, 1
[20:02:01]ADMIN: Tk420634/(Greyson Ehret) manipulated a pump at 129, 41, 1
[20:02:02]ADMIN: Tk420634/(Greyson Ehret) manipulated a pump at 129, 41, 1
[20:04:26]EMOTE: Runtime/ : <B>Runtime</B> meows
[20:05:06]SAY: Poly/ : Check the singlo, you chucklefucks!
[20:05:42]ADMIN: Tk420634/(Greyson Ehret) changed their view range to 14.
[20:05:45]ADMIN: Tk420634/(Greyson Ehret) admin ghosted
[20:05:45]ACCESS: Logout: *no key*/(Greyson Ehret)
[20:05:45]ACCESS: Login: Tk420634/(Greyson Ehret) from localhost-4019019304 || BYOND v509
[20:06:26]ACCESS: Logout: *no key*/(Greyson Ehret)
[20:06:26]ACCESS: Login: Tk420634/(Greyson Ehret) from localhost-4019019304 || BYOND v509
[20:06:28]ADMIN: Tk420634/(Greyson Ehret) changed their view range to 7.
[20:06:43]ADMIN: Tk420634/(Greyson Ehret) changed the equipment of Tk420634/(Greyson Ehret) to Captain.
[20:07:01]ADMIN: Tk420634/(Greyson Ehret) changed the equipment of Tk420634/(Greyson Ehret) to Medical Doctor.
[20:07:28]EMOTE: Runtime/ : <B>Runtime</B> shivers
[20:07:36]EMOTE: monkey (802)/ : <B>The monkey (802)</B> jumps!
[20:08:30]ADMIN: Tk420634/(Greyson Ehret) admin ghosted
[20:08:30]ACCESS: Logout: *no key*/(Greyson Ehret)
[20:08:30]ACCESS: Login: Tk420634/(Greyson Ehret) from localhost-4019019304 || BYOND v509
[20:08:35]ADMIN: Tk420634/(Greyson Ehret) changed their view range to 14.
[20:09:44]ACCESS: Logout: *no key*/(Greyson Ehret)
[20:09:44]ACCESS: Login: Tk420634/(Greyson Ehret) from localhost-4019019304 || BYOND v509
[20:09:47]ADMIN: Tk420634/(Greyson Ehret) changed their view range to 7.
[20:10:48]GAME: Random Event triggering: Minor Space Dust (/datum/round_event/meteor_wave/dust)
[20:11:07]EMOTE: crab/ : <B>The crab</B> clicks.
[20:11:51]EMOTE: crab/ : <B>The crab</B> clacks.
[20:12:17]EMOTE: crab/ : <B>The crab</B> clicks.
[20:14:01]EMOTE: Runtime/ : <B>Runtime</B> shakes its head
[20:14:21]SAY: Poly/ : Poly wanna cracker!
[20:14:54]EMOTE: monkey (209)/ : <B>The monkey (209)</B> jumps!
[20:15:39]EMOTE: monkey (209)/ : <B>The monkey (209)</B> jumps!
[20:16:28]EMOTE: crab/ : <B>The crab</B> clacks.
[20:18:36]SAY: Runtime/ : HSSSSS
[20:19:33]ACCESS: Logout: Tk420634[DC]/(Greyson Ehret)


Starting up. 22:05.36
---------------------
Adding game mode abduction (abduction) to configuration.
Adding game mode blob (blob) to configuration.
Adding game mode changeling (changeling) to configuration.
Adding game mode traitor+changeling (traitorchan) to configuration.
Adding game mode double agents (double_agents) to configuration.
Adding game mode traitor (traitor) to configuration.
Adding game mode cult (cult) to configuration.
Adding game mode extended (extended) to configuration.
Adding game mode gang war (gang) to configuration.
Adding game mode hand of god (handofgod) to configuration.
Adding game mode AI malfunction (malfunction) to configuration.
Adding game mode meteor (meteor) to configuration.
Adding game mode monkey (monkey) to configuration.
Adding game mode nuclear emergency (nuclear) to configuration.
Adding game mode revolution (revolution) to configuration.
Adding game mode sandbox (sandbox) to configuration.
Adding game mode shadowling (shadowling) to configuration.
Adding game mode very ragin' bullshit mages (veryraginbullshitmages) to configuration.
Adding game mode ragin' mages (raginmages) to configuration.
Adding game mode wizard (wizard) to configuration.
[22:05:43]ADMIN: Loading Banlistjob
[22:05:43]ADMIN: Loading jobban_rank
[22:05:43]ADMIN: jobban_keylist was empty
[22:05:43]ADMIN: Loading appearance_rank
[22:05:43]ADMIN: appearance_keylist was empty
[22:05:43]ADMIN: Updating jobbanfile!
[22:05:43]ADMIN: Loading Banlist
[22:05:51]ACCESS: Login: Tk420634/(Tk420634) from localhost-4019019304 || BYOND v509
[22:07:46]ADMIN: Tk420634 has started the game.
[22:07:51]GAME: Tk420634 (ckey) has been selected as a traitor
[22:07:52]ACCESS: Logout: *no key*/(Tk420634)
[22:07:52]ACCESS: Login: Tk420634/(Greyson Ehret) from localhost-4019019304 || BYOND v509
[22:08:06]ADMIN: Tk420634/(Greyson Ehret) made all SMESs powered
[22:08:06]ADMIN: Tk420634/(Greyson Ehret) used secret quickpower
[22:08:09]EMOTE: Poly/ : <B>Poly</B> turns and flies towards the clipboard.
[22:08:27]ADMIN: Tk420634/(Greyson Ehret) changed the equipment of Tk420634/(Greyson Ehret) to Captain.
[22:08:44]SAY: Runtime/ : Purr!
[22:09:27]EMOTE: crab/ : <B>The crab</B> clacks.
[22:09:37]SAY: Poly/ : Poly wanna cracker!
[22:10:05]ADMIN: Tk420634/(Greyson Ehret) spawned /mob/living/carbon/human at (124,45,1)
[22:10:34]EMOTE: Quanah Pratt/ : <B>Quanah Pratt</B> seizes up and falls limp, her eyes dead and lifeless...
[22:10:58]EMOTE: monkey (329)/ : <B>The monkey (329)</B> jumps!
[22:10:59]ADMIN: Tk420634/(Greyson Ehret) spawned /obj/item/weapon/coin/iron at (118,44,1)
[22:11:09]ADMIN: Tk420634/(Greyson Ehret) spawned /obj/item/weapon/coin/plasma at (118,44,1)
[22:11:46]GAME: Explosion with size (-1, 0, 2, 0) in area Chief Engineer's office (127,45,1)
[22:11:46]GAME: Explosion with size (-1, 0, 2, 0) in area Chief Engineer's office (127,45,1)
[22:11:50]GAME: Explosion with size (-1, 0, 2, 0) in area Chief Engineer's office (127,45,1)
[22:11:50]GAME: Explosion with size (-1, 0, 2, 0) in area Chief Engineer's office (127,45,1)
[22:12:06]ADMIN: Tk420634/(Greyson Ehret) spawned /mob/living/carbon/human at (126,45,1)
[22:12:15]GAME: Explosion with size (-1, 0, 2, 0) in area Engineering (126,45,1)
[22:12:15]GAME: Explosion with size (-1, 0, 2, 0) in area Engineering (126,45,1)
[22:12:18]GAME: Explosion with size (-1, 0, 2, 0) in area Engineering (126,45,1)
[22:12:18]GAME: Explosion with size (-1, 0, 2, 0) in area Engineering (126,45,1)
[22:12:21]GAME: Explosion with size (-1, 0, 2, 0) in area Engineering (126,45,1)
[22:12:21]GAME: Explosion with size (-1, 0, 2, 0) in area Engineering (126,45,1)
[22:12:21]EMOTE: Griffin Saylor/ : <B>Griffin Saylor</B> seizes up and falls limp, his eyes dead and lifeless...
[22:13:13]ADMIN: Tk420634/(Greyson Ehret) spawned /mob/living/carbon/human at (124,46,1)
[22:14:11]EMOTE: crab/ : <B>The crab</B> clicks.
[22:14:32]ADMIN: Tk420634/(Greyson Ehret) healed / Revived *no key*/(Milo Ray)
[22:15:12]EMOTE: monkey (329)/ : <B>The monkey (329)</B> jumps!
[22:16:01]ADMIN: Tk420634/(Greyson Ehret) healed / Revived *no key*/(Milo Ray)
[22:16:18]EMOTE: Unknown/ : <B>Unknown</B> seizes up and falls limp, his eyes dead and lifeless...
[22:16:32]ACCESS: Logout: Tk420634[DC]/(Greyson Ehret)


Starting up. 22:26.15
---------------------
Adding game mode abduction (abduction) to configuration.
Adding game mode blob (blob) to configuration.
Adding game mode changeling (changeling) to configuration.
Adding game mode traitor+changeling (traitorchan) to configuration.
Adding game mode double agents (double_agents) to configuration.
Adding game mode traitor (traitor) to configuration.
Adding game mode cult (cult) to configuration.
Adding game mode extended (extended) to configuration.
Adding game mode gang war (gang) to configuration.
Adding game mode hand of god (handofgod) to configuration.
Adding game mode AI malfunction (malfunction) to configuration.
Adding game mode meteor (meteor) to configuration.
Adding game mode monkey (monkey) to configuration.
Adding game mode nuclear emergency (nuclear) to configuration.
Adding game mode revolution (revolution) to configuration.
Adding game mode sandbox (sandbox) to configuration.
Adding game mode shadowling (shadowling) to configuration.
Adding game mode very ragin' bullshit mages (veryraginbullshitmages) to configuration.
Adding game mode ragin' mages (raginmages) to configuration.
Adding game mode wizard (wizard) to configuration.
[22:26:17]ADMIN: Loading Banlistjob
[22:26:17]ADMIN: Loading jobban_rank
[22:26:17]ADMIN: jobban_keylist was empty
[22:26:17]ADMIN: Loading appearance_rank
[22:26:17]ADMIN: appearance_keylist was empty
[22:26:17]ADMIN: Updating jobbanfile!
[22:26:17]ADMIN: Loading Banlist
[22:26:26]ACCESS: Login: Tk420634/(Tk420634) from localhost-4019019304 || BYOND v509
[22:26:29]ADMIN: Loading appearance_rank
[22:26:29]ADMIN: appearance_keylist was empty
[22:26:29]ADMIN: Loading Banlist
[22:26:29]ADMIN: Banlist is empty.
[22:26:29]ADMIN: Banlist missing base dir.
[22:26:43]ADMIN: Loading appearance_rank
[22:26:43]ADMIN: appearance_keylist was empty
[22:26:43]ADMIN: Loading Banlist
[22:26:43]ADMIN: Banlist is empty.
[22:26:43]ADMIN: Banlist missing base dir.
[22:27:00]ADMIN: Loading appearance_rank
[22:27:00]ADMIN: appearance_keylist was empty
[22:27:00]ADMIN: Loading Banlist
[22:27:00]ADMIN: Banlist is empty.
[22:27:00]ADMIN: Banlist missing base dir.
[22:27:17]ADMIN: Loading appearance_rank
[22:27:17]ADMIN: appearance_keylist was empty
[22:27:17]ADMIN: Loading Banlist
[22:27:17]ADMIN: Banlist is empty.
[22:27:17]ADMIN: Banlist missing base dir.
[22:27:35]ADMIN: Loading appearance_rank
[22:27:35]ADMIN: appearance_keylist was empty
[22:27:35]ADMIN: Loading Banlist
[22:27:35]ADMIN: Banlist is empty.
[22:27:35]ADMIN: Banlist missing base dir.


Starting up. 22:37.43
---------------------
Adding game mode abduction (abduction) to configuration.
Adding game mode blob (blob) to configuration.
Adding game mode changeling (changeling) to configuration.
Adding game mode traitor+changeling (traitorchan) to configuration.
Adding game mode double agents (double_agents) to configuration.
Adding game mode traitor (traitor) to configuration.
Adding game mode cult (cult) to configuration.
Adding game mode extended (extended) to configuration.
Adding game mode gang war (gang) to configuration.
Adding game mode hand of god (handofgod) to configuration.
Adding game mode AI malfunction (malfunction) to configuration.
Adding game mode meteor (meteor) to configuration.
Adding game mode monkey (monkey) to configuration.
Adding game mode nuclear emergency (nuclear) to configuration.
Adding game mode revolution (revolution) to configuration.
Adding game mode sandbox (sandbox) to configuration.
Adding game mode shadowling (shadowling) to configuration.
Adding game mode very ragin' bullshit mages (veryraginbullshitmages) to configuration.
Adding game mode ragin' mages (raginmages) to configuration.
Adding game mode wizard (wizard) to configuration.
Failed to connect to database in load_admin_ranks(). Reverting to legacy system.
Database connection failed. Reverting to the legacy ban system.
