

Starting up. 10:44.39
---------------------


Starting up. 13:11.39
---------------------


Starting up. 13:15.08
---------------------


Starting up. 13:22.32
---------------------
[13:43:15]ATTACK: Greyson Ehret(tk420634) attacked monkey (818)  (NEWHP: 87)
[14:02:08]ATTACK: Greyson Ehret(tk420634) equipped Greyson Ehret with the security winter coat (NEWHP: 100)
[14:02:20]ATTACK: Greyson Ehret(tk420634) equipped Landon Rathens with the chaplain hoodie (NEWHP: 100)


Starting up. 18:17.49
---------------------


Starting up. 18:26.21
---------------------


Starting up. 20:19.11
---------------------


Starting up. 20:26.15
---------------------


Starting up. 22:05.28
---------------------
[22:13:33]ATTACK: Greyson Ehret(tk420634) disarmed Donny Miller  (NEWHP: 100)
[22:13:34]ATTACK: Greyson Ehret(tk420634) disarmed Donny Miller  (NEWHP: 100)
[22:13:37]ATTACK: Greyson Ehret(tk420634) disarmed Donny Miller  (NEWHP: 100)
[22:13:38]ATTACK: Greyson Ehret(tk420634) disarmed Donny Miller  (NEWHP: 100)
[22:13:42]ATTACK: [22:13:42] <b>Greyson Ehret/tk420634</b> cremated <b>Donny Miller/</b>


Starting up. 22:18.42
---------------------
¶ºl