

Starting up. 00:54.58
---------------------


Starting up. 01:01.29
---------------------
[01:08:09]ATTACK: Sophie Smith(tk420634) climbed onto alien table 
[01:08:20]ATTACK: Sophie Smith(tk420634) climbed onto alien table 
[01:09:34]ATTACK: Sophie Smith(tk420634) attacked Poly  (NEWHP: 17)
[01:09:35]ATTACK: Sophie Smith(tk420634) attacked Poly  (NEWHP: 14)
[01:09:36]ATTACK: Sophie Smith(tk420634) attacked Poly  (NEWHP: 11)
[01:09:40]ATTACK: Sophie Smith(tk420634) attacked Poly  (NEWHP: 8)
[01:09:41]ATTACK: Sophie Smith(tk420634) attacked Poly  (NEWHP: 5)
[01:09:42]ATTACK: Sophie Smith(tk420634) attacked Poly  (NEWHP: 2)
[01:09:43]ATTACK: Sophie Smith(tk420634) attacked Poly  (NEWHP: 0)
[01:10:48]ATTACK: NON-EXISTANT SUBJECT shot Sophie Smith(tk420634) with the electrode (NEWHP: 100)
[01:12:13]ATTACK: Sophie Smith(tk420634) attacked Bud  (NEWHP: 97)
[01:12:15]ATTACK: Sophie Smith(tk420634) attacked Bud  (NEWHP: 94)
[01:12:16]ATTACK: Sophie Smith(tk420634) attacked Bud  (NEWHP: 91)
[01:12:17]ATTACK: Sophie Smith(tk420634) attacked Bud  (NEWHP: 88)
[01:12:18]ATTACK: Sophie Smith(tk420634) attacked Bud  (NEWHP: 85)
[01:12:32]ATTACK: Sophie Smith(tk420634) attacked Bud with telescopic baton(INTENT: HARM) (DAMTYPE: BRUTE) (NEWHP: 75)
[01:12:33]ATTACK: Sophie Smith(tk420634) attacked Bud with telescopic baton(INTENT: HARM) (DAMTYPE: BRUTE) (NEWHP: 65)
[01:12:34]ATTACK: Sophie Smith(tk420634) attacked Bud with telescopic baton(INTENT: HARM) (DAMTYPE: BRUTE) (NEWHP: 55)
[01:12:35]ATTACK: Sophie Smith(tk420634) attacked Bud with telescopic baton(INTENT: HARM) (DAMTYPE: BRUTE) (NEWHP: 45)
[01:12:36]ATTACK: Sophie Smith(tk420634) attacked Bud with telescopic baton(INTENT: HARM) (DAMTYPE: BRUTE) (NEWHP: 35)
[01:12:37]ATTACK: Sophie Smith(tk420634) attacked Bud with telescopic baton(INTENT: HARM) (DAMTYPE: BRUTE) (NEWHP: 25)
[01:12:38]ATTACK: Sophie Smith(tk420634) attacked Bud with telescopic baton(INTENT: HARM) (DAMTYPE: BRUTE) (NEWHP: 15)
[01:12:39]ATTACK: Sophie Smith(tk420634) attacked Bud with telescopic baton(INTENT: HARM) (DAMTYPE: BRUTE) (NEWHP: 5)
[01:12:40]ATTACK: Sophie Smith(tk420634) attacked Bud with telescopic baton(INTENT: HARM) (DAMTYPE: BRUTE) (NEWHP: 0)
[01:17:28]ATTACK: Sophie Smith(tk420634) grabbed Muffin passively (NEWHP: 100)
[01:17:38]ATTACK: Sophie Smith(tk420634) grabbed Muffin passively (NEWHP: 100)
[01:17:44]ATTACK: Sophie Smith(tk420634) grabbed Muffin passively (NEWHP: 100)
[01:17:50]ATTACK: Sophie Smith(tk420634) neck-grabbed Muffin  (NEWHP: 100)


Starting up. 01:46.37
---------------------


Starting up. 01:49.51
---------------------


Starting up. 01:58.23
---------------------
[02:12:31]ATTACK: Sophie Smith(tk420634) climbed onto alien table 


Starting up. 02:25.52
---------------------
[02:28:36]ATTACK: Sophie Smith(tk420634) climbed onto piano 
[02:29:03]ATTACK: Sophie Smith(tk420634) climbed onto piano 
[02:29:40]ATTACK: Sophie Smith(tk420634) attacked Muffin  (NEWHP: 97)
[02:29:57]ATTACK: Sophie Smith(tk420634) climbed onto wooden table 
[02:34:15]ATTACK: Sophie Smith(tk420634) grabbed monkey (454) passively (NEWHP: 100)
[02:36:15]ATTACK: Sophie Smith(tk420634) attacked monkey (454) with tray(INTENT: HELP) (DAMTYPE: BRUTE) (NEWHP: 65)
[02:36:16]ATTACK: Sophie Smith(tk420634) attacked monkey (454) with tray(INTENT: HELP) (DAMTYPE: BRUTE) (NEWHP: 60)
[02:36:17]ATTACK: Sophie Smith(tk420634) attacked monkey (454) with tray(INTENT: HELP) (DAMTYPE: BRUTE) (NEWHP: 55)
[02:36:17]ATTACK: Sophie Smith(tk420634) attacked monkey (454) with tray(INTENT: HELP) (DAMTYPE: BRUTE) (NEWHP: 50)
[02:36:18]ATTACK: Sophie Smith(tk420634) attacked monkey (454) with tray(INTENT: HELP) (DAMTYPE: BRUTE) (NEWHP: 45)
[02:36:19]ATTACK: Sophie Smith(tk420634) attacked monkey (454) with tray(INTENT: HELP) (DAMTYPE: BRUTE) (NEWHP: 40)
[02:36:20]ATTACK: Sophie Smith(tk420634) attacked monkey (454) with tray(INTENT: HELP) (DAMTYPE: BRUTE) (NEWHP: 35)
[02:36:21]ATTACK: Sophie Smith(tk420634) attacked monkey (454) with tray(INTENT: HELP) (DAMTYPE: BRUTE) (NEWHP: 30)
[02:36:22]ATTACK: Sophie Smith(tk420634) attacked monkey (454) with tray(INTENT: HELP) (DAMTYPE: BRUTE) (NEWHP: 25)
[02:36:23]ATTACK: Sophie Smith(tk420634) attacked monkey (454) with tray(INTENT: HELP) (DAMTYPE: BRUTE) (NEWHP: 20)
[02:36:24]ATTACK: Sophie Smith(tk420634) attacked monkey (454) with tray(INTENT: HELP) (DAMTYPE: BRUTE) (NEWHP: 15)
[02:36:25]ATTACK: Sophie Smith(tk420634) attacked monkey (454) with tray(INTENT: HELP) (DAMTYPE: BRUTE) (NEWHP: 10)
[02:36:26]ATTACK: Sophie Smith(tk420634) attacked monkey (454) with tray(INTENT: HELP) (DAMTYPE: BRUTE) (NEWHP: 5)
[02:36:27]ATTACK: Sophie Smith(tk420634) attacked monkey (454) with tray(INTENT: HELP) (DAMTYPE: BRUTE) (NEWHP: 0)
[02:36:28]ATTACK: Sophie Smith(tk420634) attacked monkey (454) with tray(INTENT: HELP) (DAMTYPE: BRUTE) (NEWHP: -5)
[02:36:30]ATTACK: Sophie Smith(tk420634) attacked monkey (454) with tray(INTENT: HELP) (DAMTYPE: BRUTE) (NEWHP: -10)
[02:36:30]ATTACK: Sophie Smith(tk420634) attacked monkey (454) with tray(INTENT: HELP) (DAMTYPE: BRUTE) (NEWHP: -15)
[02:36:31]ATTACK: Sophie Smith(tk420634) attacked monkey (454) with tray(INTENT: HELP) (DAMTYPE: BRUTE) (NEWHP: -20)
[02:36:32]ATTACK: Sophie Smith(tk420634) attacked monkey (454) with tray(INTENT: HELP) (DAMTYPE: BRUTE) (NEWHP: -25)
[02:36:33]ATTACK: Sophie Smith(tk420634) attacked monkey (454) with tray(INTENT: HELP) (DAMTYPE: BRUTE) (NEWHP: -31)
[02:36:34]ATTACK: Sophie Smith(tk420634) attacked monkey (454) with tray(INTENT: HELP) (DAMTYPE: BRUTE) (NEWHP: -36)
[02:36:35]ATTACK: Sophie Smith(tk420634) attacked monkey (454) with tray(INTENT: HELP) (DAMTYPE: BRUTE) (NEWHP: -42)
[02:36:43]ATTACK: Sophie Smith(tk420634) attacked monkey (454) with guitar(INTENT: HELP) (DAMTYPE: BRUTE) (NEWHP: -56)
[02:36:44]ATTACK: Sophie Smith(tk420634) attacked monkey (454) with guitar(INTENT: HELP) (DAMTYPE: BRUTE) (NEWHP: -66)
[02:36:45]ATTACK: Sophie Smith(tk420634) attacked monkey (454) with guitar(INTENT: HELP) (DAMTYPE: BRUTE) (NEWHP: -76)
[02:36:46]ATTACK: Sophie Smith(tk420634) attacked monkey (454) with guitar(INTENT: HELP) (DAMTYPE: BRUTE) (NEWHP: -87)
[02:36:47]ATTACK: Sophie Smith(tk420634) attacked monkey (454) with guitar(INTENT: HELP) (DAMTYPE: BRUTE) (NEWHP: -98)
[02:36:48]ATTACK: Sophie Smith(tk420634) attacked monkey (454) with guitar(INTENT: HELP) (DAMTYPE: BRUTE) (NEWHP: -108)
[02:36:49]ATTACK: Sophie Smith(tk420634) attacked monkey (454) with guitar(INTENT: HELP) (DAMTYPE: BRUTE) (NEWHP: -108)
[02:49:33]ATTACK: space carp attacked Felix Mcloskey  (NEWHP: 100)
[02:49:35]ATTACK: space carp attacked Felix Mcloskey  (NEWHP: 85)
[02:49:37]ATTACK: space carp attacked Felix Mcloskey  (NEWHP: 70)
[02:49:39]ATTACK: space carp attacked Felix Mcloskey  (NEWHP: 55)
[02:49:41]ATTACK: space carp attacked Felix Mcloskey  (NEWHP: 40)
[02:49:43]ATTACK: space carp attacked Felix Mcloskey  (NEWHP: 25)
[02:49:45]ATTACK: space carp attacked Felix Mcloskey  (NEWHP: 10)


Starting up. 02:58.23
---------------------


Starting up. 11:06.00
---------------------


Starting up. 12:34.59
---------------------


Starting up. 12:39.53
---------------------


Starting up. 13:11.22
---------------------


Starting up. 13:13.02
---------------------
¶ºl

Starting up. 13:55.42
---------------------
¶ºl

Starting up. 14:24.00
---------------------


Starting up. 14:29.26
---------------------


Starting up. 14:38.54
---------------------


Starting up. 14:45.33
---------------------


Starting up. 14:48.49
---------------------


Starting up. 15:00.23
---------------------


Starting up. 15:03.08
---------------------


Starting up. 15:18.13
---------------------


Starting up. 17:39.14
---------------------


Starting up. 18:41.37
---------------------


Starting up. 18:44.33
---------------------


Starting up. 18:56.10
---------------------
[19:04:05]ATTACK: NON-EXISTANT SUBJECT shot Sophie Smith(tk420634) with the electrode (NEWHP: 100)
[19:04:05]ATTACK: NON-EXISTANT SUBJECT shot Sophie Smith(tk420634) with the electrode (NEWHP: 100)


Starting up. 19:26.05
---------------------


Starting up. 21:41.44
---------------------


Starting up. 21:57.41
---------------------


Starting up. 22:43.26
---------------------


Starting up. 22:46.15
---------------------
[23:11:52]ATTACK: Sophie Smith(tk420634) stunned Sophie Smith(tk420634) with the telescopic baton (NEWHP: 100)
[23:27:12]ATTACK: Sophie Smith(tk420634) disarmed Sophie Smith(tk420634)  (NEWHP: 100)
[23:39:10]ATTACK: Sophie Smith(tk420634) disarmed Giggles  (NEWHP: 100)
[23:39:11]ATTACK: Sophie Smith(tk420634) disarmed Giggles  (NEWHP: 100)
[23:48:57]ATTACK: Sophie Smith(tk420634) attacked Muffin with wrench(INTENT: DISARM) (DAMTYPE: BRUTE) (NEWHP: 95)
[23:55:53]ATTACK: NON-EXISTANT SUBJECT shot Sophie Smith(tk420634) with the laser (NEWHP: 75)
[23:55:54]ATTACK: NON-EXISTANT SUBJECT shot Sophie Smith(tk420634) with the laser (NEWHP: 50)
[23:55:54]ATTACK: NON-EXISTANT SUBJECT shot Sophie Smith(tk420634) with the laser (NEWHP: 25)
[00:01:47]ATTACK: Sophie Smith(tk420634) attacked Muffin  (NEWHP: 72)
[00:01:48]ATTACK: Sophie Smith(tk420634) attacked Muffin  (NEWHP: 52)
