¶ºl

Starting up. 01:01.03
---------------------


Starting up. 01:05.28
---------------------


Starting up. 01:18.15
---------------------


Starting up. 01:21.47
---------------------


Starting up. 01:28.29
---------------------


Starting up. 01:40.27
---------------------


Starting up. 01:49.02
---------------------


Starting up. 09:16.42
---------------------


Starting up. 10:31.14
---------------------


Starting up. 10:48.28
---------------------


Starting up. 11:01.41
---------------------


Starting up. 11:06.16
---------------------


Starting up. 13:58.46
---------------------


Starting up. 14:42.33
---------------------


Starting up. 14:48.41
---------------------
[15:01:54]ATTACK: NanoMed Plus attacked Lilo  (NEWHP: 100)
[15:01:56]ATTACK: NanoMed Plus attacked Lilo  (NEWHP: 80)
[15:01:56]ATTACK: Taco Vender attacked Sophie Smith(tk420634)  (NEWHP: 100)
[15:01:56]ATTACK: Sophie Smith(tk420634) shot Taco Vender with the bullet (NEWHP: 15)
[15:01:58]ATTACK: NanoMed Plus attacked Lilo  (NEWHP: 63)
[15:01:58]ATTACK: NanoMed Plus attacked Lilo  (NEWHP: 39)
[15:01:58]ATTACK: Sophie Smith(tk420634) shot Taco Vender with the bullet (NEWHP: 15)
[15:02:00]ATTACK: NanoMed Plus attacked Lilo  (NEWHP: 19)
[15:02:02]ATTACK: A Donut Vender! attacked Muffin  (NEWHP: 100)
[15:02:04]ATTACK: A Donut Vender! attacked Muffin  (NEWHP: 77)
[15:02:04]ATTACK: Solar's Best Hot Drinks attacked Muffin  (NEWHP: 56)
[15:02:06]ATTACK: A Donut Vender! attacked Muffin  (NEWHP: 40)
[15:02:06]ATTACK: Robust Softdrinks attacked Muffin  (NEWHP: 21)
[15:02:11]ATTACK: Sophie Smith(tk420634) shot A Donut Vender! with the bullet (NEWHP: 15)
[15:02:13]ATTACK: Sophie Smith(tk420634) shot Robust Softdrinks with the bullet (NEWHP: 15)
[15:02:15]ATTACK: Sophie Smith(tk420634) shot Getmore Chocolate Corp with the bullet (NEWHP: 15)
[15:02:15]ATTACK: Sophie Smith(tk420634) shot Solar's Best Hot Drinks with the bullet (NEWHP: 15)
[15:02:17]ATTACK: NanoMed Plus attacked Xena  (NEWHP: 20)
[15:02:28]ATTACK: Sophie Smith(tk420634) shot A Donut Vender! with the bullet (NEWHP: 15)
[15:02:31]ATTACK: YouTool attacked Bud  (NEWHP: 100)
[15:02:33]ATTACK: YouTool attacked Bud  (NEWHP: 78)
[15:02:35]ATTACK: YouTool attacked Bud  (NEWHP: 59)
[15:02:37]ATTACK: YouTool attacked Bud  (NEWHP: 35)
[15:02:39]ATTACK: YouTool attacked Bud  (NEWHP: 19)
[15:02:41]ATTACK: YouTool attacked Bud  (NEWHP: 2)
[15:04:20]ATTACK: Sophie Smith(tk420634) shot Space Cigarettes packet with the bolt of animation (NEWHP: 15)
[15:04:29]ATTACK: Space Cigarettes packet attacked Booze-O-Mat  (NEWHP: 50)
[15:04:31]ATTACK: Space Cigarettes packet attacked Booze-O-Mat  (NEWHP: 48)
[15:04:33]ATTACK: Space Cigarettes packet attacked Booze-O-Mat  (NEWHP: 46)
[15:04:35]ATTACK: potted plant attacked Booze-O-Mat  (NEWHP: 44)
[15:04:35]ATTACK: wooden plank attacked Booze-O-Mat  (NEWHP: 32)
[15:04:35]ATTACK: Space Cigarettes packet attacked Booze-O-Mat  (NEWHP: 25)
[15:04:35]ATTACK: potted plant attacked Booze-O-Mat  (NEWHP: 23)
[15:04:37]ATTACK: Booze-O-Mat attacked Space Cigarettes packet  (NEWHP: 15)
[15:04:37]ATTACK: wooden plank attacked Booze-O-Mat  (NEWHP: 14)
[15:04:37]ATTACK: wooden plank attacked Booze-O-Mat  (NEWHP: 7)
[15:05:21]ATTACK: Sophie Smith(tk420634) shot Robust Coffee with the bolt of animation (NEWHP: 15)
[15:06:10]ATTACK: Robust Softdrinks attacked Sophie Smith(tk420634)  (NEWHP: 100)
[15:06:12]ATTACK: Robust Softdrinks attacked Sophie Smith(tk420634)  (NEWHP: 100)
[15:06:16]ATTACK: Sophie Smith(tk420634) stunned Robust Softdrinks with the telescopic baton (NEWHP: 50)
[15:06:16]ATTACK: Robust Softdrinks attacked Sophie Smith(tk420634)  (NEWHP: 100)
[15:06:18]ATTACK: Robust Softdrinks attacked Sophie Smith(tk420634)  (NEWHP: 100)
[15:06:20]ATTACK: Sophie Smith(tk420634) attacked ShadyCigs Deluxe with telescopic baton(INTENT: HARM) (DAMTYPE: BRUTE) (NEWHP: 40)
[15:06:21]ATTACK: ShadyCigs Deluxe attacked Sophie Smith(tk420634)  (NEWHP: 100)
[15:06:21]ATTACK: Sophie Smith(tk420634) attacked ShadyCigs Deluxe with telescopic baton(INTENT: HARM) (DAMTYPE: BRUTE) (NEWHP: 30)
[15:06:23]ATTACK: Solar's Best Hot Drinks attacked Sophie Smith(tk420634)  (NEWHP: 100)
[15:06:25]ATTACK: ShadyCigs Deluxe attacked Sophie Smith(tk420634)  (NEWHP: 100)
[15:06:27]ATTACK: A Donut Vender! attacked Sophie Smith(tk420634)  (NEWHP: 100)
[15:06:27]ATTACK: Robust Softdrinks attacked Sophie Smith(tk420634)  (NEWHP: 100)
[15:06:30]ATTACK: A Donut Vender! attacked Sophie Smith(tk420634)  (NEWHP: 100)
[15:06:30]ATTACK: Robust Softdrinks attacked Sophie Smith(tk420634)  (NEWHP: 100)
[15:06:30]ATTACK: Solar's Best Hot Drinks attacked Sophie Smith(tk420634)  (NEWHP: 100)
[15:06:30]ATTACK: ShadyCigs Deluxe attacked Sophie Smith(tk420634)  (NEWHP: 100)
[15:06:32]ATTACK: A Donut Vender! attacked Sophie Smith(tk420634)  (NEWHP: 100)
[15:06:32]ATTACK: Robust Softdrinks attacked Sophie Smith(tk420634)  (NEWHP: 100)
[15:06:32]ATTACK: Solar's Best Hot Drinks attacked Sophie Smith(tk420634)  (NEWHP: 100)
[15:06:32]ATTACK: ShadyCigs Deluxe attacked Sophie Smith(tk420634)  (NEWHP: 100)
[15:06:34]ATTACK: A Donut Vender! attacked Sophie Smith(tk420634)  (NEWHP: 100)
[15:06:34]ATTACK: Robust Softdrinks attacked Sophie Smith(tk420634)  (NEWHP: 100)
[15:06:34]ATTACK: Solar's Best Hot Drinks attacked Sophie Smith(tk420634)  (NEWHP: 100)
[15:06:34]ATTACK: ShadyCigs Deluxe attacked Sophie Smith(tk420634)  (NEWHP: 100)
[15:07:42]ATTACK: Emergency NanoMed attacked Taco(tk420634)  (NEWHP: 15)
[15:07:45]ATTACK: Emergency NanoMed attacked Taco(tk420634)  (NEWHP: 5)


Starting up. 17:30.12
---------------------
[17:56:22]ATTACK: Sophie Smith(tk420634) flashed Sophie Smith(tk420634) with the flash (NEWHP: 100)


Starting up. 18:14.16
---------------------


Starting up. 19:49.48
---------------------


Starting up. 19:52.11
---------------------
[20:30:27]ATTACK: Sophie Smith(tk420634) shot Marcos Williams with the bullet (NEWHP: 73)
[20:30:27]ATTACK: Sophie Smith(tk420634) shot Marcos Williams with the bullet (NEWHP: 73)
[20:30:27]ATTACK: Sophie Smith(tk420634) shot Marcos Williams with the bullet (NEWHP: 43)
[20:30:28]ATTACK: Sophie Smith(tk420634) shot Marcos Williams with the bullet (NEWHP: 43)
[20:30:28]ATTACK: Sophie Smith(tk420634) shot Marcos Williams with the bullet (NEWHP: 43)
[20:30:28]ATTACK: Sophie Smith(tk420634) shot Marcos Williams with the bullet (NEWHP: 43)
[20:30:31]ATTACK: Sophie Smith(tk420634) shot Marcos Williams with the bullet (NEWHP: -17)
[20:30:31]ATTACK: Sophie Smith(tk420634) shot Marcos Williams with the bullet (NEWHP: -17)
[20:30:32]ATTACK: Sophie Smith(tk420634) shot Marcos Williams with the bullet (NEWHP: -17)
[20:32:33]ATTACK: Sophie Smith(tk420634) shot Wayne Khan with the bullet (NEWHP: -89.8888)
[20:32:34]ATTACK: Sophie Smith(tk420634) shot Wayne Khan with the bullet (NEWHP: -89.8888)
[20:32:34]ATTACK: Sophie Smith(tk420634) shot Wayne Khan with the bullet (NEWHP: -89.8888)
[20:32:37]ATTACK: Sophie Smith(tk420634) shot Wayne Khan with the bullet (NEWHP: -124.555)
[20:32:37]ATTACK: Sophie Smith(tk420634) shot Wayne Khan with the bullet (NEWHP: -124.555)
[20:32:37]ATTACK: Sophie Smith(tk420634) shot Wayne Khan with the bullet (NEWHP: -124.555)
[20:33:14]ATTACK: Sophie Smith(tk420634) shot Sophie Smith(tk420634) with the bullet (NEWHP: 100)
[20:33:14]ATTACK: Sophie Smith(tk420634) shot Sophie Smith(tk420634) with the bullet (NEWHP: 100)
[20:33:15]ATTACK: Sophie Smith(tk420634) shot Sophie Smith(tk420634) with the bullet (NEWHP: 100)


Starting up. 20:37.45
---------------------


Starting up. 20:39.29
---------------------


Starting up. 20:47.07
---------------------
