

Starting up. 00:55.58
---------------------


Starting up. 00:56.55
---------------------


Starting up. 01:00.05
---------------------


Starting up. 01:06.28
---------------------


Starting up. 01:12.59
---------------------
[01:18:33]ATTACK: Sophie Smith(tk420634) shot Puff with the laser (NEWHP: 130)
[01:18:34]ATTACK: Sophie Smith(tk420634) shot Puff with the laser (NEWHP: 110)
[01:18:35]ATTACK: Sophie Smith(tk420634) shot Puff with the laser (NEWHP: 90)
[01:18:35]ATTACK: Sophie Smith(tk420634) shot Puff with the laser (NEWHP: 70)
[01:18:36]ATTACK: Sophie Smith(tk420634) shot Puff with the laser (NEWHP: 50)
[01:18:37]ATTACK: Sophie Smith(tk420634) shot Puff with the laser (NEWHP: 30)
[01:18:38]ATTACK: Sophie Smith(tk420634) shot Puff with the laser (NEWHP: 10)
[01:18:38]ATTACK: Sophie Smith(tk420634) shot Puff with the laser (NEWHP: 0)
[01:21:39]ATTACK: Sophie Smith(tk420634) shaked Mario Osteen  (NEWHP: 95)
[01:21:41]ATTACK: Sophie Smith(tk420634) shaked Mario Osteen  (NEWHP: 95)
[01:21:44]ATTACK: Sophie Smith(tk420634) shaked Mario Osteen  (NEWHP: 85)
[01:25:08]ATTACK: Sophie Smith(tk420634) attacked Mario Osteen with T-ray scanner(INTENT: HELP) (DAMTYPE: BRUTE) (NEWHP: 75)
[01:25:10]ATTACK: Sophie Smith(tk420634) shaked Mario Osteen  (NEWHP: 75)
[01:27:25]ATTACK: Sophie Smith(tk420634) shaked Mario Osteen  (NEWHP: 75)


Starting up. 04:38.17
---------------------


Starting up. 12:22.59
---------------------


Starting up. 12:32.14
---------------------


Starting up. 12:38.10
---------------------


Starting up. 15:20.43
---------------------


Starting up. 15:21.54
---------------------
[15:30:21]ATTACK: Sophie Smith(tk420634) shot Fitz Cox with the bullet (NEWHP: 100)
[15:30:23]ATTACK: Sophie Smith(tk420634) shot Fitz Cox with the bullet (NEWHP: 95)
[15:30:29]ATTACK: Sophie Smith(tk420634) shot Fitz Cox with the bullet (NEWHP: 90)
[15:30:34]ATTACK: Fitz Cox punched Sophie Smith(tk420634)  (NEWHP: 79)
[15:30:34]ATTACK: Sophie Smith(tk420634) shot Fitz Cox with the bullet (NEWHP: 76)
[15:30:36]ATTACK: Sophie Smith(tk420634) shot Fitz Cox with the bullet (NEWHP: 68)
[15:30:37]ATTACK: Sophie Smith(tk420634) shot Fitz Cox with the bullet (NEWHP: 63)
[15:30:37]ATTACK: Sophie Smith(tk420634) shot Fitz Cox with the bullet (NEWHP: 58)
[15:30:38]ATTACK: Sophie Smith(tk420634) shot Fitz Cox with the bullet (NEWHP: 53)
[15:30:38]ATTACK: Sophie Smith(tk420634) shot Fitz Cox with the bullet (NEWHP: 45)
[15:30:42]ATTACK: Sophie Smith(tk420634) shot Fitz Cox with the bullet (NEWHP: 34)
[15:30:44]ATTACK: Sophie Smith(tk420634) shot Fitz Cox with the bullet (NEWHP: 26)
[15:30:45]ATTACK: Sophie Smith(tk420634) shot Fitz Cox with the bullet (NEWHP: 21)
[15:30:45]ATTACK: Sophie Smith(tk420634) shot Fitz Cox with the bullet (NEWHP: 16)
[15:30:46]ATTACK: Sophie Smith(tk420634) shot Fitz Cox with the bullet (NEWHP: 11)
[15:30:51]ATTACK: Sophie Smith(tk420634) attacked Fitz Cox with stunbaton(INTENT: HARM) (DAMTYPE: BRUTE) (NEWHP: -3)
[15:30:52]ATTACK: Sophie Smith(tk420634) attacked Fitz Cox with stunbaton(INTENT: HARM) (DAMTYPE: BRUTE) (NEWHP: -3)
[15:30:53]ATTACK: Sophie Smith(tk420634) attacked Fitz Cox with stunbaton(INTENT: HARM) (DAMTYPE: BRUTE) (NEWHP: -23.6667)
[15:30:55]ATTACK: Sophie Smith(tk420634) stunned Fitz Cox  (NEWHP: -34.3333)
[15:30:55]ATTACK: Sophie Smith(tk420634) attacked Fitz Cox with stunbaton(INTENT: HARM) (DAMTYPE: BRUTE) (NEWHP: -34.3333)
[15:30:56]ATTACK: Sophie Smith(tk420634) attacked Fitz Cox with stunbaton(INTENT: HARM) (DAMTYPE: BRUTE) (NEWHP: -45)
[15:30:58]ATTACK: Sophie Smith(tk420634) attacked Fitz Cox with stunbaton(INTENT: HARM) (DAMTYPE: BRUTE) (NEWHP: -45)
[15:30:59]ATTACK: Sophie Smith(tk420634) attacked Fitz Cox with stunbaton(INTENT: HARM) (DAMTYPE: BRUTE) (NEWHP: -65.6667)
[15:30:59]ATTACK: Sophie Smith(tk420634) attacked Fitz Cox with stunbaton(INTENT: HARM) (DAMTYPE: BRUTE) (NEWHP: -65.6667)
[15:31:10]ATTACK: Sophie Smith(tk420634) grabbed Fitz Cox passively (NEWHP: -89)
[15:31:12]ATTACK: Sophie Smith(tk420634) thrown Fitz Cox from <font color='#6b5d00'>tile at 113, 147, 1 in area Central Primary Hallway</font> with the target <font color='#6b4400'>tile at 107, 147, 1 in area Space</font> (NEWHP: -89.6667)


Starting up. 15:37.06
---------------------
[15:50:37]ATTACK: Sophie Smith(tk420634) shot Debbi Stocker with the bullet (NEWHP: 100)
[15:50:38]ATTACK: Sophie Smith(tk420634) shot Debbi Stocker with the bullet (NEWHP: 95)
[15:50:39]ATTACK: Sophie Smith(tk420634) shot Debbi Stocker with the bullet (NEWHP: 95)
[15:50:40]ATTACK: Sophie Smith(tk420634) shot Debbi Stocker with the bullet (NEWHP: 85)
[15:50:44]ATTACK: Sophie Smith(tk420634) shot Debbi Stocker with the bullet (NEWHP: 80)
[15:50:49]ATTACK: Sophie Smith(tk420634) shot Debbi Stocker with the bullet (NEWHP: 75)
[15:50:54]ATTACK: Sophie Smith(tk420634) handcuffed Debbi Stocker  (NEWHP: 70)
[15:53:55]ATTACK: Sophie Smith(tk420634) shot Brian Parkinson with the bullet (NEWHP: 100)
[15:53:55]ATTACK: Sophie Smith(tk420634) shot Brian Parkinson with the bullet (NEWHP: 95)
[15:53:55]ATTACK: Sophie Smith(tk420634) shot Brian Parkinson with the bullet (NEWHP: 95)
[15:53:56]ATTACK: Sophie Smith(tk420634) shot Brian Parkinson with the bullet (NEWHP: 95)
[15:53:56]ATTACK: Sophie Smith(tk420634) shot Brian Parkinson with the bullet (NEWHP: 95)
[15:53:57]ATTACK: Sophie Smith(tk420634) shot Brian Parkinson with the bullet (NEWHP: 75)
[15:53:57]ATTACK: Sophie Smith(tk420634) shot Brian Parkinson with the bullet (NEWHP: 75)
[15:53:58]ATTACK: Sophie Smith(tk420634) shot Brian Parkinson with the bullet (NEWHP: 75)
[15:53:58]ATTACK: Sophie Smith(tk420634) shot Brian Parkinson with the bullet (NEWHP: 75)
[15:53:59]ATTACK: Sophie Smith(tk420634) shot Brian Parkinson with the bullet (NEWHP: 55)
[15:53:59]ATTACK: Sophie Smith(tk420634) shot Brian Parkinson with the bullet (NEWHP: 55)
[15:54:00]ATTACK: Sophie Smith(tk420634) shot Brian Parkinson with the bullet (NEWHP: 55)
[15:54:00]ATTACK: Sophie Smith(tk420634) shot Brian Parkinson with the bullet (NEWHP: 55)
[15:54:01]ATTACK: Sophie Smith(tk420634) shot Brian Parkinson with the bullet (NEWHP: 35)
[15:54:01]ATTACK: Sophie Smith(tk420634) shot Brian Parkinson with the bullet (NEWHP: 35)
[15:54:14]ATTACK: Sophie Smith(tk420634) shot Brian Parkinson with the bullet (NEWHP: 25)
[15:54:15]ATTACK: Sophie Smith(tk420634) shot Brian Parkinson with the bullet (NEWHP: 20)
[15:54:15]ATTACK: Sophie Smith(tk420634) shot Brian Parkinson with the bullet (NEWHP: 20)
[15:54:16]ATTACK: Sophie Smith(tk420634) shot Brian Parkinson with the bullet (NEWHP: 20)
[15:54:16]ATTACK: Sophie Smith(tk420634) shot Brian Parkinson with the bullet (NEWHP: 20)
[15:54:17]ATTACK: Sophie Smith(tk420634) shot Brian Parkinson with the bullet (NEWHP: 0)
[15:54:17]ATTACK: Sophie Smith(tk420634) shot Brian Parkinson with the bullet (NEWHP: 0)
[15:54:18]ATTACK: Sophie Smith(tk420634) shot Brian Parkinson with the bullet (NEWHP: 0)
[15:54:19]ATTACK: Sophie Smith(tk420634) shot Brian Parkinson with the bullet (NEWHP: -18)
[15:54:20]ATTACK: Sophie Smith(tk420634) shot Brian Parkinson with the bullet (NEWHP: -18)
[15:54:20]ATTACK: Sophie Smith(tk420634) shot Brian Parkinson with the bullet (NEWHP: -18)
[15:54:21]ATTACK: Sophie Smith(tk420634) shot Brian Parkinson with the bullet (NEWHP: -18)
[15:54:21]ATTACK: Sophie Smith(tk420634) shot Brian Parkinson with the bullet (NEWHP: -38.6667)
[15:54:21]ATTACK: Sophie Smith(tk420634) shot Brian Parkinson with the bullet (NEWHP: -38.6667)
[15:54:22]ATTACK: Sophie Smith(tk420634) shot Brian Parkinson with the bullet (NEWHP: -38.6667)
[15:54:42]ATTACK: Sophie Smith(tk420634) shot Brian Parkinson with the bullet (NEWHP: -60.3333)
[15:54:42]ATTACK: Sophie Smith(tk420634) shot Brian Parkinson with the bullet (NEWHP: -60.3333)
[15:54:43]ATTACK: Sophie Smith(tk420634) shot Brian Parkinson with the bullet (NEWHP: -60.3333)
[15:54:43]ATTACK: Sophie Smith(tk420634) shot Brian Parkinson with the bullet (NEWHP: -60.3333)
[15:54:44]ATTACK: Sophie Smith(tk420634) shot Brian Parkinson with the bullet (NEWHP: -81)
[15:54:44]ATTACK: Sophie Smith(tk420634) shot Brian Parkinson with the bullet (NEWHP: -81)
[15:54:45]ATTACK: Sophie Smith(tk420634) shot Brian Parkinson with the bullet (NEWHP: -81)
[15:54:45]ATTACK: Sophie Smith(tk420634) shot Brian Parkinson with the bullet (NEWHP: -81)
[15:54:46]ATTACK: Sophie Smith(tk420634) shot Brian Parkinson with the bullet (NEWHP: -101.667)
[15:54:46]ATTACK: Sophie Smith(tk420634) shot Brian Parkinson with the bullet (NEWHP: -101.667)
[15:54:46]ATTACK: Sophie Smith(tk420634) shot Brian Parkinson with the bullet (NEWHP: -101.667)
[15:54:47]ATTACK: Sophie Smith(tk420634) shot Brian Parkinson with the bullet (NEWHP: -101.667)
[15:54:47]ATTACK: Sophie Smith(tk420634) shot Brian Parkinson with the bullet (NEWHP: -101.667)
[15:54:48]ATTACK: Sophie Smith(tk420634) shot Brian Parkinson with the bullet (NEWHP: -126.667)
[15:54:48]ATTACK: Sophie Smith(tk420634) shot Brian Parkinson with the bullet (NEWHP: -126.667)
[15:54:58]ATTACK: Sophie Smith(tk420634) shot Brian Parkinson with the bullet (NEWHP: -136.667)
[15:54:58]ATTACK: Sophie Smith(tk420634) shot Brian Parkinson with the bullet (NEWHP: -136.667)
[15:54:59]ATTACK: Sophie Smith(tk420634) shot Brian Parkinson with the bullet (NEWHP: -136.667)
[15:54:59]ATTACK: Sophie Smith(tk420634) shot Brian Parkinson with the bullet (NEWHP: -136.667)
[15:55:00]ATTACK: Sophie Smith(tk420634) shot Brian Parkinson with the bullet (NEWHP: -146.667)
[15:55:00]ATTACK: Sophie Smith(tk420634) shot Brian Parkinson with the bullet (NEWHP: -146.667)
[15:55:01]ATTACK: Sophie Smith(tk420634) shot Brian Parkinson with the bullet (NEWHP: -146.667)
[15:55:01]ATTACK: Sophie Smith(tk420634) shot Brian Parkinson with the bullet (NEWHP: -146.667)
[15:55:02]ATTACK: Sophie Smith(tk420634) shot Brian Parkinson with the bullet (NEWHP: -151.667)
[15:55:02]ATTACK: Sophie Smith(tk420634) shot Brian Parkinson with the bullet (NEWHP: -151.667)
[15:55:03]ATTACK: Sophie Smith(tk420634) shot Brian Parkinson with the bullet (NEWHP: -151.667)
[15:55:03]ATTACK: Sophie Smith(tk420634) shot Brian Parkinson with the bullet (NEWHP: -151.667)
[15:55:33]ATTACK: Sophie Smith(tk420634) shot Brian Parkinson with the bullet (NEWHP: -156.667)
[15:55:34]ATTACK: Sophie Smith(tk420634) shot Brian Parkinson with the bullet (NEWHP: -156.667)
[15:55:34]ATTACK: Sophie Smith(tk420634) shot Brian Parkinson with the bullet (NEWHP: -156.667)
[15:55:34]ATTACK: Sophie Smith(tk420634) shot Brian Parkinson with the bullet (NEWHP: -156.667)
[15:55:35]ATTACK: Sophie Smith(tk420634) shot Brian Parkinson with the bullet (NEWHP: -156.667)
[15:55:36]ATTACK: Sophie Smith(tk420634) shot Brian Parkinson with the bullet (NEWHP: -156.667)
[15:55:36]ATTACK: Sophie Smith(tk420634) shot Brian Parkinson with the bullet (NEWHP: -156.667)
[15:55:37]ATTACK: Sophie Smith(tk420634) shot Brian Parkinson with the bullet (NEWHP: -156.667)
[15:55:37]ATTACK: Sophie Smith(tk420634) shot Brian Parkinson with the bullet (NEWHP: -161.667)


Starting up. 16:24.10
---------------------


Starting up. 17:15.26
---------------------
[17:22:07]ATTACK: Sophie Smith(tk420634) shot space carp with the bullet (NEWHP: 20)
[17:22:08]ATTACK: Sophie Smith(tk420634) shot space carp with the bullet (NEWHP: 15)
[17:22:08]ATTACK: Sophie Smith(tk420634) shot space carp with the bullet (NEWHP: 10)
[17:22:09]ATTACK: Sophie Smith(tk420634) shot space carp with the bullet (NEWHP: 5)
[17:22:09]ATTACK: Sophie Smith(tk420634) shot space carp with the bullet (NEWHP: 0)
[17:22:33]ATTACK: Sophie Smith(tk420634) grabbed space carp passively (NEWHP: 0)
[17:22:37]ATTACK: Sophie Smith(tk420634) pushed space carp  (NEWHP: 0)
[17:24:12]ATTACK: Sophie Smith(tk420634) hit animal with the flashbang (NEWHP: 20)
[17:24:12]ATTACK: Sophie Smith(tk420634) hit animal with the flashbang (NEWHP: 20)
[17:27:27]ATTACK: Sophie Smith(tk420634) shot animal with the bullet (NEWHP: 15)
[17:27:28]ATTACK: Sophie Smith(tk420634) shot animal with the bullet (NEWHP: 10)
[17:27:28]ATTACK: Sophie Smith(tk420634) shot animal with the bullet (NEWHP: 5)
[17:27:29]ATTACK: Sophie Smith(tk420634) shot animal with the bullet (NEWHP: 0)


Starting up. 17:43.55
---------------------
[17:46:07]ATTACK: Sophie Smith(tk420634) attacked Sophie Smith(tk420634) with fleshlight(INTENT: HELP) (DAMTYPE: BRUTE) (NEWHP: 100)
[17:46:10]ATTACK: Sophie Smith(tk420634) attacked Sophie Smith(tk420634) with fleshlight(INTENT: HELP) (DAMTYPE: BRUTE) (NEWHP: 100)
[17:46:11]ATTACK: Sophie Smith(tk420634) attacked Sophie Smith(tk420634) with fleshlight(INTENT: HELP) (DAMTYPE: BRUTE) (NEWHP: 100)
[17:46:23]ATTACK: Sophie Smith(tk420634) attacked Sophie Smith(tk420634) with bullet vibrator(INTENT: HELP) (DAMTYPE: BRUTE) (NEWHP: 100)
[17:46:24]ATTACK: Sophie Smith(tk420634) attacked Sophie Smith(tk420634) with bullet vibrator(INTENT: HELP) (DAMTYPE: BRUTE) (NEWHP: 100)
[17:46:25]ATTACK: Sophie Smith(tk420634) attacked Sophie Smith(tk420634) with bullet vibrator(INTENT: HELP) (DAMTYPE: BRUTE) (NEWHP: 100)
[17:46:30]ATTACK: Sophie Smith(tk420634) attacked Sophie Smith(tk420634) with canine dildo(INTENT: HELP) (DAMTYPE: BRUTE) (NEWHP: 100)
[17:46:31]ATTACK: Sophie Smith(tk420634) attacked Sophie Smith(tk420634) with canine dildo(INTENT: HELP) (DAMTYPE: BRUTE) (NEWHP: 100)
[17:46:38]ATTACK: Sophie Smith(tk420634) attacked Sophie Smith(tk420634) with purple dildo(INTENT: HELP) (DAMTYPE: BRUTE) (NEWHP: 100)
[17:46:44]ATTACK: Sophie Smith(tk420634) attacked Sophie Smith(tk420634) with big black dick(INTENT: HELP) (DAMTYPE: BRUTE) (NEWHP: 100)
[17:46:52]ATTACK: Sophie Smith(tk420634) attacked Sophie Smith(tk420634) with floppy dick(INTENT: HELP) (DAMTYPE: BRUTE) (NEWHP: 100)
[17:46:54]ATTACK: Sophie Smith(tk420634) attacked Sophie Smith(tk420634) with floppy dick(INTENT: HELP) (DAMTYPE: BRUTE) (NEWHP: 100)


Starting up. 17:59.44
---------------------


Starting up. 18:26.41
---------------------


Starting up. 18:28.31
---------------------


Starting up. 18:46.09
---------------------


Starting up. 20:14.20
---------------------


Starting up. 20:17.42
---------------------
Lk‘

Starting up. 22:52.31
---------------------


Starting up. 23:44.57
---------------------
