

Starting up. 00:18.50
---------------------


Starting up. 00:31.26
---------------------


Starting up. 00:33.31
---------------------


Starting up. 00:56.26
---------------------


Starting up. 01:07.09
---------------------


Starting up. 01:23.56
---------------------
[01:31:56]ATTACK: Sophie Smith(tk420634) shot Sophie Smith(@tk420634) with the laser (NEWHP: 100)
[01:31:56]ATTACK: Sophie Smith(tk420634) shot Sophie Smith(@tk420634) with the laser (NEWHP: 80)
[01:31:57]ATTACK: Sophie Smith(tk420634) shot Sophie Smith(@tk420634) with the laser (NEWHP: 60)
[01:31:57]ATTACK: Sophie Smith(tk420634) shot Sophie Smith(@tk420634) with the laser (NEWHP: 40)
[01:31:58]ATTACK: Sophie Smith(tk420634) shot Sophie Smith(@tk420634) with the laser (NEWHP: 20)
[01:36:45]ATTACK: Sophie Smith(tk420634) shot Muffin with the laser (NEWHP: 80)
[01:36:46]ATTACK: Sophie Smith(tk420634) shot Muffin with the laser (NEWHP: 60)
[01:36:46]ATTACK: Sophie Smith(tk420634) shot Muffin with the laser (NEWHP: 40)
[01:36:47]ATTACK: Sophie Smith(tk420634) shot Muffin with the laser (NEWHP: 20)
[01:36:52]ATTACK: Sophie Smith(tk420634) stunned Muffin with the telescopic baton (NEWHP: 20)
[01:36:54]ATTACK: Sophie Smith(tk420634) attacked Muffin with telescopic baton(INTENT: HARM) (DAMTYPE: BRUTE) (NEWHP: 10)
[01:36:54]ATTACK: Sophie Smith(tk420634) attacked Muffin with telescopic baton(INTENT: HARM) (DAMTYPE: BRUTE) (NEWHP: 0)
[01:36:55]ATTACK: Sophie Smith(tk420634) attacked Muffin with telescopic baton(INTENT: HARM) (DAMTYPE: BRUTE) (NEWHP: 0)
[01:37:07]ATTACK: Sophie Smith(tk420634) climbed onto table 


Starting up. 03:31.06
---------------------


Starting up. 04:19.26
---------------------


Starting up. 04:20.36
---------------------


Starting up. 04:23.06
---------------------


Starting up. 04:33.08
---------------------


Starting up. 04:39.58
---------------------


Starting up. 04:47.57
---------------------


Starting up. 04:53.37
---------------------


Starting up. 04:56.11
---------------------


Starting up. 05:03.06
---------------------


Starting up. 05:08.48
---------------------


Starting up. 05:13.43
---------------------


Starting up. 05:20.17
---------------------


Starting up. 05:25.57
---------------------


Starting up. 05:50.57
---------------------
[06:12:11]ATTACK: Ruddar Studic(tk420634) attacked Bud with telescopic baton(INTENT: HARM) (DAMTYPE: BRUTE) (NEWHP: 90)
[06:12:12]ATTACK: Ruddar Studic(tk420634) attacked Bud with telescopic baton(INTENT: HARM) (DAMTYPE: BRUTE) (NEWHP: 80)
[06:12:13]ATTACK: Ruddar Studic(tk420634) attacked Bud with telescopic baton(INTENT: HARM) (DAMTYPE: BRUTE) (NEWHP: 70)
[06:12:14]ATTACK: Ruddar Studic(tk420634) attacked Bud with telescopic baton(INTENT: HARM) (DAMTYPE: BRUTE) (NEWHP: 60)
[06:12:14]ATTACK: Ruddar Studic(tk420634) attacked Bud with telescopic baton(INTENT: HARM) (DAMTYPE: BRUTE) (NEWHP: 50)
[06:12:15]ATTACK: Ruddar Studic(tk420634) attacked Bud with telescopic baton(INTENT: HARM) (DAMTYPE: BRUTE) (NEWHP: 40)
[06:12:16]ATTACK: Ruddar Studic(tk420634) attacked Bud with telescopic baton(INTENT: HARM) (DAMTYPE: BRUTE) (NEWHP: 30)
[06:12:17]ATTACK: Ruddar Studic(tk420634) attacked Bud with telescopic baton(INTENT: HARM) (DAMTYPE: BRUTE) (NEWHP: 20)
[06:12:19]ATTACK: Ruddar Studic(tk420634) attacked Bud with telescopic baton(INTENT: HARM) (DAMTYPE: BRUTE) (NEWHP: 10)
[06:12:20]ATTACK: Ruddar Studic(tk420634) attacked Bud with telescopic baton(INTENT: HARM) (DAMTYPE: BRUTE) (NEWHP: 0)
[06:12:21]ATTACK: Ruddar Studic(tk420634) attacked Bud with telescopic baton(INTENT: HARM) (DAMTYPE: BRUTE) (NEWHP: 0)


Starting up. 06:24.18
---------------------


Starting up. 06:28.05
---------------------


Starting up. 06:34.32
---------------------


Starting up. 06:36.24
---------------------
[06:46:48]ATTACK: Sophie Smith(tk420634) shot Sophie Smith(@tk420634) with the bullet (NEWHP: 100)
[06:46:48]ATTACK: Sophie Smith(tk420634) shot Sophie Smith(@tk420634) with the bullet (NEWHP: 100)
[06:46:49]ATTACK: Sophie Smith(tk420634) shot Sophie Smith(@tk420634) with the bullet (NEWHP: 100)
[06:46:49]ATTACK: Sophie Smith(tk420634) shot Sophie Smith(@tk420634) with the bullet (NEWHP: 85)
[06:46:50]ATTACK: Sophie Smith(tk420634) shot Sophie Smith(@tk420634) with the bullet (NEWHP: 85)
[06:46:50]ATTACK: Sophie Smith(tk420634) shot Sophie Smith(@tk420634) with the bullet (NEWHP: 85)
[06:46:51]ATTACK: Sophie Smith(tk420634) shot Sophie Smith(@tk420634) with the bullet (NEWHP: 85)
[06:46:53]ATTACK: Sophie Smith(tk420634) shot Sophie Smith(@tk420634) with the bullet (NEWHP: 65)
[06:46:53]ATTACK: Sophie Smith(tk420634) shot Sophie Smith(@tk420634) with the bullet (NEWHP: 65)
[06:46:53]ATTACK: Sophie Smith(tk420634) shot Sophie Smith(@tk420634) with the bullet (NEWHP: 55)
[06:46:54]ATTACK: Sophie Smith(tk420634) shot Sophie Smith(@tk420634) with the bullet (NEWHP: 55)
[06:46:54]ATTACK: Sophie Smith(tk420634) shot Sophie Smith(@tk420634) with the bullet (NEWHP: 55)
[06:46:55]ATTACK: Sophie Smith(tk420634) shot Sophie Smith(@tk420634) with the bullet (NEWHP: 55)
[06:46:55]ATTACK: Sophie Smith(tk420634) shot Sophie Smith(@tk420634) with the bullet (NEWHP: 55)
[06:47:39]ATTACK: Sophie Smith(tk420634) shot Osborne Pershing with the bullet (NEWHP: 100)
[06:47:39]ATTACK: Sophie Smith(tk420634) shot Osborne Pershing with the bullet (NEWHP: 100)
[06:47:40]ATTACK: Sophie Smith(tk420634) shot Osborne Pershing with the bullet (NEWHP: 100)
[06:47:40]ATTACK: Sophie Smith(tk420634) shot Osborne Pershing with the bullet (NEWHP: 85)
[06:47:52]ATTACK: Sophie Smith(tk420634) shot Sophie Smith(@tk420634) with the bullet (NEWHP: 30)
[06:47:54]ATTACK: Sophie Smith(tk420634) shot Osborne Pershing with the bullet (NEWHP: 80)
[06:48:20]ATTACK: Sophie Smith(tk420634) shot Nowell Semenov with the bullet (NEWHP: 100)
[06:48:24]ATTACK: Sophie Smith(tk420634) shot Nowell Semenov with the bullet (NEWHP: 95)
[06:48:26]ATTACK: Sophie Smith(tk420634) shot Nowell Semenov with the bullet (NEWHP: 90)
[06:48:28]ATTACK: Sophie Smith(tk420634) shot Nowell Semenov with the bullet (NEWHP: 85)
[06:49:04]ATTACK: Sophie Smith(tk420634) shot Osborne Pershing with the bullet (NEWHP: 75)
[06:49:04]ATTACK: Sophie Smith(tk420634) shot Osborne Pershing with the bullet (NEWHP: 75)
[06:49:04]ATTACK: Sophie Smith(tk420634) shot Osborne Pershing with the bullet (NEWHP: 35)
[06:49:05]ATTACK: Sophie Smith(tk420634) shot Osborne Pershing with the bullet (NEWHP: 35)
[06:49:05]ATTACK: Sophie Smith(tk420634) shot Osborne Pershing with the bullet (NEWHP: 35)
[06:49:05]ATTACK: Sophie Smith(tk420634) shot Osborne Pershing with the bullet (NEWHP: 35)
[06:49:06]ATTACK: Sophie Smith(tk420634) shot Osborne Pershing with the bullet (NEWHP: 35)
[06:49:06]ATTACK: Sophie Smith(tk420634) shot Osborne Pershing with the bullet (NEWHP: -65)
[06:49:07]ATTACK: Sophie Smith(tk420634) shot Nowell Semenov with the bullet (NEWHP: 80)
[06:49:07]ATTACK: Sophie Smith(tk420634) shot Nowell Semenov with the bullet (NEWHP: 80)
[06:49:08]ATTACK: Sophie Smith(tk420634) shot Nowell Semenov with the bullet (NEWHP: 80)
[06:49:08]ATTACK: Sophie Smith(tk420634) shot Nowell Semenov with the bullet (NEWHP: 20)
[06:49:09]ATTACK: Sophie Smith(tk420634) shot Nowell Semenov with the bullet (NEWHP: 20)
[06:49:09]ATTACK: Sophie Smith(tk420634) shot Nowell Semenov with the bullet (NEWHP: 20)
[06:49:10]ATTACK: Sophie Smith(tk420634) shot Nowell Semenov with the bullet (NEWHP: 20)
[06:49:10]ATTACK: Sophie Smith(tk420634) shot Nowell Semenov with the bullet (NEWHP: -60)
[06:52:13]ATTACK: Sophie Smith(tk420634) shot space carp with the bullet (NEWHP: 20)
[06:52:13]ATTACK: Sophie Smith(tk420634) shot space carp with the bullet (NEWHP: 15)
[06:52:14]ATTACK: Sophie Smith(tk420634) shot space carp with the bullet (NEWHP: 10)
[06:52:14]ATTACK: Sophie Smith(tk420634) shot space carp with the bullet (NEWHP: 5)
[06:52:15]ATTACK: Sophie Smith(tk420634) shot space carp with the bullet (NEWHP: 0)
[06:52:21]ATTACK: Sophie Smith(tk420634) grabbed space carp passively (NEWHP: 0)
[06:52:26]ATTACK: Sophie Smith(tk420634) grabbed space carp passively (NEWHP: 0)
[06:52:28]ATTACK: Sophie Smith(tk420634) thrown space carp from <font color='#6b5d00'>tile at 111, 147, 1 in area Central Primary Hallway</font> with the target <font color='#6b4400'>tile at 108, 147, 1 in area Central Primary Hallway</font> (NEWHP: 0)
[06:53:03]ATTACK: Sophie Smith(tk420634) flashed Sophie Smith(tk420634) with the flash (NEWHP: 100)
[06:53:06]ATTACK: Sophie Smith(tk420634) flashed Sophie Smith(tk420634) with the flash (NEWHP: 100)
[06:53:34]ATTACK: Sophie Smith(tk420634) hit Emanuel Woollard with the stunbaton (NEWHP: 100)
[06:53:36]ATTACK: Sophie Smith(tk420634) hit Emanuel Woollard with the stunbaton (NEWHP: 93)
[06:53:38]ATTACK: Sophie Smith(tk420634) hit Emanuel Woollard with the stunbaton (NEWHP: 86)
[06:53:46]ATTACK: Sophie Smith(tk420634) attacked Emanuel Woollard with seclite(INTENT: GRAB) (DAMTYPE: BRUTE) (NEWHP: 79)
[06:53:47]ATTACK: Sophie Smith(tk420634) attacked Emanuel Woollard with seclite(INTENT: GRAB) (DAMTYPE: BRUTE) (NEWHP: 70)
[06:53:48]ATTACK: Sophie Smith(tk420634) attacked Emanuel Woollard with seclite(INTENT: GRAB) (DAMTYPE: BRUTE) (NEWHP: 70)
[06:53:49]ATTACK: Sophie Smith(tk420634) attacked Emanuel Woollard with seclite(INTENT: GRAB) (DAMTYPE: BRUTE) (NEWHP: 52)
[06:53:51]ATTACK: Sophie Smith(tk420634) attacked Emanuel Woollard with seclite(INTENT: GRAB) (DAMTYPE: BRUTE) (NEWHP: 43)
[06:53:52]ATTACK: Sophie Smith(tk420634) attacked Emanuel Woollard with seclite(INTENT: GRAB) (DAMTYPE: BRUTE) (NEWHP: 43)
[06:53:52]ATTACK: Sophie Smith(tk420634) attacked Emanuel Woollard with seclite(INTENT: GRAB) (DAMTYPE: BRUTE) (NEWHP: 25)
[06:53:54]ATTACK: Sophie Smith(tk420634) attacked Emanuel Woollard with seclite(INTENT: GRAB) (DAMTYPE: BRUTE) (NEWHP: 25)
[06:53:55]ATTACK: Sophie Smith(tk420634) attacked Emanuel Woollard with seclite(INTENT: HARM) (DAMTYPE: BRUTE) (NEWHP: 7)
[06:53:57]ATTACK: Sophie Smith(tk420634) attacked Emanuel Woollard with seclite(INTENT: HARM) (DAMTYPE: BRUTE) (NEWHP: -2)
[06:54:55]ATTACK: Sophie Smith(tk420634) attacked Bud with M95 pistol(INTENT: HARM) (DAMTYPE: BRUTE) (NEWHP: 95)


Starting up. 07:09.04
---------------------
[07:22:52]ATTACK: Sophie Smith(tk420634) hit Bud with the bluespace beaker (NEWHP: 100)
[07:31:39]ATTACK: Camille Kuznetsov(tk420634) hit Vinny Morgan with the syndicate minibomb (NEWHP: 100)


Starting up. 07:37.53
---------------------
[08:27:33]ATTACK: blob attacked Puff  (NEWHP: 150)
[08:27:36]ATTACK: blob attacked Puff  (NEWHP: 147)
[08:27:38]ATTACK: blob attacked Puff  (NEWHP: 145)
[08:27:40]ATTACK: blob attacked Puff  (NEWHP: 143)
[08:27:40]ATTACK: blobbernaut attacked Puff  (NEWHP: 141)
[08:27:42]ATTACK: blob attacked Puff  (NEWHP: 121)
[08:27:42]ATTACK: blobbernaut attacked Puff  (NEWHP: 118)
[08:27:45]ATTACK: blob attacked Puff  (NEWHP: 98)
[08:27:45]ATTACK: blobbernaut attacked Puff  (NEWHP: 94)
[08:27:47]ATTACK: blob attacked Puff  (NEWHP: 74)
[08:27:47]ATTACK: blobbernaut attacked Puff  (NEWHP: 70)
[08:27:49]ATTACK: blob attacked Puff  (NEWHP: 50)
[08:27:49]ATTACK: blobbernaut attacked Puff  (NEWHP: 47)
[08:27:51]ATTACK: blob attacked Puff  (NEWHP: 27)
[08:27:51]ATTACK: blobbernaut attacked Puff  (NEWHP: 25)
[08:27:54]ATTACK: blob attacked Puff  (NEWHP: 5)
[08:27:54]ATTACK: blobbernaut attacked Puff  (NEWHP: 2)
[08:28:28]ATTACK: blob attacked monkey (10)  (NEWHP: 100)
[08:28:31]ATTACK: blob attacked monkey (10)  (NEWHP: 97)
[08:28:47]ATTACK: blob attacked monkey (10)  (NEWHP: 93)
[08:28:49]ATTACK: blob attacked monkey (10)  (NEWHP: 91)
[08:28:54]ATTACK: blob attacked monkey (10)  (NEWHP: 89)
[08:28:56]ATTACK: blob attacked monkey (10)  (NEWHP: 86)
[08:28:58]ATTACK: blob attacked monkey (10)  (NEWHP: 82)
[08:29:00]ATTACK: blob attacked monkey (10)  (NEWHP: 78)
[08:29:05]ATTACK: blob attacked monkey (10)  (NEWHP: 75)
[08:29:07]ATTACK: blob attacked monkey (10)  (NEWHP: 73)
[08:29:10]ATTACK: blob attacked monkey (10)  (NEWHP: 71)
[08:29:12]ATTACK: blob attacked monkey (10)  (NEWHP: 67)
[08:29:17]ATTACK: blob attacked monkey (10)  (NEWHP: 59)
[08:29:19]ATTACK: blob attacked monkey (10)  (NEWHP: 54)
[08:29:21]ATTACK: blob attacked monkey (10)  (NEWHP: 48)
[08:29:26]ATTACK: blob attacked monkey (10)  (NEWHP: 40)
[08:29:28]ATTACK: blob attacked monkey (10)  (NEWHP: 34)
[08:29:31]ATTACK: blob attacked monkey (10)  (NEWHP: 28)
[08:29:33]ATTACK: blob attacked monkey (10)  (NEWHP: 21)
[08:29:35]ATTACK: blob attacked monkey (10)  (NEWHP: 15)
[08:29:38]ATTACK: blob attacked monkey (10)  (NEWHP: 9)
[08:29:40]ATTACK: blob attacked monkey (10)  (NEWHP: 2)
[08:29:47]ATTACK: blob attacked Harambe (308)  (NEWHP: 50)
[08:29:49]ATTACK: blob attacked Harambe (308)  (NEWHP: 39.5)
[08:31:12]ATTACK: NON-EXISTANT SUBJECT shot blob with the electrode (NEWHP: 40)
[08:31:14]ATTACK: NON-EXISTANT SUBJECT shot blob with the electrode (NEWHP: 40)
[08:31:14]ATTACK: NON-EXISTANT SUBJECT shot blob with the electrode (NEWHP: 40)
[08:31:16]ATTACK: NON-EXISTANT SUBJECT shot blob with the electrode (NEWHP: 40)
[08:31:16]ATTACK: NON-EXISTANT SUBJECT shot blob with the electrode (NEWHP: 40)
[08:31:19]ATTACK: NON-EXISTANT SUBJECT shot blob with the electrode (NEWHP: 40)
[08:31:21]ATTACK: NON-EXISTANT SUBJECT shot blob with the electrode (NEWHP: 40)
[08:31:21]ATTACK: NON-EXISTANT SUBJECT shot blob with the electrode (NEWHP: 40)
[08:31:23]ATTACK: NON-EXISTANT SUBJECT shot blob with the electrode (NEWHP: 40)
[08:31:23]ATTACK: NON-EXISTANT SUBJECT shot blob with the electrode (NEWHP: 40)
[08:31:25]ATTACK: NON-EXISTANT SUBJECT shot blob with the electrode (NEWHP: 40)
[08:31:25]ATTACK: NON-EXISTANT SUBJECT shot blob with the electrode (NEWHP: 40)
[08:31:28]ATTACK: NON-EXISTANT SUBJECT shot blob with the electrode (NEWHP: 40)
[08:31:28]ATTACK: NON-EXISTANT SUBJECT shot blob with the electrode (NEWHP: 40)
[08:31:30]ATTACK: NON-EXISTANT SUBJECT shot blob with the electrode (NEWHP: 40)
[08:31:30]ATTACK: NON-EXISTANT SUBJECT shot blob with the electrode (NEWHP: 40)
[08:31:32]ATTACK: NON-EXISTANT SUBJECT shot blob with the electrode (NEWHP: 40)
[08:31:32]ATTACK: NON-EXISTANT SUBJECT shot blob with the electrode (NEWHP: 40)
[08:31:35]ATTACK: NON-EXISTANT SUBJECT shot blob with the electrode (NEWHP: 40)
[08:31:37]ATTACK: NON-EXISTANT SUBJECT shot blob with the electrode (NEWHP: 40)
[08:31:37]ATTACK: NON-EXISTANT SUBJECT shot blob with the electrode (NEWHP: 40)
[08:31:39]ATTACK: NON-EXISTANT SUBJECT shot blob with the electrode (NEWHP: 40)
[08:31:40]ATTACK: NON-EXISTANT SUBJECT shot blob with the electrode (NEWHP: 40)
[08:31:42]ATTACK: NON-EXISTANT SUBJECT shot blob with the electrode (NEWHP: 40)
[08:31:42]ATTACK: NON-EXISTANT SUBJECT shot blob with the electrode (NEWHP: 40)
[08:31:42]ATTACK: NON-EXISTANT SUBJECT shot blob with the electrode (NEWHP: 40)
[08:31:44]ATTACK: NON-EXISTANT SUBJECT shot blob with the electrode (NEWHP: 40)
[08:31:44]ATTACK: NON-EXISTANT SUBJECT shot blob with the electrode (NEWHP: 40)
[08:31:44]ATTACK: NON-EXISTANT SUBJECT shot blob with the electrode (NEWHP: 40)
[08:31:46]ATTACK: NON-EXISTANT SUBJECT shot blob with the electrode (NEWHP: 40)
[08:31:46]ATTACK: NON-EXISTANT SUBJECT shot blob with the electrode (NEWHP: 40)
[08:31:47]ATTACK: NON-EXISTANT SUBJECT shot blob with the electrode (NEWHP: 40)
[08:31:49]ATTACK: NON-EXISTANT SUBJECT shot blob with the electrode (NEWHP: 40)
[08:31:49]ATTACK: NON-EXISTANT SUBJECT shot blob with the electrode (NEWHP: 40)
[08:31:49]ATTACK: NON-EXISTANT SUBJECT shot blob with the electrode (NEWHP: 40)
[08:31:51]ATTACK: NON-EXISTANT SUBJECT shot blob with the electrode (NEWHP: 40)
[08:31:51]ATTACK: NON-EXISTANT SUBJECT shot blob with the electrode (NEWHP: 40)
[08:31:53]ATTACK: NON-EXISTANT SUBJECT shot blob with the electrode (NEWHP: 40)
[08:31:53]ATTACK: NON-EXISTANT SUBJECT shot blob with the electrode (NEWHP: 40)
[08:31:54]ATTACK: NON-EXISTANT SUBJECT shot blob with the electrode (NEWHP: 40)
[08:31:56]ATTACK: NON-EXISTANT SUBJECT shot blob with the electrode (NEWHP: 40)
[08:31:58]ATTACK: NON-EXISTANT SUBJECT shot blob with the electrode (NEWHP: 40)
[08:31:58]ATTACK: NON-EXISTANT SUBJECT shot blob with the electrode (NEWHP: 40)
[08:31:58]ATTACK: NON-EXISTANT SUBJECT shot blob with the electrode (NEWHP: 40)
[08:32:01]ATTACK: NON-EXISTANT SUBJECT shot blob with the electrode (NEWHP: 40)
[08:32:01]ATTACK: NON-EXISTANT SUBJECT shot blob with the electrode (NEWHP: 40)
[08:32:01]ATTACK: NON-EXISTANT SUBJECT shot blob with the electrode (NEWHP: 40)
[08:32:04]ATTACK: NON-EXISTANT SUBJECT shot blob with the electrode (NEWHP: 40)
[08:32:06]ATTACK: NON-EXISTANT SUBJECT shot blob with the electrode (NEWHP: 40)
[08:32:09]ATTACK: NON-EXISTANT SUBJECT shot blob with the electrode (NEWHP: 40)
[08:32:09]ATTACK: NON-EXISTANT SUBJECT shot blob with the electrode (NEWHP: 40)
[08:32:09]ATTACK: NON-EXISTANT SUBJECT shot blob with the electrode (NEWHP: 40)
[08:32:11]ATTACK: NON-EXISTANT SUBJECT shot blob with the electrode (NEWHP: 40)
[08:37:41]ATTACK: NON-EXISTANT SUBJECT shot blob with the electrode (NEWHP: 40)
[08:37:41]ATTACK: NON-EXISTANT SUBJECT shot blob with the electrode (NEWHP: 40)
[08:37:43]ATTACK: NON-EXISTANT SUBJECT shot blob with the electrode (NEWHP: 40)
[08:37:43]ATTACK: NON-EXISTANT SUBJECT shot blob with the electrode (NEWHP: 40)
[08:37:45]ATTACK: NON-EXISTANT SUBJECT shot blob with the electrode (NEWHP: 40)
[08:37:45]ATTACK: NON-EXISTANT SUBJECT shot blob with the electrode (NEWHP: 40)
[08:37:48]ATTACK: NON-EXISTANT SUBJECT shot blob with the electrode (NEWHP: 40)
[08:37:48]ATTACK: NON-EXISTANT SUBJECT shot blob with the electrode (NEWHP: 40)
[08:37:51]ATTACK: NON-EXISTANT SUBJECT shot blob with the electrode (NEWHP: 40)
[08:37:51]ATTACK: NON-EXISTANT SUBJECT shot blob with the electrode (NEWHP: 40)
[08:37:53]ATTACK: NON-EXISTANT SUBJECT shot blob with the electrode (NEWHP: 40)
[08:37:53]ATTACK: NON-EXISTANT SUBJECT shot blob with the electrode (NEWHP: 40)
[08:37:55]ATTACK: NON-EXISTANT SUBJECT shot blob with the electrode (NEWHP: 40)
[08:37:55]ATTACK: NON-EXISTANT SUBJECT shot blob with the electrode (NEWHP: 40)
[08:37:58]ATTACK: NON-EXISTANT SUBJECT shot blob with the electrode (NEWHP: 40)
[08:37:58]ATTACK: NON-EXISTANT SUBJECT shot blob with the electrode (NEWHP: 40)
[08:38:00]ATTACK: NON-EXISTANT SUBJECT shot blob with the electrode (NEWHP: 40)
[08:38:00]ATTACK: NON-EXISTANT SUBJECT shot blob with the electrode (NEWHP: 40)
[08:38:03]ATTACK: NON-EXISTANT SUBJECT shot blob with the electrode (NEWHP: 40)
[08:38:03]ATTACK: NON-EXISTANT SUBJECT shot blob with the electrode (NEWHP: 40)
[08:38:05]ATTACK: NON-EXISTANT SUBJECT shot blob with the electrode (NEWHP: 40)
[08:38:05]ATTACK: NON-EXISTANT SUBJECT shot blob with the electrode (NEWHP: 40)
[08:38:07]ATTACK: NON-EXISTANT SUBJECT shot blob with the electrode (NEWHP: 40)
[08:38:08]ATTACK: NON-EXISTANT SUBJECT shot blob with the electrode (NEWHP: 40)
[08:38:10]ATTACK: NON-EXISTANT SUBJECT shot blob with the electrode (NEWHP: 40)
[08:38:10]ATTACK: NON-EXISTANT SUBJECT shot blob with the electrode (NEWHP: 40)
[08:38:13]ATTACK: NON-EXISTANT SUBJECT shot blob with the electrode (NEWHP: 40)
[08:38:13]ATTACK: NON-EXISTANT SUBJECT shot blob with the electrode (NEWHP: 40)
[08:38:15]ATTACK: NON-EXISTANT SUBJECT shot blob with the electrode (NEWHP: 40)
[08:38:15]ATTACK: NON-EXISTANT SUBJECT shot blob with the electrode (NEWHP: 40)
[08:38:17]ATTACK: NON-EXISTANT SUBJECT shot blob with the electrode (NEWHP: 40)
[08:38:17]ATTACK: NON-EXISTANT SUBJECT shot blob with the electrode (NEWHP: 40)
[08:38:20]ATTACK: NON-EXISTANT SUBJECT shot blob with the electrode (NEWHP: 40)
[08:38:20]ATTACK: NON-EXISTANT SUBJECT shot blob with the electrode (NEWHP: 40)
[08:38:23]ATTACK: NON-EXISTANT SUBJECT shot blob with the electrode (NEWHP: 40)
[08:38:25]ATTACK: NON-EXISTANT SUBJECT shot blob with the electrode (NEWHP: 40)
[08:38:25]ATTACK: NON-EXISTANT SUBJECT shot blob with the electrode (NEWHP: 40)
[08:38:28]ATTACK: NON-EXISTANT SUBJECT shot blob with the electrode (NEWHP: 40)
[08:38:28]ATTACK: NON-EXISTANT SUBJECT shot blob with the electrode (NEWHP: 40)
[08:38:30]ATTACK: NON-EXISTANT SUBJECT shot blob with the electrode (NEWHP: 40)
[08:38:33]ATTACK: NON-EXISTANT SUBJECT shot blob with the electrode (NEWHP: 40)
[08:38:35]ATTACK: NON-EXISTANT SUBJECT shot blob with the electrode (NEWHP: 40)
[08:38:35]ATTACK: NON-EXISTANT SUBJECT shot blob with the electrode (NEWHP: 40)
[08:38:37]ATTACK: NON-EXISTANT SUBJECT shot blob with the electrode (NEWHP: 40)
[08:38:37]ATTACK: NON-EXISTANT SUBJECT shot blob with the electrode (NEWHP: 40)
[08:38:40]ATTACK: NON-EXISTANT SUBJECT shot blob with the electrode (NEWHP: 40)
[08:38:42]ATTACK: NON-EXISTANT SUBJECT shot blob with the electrode (NEWHP: 40)
[08:38:45]ATTACK: NON-EXISTANT SUBJECT shot blob with the electrode (NEWHP: 40)
[08:38:45]ATTACK: NON-EXISTANT SUBJECT shot blob with the electrode (NEWHP: 40)
[08:38:48]ATTACK: NON-EXISTANT SUBJECT shot blob with the electrode (NEWHP: 40)
[08:38:52]ATTACK: NON-EXISTANT SUBJECT shot blob with the electrode (NEWHP: 40)
[08:38:55]ATTACK: NON-EXISTANT SUBJECT shot blob with the electrode (NEWHP: 40)
[08:38:55]ATTACK: NON-EXISTANT SUBJECT shot blob with the electrode (NEWHP: 40)
[08:38:57]ATTACK: NON-EXISTANT SUBJECT shot blob with the electrode (NEWHP: 40)
[08:39:00]ATTACK: NON-EXISTANT SUBJECT shot blob with the electrode (NEWHP: 40)
[08:39:02]ATTACK: NON-EXISTANT SUBJECT shot blob with the electrode (NEWHP: 40)
[08:39:05]ATTACK: NON-EXISTANT SUBJECT shot blob with the electrode (NEWHP: 40)
[08:39:05]ATTACK: NON-EXISTANT SUBJECT shot blob with the electrode (NEWHP: 40)
[08:39:07]ATTACK: NON-EXISTANT SUBJECT shot blob with the electrode (NEWHP: 40)
[08:39:07]ATTACK: NON-EXISTANT SUBJECT shot blob with the electrode (NEWHP: 40)
[08:39:10]ATTACK: NON-EXISTANT SUBJECT shot blob with the electrode (NEWHP: 40)
[08:39:12]ATTACK: NON-EXISTANT SUBJECT shot blob with the electrode (NEWHP: 40)
[08:39:14]ATTACK: NON-EXISTANT SUBJECT shot blob with the electrode (NEWHP: 40)
[08:39:17]ATTACK: NON-EXISTANT SUBJECT shot blob with the electrode (NEWHP: 40)
[08:39:17]ATTACK: NON-EXISTANT SUBJECT shot blob with the electrode (NEWHP: 40)
[08:39:19]ATTACK: NON-EXISTANT SUBJECT shot blob with the electrode (NEWHP: 40)
[08:39:29]ATTACK: NON-EXISTANT SUBJECT shot blob with the electrode (NEWHP: 40)
[08:39:31]ATTACK: NON-EXISTANT SUBJECT shot blob with the electrode (NEWHP: 40)
[08:39:33]ATTACK: NON-EXISTANT SUBJECT shot blob with the electrode (NEWHP: 40)
[08:39:33]ATTACK: NON-EXISTANT SUBJECT shot blob with the electrode (NEWHP: 40)
[08:39:36]ATTACK: NON-EXISTANT SUBJECT shot blob with the electrode (NEWHP: 40)
[08:39:36]ATTACK: NON-EXISTANT SUBJECT shot blob with the electrode (NEWHP: 40)
[08:39:38]ATTACK: NON-EXISTANT SUBJECT shot blob with the electrode (NEWHP: 40)
[08:39:40]ATTACK: NON-EXISTANT SUBJECT shot blob with the electrode (NEWHP: 40)
[08:39:40]ATTACK: NON-EXISTANT SUBJECT shot blob with the electrode (NEWHP: 40)
[08:39:42]ATTACK: NON-EXISTANT SUBJECT shot blob with the electrode (NEWHP: 40)
[08:39:45]ATTACK: NON-EXISTANT SUBJECT shot blob with the electrode (NEWHP: 40)
[08:39:45]ATTACK: NON-EXISTANT SUBJECT shot blob with the electrode (NEWHP: 40)
[08:39:52]ATTACK: NON-EXISTANT SUBJECT shot blob with the electrode (NEWHP: 40)
[08:39:56]ATTACK: NON-EXISTANT SUBJECT shot blob with the electrode (NEWHP: 40)
[08:40:01]ATTACK: NON-EXISTANT SUBJECT shot blob with the electrode (NEWHP: 40)
[08:40:01]ATTACK: NON-EXISTANT SUBJECT shot blob with the electrode (NEWHP: 40)
[08:40:04]ATTACK: NON-EXISTANT SUBJECT shot blob with the electrode (NEWHP: 40)
[08:40:06]ATTACK: NON-EXISTANT SUBJECT shot blob with the electrode (NEWHP: 40)
[08:40:08]ATTACK: NON-EXISTANT SUBJECT shot blob with the electrode (NEWHP: 40)
[08:40:11]ATTACK: NON-EXISTANT SUBJECT shot blob with the electrode (NEWHP: 40)
[08:40:13]ATTACK: NON-EXISTANT SUBJECT shot blob with the electrode (NEWHP: 40)
[08:40:15]ATTACK: NON-EXISTANT SUBJECT shot blob with the electrode (NEWHP: 40)
[08:40:20]ATTACK: NON-EXISTANT SUBJECT shot blob with the electrode (NEWHP: 40)
[08:40:22]ATTACK: NON-EXISTANT SUBJECT shot blob with the electrode (NEWHP: 40)
[08:40:24]ATTACK: NON-EXISTANT SUBJECT shot blob with the electrode (NEWHP: 40)
[08:40:40]ATTACK: NON-EXISTANT SUBJECT shot blob with the electrode (NEWHP: 40)
[08:40:44]ATTACK: NON-EXISTANT SUBJECT shot blob with the electrode (NEWHP: 40)
[08:40:47]ATTACK: NON-EXISTANT SUBJECT shot blob with the electrode (NEWHP: 40)
[08:40:49]ATTACK: NON-EXISTANT SUBJECT shot blob with the electrode (NEWHP: 40)


Starting up. 13:55.36
---------------------


Starting up. 14:27.36
---------------------


Starting up. 15:12.31
---------------------


Starting up. 15:23.23
---------------------


Starting up. 15:26.06
---------------------


Starting up. 15:31.07
---------------------
[15:56:34]ATTACK: Monica Maclagan(orbisa) shaked Sophie Smith(tk420634)  (NEWHP: 100)
[16:01:07]ATTACK: Sophie Smith(tk420634) fed Monica Maclagan(orbisa) with nutriment(5 units);  (NEWHP: 100)
[16:01:12]ATTACK: Sophie Smith(tk420634) fed Monica Maclagan(orbisa) with nutriment(3 units);  (NEWHP: 100)
[16:01:15]ATTACK: Sophie Smith(tk420634) fed Monica Maclagan(orbisa) with nutriment(1 units);  (NEWHP: 100)
[16:17:16]ATTACK: Sophie Smith(tk420634) shaked Monica Maclagan(orbisa)  (NEWHP: 100)
[16:19:59]ATTACK: Sophie Smith(tk420634) attacked Monica Maclagan(orbisa) with canine dildo(INTENT: HELP) (DAMTYPE: BRUTE) (NEWHP: 95)
[16:20:00]ATTACK: Sophie Smith(tk420634) attacked Monica Maclagan(orbisa) with canine dildo(INTENT: HELP) (DAMTYPE: BRUTE) (NEWHP: 95)
[16:20:01]ATTACK: Sophie Smith(tk420634) attacked Monica Maclagan(orbisa) with canine dildo(INTENT: HELP) (DAMTYPE: BRUTE) (NEWHP: 95)
[16:20:06]ATTACK: Sophie Smith(tk420634) attacked Monica Maclagan(orbisa) with fleshlight(INTENT: HELP) (DAMTYPE: BRUTE) (NEWHP: 95)
[16:20:07]ATTACK: Sophie Smith(tk420634) attacked Monica Maclagan(orbisa) with fleshlight(INTENT: HELP) (DAMTYPE: BRUTE) (NEWHP: 95)
[16:21:29]ATTACK: Sophie Smith(tk420634) hit Frank with the folder- 'TOP SECRET' (NEWHP: 20)
[16:23:31]ATTACK: Sophie Smith(tk420634) climbed onto piano 
[16:33:58]ATTACK: Sophie Smith(tk420634) shaked Monica Maclagan(orbisa)  (NEWHP: 8)
[16:48:58]ATTACK: Monica Maclagan(orbisa) attacked Monica Maclagan(orbisa) with cap gun(INTENT: HELP) (DAMTYPE: BRUTE) (NEWHP: 100)
[16:50:06]ATTACK: Monica Maclagan(orbisa) grabbed eevee passively (NEWHP: 100)
[16:50:10]ATTACK: Monica Maclagan(orbisa) grabbed eevee passively (NEWHP: 100)
[16:53:44]ATTACK: alien praetorian(tk420634) attacked Monica Maclagan(orbisa) with alien(INTENT: HARM) (DAMTYPE: BRUTE) (NEWHP: 100)
[16:54:22]ATTACK: Monica Maclagan(orbisa) shot alien praetorian(@tk420634) with the laser (NEWHP: 225)
[16:54:23]ATTACK: Monica Maclagan(orbisa) shot alien praetorian(@tk420634) with the laser (NEWHP: 200)
[16:54:24]ATTACK: Monica Maclagan(orbisa) shot alien praetorian(@tk420634) with the laser (NEWHP: 180)
[16:54:25]ATTACK: Monica Maclagan(orbisa) shot alien praetorian(@tk420634) with the laser (NEWHP: 155)
[16:54:27]ATTACK: Monica Maclagan(orbisa) shot alien praetorian(@tk420634) with the laser (NEWHP: 135)
[16:54:27]ATTACK: Monica Maclagan(orbisa) shot alien praetorian(@tk420634) with the laser (NEWHP: 115)
[16:54:29]ATTACK: Monica Maclagan(orbisa) shot alien praetorian(@tk420634) with the laser (NEWHP: 90)
[16:54:30]ATTACK: Monica Maclagan(orbisa) shot alien praetorian(@tk420634) with the laser (NEWHP: 70)
[16:54:31]ATTACK: Monica Maclagan(orbisa) shot alien praetorian(@tk420634) with the laser (NEWHP: 45)
[16:54:32]ATTACK: Monica Maclagan(orbisa) shot alien praetorian(@tk420634) with the laser (NEWHP: 25)
[16:54:33]ATTACK: Monica Maclagan(orbisa) shot alien praetorian(@tk420634) with the laser (NEWHP: -20)
[16:55:38]ATTACK: alien sentinel (857) attacked eevee  (NEWHP: 100)
[16:55:40]ATTACK: alien sentinel (857) shot alien praetorian(@tk420634) with the neurotoxin (NEWHP: 120)
[16:55:46]ATTACK: alien sentinel (857) shot hunter with the neurotoxin (NEWHP: 70)
[16:55:53]ATTACK: alien sentinel (857) shot hunter with the neurotoxin (NEWHP: 40)
[16:56:34]ATTACK: Sophie Smith(tk420634) shot hunter with the laser (NEWHP: 20)
[16:56:34]ATTACK: Sophie Smith(tk420634) shot hunter with the laser (NEWHP: 0)
[16:56:35]ATTACK: Sophie Smith(tk420634) shot hunter with the laser (NEWHP: -20)
[16:56:35]ATTACK: Sophie Smith(tk420634) shot hunter with the laser (NEWHP: -40)
[16:56:36]ATTACK: Sophie Smith(tk420634) shot hunter with the laser (NEWHP: -60)
[16:56:36]ATTACK: Sophie Smith(tk420634) shot hunter with the laser (NEWHP: -80)
[16:56:37]ATTACK: Sophie Smith(tk420634) shot hunter with the laser (NEWHP: -100)
[16:56:37]ATTACK: Sophie Smith(tk420634) shot hunter with the laser (NEWHP: -120)
[16:56:38]ATTACK: Sophie Smith(tk420634) shot hunter with the laser (NEWHP: -140)
[16:56:38]ATTACK: Sophie Smith(tk420634) shot hunter with the laser (NEWHP: -160)
[16:56:39]ATTACK: Sophie Smith(tk420634) shot hunter with the laser (NEWHP: -160)
[16:56:39]ATTACK: Sophie Smith(tk420634) shot hunter with the laser (NEWHP: -160)
[16:56:40]ATTACK: Sophie Smith(tk420634) shot hunter with the laser (NEWHP: -160)
[16:56:54]ATTACK: Sophie Smith(tk420634) shot hunter with the laser (NEWHP: -160)
[16:56:55]ATTACK: Sophie Smith(tk420634) shot hunter with the laser (NEWHP: -160)
[16:56:55]ATTACK: Sophie Smith(tk420634) shot hunter with the laser (NEWHP: -160)
[16:56:55]ATTACK: Sophie Smith(tk420634) shot hunter with the laser (NEWHP: -160)
[16:56:56]ATTACK: Sophie Smith(tk420634) shot hunter with the laser (NEWHP: -160)
[16:56:56]ATTACK: Sophie Smith(tk420634) shot hunter with the laser (NEWHP: -160)
[16:56:57]ATTACK: Sophie Smith(tk420634) shot hunter with the laser (NEWHP: -160)
[16:56:57]ATTACK: Sophie Smith(tk420634) shot hunter with the laser (NEWHP: -160)
[16:56:58]ATTACK: Sophie Smith(tk420634) shot hunter with the laser (NEWHP: -160)
[16:56:58]ATTACK: Sophie Smith(tk420634) shot hunter with the laser (NEWHP: -160)
[16:56:59]ATTACK: Sophie Smith(tk420634) shot hunter with the laser (NEWHP: -160)
[16:56:59]ATTACK: Sophie Smith(tk420634) shot hunter with the laser (NEWHP: -160)
[16:57:42]ATTACK: Sophie Smith(tk420634) shot hunter with the laser (NEWHP: -160)
[16:57:42]ATTACK: Sophie Smith(tk420634) shot hunter with the laser (NEWHP: -160)
[16:57:43]ATTACK: Sophie Smith(tk420634) shot hunter with the laser (NEWHP: -160)
[16:57:43]ATTACK: Sophie Smith(tk420634) shot hunter with the laser (NEWHP: -160)
[16:57:44]ATTACK: Sophie Smith(tk420634) shot hunter with the laser (NEWHP: -160)
[16:57:44]ATTACK: Sophie Smith(tk420634) shot hunter with the laser (NEWHP: -160)
[16:57:44]ATTACK: Sophie Smith(tk420634) shot hunter with the laser (NEWHP: -160)
[16:57:45]ATTACK: Sophie Smith(tk420634) shot hunter with the laser (NEWHP: -160)
[16:57:45]ATTACK: Sophie Smith(tk420634) shot hunter with the laser (NEWHP: -160)
[16:57:46]ATTACK: Sophie Smith(tk420634) shot hunter with the laser (NEWHP: -160)
[16:57:46]ATTACK: Sophie Smith(tk420634) shot hunter with the laser (NEWHP: -160)
[16:57:47]ATTACK: Sophie Smith(tk420634) shot hunter with the laser (NEWHP: -160)
[16:58:13]ATTACK: Monica Maclagan(orbisa) shot alien hunter (65)(tk420634) with the laser (NEWHP: 125)
[16:58:14]ATTACK: Monica Maclagan(orbisa) shot alien hunter (65)(tk420634) with the laser (NEWHP: 100)
[16:58:14]ATTACK: Monica Maclagan(orbisa) shot alien hunter (65)(tk420634) with the laser (NEWHP: 75)
[16:58:15]ATTACK: Monica Maclagan(orbisa) shot alien hunter (65)(tk420634) with the laser (NEWHP: 50)
[16:58:16]ATTACK: Monica Maclagan(orbisa) shot alien hunter (65)(tk420634) with the laser (NEWHP: 30)
[16:58:16]ATTACK: Monica Maclagan(orbisa) shot alien hunter (65)(tk420634) with the laser (NEWHP: 5)
[16:58:17]ATTACK: Monica Maclagan(orbisa) shot alien hunter (65)(tk420634) with the laser (NEWHP: -40)
[16:58:17]ATTACK: Monica Maclagan(orbisa) shot alien hunter (65)(tk420634) with the laser (NEWHP: -85)
[16:58:25]ATTACK: Monica Maclagan(orbisa) shot alien hunter (65)(tk420634) with the laser (NEWHP: -110)
[16:58:26]ATTACK: Monica Maclagan(orbisa) shot alien hunter (65)(tk420634) with the laser (NEWHP: -150)
[16:59:42]ATTACK: Monica Maclagan(orbisa) shot alien drone (236)(tk420634) with the bullet (NEWHP: 65)
[16:59:42]ATTACK: Monica Maclagan(orbisa) shot alien drone (236)(tk420634) with the bullet (NEWHP: 30)
[16:59:42]ATTACK: Monica Maclagan(orbisa) shot alien drone (236)(tk420634) with the bullet (NEWHP: -5)
[16:59:50]ATTACK: Monica Maclagan(orbisa) shot alien drone (236)(tk420634) with the bullet (NEWHP: -20)
[16:59:51]ATTACK: Monica Maclagan(orbisa) shot alien drone (236)(tk420634) with the bullet (NEWHP: -55)
[16:59:51]ATTACK: Monica Maclagan(orbisa) shot alien drone (236)(tk420634) with the bullet (NEWHP: -90)
[16:59:52]ATTACK: Monica Maclagan(orbisa) shot alien drone (236)(tk420634) with the bullet (NEWHP: -100)
[16:59:52]ATTACK: Monica Maclagan(orbisa) shot alien drone (236)(tk420634) with the bullet (NEWHP: -100)
[16:59:52]ATTACK: Monica Maclagan(orbisa) shot alien drone (236)(tk420634) with the bullet (NEWHP: -100)
[17:02:57]ATTACK: Sophie Smith(tk420634) shot Victoria Alliman with the bullet (NEWHP: 100)
[17:02:57]ATTACK: Sophie Smith(tk420634) shot Victoria Alliman with the bullet (NEWHP: 100)
[17:02:58]ATTACK: Sophie Smith(tk420634) shot Victoria Alliman with the bullet (NEWHP: 90)
[17:02:58]ATTACK: Sophie Smith(tk420634) shot Victoria Alliman with the bullet (NEWHP: 90)
[17:04:20]ATTACK: Monica Maclagan(orbisa) shot Victoria Alliman with the bullet (NEWHP: 100)
[17:04:22]ATTACK: Monica Maclagan(orbisa) shot Victoria Alliman with the bullet (NEWHP: 95)
[17:14:18]ATTACK: Sophie Smith(tk420634) shot Tamika Joghs with the bullet (NEWHP: 100)
[17:14:18]ATTACK: Sophie Smith(tk420634) shot Tamika Joghs with the bullet (NEWHP: 100)
[17:14:32]ATTACK: Sophie Smith(tk420634) shot Kameron Swabey with the bullet (NEWHP: 100)
[17:14:33]ATTACK: Sophie Smith(tk420634) shot Kameron Swabey with the bullet (NEWHP: 100)
[17:14:33]ATTACK: Sophie Smith(tk420634) shot Kameron Swabey with the bullet (NEWHP: 100)
[17:16:03]ATTACK: Sophie Smith(tk420634) shot Tamika Joghs with the bullet (NEWHP: 60)
[17:16:03]ATTACK: Sophie Smith(tk420634) shot Tamika Joghs with the bullet (NEWHP: 60)
[17:16:03]ATTACK: Sophie Smith(tk420634) shot Tamika Joghs with the bullet (NEWHP: 20)
[17:16:04]ATTACK: Sophie Smith(tk420634) shot Tamika Joghs with the bullet (NEWHP: 20)
[17:16:04]ATTACK: Sophie Smith(tk420634) shot Tamika Joghs with the bullet (NEWHP: 20)
[17:16:04]ATTACK: Sophie Smith(tk420634) shot Tamika Joghs with the bullet (NEWHP: 20)


Starting up. 22:15.32
---------------------


Starting up. 22:30.20
---------------------


Starting up. 22:35.33
---------------------


Starting up. 22:38.46
---------------------


Starting up. 22:47.15
---------------------


Starting up. 22:51.47
---------------------


Starting up. 23:41.15
---------------------


Starting up. 23:43.48
---------------------
