

Starting up. 12:24.23
---------------------
Adding game mode abduction (abduction) to configuration.
Adding game mode blob (blob) to configuration.
Adding game mode changeling (changeling) to configuration.
Adding game mode traitor+changeling (traitorchan) to configuration.
Adding game mode double agents (double_agents) to configuration.
Adding game mode traitor (traitor) to configuration.
Adding game mode cult (cult) to configuration.
Adding game mode extended (extended) to configuration.
Adding game mode gang war (gang) to configuration.
Adding game mode hand of god (handofgod) to configuration.
Adding game mode AI malfunction (malfunction) to configuration.
Adding game mode meteor (meteor) to configuration.
Adding game mode monkey (monkey) to configuration.
Adding game mode nuclear emergency (nuclear) to configuration.
Adding game mode revolution (revolution) to configuration.
Adding game mode sandbox (sandbox) to configuration.
Adding game mode shadowling (shadowling) to configuration.
Adding game mode very ragin' bullshit mages (veryraginbullshitmages) to configuration.
Adding game mode ragin' mages (raginmages) to configuration.
Adding game mode wizard (wizard) to configuration.
Unknown setting in configuration: '/*'
Unknown setting in configuration: '*/'
Unknown setting in configuration: 'var/fps'
Unknown setting in configuration: '//###'
Unknown setting in configuration: '//##'
Unknown setting in configuration: '//#ghost_interaction'
Saved mode is 'extended'
[12:24:25]ADMIN: Loading Banlistjob
[12:24:25]ADMIN: Loading jobban_rank
[12:24:25]ADMIN: jobban_keylist was empty
[12:24:25]ADMIN: Loading appearance_rank
[12:24:25]ADMIN: appearance_keylist was empty
[12:24:25]ADMIN: Updating jobbanfile!
[12:24:25]ADMIN: Loading Banlist
[12:24:31]ACCESS: Login: Tk420634/(Tk420634) from localhost-4019019304 || BYOND v509
[12:28:12]ACCESS: Logout: *no key*/(Tk420634)
[12:28:12]ACCESS: Login: Tk420634/(Sophie Smith) from localhost-4019019304 || BYOND v509
[12:28:31]ADMIN: Tk420634/(Sophie Smith) has modified world.fps to 22
[12:28:45]ACCESS: Logout: Tk420634[DC]/(Sophie Smith)
