

Starting up. 12:47.06
---------------------


Starting up. 13:19.56
---------------------
[13:26:25]ATTACK: Brick Macmillern(tk420634) attacked Brick Macmillern(tk420634) with goliath hide plates(INTENT: HELP) (DAMTYPE: BRUTE) (NEWHP: 100)


Starting up. 13:30.40
---------------------


Starting up. 13:33.32
---------------------


Starting up. 13:43.47
---------------------


Starting up. 13:46.22
---------------------


Starting up. 13:49.43
---------------------


Starting up. 14:07.51
---------------------


Starting up. 14:14.21
---------------------


Starting up. 14:21.04
---------------------


Starting up. 14:23.48
---------------------
ΠαFι

Starting up. 14:50.26
---------------------


Starting up. 17:14.55
---------------------


Starting up. 17:21.53
---------------------


Starting up. 17:30.36
---------------------


Starting up. 17:41.56
---------------------


Starting up. 17:45.23
---------------------


Starting up. 17:58.32
---------------------


Starting up. 18:02.27
---------------------


Starting up. 18:06.43
---------------------


Starting up. 18:11.23
---------------------


Starting up. 18:14.04
---------------------


Starting up. 18:15.12
---------------------


Starting up. 18:23.37
---------------------


Starting up. 18:26.55
---------------------


Starting up. 18:40.19
---------------------


Starting up. 18:44.07
---------------------
µrε[18:52:14]ATTACK: NON-EXISTANT SUBJECT shot Brick Macmillern(tk420634) with the electrode (NEWHP: 100)
[18:53:04]ATTACK: NON-EXISTANT SUBJECT shot Johnathan Straub with the electrode (NEWHP: 100)
[18:53:04]ATTACK: NON-EXISTANT SUBJECT shot Johnathan Straub with the electrode (NEWHP: 100)
[18:53:16]ATTACK: NON-EXISTANT SUBJECT shot Johnathan Straub with the electrode (NEWHP: 100)
[18:53:16]ATTACK: NON-EXISTANT SUBJECT shot Johnathan Straub with the electrode (NEWHP: 100)
[18:53:28]ATTACK: NON-EXISTANT SUBJECT shot Johnathan Straub with the electrode (NEWHP: 100)
[18:53:29]ATTACK: NON-EXISTANT SUBJECT shot Johnathan Straub with the electrode (NEWHP: 100)
[18:53:38]ATTACK: NON-EXISTANT SUBJECT shot Brick Macmillern(tk420634) with the electrode (NEWHP: 100)
[18:53:39]ATTACK: NON-EXISTANT SUBJECT shot Brick Macmillern(tk420634) with the electrode (NEWHP: 100)
[18:53:41]ATTACK: NON-EXISTANT SUBJECT shot Johnathan Straub with the electrode (NEWHP: 100)
[18:53:41]ATTACK: NON-EXISTANT SUBJECT shot Johnathan Straub with the electrode (NEWHP: 100)
[18:53:54]ATTACK: NON-EXISTANT SUBJECT shot Johnathan Straub with the electrode (NEWHP: 100)
[18:53:54]ATTACK: NON-EXISTANT SUBJECT shot Johnathan Straub with the electrode (NEWHP: 100)
[18:54:05]ATTACK: NON-EXISTANT SUBJECT shot Johnathan Straub with the electrode (NEWHP: 100)
[18:54:05]ATTACK: NON-EXISTANT SUBJECT shot Johnathan Straub with the electrode (NEWHP: 100)
[18:54:13]ATTACK: NON-EXISTANT SUBJECT shot Brick Macmillern(tk420634) with the electrode (NEWHP: 100)
[18:54:18]ATTACK: NON-EXISTANT SUBJECT shot Johnathan Straub with the electrode (NEWHP: 100)
[18:54:18]ATTACK: NON-EXISTANT SUBJECT shot Johnathan Straub with the electrode (NEWHP: 100)
[18:54:18]ATTACK: NON-EXISTANT SUBJECT shot Johnathan Straub with the electrode (NEWHP: 100)
[18:54:32]ATTACK: NON-EXISTANT SUBJECT shot Johnathan Straub with the electrode (NEWHP: 100)
[18:54:32]ATTACK: NON-EXISTANT SUBJECT shot Johnathan Straub with the electrode (NEWHP: 100)
[18:54:44]ATTACK: NON-EXISTANT SUBJECT shot Johnathan Straub with the electrode (NEWHP: 100)
[18:54:44]ATTACK: NON-EXISTANT SUBJECT shot Johnathan Straub with the electrode (NEWHP: 100)
[18:54:44]ATTACK: NON-EXISTANT SUBJECT shot Johnathan Straub with the electrode (NEWHP: 100)
[18:54:56]ATTACK: NON-EXISTANT SUBJECT shot Johnathan Straub with the electrode (NEWHP: 100)
[18:54:56]ATTACK: NON-EXISTANT SUBJECT shot Johnathan Straub with the electrode (NEWHP: 100)
[18:55:09]ATTACK: NON-EXISTANT SUBJECT shot Johnathan Straub with the electrode (NEWHP: 100)
[18:55:09]ATTACK: NON-EXISTANT SUBJECT shot Johnathan Straub with the electrode (NEWHP: 100)
[18:55:21]ATTACK: NON-EXISTANT SUBJECT shot Johnathan Straub with the electrode (NEWHP: 100)
[18:55:21]ATTACK: NON-EXISTANT SUBJECT shot Johnathan Straub with the electrode (NEWHP: 100)
[18:55:35]ATTACK: NON-EXISTANT SUBJECT shot Johnathan Straub with the electrode (NEWHP: 100)
[18:55:35]ATTACK: NON-EXISTANT SUBJECT shot Johnathan Straub with the electrode (NEWHP: 100)
[18:55:48]ATTACK: NON-EXISTANT SUBJECT shot Johnathan Straub with the electrode (NEWHP: 100)
[18:55:48]ATTACK: NON-EXISTANT SUBJECT shot Johnathan Straub with the electrode (NEWHP: 100)
[18:56:00]ATTACK: NON-EXISTANT SUBJECT shot Johnathan Straub with the electrode (NEWHP: 100)
[18:56:00]ATTACK: NON-EXISTANT SUBJECT shot Johnathan Straub with the electrode (NEWHP: 100)
[18:56:12]ATTACK: NON-EXISTANT SUBJECT shot Johnathan Straub with the electrode (NEWHP: 100)
[18:56:12]ATTACK: NON-EXISTANT SUBJECT shot Johnathan Straub with the electrode (NEWHP: 100)
[18:56:27]ATTACK: NON-EXISTANT SUBJECT shot Johnathan Straub with the electrode (NEWHP: 100)
[18:56:27]ATTACK: NON-EXISTANT SUBJECT shot Johnathan Straub with the electrode (NEWHP: 100)


Starting up. 18:57.51
---------------------


Starting up. 19:00.21
---------------------
`σr	

Starting up. 20:17.37
---------------------


Starting up. 20:50.20
---------------------


Starting up. 20:51.36
---------------------


Starting up. 20:53.23
---------------------


Starting up. 20:54.38
---------------------
[21:11:22]ATTACK: Brick Macmillern(tk420634) shaked Brick Macmillern  (NEWHP: 100)
[21:11:23]ATTACK: Brick Macmillern(tk420634) shaked Brick Macmillern  (NEWHP: 100)
[21:14:54]ATTACK: Brick Macmillern(tk420634) shaked Brick Macmillern  (NEWHP: 100)
