

Starting up. 18:02.44
---------------------


Starting up. 19:18.58
---------------------


Starting up. 19:23.47
---------------------


Starting up. 19:31.00
---------------------


Starting up. 19:40.55
---------------------


Starting up. 19:48.28
---------------------


Starting up. 19:53.57
---------------------


Starting up. 19:57.41
---------------------


Starting up. 20:04.46
---------------------


Starting up. 20:04.56
---------------------


Starting up. 20:07.37
---------------------


Starting up. 20:33.27
---------------------
[20:59:20]ATTACK: Roland(whirlwwwind) shaked Elekeir Rofton(mrsueme2)  (NEWHP: 100)
[21:05:36]ATTACK: Brick Macmillern(tk420634) grabbed Genevieve Yeskey(jonathanhybrid) passively (NEWHP: 100)
[21:05:39]ATTACK: Brick Macmillern(tk420634) pushed Genevieve Yeskey(jonathanhybrid)  (NEWHP: 100)
[21:32:26]ATTACK: Pickles(suicidalpickles) climbed onto wooden table 
[21:33:24]ATTACK: Pickles(suicidalpickles) climbed onto wooden table 
[21:36:21]ATTACK: Elekeir Rofton(mrsueme2) injected monkey (432) with the syringewhich had Blood (NEWHP: 100)
[21:46:39]ATTACK: <font color='red'>Elekeir Rofton (mrsueme2) injected Elekeir Rofton (mrsueme2) with syringe, which had Blood (INTENT: HELP)</font>
[21:47:42]ATTACK: <font color='red'>Elekeir Rofton (mrsueme2) injected Elekeir Rofton (mrsueme2) with syringe, which had Blood (INTENT: HELP)</font>
[21:49:24]ATTACK: <font color='red'>Elekeir Rofton (mrsueme2) injected Elekeir Rofton (mrsueme2) with syringe, which had Blood (INTENT: HELP)</font>
[21:50:41]ATTACK: <font color='red'>Elekeir Rofton (mrsueme2) injected Elekeir Rofton (mrsueme2) with syringe, which had Blood (INTENT: HELP)</font>
[21:50:44]ATTACK: <font color='red'>Elekeir Rofton (mrsueme2) injected Elekeir Rofton (mrsueme2) with syringe, which had Blood (INTENT: HELP)</font>
[21:50:45]ATTACK: <font color='red'>Elekeir Rofton (mrsueme2) injected Elekeir Rofton (mrsueme2) with syringe, which had Blood (INTENT: HELP)</font>
[21:50:46]ATTACK: <font color='red'>Elekeir Rofton (mrsueme2) injected Elekeir Rofton (mrsueme2) with syringe, which had Blood (INTENT: HELP)</font>
[21:51:52]ATTACK: <font color='red'>Elekeir Rofton (mrsueme2) injected Elekeir Rofton (mrsueme2) with syringe, which had Blood (INTENT: HELP)</font>
[21:52:09]ATTACK: <font color='red'>Elekeir Rofton (mrsueme2) injected Elekeir Rofton (mrsueme2) with syringe, which had Blood (INTENT: HELP)</font>
[21:55:14]ATTACK: Zephyr(andyman105) grabbed monkey (815) passively (NEWHP: 100)
[21:55:30]ATTACK: Zephyr(andyman105) grabbed monkey (876) passively (NEWHP: 100)
[21:58:17]ATTACK: Radulf Fawkes(fenrir2116) shot hivelord with the full strength kinetic force (NEWHP: 35)
[21:58:27]ATTACK: hivelord brood attacked Radulf Fawkes(fenrir2116)  (NEWHP: 100)
[21:58:33]ATTACK: hivelord brood attacked Radulf Fawkes(fenrir2116)  (NEWHP: 98.6)
[21:58:36]ATTACK: hivelord brood attacked Radulf Fawkes(fenrir2116)  (NEWHP: 97.2)
[21:58:38]ATTACK: Radulf Fawkes(fenrir2116) attacked NON-EXISTANT SUBJECT with pickaxe(INTENT: HELP) (DAMTYPE: BRUTE)
[21:58:38]ATTACK: hivelord brood attacked Radulf Fawkes(fenrir2116)  (NEWHP: 95.8)
[21:58:39]ATTACK: Radulf Fawkes(fenrir2116) attacked NON-EXISTANT SUBJECT with pickaxe(INTENT: HELP) (DAMTYPE: BRUTE)
[21:58:40]ATTACK: Radulf Fawkes(fenrir2116) attacked NON-EXISTANT SUBJECT with pickaxe(INTENT: HELP) (DAMTYPE: BRUTE)
[21:58:43]ATTACK: Radulf Fawkes(fenrir2116) shot hivelord with the full strength kinetic force (NEWHP: 0)
[21:58:45]ATTACK: Radulf Fawkes(fenrir2116) attacked NON-EXISTANT SUBJECT with pickaxe(INTENT: HELP) (DAMTYPE: BRUTE)
[21:58:46]ATTACK: Radulf Fawkes(fenrir2116) attacked NON-EXISTANT SUBJECT with pickaxe(INTENT: HELP) (DAMTYPE: BRUTE)
[21:58:46]ATTACK: hivelord brood attacked Radulf Fawkes(fenrir2116)  (NEWHP: 94.4)
[21:58:47]ATTACK: Radulf Fawkes(fenrir2116) attacked NON-EXISTANT SUBJECT with pickaxe(INTENT: HELP) (DAMTYPE: BRUTE)
[22:00:28]ATTACK: Areli Caelis(radiantflash) shaked Peter Sharpe(secondattemps)  (NEWHP: 100)
[22:01:45]ATTACK: Radulf Fawkes(fenrir2116) climbed onto operating table 
[22:01:52]ATTACK: Ears(victinilover) operated Radulf Fawkes(fenrir2116) Operation type: organ manipulation, location: chest (NEWHP: 100)
[22:02:45]ATTACK: Ears(victinilover) shaked Radulf Fawkes(fenrir2116)  (NEWHP: 78)
[22:05:22]ATTACK: Ears(victinilover) shaked Elekeir Rofton(mrsueme2)  (NEWHP: 100)
[22:05:23]ATTACK: Ears(victinilover) shaked Elekeir Rofton(mrsueme2)  (NEWHP: 100)
[22:05:28]ATTACK: Elekeir Rofton(mrsueme2) shaked Ears(victinilover)  (NEWHP: 100)
[22:06:32]ATTACK: Ears(victinilover) shaked Elekeir Rofton(mrsueme2)  (NEWHP: 100)
[22:08:05]ATTACK: Ears(victinilover) shaked Elekeir Rofton(mrsueme2)  (NEWHP: 100)
[22:08:10]ATTACK: Radulf Fawkes(fenrir2116) shot goliath with the full strength kinetic force (NEWHP: 260)
[22:08:15]ATTACK: Radulf Fawkes(fenrir2116) shot goliath with the full strength kinetic force (NEWHP: 220)
[22:08:20]ATTACK: Radulf Fawkes(fenrir2116) shot goliath with the full strength kinetic force (NEWHP: 180)
[22:08:25]ATTACK: Radulf Fawkes(fenrir2116) shot goliath with the full strength kinetic force (NEWHP: 140)
[22:08:33]ATTACK: Radulf Fawkes(fenrir2116) shot goliath with the full strength kinetic force (NEWHP: 100)
[22:08:37]ATTACK: Radulf Fawkes(fenrir2116) shot goliath with the full strength kinetic force (NEWHP: 60)
[22:08:41]ATTACK: Radulf Fawkes(fenrir2116) shot goliath with the full strength kinetic force (NEWHP: 20)
[22:08:44]ATTACK: Radulf Fawkes(fenrir2116) shot goliath with the full strength kinetic force (NEWHP: 0)
[22:09:54]ATTACK: Ears(victinilover) shaked Elekeir Rofton(mrsueme2)  (NEWHP: 100)
[22:10:13]ATTACK: Genevieve Yeskey(jonathanhybrid) fed Genevieve Yeskey(jonathanhybrid) with growchem(20 units);  (NEWHP: 100)
[22:11:08]ATTACK: Ears(victinilover) shaked Fari Sk'eri(esperkin)  (NEWHP: 100)
[22:11:15]ATTACK: Ears(victinilover) shaked Zephyr(andyman105)  (NEWHP: 95)
[22:11:18]ATTACK: Zephyr(andyman105) shaked Ears(victinilover)  (NEWHP: 100)
[22:11:19]ATTACK: Zephyr(andyman105) shaked Ears(victinilover)  (NEWHP: 100)
[22:11:20]ATTACK: Zephyr(andyman105) shaked Ears(victinilover)  (NEWHP: 100)
[22:11:21]ATTACK: Zephyr(andyman105) shaked Ears(victinilover)  (NEWHP: 100)
[22:11:56]ATTACK: Ears(victinilover) shaked Zephyr(andyman105)  (NEWHP: 95)
[22:12:08]ATTACK: Zephyr(andyman105) shaked Ears(victinilover)  (NEWHP: 100)
[22:12:09]ATTACK: Ears(victinilover) shaked Zephyr(andyman105)  (NEWHP: 95)
[22:12:13]ATTACK: Ears(victinilover) shaked Zephyr(andyman105)  (NEWHP: 95)
[22:12:14]ATTACK: Zephyr(andyman105) shaked Ears(victinilover)  (NEWHP: 100)
[22:12:15]ATTACK: Zephyr(andyman105) shaked Ears(victinilover)  (NEWHP: 100)
[22:12:16]ATTACK: Zephyr(andyman105) shaked Ears(victinilover)  (NEWHP: 100)
[22:13:05]ATTACK: Pickles(suicidalpickles) punched Pickles(suicidalpickles)  (NEWHP: 95)
[22:14:22]ATTACK: Pickles(suicidalpickles) fed Pickles(suicidalpickles) with silver_sulfadiazine(10 units);  (NEWHP: 92)
[22:14:29]ATTACK: Pickles(suicidalpickles) fed Pickles(suicidalpickles) with styptic_powder(10 units);  (NEWHP: 87)
[22:16:35]ATTACK: Pickles(suicidalpickles) punched Pickles(suicidalpickles)  (NEWHP: 100)
[22:16:52]ATTACK: Ears(victinilover) shaked Zephyr(andyman105)  (NEWHP: 95)
[22:18:24]ATTACK: Ears(victinilover) shaked Zephyr(andyman105)  (NEWHP: 100)
[22:18:26]ATTACK: Genevieve Yeskey(jonathanhybrid) fed Pickles(suicidalpickles) with styptic_powder(50 units);  (NEWHP: 97)
[22:18:37]ATTACK: Areli Caelis(radiantflash) shaked Elekeir Rofton(mrsueme2)  (NEWHP: 100)
[22:18:53]ATTACK: Ears(victinilover) shaked Wolfy Tubek(cebutris)  (NEWHP: 100)
[22:18:56]ATTACK: Ears(victinilover) shaked Wolfy Tubek(cebutris)  (NEWHP: 100)
[22:18:58]ATTACK: Ears(victinilover) shaked Wolfy Tubek(cebutris)  (NEWHP: 100)
[22:18:59]ATTACK: Ears(victinilover) shaked Wolfy Tubek(cebutris)  (NEWHP: 100)
[22:19:00]ATTACK: Zephyr(andyman105) shaked Wolfy Tubek(cebutris)  (NEWHP: 100)
[22:19:01]ATTACK: Ears(victinilover) shaked Wolfy Tubek(cebutris)  (NEWHP: 100)
[22:19:01]ATTACK: Wolfy Tubek(cebutris) shaked Ears(victinilover)  (NEWHP: 100)
[22:19:02]ATTACK: Wolfy Tubek(cebutris) shaked Ears(victinilover)  (NEWHP: 100)
[22:19:03]ATTACK: Wolfy Tubek(cebutris) shaked Ears(victinilover)  (NEWHP: 100)
[22:19:03]ATTACK: Zephyr(andyman105) shaked Wolfy Tubek(cebutris)  (NEWHP: 100)
[22:19:05]ATTACK: Wolfy Tubek(cebutris) shaked Ears(victinilover)  (NEWHP: 85)
[22:19:06]ATTACK: Ears(victinilover) shaked Wolfy Tubek(cebutris)  (NEWHP: 100)
[22:19:08]ATTACK: Zephyr(andyman105) shaked Ears(victinilover)  (NEWHP: 90)
[22:19:10]ATTACK: Ears(victinilover) shaked Wolfy Tubek(cebutris)  (NEWHP: 85)
[22:19:11]ATTACK: Ears(victinilover) shaked Wolfy Tubek(cebutris)  (NEWHP: 85)
[22:19:12]ATTACK: Ears(victinilover) shaked Wolfy Tubek(cebutris)  (NEWHP: 85)
[22:19:12]ATTACK: Wolfy Tubek(cebutris) shaked Ears(victinilover)  (NEWHP: 90)
[22:19:13]ATTACK: Ears(victinilover) shaked Wolfy Tubek(cebutris)  (NEWHP: 85)
[22:19:14]ATTACK: Ears(victinilover) shaked Wolfy Tubek(cebutris)  (NEWHP: 85)
[22:19:16]ATTACK: Ears(victinilover) shaked Wolfy Tubek(cebutris)  (NEWHP: 85)
[22:19:17]ATTACK: Wolfy Tubek(cebutris) shaked Ears(victinilover)  (NEWHP: 95)
[22:19:17]ATTACK: Ears(victinilover) shaked Wolfy Tubek(cebutris)  (NEWHP: 90)
[22:19:18]ATTACK: Ears(victinilover) shaked Wolfy Tubek(cebutris)  (NEWHP: 90)
[22:19:23]ATTACK: Ears(victinilover) shaked Wolfy Tubek(cebutris)  (NEWHP: 90)
[22:19:25]ATTACK: Ears(victinilover) shaked Wolfy Tubek(cebutris)  (NEWHP: 95)
[22:19:28]ATTACK: Wolfy Tubek(cebutris) shaked Ears(victinilover)  (NEWHP: 100)
[22:19:28]ATTACK: Ears(victinilover) shaked Wolfy Tubek(cebutris)  (NEWHP: 95)
[22:19:30]ATTACK: Wolfy Tubek(cebutris) shaked Ears(victinilover)  (NEWHP: 100)
[22:19:31]ATTACK: Wolfy Tubek(cebutris) shaked Ears(victinilover)  (NEWHP: 85)
[22:19:32]ATTACK: Wolfy Tubek(cebutris) shaked Ears(victinilover)  (NEWHP: 85)
[22:19:33]ATTACK: Wolfy Tubek(cebutris) shaked Ears(victinilover)  (NEWHP: 85)
[22:19:33]ATTACK: Ears(victinilover) shaked Wolfy Tubek(cebutris)  (NEWHP: 100)
[22:19:34]ATTACK: Wolfy Tubek(cebutris) shaked Ears(victinilover)  (NEWHP: 90)
[22:19:35]ATTACK: Wolfy Tubek(cebutris) shaked Ears(victinilover)  (NEWHP: 90)
[22:19:35]ATTACK: Ears(victinilover) shaked Wolfy Tubek(cebutris)  (NEWHP: 100)
[22:19:36]ATTACK: Wolfy Tubek(cebutris) shaked Ears(victinilover)  (NEWHP: 90)
[22:19:36]ATTACK: Ears(victinilover) shaked Wolfy Tubek(cebutris)  (NEWHP: 100)
[22:19:36]ATTACK: Wolfy Tubek(cebutris) shaked Ears(victinilover)  (NEWHP: 90)
[22:19:37]ATTACK: Ears(victinilover) shaked Wolfy Tubek(cebutris)  (NEWHP: 100)
[22:19:37]ATTACK: Wolfy Tubek(cebutris) shaked Ears(victinilover)  (NEWHP: 90)
[22:19:38]ATTACK: Ears(victinilover) shaked Wolfy Tubek(cebutris)  (NEWHP: 100)
[22:19:38]ATTACK: Wolfy Tubek(cebutris) shaked Ears(victinilover)  (NEWHP: 90)
[22:19:39]ATTACK: Ears(victinilover) shaked Wolfy Tubek(cebutris)  (NEWHP: 100)
[22:19:39]ATTACK: Wolfy Tubek(cebutris) shaked Ears(victinilover)  (NEWHP: 90)
[22:19:40]ATTACK: Ears(victinilover) shaked Wolfy Tubek(cebutris)  (NEWHP: 100)
[22:19:40]ATTACK: Wolfy Tubek(cebutris) shaked Ears(victinilover)  (NEWHP: 90)
[22:19:41]ATTACK: Ears(victinilover) shaked Wolfy Tubek(cebutris)  (NEWHP: 100)
[22:19:41]ATTACK: Wolfy Tubek(cebutris) shaked Ears(victinilover)  (NEWHP: 90)
[22:19:41]ATTACK: Ears(victinilover) shaked Wolfy Tubek(cebutris)  (NEWHP: 100)
[22:19:42]ATTACK: Wolfy Tubek(cebutris) shaked Ears(victinilover)  (NEWHP: 95)
[22:19:42]ATTACK: Ears(victinilover) shaked Wolfy Tubek(cebutris)  (NEWHP: 100)
[22:19:44]ATTACK: Ears(victinilover) shaked Wolfy Tubek(cebutris)  (NEWHP: 100)
[22:19:50]ATTACK: Ears(victinilover) shaked Wolfy Tubek(cebutris)  (NEWHP: 100)
[22:19:59]ATTACK: Ears(victinilover) shaked Fari Sk'eri(esperkin)  (NEWHP: 100)
[22:20:08]ATTACK: Ears(victinilover) shaked Zephyr(andyman105)  (NEWHP: 100)
[22:20:16]ATTACK: Zephyr(andyman105) shaked Ears(victinilover)  (NEWHP: 100)
[22:20:18]ATTACK: Ears(victinilover) shaked Zephyr(andyman105)  (NEWHP: 100)
[22:20:22]ATTACK: Zephyr(andyman105) shaked Ears(victinilover)  (NEWHP: 100)
[22:20:23]ATTACK: Ears(victinilover) shaked Zephyr(andyman105)  (NEWHP: 100)
[22:21:32]ATTACK: Ears(victinilover) shaked Genevieve Yeskey(jonathanhybrid)  (NEWHP: 100)
[22:21:33]ATTACK: Ears(victinilover) shaked Genevieve Yeskey(jonathanhybrid)  (NEWHP: 100)
[22:21:35]ATTACK: Ears(victinilover) attacked Genevieve Yeskey(jonathanhybrid) with box of beakers(INTENT: HELP) (DAMTYPE: BRUTE) (NEWHP: 100)
[22:21:36]ATTACK: Ears(victinilover) shaked Genevieve Yeskey(jonathanhybrid)  (NEWHP: 100)
[22:22:13]ATTACK: Gary Briner(redvent) shaked Areli Caelis(radiantflash)  (NEWHP: 95)
[22:22:16]ATTACK: Areli Caelis(radiantflash) shaked Gary Briner(redvent)  (NEWHP: 100)
[22:22:29]ATTACK: Ears(victinilover) shaked Genevieve Yeskey(jonathanhybrid)  (NEWHP: 100)
[22:22:31]ATTACK: Genevieve Yeskey(jonathanhybrid) shaked Ears(victinilover)  (NEWHP: 100)
[22:24:07]ATTACK: Areli Caelis(radiantflash) shaked Gary Briner(redvent)  (NEWHP: 100)
[22:25:43]ATTACK: Genevieve Yeskey(jonathanhybrid) shaked Ears(victinilover)  (NEWHP: 100)
[22:25:45]ATTACK: Ears(victinilover) shaked Genevieve Yeskey(jonathanhybrid)  (NEWHP: 100)
[22:25:46]ATTACK: Ears(victinilover) shaked Genevieve Yeskey(jonathanhybrid)  (NEWHP: 100)
[22:27:11]ATTACK: Areli Caelis(radiantflash) shaked Peter Sharpe(secondattemps)  (NEWHP: 100)
[22:27:14]ATTACK: Areli Caelis(radiantflash) shaked Elekeir Rofton(mrsueme2)  (NEWHP: 100)
[22:27:17]ATTACK: Elekeir Rofton(mrsueme2) shaked Areli Caelis(radiantflash)  (NEWHP: 95)
[22:29:20]ATTACK: Ears(victinilover) shaked Gunner Smirnov(kriegsmarineoffizier)  (NEWHP: 100)
[22:29:21]ATTACK: Ears(victinilover) shaked Gunner Smirnov(kriegsmarineoffizier)  (NEWHP: 100)
[22:29:23]ATTACK: Ears(victinilover) shaked Gunner Smirnov(kriegsmarineoffizier)  (NEWHP: 100)
[22:29:24]ATTACK: Ears(victinilover) shaked Gunner Smirnov(kriegsmarineoffizier)  (NEWHP: 100)
[22:29:25]ATTACK: Ears(victinilover) shaked Gunner Smirnov(kriegsmarineoffizier)  (NEWHP: 100)
[22:29:28]ATTACK: Ears(victinilover) shaked Gunner Smirnov(kriegsmarineoffizier)  (NEWHP: 100)
[22:29:30]ATTACK: Ears(victinilover) shaked Gunner Smirnov(kriegsmarineoffizier)  (NEWHP: 100)
[22:29:38]ATTACK: Gunner Smirnov(kriegsmarineoffizier) shaked Ears(victinilover)  (NEWHP: 100)
[22:29:39]ATTACK: Ears(victinilover) shaked Gunner Smirnov(kriegsmarineoffizier)  (NEWHP: 100)
[22:29:40]ATTACK: Ears(victinilover) shaked Gunner Smirnov(kriegsmarineoffizier)  (NEWHP: 100)
[22:30:57]ATTACK: Roland(whirlwwwind) climbed onto table 
[22:31:54]ATTACK: Areli Caelis(radiantflash) shaked Elekeir Rofton(mrsueme2)  (NEWHP: 100)
[22:31:55]ATTACK: Ears(victinilover) shaked Genevieve Yeskey(jonathanhybrid)  (NEWHP: 100)
[22:32:00]ATTACK: Genevieve Yeskey(jonathanhybrid) shaked Ears(victinilover)  (NEWHP: 100)
[22:32:02]ATTACK: Ears(victinilover) shaked Genevieve Yeskey(jonathanhybrid)  (NEWHP: 100)
[22:33:46]ATTACK: Areli Caelis(radiantflash) shaked Peter Sharpe(secondattemps)  (NEWHP: 100)
[22:33:49]ATTACK: Elekeir Rofton(mrsueme2) shaked Peter Sharpe(secondattemps)  (NEWHP: 100)
[22:35:38]ATTACK: Areli Caelis(radiantflash) grabbed Peter Sharpe(secondattemps) passively (NEWHP: 100)
[22:38:05]ATTACK: Ears(victinilover) shaked Zephyr(andyman105)  (NEWHP: 100)
[22:38:52]ATTACK: hivelord brood attacked Radulf Fawkes(fenrir2116)  (NEWHP: 100)
[22:38:54]ATTACK: hivelord brood attacked Radulf Fawkes(fenrir2116)  (NEWHP: 99.6)
[22:38:58]ATTACK: Ears(victinilover) shaked Wolfy Tubek(cebutris)  (NEWHP: 100)
[22:38:58]ATTACK: Radulf Fawkes(fenrir2116) attacked NON-EXISTANT SUBJECT with diamond-tipped pickaxe(INTENT: HELP) (DAMTYPE: BRUTE)
[22:38:58]ATTACK: hivelord brood attacked Radulf Fawkes(fenrir2116)  (NEWHP: 100)
[22:38:59]ATTACK: Ears(victinilover) shaked Gunner Smirnov(kriegsmarineoffizier)  (NEWHP: 100)
[22:39:04]ATTACK: Gunner Smirnov(kriegsmarineoffizier) shaked Ears(victinilover)  (NEWHP: 100)
[22:39:09]ATTACK: Ears(victinilover) shaked Gunner Smirnov(kriegsmarineoffizier)  (NEWHP: 100)
[22:39:17]ATTACK: Ears(victinilover) shaked Gunner Smirnov(kriegsmarineoffizier)  (NEWHP: 100)
[22:39:19]ATTACK: Ears(victinilover) shaked Gunner Smirnov(kriegsmarineoffizier)  (NEWHP: 100)
[22:39:19]ATTACK: Ears(victinilover) shaked Gunner Smirnov(kriegsmarineoffizier)  (NEWHP: 100)
[22:39:37]ATTACK: goliath attacked Radulf Fawkes(fenrir2116)  (NEWHP: 90)
[22:39:38]ATTACK: goliath attacked Radulf Fawkes(fenrir2116)  (NEWHP: 73.5)
[22:39:40]ATTACK: goliath attacked Radulf Fawkes(fenrir2116)  (NEWHP: 57)
[22:40:10]ATTACK: Radulf Fawkes(fenrir2116) fed Radulf Fawkes(fenrir2116) with styptic_powder(50 units);  (NEWHP: 54.5)
[22:40:23]ATTACK: Radulf Fawkes(fenrir2116) shot goliath with the full strength kinetic force (NEWHP: 260)
[22:40:29]ATTACK: Radulf Fawkes(fenrir2116) shot goliath with the full strength kinetic force (NEWHP: 220)
[22:40:33]ATTACK: Radulf Fawkes(fenrir2116) shot goliath with the full strength kinetic force (NEWHP: 180)
[22:40:36]ATTACK: Radulf Fawkes(fenrir2116) shot goliath with the full strength kinetic force (NEWHP: 140)
[22:40:39]ATTACK: Radulf Fawkes(fenrir2116) shot goliath with the full strength kinetic force (NEWHP: 100)
[22:40:43]ATTACK: Radulf Fawkes(fenrir2116) shot goliath with the full strength kinetic force (NEWHP: 60)
[22:40:46]ATTACK: Radulf Fawkes(fenrir2116) shot goliath with the full strength kinetic force (NEWHP: 20)
[22:40:50]ATTACK: Radulf Fawkes(fenrir2116) shot goliath with the full strength kinetic force (NEWHP: 0)
[22:41:18]ATTACK: Radulf Fawkes(fenrir2116) shot goliath with the full strength kinetic force (NEWHP: 260)
[22:41:22]ATTACK: Radulf Fawkes(fenrir2116) shot goliath with the full strength kinetic force (NEWHP: 220)
[22:41:38]ATTACK: Radulf Fawkes(fenrir2116) shot goliath with the full strength kinetic force (NEWHP: 180)
[22:41:42]ATTACK: Radulf Fawkes(fenrir2116) shot goliath with the full strength kinetic force (NEWHP: 140)
[22:41:46]ATTACK: Radulf Fawkes(fenrir2116) shot goliath with the full strength kinetic force (NEWHP: 100)
[22:41:50]ATTACK: Radulf Fawkes(fenrir2116) shot goliath with the full strength kinetic force (NEWHP: 60)
[22:41:54]ATTACK: Radulf Fawkes(fenrir2116) shot goliath with the full strength kinetic force (NEWHP: 20)
[22:41:57]ATTACK: goliath attacked Radulf Fawkes(fenrir2116)  (NEWHP: 100)
[22:41:57]ATTACK: Radulf Fawkes(fenrir2116) shot goliath with the full strength kinetic force (NEWHP: 0)
[22:42:13]ATTACK: Radulf Fawkes(fenrir2116) shot goliath with the full strength kinetic force (NEWHP: 260)
[22:42:16]ATTACK: Radulf Fawkes(fenrir2116) shot goliath with the full strength kinetic force (NEWHP: 220)
[22:42:20]ATTACK: Radulf Fawkes(fenrir2116) shot goliath with the full strength kinetic force (NEWHP: 180)
[22:42:26]ATTACK: Radulf Fawkes(fenrir2116) shot goliath with the full strength kinetic force (NEWHP: 140)
[22:42:29]ATTACK: Radulf Fawkes(fenrir2116) shot goliath with the full strength kinetic force (NEWHP: 100)
[22:42:34]ATTACK: Radulf Fawkes(fenrir2116) shot goliath with the full strength kinetic force (NEWHP: 60)
[22:42:38]ATTACK: Radulf Fawkes(fenrir2116) shot goliath with the full strength kinetic force (NEWHP: 20)
[22:42:42]ATTACK: Radulf Fawkes(fenrir2116) shot goliath with the full strength kinetic force (NEWHP: 0)
[22:42:58]ATTACK: Ears(victinilover) shaked Gunner Smirnov(kriegsmarineoffizier)  (NEWHP: 100)
[22:42:59]ATTACK: Elekeir Rofton(mrsueme2) shaked Peter Sharpe(secondattemps)  (NEWHP: 100)
[22:43:00]ATTACK: Ears(victinilover) shaked Wolfy Tubek(cebutris)  (NEWHP: 100)
[22:43:51]ATTACK: Ears(victinilover) shaked Gunner Smirnov(kriegsmarineoffizier)  (NEWHP: 100)
[22:43:52]ATTACK: Ears(victinilover) shaked Wolfy Tubek(cebutris)  (NEWHP: 100)
[22:44:50]ATTACK: Genevieve Yeskey(jonathanhybrid) fed Genevieve Yeskey(jonathanhybrid) with shrinkchem(20 units);  (NEWHP: 100)
[22:44:53]ATTACK: Ears(victinilover) shaked Wolfy Tubek(cebutris)  (NEWHP: 100)
[22:44:55]ATTACK: Ears(victinilover) shaked Gunner Smirnov(kriegsmarineoffizier)  (NEWHP: 100)
[22:47:06]ATTACK: Wolfy Tubek(cebutris) shaked Ears(victinilover)  (NEWHP: 62.53)
[22:47:48]ATTACK: Ears(victinilover) fed Ears(victinilover) with silver_sulfadiazine(10 units);  (NEWHP: 62.53)
[22:48:10]ATTACK: Ears(victinilover) shaked Genevieve Yeskey(jonathanhybrid)  (NEWHP: 100)
[22:48:17]ATTACK: Genevieve Yeskey(jonathanhybrid) shaked Ears(victinilover)  (NEWHP: 98.53)
[22:50:08]ATTACK: Ears(victinilover) climbed onto reinforced table 
[22:54:24]ATTACK: Gary Briner(redvent) shaked Fari Sk'eri(esperkin)  (NEWHP: 100)
[22:59:02]ATTACK: Areli Caelis(radiantflash) equipped Elekeir Rofton(mrsueme2) with the sugar cookie (NEWHP: 100)
[22:59:23]ATTACK: Areli Caelis(radiantflash) equipped Fari Sk'eri(esperkin) with the sugar cookie (NEWHP: 100)
[23:04:31]ATTACK: Areli Caelis(radiantflash) shaked Zephyr(andyman105)  (NEWHP: 100)
[23:07:10]ATTACK: Elekeir Rofton(mrsueme2) shaked Peter Sharpe(secondattemps)  (NEWHP: 100)
[23:07:38]ATTACK: Elekeir Rofton(mrsueme2) shaked Peter Sharpe(secondattemps)  (NEWHP: 100)
[23:08:11]ATTACK: Genevieve Yeskey(jonathanhybrid) shaked Ears(victinilover)  (NEWHP: 100)
[23:08:14]ATTACK: Ears(victinilover) shaked Genevieve Yeskey(jonathanhybrid)  (NEWHP: 100)
[23:08:57]ATTACK: Areli Caelis(radiantflash) shaked Nikolas Orland(hibou4)  (NEWHP: 100)
[23:09:14]ATTACK: Areli Caelis(radiantflash) equipped Nikolas Orland(hibou4) with the sugar cookie (NEWHP: 100)
[23:09:53]ATTACK: Areli Caelis(radiantflash) equipped Fari Sk'eri(esperkin) with the sugar cookie (NEWHP: 100)
[23:09:58]ATTACK: Areli Caelis(radiantflash) shaked Fari Sk'eri(esperkin)  (NEWHP: 100)
[23:13:11]ATTACK: Keathry Storrmshard(roguenoob) shaked Areli Caelis(radiantflash)  (NEWHP: 95)
[23:13:13]ATTACK: Areli Caelis(radiantflash) shaked Keathry Storrmshard(roguenoob)  (NEWHP: 100)
[23:13:14]ATTACK: Areli Caelis(radiantflash) shaked Keathry Storrmshard(roguenoob)  (NEWHP: 100)
[23:13:15]ATTACK: Areli Caelis(radiantflash) shaked Keathry Storrmshard(roguenoob)  (NEWHP: 100)
[23:13:18]ATTACK: Areli Caelis(radiantflash) shaked Keathry Storrmshard(roguenoob)  (NEWHP: 100)
[23:13:19]ATTACK: Areli Caelis(radiantflash) shaked Keathry Storrmshard(roguenoob)  (NEWHP: 100)
[23:13:21]ATTACK: Keathry Storrmshard(roguenoob) shaked Areli Caelis(radiantflash)  (NEWHP: 95)
[23:13:33]ATTACK: Areli Caelis(radiantflash) shaked Keathry Storrmshard(roguenoob)  (NEWHP: 100)
[23:14:18]ATTACK: Ears(victinilover) shaked Genevieve Yeskey(jonathanhybrid)  (NEWHP: 100)
[23:16:27]ATTACK: Areli Caelis(radiantflash) shaked Keathry Storrmshard(roguenoob)  (NEWHP: 100)
[23:18:07]ATTACK: Areli Caelis(radiantflash) shaked Sebastian Wood(zulu1)  (NEWHP: 100)
[23:23:07]ATTACK: Elekeir Rofton(mrsueme2) shaked Genevieve Yeskey(jonathanhybrid)  (NEWHP: 100)
[23:23:21]ATTACK: Genevieve Yeskey(jonathanhybrid) shaked Elekeir Rofton(mrsueme2)  (NEWHP: 100)
[23:23:46]ATTACK: Roland(whirlwwwind) grabbed parrot passively (NEWHP: 20)
[23:24:09]ATTACK: Ears(victinilover) shaked Zephyr(andyman105)  (NEWHP: 100)
[23:24:12]ATTACK: Zephyr(andyman105) shaked Ears(victinilover)  (NEWHP: 100)
[23:24:13]ATTACK: Ears(victinilover) shaked Zephyr(andyman105)  (NEWHP: 100)
[23:24:13]ATTACK: Zephyr(andyman105) shaked Ears(victinilover)  (NEWHP: 100)
[23:24:14]ATTACK: Ears(victinilover) shaked Zephyr(andyman105)  (NEWHP: 100)
[23:24:14]ATTACK: Zephyr(andyman105) shaked Ears(victinilover)  (NEWHP: 100)
[23:24:15]ATTACK: Zephyr(andyman105) shaked Ears(victinilover)  (NEWHP: 100)
[23:24:16]ATTACK: Zephyr(andyman105) shaked Ears(victinilover)  (NEWHP: 100)
[23:24:16]ATTACK: Ears(victinilover) shaked Zephyr(andyman105)  (NEWHP: 100)
[23:24:19]ATTACK: Ears(victinilover) shaked Zephyr(andyman105)  (NEWHP: 100)
[23:24:20]ATTACK: Ears(victinilover) shaked Zephyr(andyman105)  (NEWHP: 100)
[23:24:21]ATTACK: Zephyr(andyman105) shaked Ears(victinilover)  (NEWHP: 100)
[23:24:22]ATTACK: Zephyr(andyman105) shaked Ears(victinilover)  (NEWHP: 100)
[23:24:23]ATTACK: Zephyr(andyman105) shaked Ears(victinilover)  (NEWHP: 100)
[23:24:24]ATTACK: Zephyr(andyman105) shaked Ears(victinilover)  (NEWHP: 100)
[23:24:33]ATTACK: Ears(victinilover) shaked Zephyr(andyman105)  (NEWHP: 100)
[23:24:34]ATTACK: Ears(victinilover) shaked Zephyr(andyman105)  (NEWHP: 100)
[23:24:34]ATTACK: Zephyr(andyman105) shaked Ears(victinilover)  (NEWHP: 100)
[23:24:35]ATTACK: Ears(victinilover) shaked Zephyr(andyman105)  (NEWHP: 100)
[23:24:35]ATTACK: Zephyr(andyman105) shaked Ears(victinilover)  (NEWHP: 100)
[23:24:36]ATTACK: Ears(victinilover) shaked Zephyr(andyman105)  (NEWHP: 100)
[23:24:37]ATTACK: Zephyr(andyman105) shaked Ears(victinilover)  (NEWHP: 100)
[23:24:38]ATTACK: Zephyr(andyman105) shaked Ears(victinilover)  (NEWHP: 100)
[23:24:39]ATTACK: Zephyr(andyman105) shaked Ears(victinilover)  (NEWHP: 100)
[23:24:40]ATTACK: Zephyr(andyman105) shaked Ears(victinilover)  (NEWHP: 100)
[23:25:48]ATTACK: Gunner Smirnov(kriegsmarineoffizier) shaked Ears(victinilover)  (NEWHP: 100)
[23:26:12]ATTACK: Ears(victinilover) shaked Zephyr(andyman105)  (NEWHP: 100)
[23:27:45]ATTACK: Gunner Smirnov(kriegsmarineoffizier) stripped Ears(victinilover) of the beret (NEWHP: 100)
[23:27:47]ATTACK: Gunner Smirnov(kriegsmarineoffizier) equipped Ears(victinilover) with the head of security beret (NEWHP: 100)
[23:27:48]ATTACK: Ears(victinilover) shaked Gunner Smirnov(kriegsmarineoffizier)  (NEWHP: 100)
[23:27:50]ATTACK: Ears(victinilover) shaked Gunner Smirnov(kriegsmarineoffizier)  (NEWHP: 100)
[23:27:54]ATTACK: Gunner Smirnov(kriegsmarineoffizier) shaked Ears(victinilover)  (NEWHP: 100)
[23:29:12]ATTACK: Areli Caelis(radiantflash) shaked Keathry Storrmshard(roguenoob)  (NEWHP: 100)
[23:29:20]ATTACK: Ears(victinilover) shaked Zephyr(andyman105)  (NEWHP: 100)
[23:29:26]ATTACK: Genevieve Yeskey(jonathanhybrid) shaked Elekeir Rofton(mrsueme2)  (NEWHP: 100)
[23:29:28]ATTACK: Elekeir Rofton(mrsueme2) shaked Genevieve Yeskey(jonathanhybrid)  (NEWHP: 100)
[23:29:58]ATTACK: Ears(victinilover) shaked Zephyr(andyman105)  (NEWHP: 100)
[23:29:59]ATTACK: Areli Caelis(radiantflash) shaked Keathry Storrmshard(roguenoob)  (NEWHP: 100)
[23:30:00]ATTACK: Areli Caelis(radiantflash) shaked Keathry Storrmshard(roguenoob)  (NEWHP: 100)
[23:30:01]ATTACK: Areli Caelis(radiantflash) shaked Keathry Storrmshard(roguenoob)  (NEWHP: 100)
[23:30:01]ATTACK: Keathry Storrmshard(roguenoob) shaked Areli Caelis(radiantflash)  (NEWHP: 95)
[23:30:21]ATTACK: Keathry Storrmshard(roguenoob) shaked Areli Caelis(radiantflash)  (NEWHP: 95)
[23:30:22]ATTACK: Keathry Storrmshard(roguenoob) shaked Areli Caelis(radiantflash)  (NEWHP: 95)
[23:31:54]ATTACK: Areli Caelis(radiantflash) shaked Zephyr(andyman105)  (NEWHP: 100)
[23:32:05]ATTACK: Zephyr(andyman105) shaked Areli Caelis(radiantflash)  (NEWHP: 95)
[23:33:11]ATTACK: Sebastian Wood(zulu1) injected Sebastian Wood(zulu1) with the epinephrine medipen(Epinephrine) (NEWHP: 95)
[23:33:43]ATTACK: Ears(victinilover) shaked Zephyr(andyman105)  (NEWHP: 100)
[23:34:55]ATTACK: Genevieve Yeskey(jonathanhybrid) fed Sebastian Wood(zulu1) with silver_sulfadiazine(10 units);  (NEWHP: 95)
[23:34:59]ATTACK: Genevieve Yeskey(jonathanhybrid) fed Sebastian Wood(zulu1) with styptic_powder(10 units);  (NEWHP: 88)
[23:36:08]ATTACK: Areli Caelis(radiantflash) shaked Ears(victinilover)  (NEWHP: 100)
[23:36:09]ATTACK: Areli Caelis(radiantflash) shaked Zephyr(andyman105)  (NEWHP: 100)
[23:36:11]ATTACK: Ears(victinilover) shaked Areli Caelis(radiantflash)  (NEWHP: 95)
[23:36:11]ATTACK: Zephyr(andyman105) shaked Areli Caelis(radiantflash)  (NEWHP: 95)
[23:36:27]ATTACK: Areli Caelis(radiantflash) shaked Genevieve Yeskey(jonathanhybrid)  (NEWHP: 100)
[23:36:33]ATTACK: Genevieve Yeskey(jonathanhybrid) shaked Areli Caelis(radiantflash)  (NEWHP: 95)
[23:37:25]ATTACK: Areli Caelis(radiantflash) shaked Keathry Storrmshard(roguenoob)  (NEWHP: 100)
[23:37:25]ATTACK: Keathry Storrmshard(roguenoob) shaked Areli Caelis(radiantflash)  (NEWHP: 95)
[23:37:27]ATTACK: Keathry Storrmshard(roguenoob) shaked Areli Caelis(radiantflash)  (NEWHP: 95)
[23:37:56]ATTACK: Areli Caelis(radiantflash) shaked Keathry Storrmshard(roguenoob)  (NEWHP: 100)
[23:38:21]ATTACK: Genevieve Yeskey(jonathanhybrid) shaked Ears(victinilover)  (NEWHP: 100)
[23:38:36]ATTACK: Genevieve Yeskey(jonathanhybrid) shaked Ears(victinilover)  (NEWHP: 100)
[23:38:40]ATTACK: Genevieve Yeskey(jonathanhybrid) shaked Ears(victinilover)  (NEWHP: 100)
[23:38:45]ATTACK: Zephyr(andyman105) shaked Ears(victinilover)  (NEWHP: 100)
[23:38:46]ATTACK: Zephyr(andyman105) shaked Ears(victinilover)  (NEWHP: 100)
[23:38:47]ATTACK: Zephyr(andyman105) shaked Ears(victinilover)  (NEWHP: 100)
[23:38:49]ATTACK: Genevieve Yeskey(jonathanhybrid) shaked Ears(victinilover)  (NEWHP: 100)
[23:38:50]ATTACK: Genevieve Yeskey(jonathanhybrid) shaked Ears(victinilover)  (NEWHP: 100)
[23:38:50]ATTACK: Genevieve Yeskey(jonathanhybrid) shaked Ears(victinilover)  (NEWHP: 100)
[23:38:51]ATTACK: Genevieve Yeskey(jonathanhybrid) shaked Ears(victinilover)  (NEWHP: 100)
[23:38:55]ATTACK: Genevieve Yeskey(jonathanhybrid) shaked Ears(victinilover)  (NEWHP: 100)
[23:38:56]ATTACK: Genevieve Yeskey(jonathanhybrid) shaked Ears(victinilover)  (NEWHP: 100)
[23:38:57]ATTACK: Genevieve Yeskey(jonathanhybrid) shaked Ears(victinilover)  (NEWHP: 100)
[23:39:04]ATTACK: Genevieve Yeskey(jonathanhybrid) shaked Ears(victinilover)  (NEWHP: 100)
[23:39:05]ATTACK: Genevieve Yeskey(jonathanhybrid) shaked Ears(victinilover)  (NEWHP: 100)
[23:39:06]ATTACK: Genevieve Yeskey(jonathanhybrid) shaked Ears(victinilover)  (NEWHP: 100)
[23:39:07]ATTACK: Genevieve Yeskey(jonathanhybrid) shaked Ears(victinilover)  (NEWHP: 100)
[23:39:08]ATTACK: Genevieve Yeskey(jonathanhybrid) shaked Ears(victinilover)  (NEWHP: 100)
[23:39:09]ATTACK: Genevieve Yeskey(jonathanhybrid) shaked Ears(victinilover)  (NEWHP: 100)
[23:39:12]ATTACK: Genevieve Yeskey(jonathanhybrid) shaked Ears(victinilover)  (NEWHP: 100)
[23:39:40]ATTACK: Zephyr(andyman105) shaked Ears(victinilover)  (NEWHP: 100)
[23:39:51]ATTACK: Genevieve Yeskey(jonathanhybrid) shaked Ears(victinilover)  (NEWHP: 100)
[23:39:52]ATTACK: Genevieve Yeskey(jonathanhybrid) shaked Ears(victinilover)  (NEWHP: 100)
[23:39:53]ATTACK: Genevieve Yeskey(jonathanhybrid) shaked Ears(victinilover)  (NEWHP: 100)
[23:39:54]ATTACK: Genevieve Yeskey(jonathanhybrid) shaked Ears(victinilover)  (NEWHP: 100)
[23:39:55]ATTACK: Genevieve Yeskey(jonathanhybrid) shaked Ears(victinilover)  (NEWHP: 100)
[23:39:56]ATTACK: Genevieve Yeskey(jonathanhybrid) shaked Ears(victinilover)  (NEWHP: 100)
[23:40:03]ATTACK: Genevieve Yeskey(jonathanhybrid) shaked Ears(victinilover)  (NEWHP: 100)
[23:40:07]ATTACK: Genevieve Yeskey(jonathanhybrid) shaked Ears(victinilover)  (NEWHP: 100)
[23:40:14]ATTACK: Genevieve Yeskey(jonathanhybrid) shaked Ears(victinilover)  (NEWHP: 100)
[23:40:59]ATTACK: Genevieve Yeskey(jonathanhybrid) shaked Ears(victinilover)  (NEWHP: 100)
[23:41:41]ATTACK: Zephyr(andyman105) shaked Genevieve Yeskey(jonathanhybrid)  (NEWHP: 100)
[23:41:42]ATTACK: Zephyr(andyman105) shaked Genevieve Yeskey(jonathanhybrid)  (NEWHP: 100)
[23:43:08]ATTACK: Radulf Fawkes(fenrir2116) shot basilisk with the full strength plasma blast (NEWHP: 170)
[23:43:10]ATTACK: Radulf Fawkes(fenrir2116) shot basilisk with the full strength plasma blast (NEWHP: 140)
[23:43:12]ATTACK: Radulf Fawkes(fenrir2116) shot basilisk with the full strength plasma blast (NEWHP: 110)
[23:43:14]ATTACK: Radulf Fawkes(fenrir2116) shot basilisk with the full strength plasma blast (NEWHP: 80)
[23:43:15]ATTACK: basilisk attacked Bergmannpanzerklien 
[23:43:15]ATTACK: Radulf Fawkes(fenrir2116) pushed basilisk with Bergmannpanzerklien (NEWHP: 80)
[23:43:16]ATTACK: Radulf Fawkes(fenrir2116) shot basilisk with the full strength plasma blast (NEWHP: 50)
[23:43:19]ATTACK: Radulf Fawkes(fenrir2116) shot basilisk with the full strength plasma blast (NEWHP: 20)
[23:43:21]ATTACK: Radulf Fawkes(fenrir2116) shot basilisk with the full strength plasma blast (NEWHP: 0)
[23:43:22]ATTACK: Zephyr(andyman105) shaked Genevieve Yeskey(jonathanhybrid)  (NEWHP: 100)
[23:43:59]ATTACK: Sandro Andrineti(sigmasquad) shaked Areli Caelis(radiantflash)  (NEWHP: 95)
[23:44:18]ATTACK: Zephyr(andyman105) shaked Ears(victinilover)  (NEWHP: 100)
[23:44:19]ATTACK: Radulf Fawkes(fenrir2116) shot goliath with the full strength plasma blast (NEWHP: 270)
[23:44:21]ATTACK: Radulf Fawkes(fenrir2116) shot goliath with the full strength plasma blast (NEWHP: 240)
[23:44:25]ATTACK: Radulf Fawkes(fenrir2116) shot goliath with the full strength plasma blast (NEWHP: 210)
[23:44:27]ATTACK: Radulf Fawkes(fenrir2116) shot goliath with the full strength plasma blast (NEWHP: 180)
[23:44:29]ATTACK: Radulf Fawkes(fenrir2116) shot goliath with the full strength plasma blast (NEWHP: 150)
[23:44:31]ATTACK: Radulf Fawkes(fenrir2116) shot goliath with the full strength plasma blast (NEWHP: 120)
[23:44:34]ATTACK: Areli Caelis(radiantflash) equipped Sebastian Wood(zulu1) with the sugar cookie (NEWHP: 100)
[23:44:34]ATTACK: Radulf Fawkes(fenrir2116) shot goliath with the full strength plasma blast (NEWHP: 90)
[23:44:36]ATTACK: Radulf Fawkes(fenrir2116) shot goliath with the full strength plasma blast (NEWHP: 60)
[23:44:38]ATTACK: Radulf Fawkes(fenrir2116) shot goliath with the full strength plasma blast (NEWHP: 30)
[23:44:40]ATTACK: Radulf Fawkes(fenrir2116) shot goliath with the full strength plasma blast (NEWHP: 0)
[23:44:41]ATTACK: Fari Sk'eri(esperkin) stripped Sandro Andrineti(sigmasquad) of the security satchel (NEWHP: 100)
[23:45:24]ATTACK: Areli Caelis(radiantflash) equipped Sebastian Wood(zulu1) with the vanilla icecream (NEWHP: 100)
[23:45:48]ATTACK: Ears(victinilover) shaked Gunner Smirnov(kriegsmarineoffizier)  (NEWHP: 100)
[23:45:50]ATTACK: Gunner Smirnov(kriegsmarineoffizier) shaked Ears(victinilover)  (NEWHP: 100)
[23:45:53]ATTACK: Ears(victinilover) shaked Gunner Smirnov(kriegsmarineoffizier)  (NEWHP: 100)
[23:45:55]ATTACK: Elekeir Rofton(mrsueme2) shaked Areli Caelis(radiantflash)  (NEWHP: 95)
[23:46:06]ATTACK: Areli Caelis(radiantflash) shaked Elekeir Rofton(mrsueme2)  (NEWHP: 100)
[23:46:17]ATTACK: Ears(victinilover) shaked Gunner Smirnov(kriegsmarineoffizier)  (NEWHP: 100)
[23:46:24]ATTACK: Fari Sk'eri(esperkin) equipped Sandro Andrineti(sigmasquad) with the grenade (Pulling) (NEWHP: 100)
[23:46:34]ATTACK: Nikolas Orland(hibou4) electrified external airlock at 108,85,1
[23:46:52]ATTACK: Zephyr(andyman105) shaked Ears(victinilover)  (NEWHP: 100)
[23:46:54]ATTACK: Ears(victinilover) shaked Zephyr(andyman105)  (NEWHP: 100)
[23:47:19]ATTACK: Ears(victinilover) shaked Zephyr(andyman105)  (NEWHP: 100)
[23:47:26]ATTACK: Areli Caelis(radiantflash) shaked Elekeir Rofton(mrsueme2)  (NEWHP: 100)
[23:47:49]ATTACK: Fari Sk'eri(esperkin) equipped Sandro Andrineti(sigmasquad) with the oxygen tank (NEWHP: 100)
[23:52:04]ATTACK: Fari Sk'eri(esperkin) equipped Sandro Andrineti(sigmasquad) with the global positioning system (SAND) (NEWHP: 100)
[23:54:55]ATTACK: Areli Caelis(radiantflash) equipped Pickles(suicidalpickles) with the chocolate icecream (NEWHP: 100)
[23:54:58]ATTACK: Areli Caelis(radiantflash) equipped Pickles(suicidalpickles) with the sugar cookie (NEWHP: 100)
[23:55:11]ATTACK: Keathry Storrmshard(roguenoob) fed Keathry Storrmshard(roguenoob) with styptic_powder(10 units);  (NEWHP: 90)
[23:56:57]ATTACK: Radulf Fawkes(fenrir2116) attacked NON-EXISTANT SUBJECT with pocket crowbar(INTENT: HELP) (DAMTYPE: BRUTE)
[23:56:58]ATTACK: Ears(victinilover) attacked Gunner Smirnov(kriegsmarineoffizier) with space carp plushie(INTENT: HELP) (DAMTYPE: BRUTE) (NEWHP: 100)
[23:56:59]ATTACK: Ears(victinilover) attacked Zephyr(andyman105) with space carp plushie(INTENT: HELP) (DAMTYPE: BRUTE) (NEWHP: 100)
[23:57:00]ATTACK: hivelord brood attacked Radulf Fawkes(fenrir2116)  (NEWHP: 100)
[23:57:00]ATTACK: Ears(victinilover) attacked Zephyr(andyman105) with space carp plushie(INTENT: HELP) (DAMTYPE: BRUTE) (NEWHP: 100)
[23:57:01]ATTACK: Ears(victinilover) attacked Gunner Smirnov(kriegsmarineoffizier) with space carp plushie(INTENT: HELP) (DAMTYPE: BRUTE) (NEWHP: 100)
[23:57:02]ATTACK: Radulf Fawkes(fenrir2116) attacked NON-EXISTANT SUBJECT with pocket crowbar(INTENT: HELP) (DAMTYPE: BRUTE)
[23:57:02]ATTACK: Ears(victinilover) attacked Ears(victinilover) with space carp plushie(INTENT: HELP) (DAMTYPE: BRUTE) (NEWHP: 100)
[23:57:03]ATTACK: Ears(victinilover) attacked Ears(victinilover) with space carp plushie(INTENT: HELP) (DAMTYPE: BRUTE) (NEWHP: 100)
[23:57:03]ATTACK: Radulf Fawkes(fenrir2116) attacked NON-EXISTANT SUBJECT with pocket crowbar(INTENT: HELP) (DAMTYPE: BRUTE)
[23:57:04]ATTACK: Ears(victinilover) attacked Zephyr(andyman105) with space carp plushie(INTENT: HELP) (DAMTYPE: BRUTE) (NEWHP: 100)
[23:57:05]ATTACK: Ears(victinilover) attacked Gunner Smirnov(kriegsmarineoffizier) with space carp plushie(INTENT: HELP) (DAMTYPE: BRUTE) (NEWHP: 100)
[23:57:06]ATTACK: hivelord brood attacked Radulf Fawkes(fenrir2116)  (NEWHP: 100)
[23:57:06]ATTACK: Ears(victinilover) attacked Ears(victinilover) with space carp plushie(INTENT: HELP) (DAMTYPE: BRUTE) (NEWHP: 100)
[23:57:08]ATTACK: Ears(victinilover) attacked Zephyr(andyman105) with space carp plushie(INTENT: HELP) (DAMTYPE: BRUTE) (NEWHP: 100)
[23:57:08]ATTACK: Radulf Fawkes(fenrir2116) attacked NON-EXISTANT SUBJECT with pocket crowbar(INTENT: HELP) (DAMTYPE: BRUTE)
[23:57:09]ATTACK: Ears(victinilover) attacked Gunner Smirnov(kriegsmarineoffizier) with space carp plushie(INTENT: HELP) (DAMTYPE: BRUTE) (NEWHP: 100)
[23:57:10]ATTACK: Ears(victinilover) attacked Ears(victinilover) with space carp plushie(INTENT: HELP) (DAMTYPE: BRUTE) (NEWHP: 100)
[23:57:11]ATTACK: Radulf Fawkes(fenrir2116) attacked NON-EXISTANT SUBJECT with pocket crowbar(INTENT: HELP) (DAMTYPE: BRUTE)
[23:57:12]ATTACK: Radulf Fawkes(fenrir2116) attacked NON-EXISTANT SUBJECT with pocket crowbar(INTENT: HELP) (DAMTYPE: BRUTE)
[23:57:14]ATTACK: Radulf Fawkes(fenrir2116) attacked NON-EXISTANT SUBJECT with pocket crowbar(INTENT: HELP) (DAMTYPE: BRUTE)
[23:57:15]ATTACK: hivelord brood attacked Radulf Fawkes(fenrir2116)  (NEWHP: 100)
[23:57:16]ATTACK: Radulf Fawkes(fenrir2116) attacked NON-EXISTANT SUBJECT with pocket crowbar(INTENT: HELP) (DAMTYPE: BRUTE)
[23:57:17]ATTACK: Radulf Fawkes(fenrir2116) attacked NON-EXISTANT SUBJECT with pocket crowbar(INTENT: HELP) (DAMTYPE: BRUTE)
[23:57:19]ATTACK: Radulf Fawkes(fenrir2116) attacked NON-EXISTANT SUBJECT with pocket crowbar(INTENT: HELP) (DAMTYPE: BRUTE)
[23:57:20]ATTACK: Radulf Fawkes(fenrir2116) attacked hivelord with pocket crowbar(INTENT: HELP) (DAMTYPE: BRUTE) (NEWHP: 70)
[23:57:20]ATTACK: Ears(victinilover) attacked Gunner Smirnov(kriegsmarineoffizier) with space carp plushie(INTENT: HELP) (DAMTYPE: BRUTE) (NEWHP: 100)
[23:57:21]ATTACK: Radulf Fawkes(fenrir2116) attacked NON-EXISTANT SUBJECT with pocket crowbar(INTENT: HELP) (DAMTYPE: BRUTE)
[23:57:22]ATTACK: Radulf Fawkes(fenrir2116) attacked hivelord with pocket crowbar(INTENT: HELP) (DAMTYPE: BRUTE) (NEWHP: 65)
[23:57:23]ATTACK: Radulf Fawkes(fenrir2116) attacked NON-EXISTANT SUBJECT with pocket crowbar(INTENT: HELP) (DAMTYPE: BRUTE)
[23:57:24]ATTACK: Radulf Fawkes(fenrir2116) attacked NON-EXISTANT SUBJECT with pocket crowbar(INTENT: HELP) (DAMTYPE: BRUTE)
[23:57:25]ATTACK: Ears(victinilover) attacked Zephyr(andyman105) with space carp plushie(INTENT: HELP) (DAMTYPE: BRUTE) (NEWHP: 100)
[23:57:26]ATTACK: Ears(victinilover) attacked Zephyr(andyman105) with space carp plushie(INTENT: HELP) (DAMTYPE: BRUTE) (NEWHP: 100)
[23:57:26]ATTACK: Radulf Fawkes(fenrir2116) attacked NON-EXISTANT SUBJECT with pocket crowbar(INTENT: HELP) (DAMTYPE: BRUTE)
[23:57:27]ATTACK: Radulf Fawkes(fenrir2116) attacked hivelord with pocket crowbar(INTENT: HELP) (DAMTYPE: BRUTE) (NEWHP: 60)
[23:57:29]ATTACK: Radulf Fawkes(fenrir2116) attacked NON-EXISTANT SUBJECT with pocket crowbar(INTENT: HELP) (DAMTYPE: BRUTE)
[23:57:30]ATTACK: Radulf Fawkes(fenrir2116) attacked hivelord with pocket crowbar(INTENT: HELP) (DAMTYPE: BRUTE) (NEWHP: 55)
[23:57:31]ATTACK: Radulf Fawkes(fenrir2116) attacked NON-EXISTANT SUBJECT with pocket crowbar(INTENT: HELP) (DAMTYPE: BRUTE)
[23:57:32]ATTACK: Radulf Fawkes(fenrir2116) attacked hivelord with pocket crowbar(INTENT: HELP) (DAMTYPE: BRUTE) (NEWHP: 50)
[23:57:33]ATTACK: Radulf Fawkes(fenrir2116) attacked NON-EXISTANT SUBJECT with pocket crowbar(INTENT: HELP) (DAMTYPE: BRUTE)
[23:57:34]ATTACK: Radulf Fawkes(fenrir2116) attacked hivelord with pocket crowbar(INTENT: HELP) (DAMTYPE: BRUTE) (NEWHP: 45)
[23:57:34]ATTACK: Areli Caelis(radiantflash) shaked Keathry Storrmshard(roguenoob)  (NEWHP: 100)
[23:57:36]ATTACK: Zephyr(andyman105) grabbed Ears(victinilover) passively (NEWHP: 100)
[23:57:36]ATTACK: Radulf Fawkes(fenrir2116) attacked hivelord with pocket crowbar(INTENT: HELP) (DAMTYPE: BRUTE) (NEWHP: 40)
[23:57:36]ATTACK: hivelord brood attacked Radulf Fawkes(fenrir2116)  (NEWHP: 100)
[23:57:37]ATTACK: Ears(victinilover) attacked Zephyr(andyman105) with space carp plushie(INTENT: HELP) (DAMTYPE: BRUTE) (NEWHP: 100)
[23:57:37]ATTACK: Radulf Fawkes(fenrir2116) attacked NON-EXISTANT SUBJECT with pocket crowbar(INTENT: HELP) (DAMTYPE: BRUTE)
[23:57:38]ATTACK: Radulf Fawkes(fenrir2116) attacked NON-EXISTANT SUBJECT with pocket crowbar(INTENT: HELP) (DAMTYPE: BRUTE)
[23:57:39]ATTACK: Radulf Fawkes(fenrir2116) attacked NON-EXISTANT SUBJECT with pocket crowbar(INTENT: HELP) (DAMTYPE: BRUTE)
[23:57:41]ATTACK: Radulf Fawkes(fenrir2116) attacked hivelord with pocket crowbar(INTENT: HELP) (DAMTYPE: BRUTE) (NEWHP: 35)
[23:57:42]ATTACK: Radulf Fawkes(fenrir2116) attacked hivelord with pocket crowbar(INTENT: HELP) (DAMTYPE: BRUTE) (NEWHP: 30)
[23:57:43]ATTACK: Radulf Fawkes(fenrir2116) attacked NON-EXISTANT SUBJECT with pocket crowbar(INTENT: HELP) (DAMTYPE: BRUTE)
[23:57:44]ATTACK: Radulf Fawkes(fenrir2116) attacked NON-EXISTANT SUBJECT with pocket crowbar(INTENT: HELP) (DAMTYPE: BRUTE)
[23:57:46]ATTACK: Radulf Fawkes(fenrir2116) attacked NON-EXISTANT SUBJECT with pocket crowbar(INTENT: HELP) (DAMTYPE: BRUTE)
[23:57:47]ATTACK: Radulf Fawkes(fenrir2116) attacked hivelord with pocket crowbar(INTENT: HELP) (DAMTYPE: BRUTE) (NEWHP: 25)
[23:57:49]ATTACK: Radulf Fawkes(fenrir2116) attacked NON-EXISTANT SUBJECT with pocket crowbar(INTENT: HELP) (DAMTYPE: BRUTE)
[23:57:51]ATTACK: Radulf Fawkes(fenrir2116) shot hivelord with the full strength kinetic force (NEWHP: 0)
[23:57:53]ATTACK: hivelord brood attacked Radulf Fawkes(fenrir2116)  (NEWHP: 100)
[23:57:55]ATTACK: hivelord brood attacked Radulf Fawkes(fenrir2116)  (NEWHP: 99.6)
[23:57:57]ATTACK: Radulf Fawkes(fenrir2116) attacked NON-EXISTANT SUBJECT with pocket crowbar(INTENT: HELP) (DAMTYPE: BRUTE)
[23:58:17]ATTACK: Keathry Storrmshard(roguenoob) shaked Areli Caelis(radiantflash)  (NEWHP: 95)
[23:58:19]ATTACK: Areli Caelis(radiantflash) shaked Keathry Storrmshard(roguenoob)  (NEWHP: 100)
[23:58:26]ATTACK: Areli Caelis(radiantflash) shaked Keathry Storrmshard(roguenoob)  (NEWHP: 100)
[23:58:28]ATTACK: Keathry Storrmshard(roguenoob) shaked Areli Caelis(radiantflash)  (NEWHP: 95)
[23:58:52]ATTACK: Keathry Storrmshard(roguenoob) shaked Areli Caelis(radiantflash)  (NEWHP: 95)
[23:58:53]ATTACK: Zephyr(andyman105) grabbed Ears(victinilover) passively (NEWHP: 100)
[00:03:05]ATTACK: Zephyr(andyman105) shaked Genevieve Yeskey(jonathanhybrid)  (NEWHP: 100)
[00:03:08]ATTACK: Genevieve Yeskey(jonathanhybrid) shaked Zephyr(andyman105)  (NEWHP: 100)
[00:03:22]ATTACK: Genevieve Yeskey(jonathanhybrid) fed Genevieve Yeskey(jonathanhybrid) with growchem(20 units);  (NEWHP: 100)
[00:03:36]ATTACK: Genevieve Yeskey(jonathanhybrid) fed Genevieve Yeskey(jonathanhybrid) with growchem(20 units);  (NEWHP: 100)
[00:04:01]ATTACK: Ears(victinilover) attacked Genevieve Yeskey(jonathanhybrid) with space carp plushie(INTENT: HELP) (DAMTYPE: BRUTE) (NEWHP: 100)
[00:04:02]ATTACK: Genevieve Yeskey(jonathanhybrid) fed Genevieve Yeskey(jonathanhybrid) with growchem(20 units);  (NEWHP: 100)
[00:04:02]ATTACK: Ears(victinilover) attacked Genevieve Yeskey(jonathanhybrid) with space carp plushie(INTENT: HELP) (DAMTYPE: BRUTE) (NEWHP: 100)
[00:04:03]ATTACK: Ears(victinilover) attacked Genevieve Yeskey(jonathanhybrid) with space carp plushie(INTENT: HELP) (DAMTYPE: BRUTE) (NEWHP: 100)
[00:04:09]ATTACK: Genevieve Yeskey(jonathanhybrid) shaked Ears(victinilover)  (NEWHP: 84)
[00:04:11]ATTACK: Ears(victinilover) shaked Genevieve Yeskey(jonathanhybrid)  (NEWHP: 100)
[00:04:14]ATTACK: Ears(victinilover) attacked Genevieve Yeskey(jonathanhybrid) with space carp plushie(INTENT: HELP) (DAMTYPE: BRUTE) (NEWHP: 100)
[00:04:15]ATTACK: Ears(victinilover) attacked Genevieve Yeskey(jonathanhybrid) with space carp plushie(INTENT: HELP) (DAMTYPE: BRUTE) (NEWHP: 100)
[00:04:17]ATTACK: Ears(victinilover) attacked Genevieve Yeskey(jonathanhybrid) with space carp plushie(INTENT: HELP) (DAMTYPE: BRUTE) (NEWHP: 100)
[00:04:18]ATTACK: Ears(victinilover) attacked Genevieve Yeskey(jonathanhybrid) with space carp plushie(INTENT: HELP) (DAMTYPE: BRUTE) (NEWHP: 100)
[00:04:19]ATTACK: Ears(victinilover) attacked Genevieve Yeskey(jonathanhybrid) with space carp plushie(INTENT: HELP) (DAMTYPE: BRUTE) (NEWHP: 100)
[00:04:20]ATTACK: Genevieve Yeskey(jonathanhybrid) fed Genevieve Yeskey(jonathanhybrid) with growchem(20 units);  (NEWHP: 100)
[00:04:20]ATTACK: Ears(victinilover) attacked Genevieve Yeskey(jonathanhybrid) with space carp plushie(INTENT: HELP) (DAMTYPE: BRUTE) (NEWHP: 100)
[00:04:21]ATTACK: Ears(victinilover) attacked Genevieve Yeskey(jonathanhybrid) with space carp plushie(INTENT: HELP) (DAMTYPE: BRUTE) (NEWHP: 100)
[00:04:26]ATTACK: Roland(whirlwwwind) climbed onto table 
[00:05:07]ATTACK: Genevieve Yeskey(jonathanhybrid) fed Genevieve Yeskey(jonathanhybrid) with shrinkchem(20 units);  (NEWHP: 100)
[00:05:09]ATTACK: Genevieve Yeskey(jonathanhybrid) fed Genevieve Yeskey(jonathanhybrid) with shrinkchem(20 units);  (NEWHP: 100)
[00:05:12]ATTACK: Genevieve Yeskey(jonathanhybrid) fed Genevieve Yeskey(jonathanhybrid) with shrinkchem(20 units);  (NEWHP: 100)
[00:05:14]ATTACK: Genevieve Yeskey(jonathanhybrid) fed Genevieve Yeskey(jonathanhybrid) with shrinkchem(20 units);  (NEWHP: 100)
[00:06:17]ATTACK: Zephyr(andyman105) shaked Genevieve Yeskey(jonathanhybrid)  (NEWHP: 100)
[00:06:22]ATTACK: Genevieve Yeskey(jonathanhybrid) shaked Zephyr(andyman105)  (NEWHP: 100)
[00:06:24]ATTACK: Genevieve Yeskey(jonathanhybrid) shaked Zephyr(andyman105)  (NEWHP: 100)
[00:06:28]ATTACK: Zephyr(andyman105) shaked Genevieve Yeskey(jonathanhybrid)  (NEWHP: 100)
[00:06:29]ATTACK: Genevieve Yeskey(jonathanhybrid) shaked Zephyr(andyman105)  (NEWHP: 100)
[00:06:31]ATTACK: Genevieve Yeskey(jonathanhybrid) shaked Zephyr(andyman105)  (NEWHP: 100)
[00:06:34]ATTACK: Zephyr(andyman105) shaked Genevieve Yeskey(jonathanhybrid)  (NEWHP: 100)
[00:06:34]ATTACK: Genevieve Yeskey(jonathanhybrid) shaked Zephyr(andyman105)  (NEWHP: 100)
[00:06:36]ATTACK: Genevieve Yeskey(jonathanhybrid) shaked Zephyr(andyman105)  (NEWHP: 100)
[00:06:40]ATTACK: Genevieve Yeskey(jonathanhybrid) shaked Zephyr(andyman105)  (NEWHP: 100)
[00:06:42]ATTACK: Zephyr(andyman105) shaked Genevieve Yeskey(jonathanhybrid)  (NEWHP: 95)
[00:06:43]ATTACK: Genevieve Yeskey(jonathanhybrid) shaked Zephyr(andyman105)  (NEWHP: 100)
[00:06:52]ATTACK: Elekeir Rofton(mrsueme2) injected Gunner Smirnov(kriegsmarineoffizier) with the syringewhich had Blood (NEWHP: 100)
[00:07:17]ATTACK: Elekeir Rofton(mrsueme2) injected Gunner Smirnov(kriegsmarineoffizier) with the syringewhich had Blood (NEWHP: 100)
[00:07:21]ATTACK: Radulf Fawkes(fenrir2116) shot basilisk with the full strength plasma blast (NEWHP: 170)
[00:07:23]ATTACK: Radulf Fawkes(fenrir2116) shot basilisk with the full strength plasma blast (NEWHP: 140)
[00:07:26]ATTACK: Radulf Fawkes(fenrir2116) shot basilisk with the full strength plasma blast (NEWHP: 110)
[00:07:28]ATTACK: basilisk attacked Bergmannpanzerklien 
[00:07:28]ATTACK: Radulf Fawkes(fenrir2116) shot basilisk with the full strength plasma blast (NEWHP: 80)
[00:07:30]ATTACK: Elekeir Rofton(mrsueme2) injected Gunner Smirnov(kriegsmarineoffizier) with the syringewhich had Blood (NEWHP: 100)
[00:07:30]ATTACK: basilisk attacked Bergmannpanzerklien 
[00:07:31]ATTACK: Radulf Fawkes(fenrir2116) pushed basilisk with Bergmannpanzerklien (NEWHP: 80)
[00:07:31]ATTACK: Radulf Fawkes(fenrir2116) shot basilisk with the full strength plasma blast (NEWHP: 50)
[00:07:33]ATTACK: Radulf Fawkes(fenrir2116) pushed basilisk with Bergmannpanzerklien (NEWHP: 50)
[00:07:34]ATTACK: Radulf Fawkes(fenrir2116) shot basilisk with the full strength plasma blast (NEWHP: 20)
[00:07:35]ATTACK: basilisk attacked Bergmannpanzerklien 
[00:07:36]ATTACK: Radulf Fawkes(fenrir2116) shot basilisk with the full strength plasma blast (NEWHP: 0)
[00:07:37]ATTACK: Elekeir Rofton(mrsueme2) shaked Gunner Smirnov(kriegsmarineoffizier)  (NEWHP: 100)
[00:07:44]ATTACK: Gunner Smirnov(kriegsmarineoffizier) shaked Elekeir Rofton(mrsueme2)  (NEWHP: 100)
[00:08:09]ATTACK: Pickles(suicidalpickles) shaked Ears(victinilover)  (NEWHP: 84)
[00:09:50]ATTACK: Zephyr(andyman105) grabbed Ears(victinilover) passively (NEWHP: 84)
[00:09:56]ATTACK: Ears(victinilover) disarmed Zephyr(andyman105)  (NEWHP: 100)
[00:10:31]ATTACK: hivelord brood attacked Bergmannpanzerklien 
[00:10:32]ATTACK: Radulf Fawkes(fenrir2116) attacked hivelord brood with exosuit drill(INTENT: HELP) (DAMTYPE: BRUTE) (NEWHP: 1)
[00:10:34]ATTACK: hivelord brood attacked Bergmannpanzerklien 
[00:10:36]ATTACK: hivelord brood attacked Bergmannpanzerklien 
[00:10:39]ATTACK: hivelord brood attacked Bergmannpanzerklien 
[00:10:42]ATTACK: Genevieve Yeskey(jonathanhybrid) climbed onto reinforced table 
[00:11:23]ATTACK: Genevieve Yeskey(jonathanhybrid) fed Genevieve Yeskey(jonathanhybrid) with shrinkchem(20 units);  (NEWHP: 95)
[00:11:30]ATTACK: Genevieve Yeskey(jonathanhybrid) climbed onto reinforced table 
[00:11:48]ATTACK: Genevieve Yeskey(jonathanhybrid) fed Genevieve Yeskey(jonathanhybrid) with shrinkchem(20 units);  (NEWHP: 95)
[00:12:21]ATTACK: Genevieve Yeskey(jonathanhybrid) fed Genevieve Yeskey(jonathanhybrid) with shrinkchem(20 units);  (NEWHP: 95)
[00:13:18]ATTACK: Ears(victinilover) shaked Gunner Smirnov(kriegsmarineoffizier)  (NEWHP: 100)
[00:13:20]ATTACK: Ears(victinilover) shaked Elekeir Rofton(mrsueme2)  (NEWHP: 100)
[00:13:21]ATTACK: Gunner Smirnov(kriegsmarineoffizier) shaked Ears(victinilover)  (NEWHP: 84)
[00:13:50]ATTACK: Keathry Storrmshard(roguenoob) shaked Areli Caelis(radiantflash)  (NEWHP: 95)
[00:14:28]ATTACK: Fari Sk'eri(esperkin) equipped Sandro Andrineti(sigmasquad) with the hand tele (NEWHP: 100)
[00:14:44]ATTACK: Gunner Smirnov(kriegsmarineoffizier) shaked Elekeir Rofton(mrsueme2)  (NEWHP: 100)
[00:14:47]ATTACK: Elekeir Rofton(mrsueme2) shaked Gunner Smirnov(kriegsmarineoffizier)  (NEWHP: 100)
[00:15:00]ATTACK: Genevieve Yeskey(jonathanhybrid) fed Genevieve Yeskey(jonathanhybrid) with shrinkchem(20 units);  (NEWHP: 95)
[00:15:07]ATTACK: Genevieve Yeskey(jonathanhybrid) fed Genevieve Yeskey(jonathanhybrid) with shrinkchem(20 units);  (NEWHP: 95)
[00:16:50]ATTACK: Areli Caelis(radiantflash) attacked Keathry Storrmshard(roguenoob) with soap(INTENT: HELP) (DAMTYPE: BRUTE) (NEWHP: 100)
[00:17:08]ATTACK: Areli Caelis(radiantflash) shaked Keathry Storrmshard(roguenoob)  (NEWHP: 100)
[00:17:43]ATTACK: Keathry Storrmshard(roguenoob) shaked Areli Caelis(radiantflash)  (NEWHP: 95)
[00:18:13]ATTACK: Zephyr(andyman105) shaked Genevieve Yeskey(jonathanhybrid)  (NEWHP: 95)
[00:18:14]ATTACK: Zephyr(andyman105) shaked Genevieve Yeskey(jonathanhybrid)  (NEWHP: 95)
[00:18:20]ATTACK: Areli Caelis(radiantflash) shaked Keathry Storrmshard(roguenoob)  (NEWHP: 100)
[00:19:34]ATTACK: Ears(victinilover) climbed onto bar counter 
[00:19:49]ATTACK: Areli Caelis(radiantflash) shaked Keathry Storrmshard(roguenoob)  (NEWHP: 100)
[00:20:00]ATTACK: Ears(victinilover) shaked Gunner Smirnov(kriegsmarineoffizier)  (NEWHP: 100)
[00:21:52]ATTACK: Zephyr(andyman105) grabbed Genevieve Yeskey(jonathanhybrid) passively (NEWHP: 93)
[00:22:56]ATTACK: Areli Caelis(radiantflash) shaked Elekeir Rofton(mrsueme2)  (NEWHP: 60)
[00:23:07]ATTACK: Nikolas Orland(hibou4) shaked Pickles(suicidalpickles)  (NEWHP: 45)
[00:23:19]ATTACK: Areli Caelis(radiantflash) shaked Keathry Storrmshard(roguenoob)  (NEWHP: 43.5)
[00:25:31]ATTACK: Gunner Smirnov(kriegsmarineoffizier) shaked Elekeir Rofton(mrsueme2)  (NEWHP: 100)
[00:25:35]ATTACK: Elekeir Rofton(mrsueme2) shaked Gunner Smirnov(kriegsmarineoffizier)  (NEWHP: 100)
[00:26:04]ATTACK: Wolfy Tubek(cebutris) fed Pickles(suicidalpickles) with silver_sulfadiazine(50 units);  (NEWHP: 34)
[00:26:12]ATTACK: Keathry Storrmshard(roguenoob) climbed onto wooden table 
[00:26:36]ATTACK: Keathry Storrmshard(roguenoob) shaked Areli Caelis(radiantflash)  (NEWHP: 95)
[00:27:05]ATTACK: Areli Caelis(radiantflash) shaked Keathry Storrmshard(roguenoob)  (NEWHP: 98.5)
[00:28:13]ATTACK: Keathry Storrmshard(roguenoob) punched Areli Caelis(radiantflash)  (NEWHP: 95)
[00:28:18]ATTACK: Keathry Storrmshard(roguenoob) shaked Areli Caelis(radiantflash)  (NEWHP: 89)
[00:28:26]ATTACK: Keathry Storrmshard(roguenoob) shaked Areli Caelis(radiantflash)  (NEWHP: 89)
[00:28:29]ATTACK: Keathry Storrmshard(roguenoob) shaked Areli Caelis(radiantflash)  (NEWHP: 89)
[00:28:31]ATTACK: Keathry Storrmshard(roguenoob) shaked Areli Caelis(radiantflash)  (NEWHP: 89)
[00:28:34]ATTACK: Keathry Storrmshard(roguenoob) shaked Areli Caelis(radiantflash)  (NEWHP: 89)
[00:28:35]ATTACK: Keathry Storrmshard(roguenoob) shaked Areli Caelis(radiantflash)  (NEWHP: 89)
[00:28:37]ATTACK: Keathry Storrmshard(roguenoob) shaked Areli Caelis(radiantflash)  (NEWHP: 89)
[00:28:39]ATTACK: Keathry Storrmshard(roguenoob) shaked Areli Caelis(radiantflash)  (NEWHP: 89)
[00:28:49]ATTACK: Areli Caelis(radiantflash) shaked Keathry Storrmshard(roguenoob)  (NEWHP: 98.5)
[00:28:51]ATTACK: Areli Caelis(radiantflash) shaked Keathry Storrmshard(roguenoob)  (NEWHP: 98.5)
[00:29:35]ATTACK: Zephyr(andyman105) grabbed Genevieve Yeskey(jonathanhybrid) passively (NEWHP: 88)
[00:29:43]ATTACK: Zephyr(andyman105) neck-grabbed Genevieve Yeskey(jonathanhybrid)  (NEWHP: 88)
[00:31:20]ATTACK: Keathry Storrmshard(roguenoob) hit Areli Caelis(radiantflash) with the dildo (NEWHP: 89)
[00:31:25]ATTACK: Areli Caelis(radiantflash) attacked Keathry Storrmshard(roguenoob) with dildo(INTENT: HELP) (DAMTYPE: BRUTE) (NEWHP: 98.5)
[00:31:33]ATTACK: Keathry Storrmshard(roguenoob) attacked Areli Caelis(radiantflash) with dildo(INTENT: HELP) (DAMTYPE: BRUTE) (NEWHP: 89)
[00:33:19]ATTACK: Ears(victinilover) grabbed Genevieve Yeskey(jonathanhybrid) passively (NEWHP: 88)
[00:33:19]ATTACK: Fari Sk'eri(esperkin) equipped Peter Sharpe(secondattemps) with NASA Voidsuit (NEWHP: 100)
[00:33:28]ATTACK: Fari Sk'eri(esperkin) equipped Peter Sharpe(secondattemps) with NASA Void Helmet (NEWHP: 100)
[00:33:59]ATTACK: Zephyr(andyman105) grabbed Ears(victinilover) passively (NEWHP: 84)
[00:34:04]ATTACK: Gunner Smirnov(kriegsmarineoffizier) shaked Elekeir Rofton(mrsueme2)  (NEWHP: 100)
[00:34:15]ATTACK: Areli Caelis(radiantflash) grabbed Keathry Storrmshard(roguenoob) passively (NEWHP: 98.5)
[00:34:20]ATTACK: Areli Caelis(radiantflash) shaked Keathry Storrmshard(roguenoob)  (NEWHP: 98.5)
[00:34:23]ATTACK: Zephyr(andyman105) grabbed Ears(victinilover) passively (NEWHP: 84)
[00:34:35]ATTACK: Areli Caelis(radiantflash) pushed Keathry Storrmshard(roguenoob)  (NEWHP: 98.5)
[00:34:38]ATTACK: Areli Caelis(radiantflash) shaked Keathry Storrmshard(roguenoob)  (NEWHP: 98.5)
[00:34:39]ATTACK: Areli Caelis(radiantflash) shaked Keathry Storrmshard(roguenoob)  (NEWHP: 98.5)
[00:36:51]ATTACK: Wolfy Tubek(cebutris) stripped Fari Sk'eri(esperkin) of the construction hardsuit (NEWHP: -412)
[00:38:12]ATTACK: Areli Caelis(radiantflash) shaked Keathry Storrmshard(roguenoob)  (NEWHP: 49)
[00:38:13]ATTACK: Areli Caelis(radiantflash) shaked Keathry Storrmshard(roguenoob)  (NEWHP: 52)
[00:38:15]ATTACK: Areli Caelis(radiantflash) shaked Keathry Storrmshard(roguenoob)  (NEWHP: 55)
[00:38:16]ATTACK: Areli Caelis(radiantflash) shaked Keathry Storrmshard(roguenoob)  (NEWHP: 55)
[00:38:48]ATTACK: Sandro Andrineti(sigmasquad) shaked Areli Caelis(radiantflash)  (NEWHP: 89)
[00:38:49]ATTACK: Areli Caelis(radiantflash) shaked Sandro Andrineti(sigmasquad)  (NEWHP: 100)
[00:38:51]ATTACK: Areli Caelis(radiantflash) shaked Keathry Storrmshard(roguenoob)  (NEWHP: 97)
[00:38:52]ATTACK: Keathry Storrmshard(roguenoob) stripped Elekeir Rofton(mrsueme2) of the medical backpack (NEWHP: -178.5)
[00:39:01]ATTACK: Areli Caelis(radiantflash) shaked Keathry Storrmshard(roguenoob)  (NEWHP: 97)
[00:39:03]ATTACK: Areli Caelis(radiantflash) shaked Keathry Storrmshard(roguenoob)  (NEWHP: 97)
[00:39:45]ATTACK: Areli Caelis(radiantflash) shaked Keathry Storrmshard(roguenoob)  (NEWHP: 97)
[00:39:46]ATTACK: Areli Caelis(radiantflash) shaked Keathry Storrmshard(roguenoob)  (NEWHP: 97)
[00:39:58]ATTACK: Areli Caelis(radiantflash) shaked Keathry Storrmshard(roguenoob)  (NEWHP: 97)
[00:39:59]ATTACK: Areli Caelis(radiantflash) shaked Keathry Storrmshard(roguenoob)  (NEWHP: 97)
[00:40:00]ATTACK: Areli Caelis(radiantflash) shaked Keathry Storrmshard(roguenoob)  (NEWHP: 97)
[00:40:01]ATTACK: Areli Caelis(radiantflash) shaked Keathry Storrmshard(roguenoob)  (NEWHP: 97)
[00:40:02]ATTACK: Areli Caelis(radiantflash) shaked Keathry Storrmshard(roguenoob)  (NEWHP: 97)
[00:40:03]ATTACK: Areli Caelis(radiantflash) shaked Keathry Storrmshard(roguenoob)  (NEWHP: 97)
[00:40:04]ATTACK: Areli Caelis(radiantflash) shaked Keathry Storrmshard(roguenoob)  (NEWHP: 97)
[00:40:05]ATTACK: Areli Caelis(radiantflash) shaked Keathry Storrmshard(roguenoob)  (NEWHP: 97)
[00:40:06]ATTACK: Areli Caelis(radiantflash) shaked Keathry Storrmshard(roguenoob)  (NEWHP: 97)
[00:40:08]ATTACK: Areli Caelis(radiantflash) shaked Keathry Storrmshard(roguenoob)  (NEWHP: 97)
[00:40:09]ATTACK: Areli Caelis(radiantflash) shaked Keathry Storrmshard(roguenoob)  (NEWHP: 97)
[00:40:10]ATTACK: Areli Caelis(radiantflash) shaked Keathry Storrmshard(roguenoob)  (NEWHP: 97)
[00:40:11]ATTACK: Areli Caelis(radiantflash) shaked Keathry Storrmshard(roguenoob)  (NEWHP: 97)
[00:40:12]ATTACK: Areli Caelis(radiantflash) shaked Keathry Storrmshard(roguenoob)  (NEWHP: 97)
[00:40:37]ATTACK: Keathry Storrmshard(roguenoob) injected Fari Sk'eri with the epinephrine medipen(Epinephrine) (NEWHP: -412)
[00:40:48]ATTACK: Sandro Andrineti(sigmasquad) shaked Areli Caelis(radiantflash)  (NEWHP: 89)
[00:40:53]ATTACK: Areli Caelis(radiantflash) equipped Sandro Andrineti(sigmasquad) with the captain's space helmet (NEWHP: 100)
[00:40:54]ATTACK: Areli Caelis(radiantflash) shaked Sandro Andrineti(sigmasquad)  (NEWHP: 100)
[00:40:56]ATTACK: Areli Caelis(radiantflash) shaked Sandro Andrineti(sigmasquad)  (NEWHP: 100)
[00:40:57]ATTACK: Sandro Andrineti(sigmasquad) shaked Areli Caelis(radiantflash)  (NEWHP: 89)
[00:40:58]ATTACK: Sandro Andrineti(sigmasquad) shaked Areli Caelis(radiantflash)  (NEWHP: 89)
[00:41:09]ATTACK: Keathry Storrmshard(roguenoob) grabbed Fari Sk'eri passively (NEWHP: -412)
[00:41:57]ATTACK: Unknown(suicidalpickles) attacked Keathry Storrmshard(roguenoob) with double-bladed energy sword (Wielded)(INTENT: HARM) (DAMTYPE: BRUTE) (NEWHP: 63)
[00:41:59]ATTACK: Unknown(suicidalpickles) attacked Keathry Storrmshard(roguenoob) with double-bladed energy sword (Wielded)(INTENT: HARM) (DAMTYPE: BRUTE) (NEWHP: 63)
[00:42:00]ATTACK: Unknown(suicidalpickles) attacked Sandro Andrineti(sigmasquad) with double-bladed energy sword (Wielded)(INTENT: HARM) (DAMTYPE: BRUTE) (NEWHP: 84.7)
[00:42:01]ATTACK: Unknown(suicidalpickles) attacked Sandro Andrineti(sigmasquad) with double-bladed energy sword (Wielded)(INTENT: HARM) (DAMTYPE: BRUTE) (NEWHP: 69.4)
[00:42:06]ATTACK: Roland(whirlwwwind) shaked Nikolas Orland(hibou4)  (NEWHP: 100)
[00:42:07]ATTACK: Radulf Fawkes(fenrir2116) shot Peter Sharpe(secondattemps) with the unstable arc (NEWHP: 100)
[00:42:16]ATTACK: space carp attacked Keathry Storrmshard(roguenoob)  (NEWHP: 29)
[00:42:16]ATTACK: space carp attacked Keathry Storrmshard(roguenoob)  (NEWHP: 14)
[00:42:16]ATTACK: space carp attacked Unknown(suicidalpickles)  (NEWHP: 100)
[00:42:16]ATTACK: space carp attacked Sandro Andrineti(sigmasquad)  (NEWHP: 69.4)
[00:42:16]ATTACK: space carp attacked Sandro Andrineti(sigmasquad)  (NEWHP: 62.65)
[00:42:16]ATTACK: space carp attacked Sandro Andrineti(sigmasquad)  (NEWHP: 55.9)
[00:42:16]ATTACK: space carp attacked Keathry Storrmshard(roguenoob)  (NEWHP: -1)
[00:42:16]ATTACK: space carp attacked Keathry Storrmshard(roguenoob)  (NEWHP: -16)
[00:42:16]ATTACK: space carp attacked Keathry Storrmshard(roguenoob)  (NEWHP: -31)
[00:42:16]ATTACK: Unknown(suicidalpickles) attacked space carp with double-bladed energy sword (Wielded)(INTENT: HARM) (DAMTYPE: BRUTE) (NEWHP: 0)
[00:42:18]ATTACK: space carp attacked Sandro Andrineti(sigmasquad)  (NEWHP: 49.15)
[00:42:18]ATTACK: space carp attacked Unknown(suicidalpickles)  (NEWHP: 100)
[00:42:18]ATTACK: space carp attacked Sandro Andrineti(sigmasquad)  (NEWHP: 42.4)
[00:42:18]ATTACK: space carp attacked Sandro Andrineti(sigmasquad)  (NEWHP: 35.65)
[00:42:18]ATTACK: space carp attacked Sandro Andrineti(sigmasquad)  (NEWHP: 28.9)
[00:42:19]ATTACK: Unknown(suicidalpickles) attacked space carp with double-bladed energy sword (Wielded)(INTENT: HARM) (DAMTYPE: BRUTE) (NEWHP: 0)
[00:42:20]ATTACK: Areli Caelis(radiantflash) shot space carp with the bullet (NEWHP: 0)
[00:42:21]ATTACK: space carp attacked Sandro Andrineti(sigmasquad)  (NEWHP: 22.15)
[00:42:21]ATTACK: space carp attacked Unknown(suicidalpickles)  (NEWHP: 100)
[00:42:21]ATTACK: space carp attacked Sandro Andrineti(sigmasquad)  (NEWHP: 15.4)
[00:42:21]ATTACK: space carp attacked Sandro Andrineti(sigmasquad)  (NEWHP: 8.65)
[00:42:21]ATTACK: space carp attacked Sandro Andrineti(sigmasquad)  (NEWHP: 1.9)
[00:42:21]ATTACK: space carp attacked Sandro Andrineti(sigmasquad)  (NEWHP: -4.85001)
[00:42:21]ATTACK: Areli Caelis(radiantflash) shot space carp with the bullet (NEWHP: 0)
[00:42:21]ATTACK: Areli Caelis(radiantflash) shot space carp with the bullet (NEWHP: 0)
[00:42:22]ATTACK: Areli Caelis(radiantflash) shot space carp with the bullet (NEWHP: 0)
[00:42:22]ATTACK: Unknown(suicidalpickles) attacked space carp with double-bladed energy sword (Wielded)(INTENT: HARM) (DAMTYPE: BRUTE) (NEWHP: 0)
[00:42:22]ATTACK: Areli Caelis(radiantflash) shot space carp with the bullet (NEWHP: 0)
[00:42:22]ATTACK: Radulf Fawkes(fenrir2116) shot Peter Sharpe(secondattemps) with the unstable arc (NEWHP: 75)
[00:42:22]ATTACK: Areli Caelis(radiantflash) shot space carp with the bullet (NEWHP: 0)
[00:42:22]ATTACK: Areli Caelis(radiantflash) shot space carp with the bullet (NEWHP: 0)
[00:42:22]ATTACK: Areli Caelis(radiantflash) shot space carp with the bullet (NEWHP: 0)
[00:42:23]ATTACK: Areli Caelis(radiantflash) shot space carp with the bullet (NEWHP: 0)
[00:42:23]ATTACK: Unknown(suicidalpickles) attacked space carp with double-bladed energy sword (Wielded)(INTENT: HARM) (DAMTYPE: BRUTE) (NEWHP: 0)
[00:42:23]ATTACK: Areli Caelis(radiantflash) shot space carp with the bullet (NEWHP: 0)
[00:42:23]ATTACK: space carp attacked Unknown(suicidalpickles)  (NEWHP: 100)
[00:42:23]ATTACK: space carp attacked Unknown(suicidalpickles)  (NEWHP: 100)
[00:42:23]ATTACK: space carp attacked Areli Caelis(radiantflash)  (NEWHP: 89)
[00:42:23]ATTACK: space carp attacked Unknown(suicidalpickles)  (NEWHP: 100)
[00:42:23]ATTACK: Areli Caelis(radiantflash) shot space carp with the bullet (NEWHP: 0)
[00:42:24]ATTACK: Areli Caelis(radiantflash) shot space carp with the bullet (NEWHP: 0)
[00:42:24]ATTACK: Unknown(suicidalpickles) attacked space carp with double-bladed energy sword (Wielded)(INTENT: HARM) (DAMTYPE: BRUTE) (NEWHP: 0)
[00:42:24]ATTACK: Areli Caelis(radiantflash) shot space carp with the bullet (NEWHP: 0)
[00:42:24]ATTACK: Areli Caelis(radiantflash) shot space carp with the bullet (NEWHP: 0)
[00:42:25]ATTACK: Unknown(suicidalpickles) attacked space carp with double-bladed energy sword (Wielded)(INTENT: HARM) (DAMTYPE: BRUTE) (NEWHP: 0)
[00:42:25]ATTACK: Areli Caelis(radiantflash) shot space carp with the bullet (NEWHP: 0)
[00:42:26]ATTACK: space carp attacked Unknown(suicidalpickles)  (NEWHP: 100)
[00:42:26]ATTACK: space carp attacked Unknown(suicidalpickles)  (NEWHP: 100)
[00:42:26]ATTACK: space carp attacked Unknown(suicidalpickles)  (NEWHP: 100)
[00:42:26]ATTACK: Areli Caelis(radiantflash) shot space carp with the bullet (NEWHP: 0)
[00:42:26]ATTACK: Unknown(suicidalpickles) attacked space carp with double-bladed energy sword (Wielded)(INTENT: HARM) (DAMTYPE: BRUTE) (NEWHP: 0)
[00:42:26]ATTACK: Radulf Fawkes(fenrir2116) shot Peter Sharpe(secondattemps) with the unstable arc (NEWHP: 50)
[00:42:26]ATTACK: Areli Caelis(radiantflash) shot space carp with the bullet (NEWHP: 0)
[00:42:27]ATTACK: Areli Caelis(radiantflash) shot space carp with the bullet (NEWHP: 0)
[00:42:27]ATTACK: Unknown(suicidalpickles) attacked space carp with double-bladed energy sword (Wielded)(INTENT: HARM) (DAMTYPE: BRUTE) (NEWHP: 0)
[00:42:27]ATTACK: Areli Caelis(radiantflash) shot space carp with the bullet (NEWHP: 0)
[00:42:28]ATTACK: space carp attacked Unknown(suicidalpickles)  (NEWHP: 86.5)
[00:42:28]ATTACK: space carp attacked Unknown(suicidalpickles)  (NEWHP: 73)
[00:42:28]ATTACK: space carp attacked Areli Caelis(radiantflash)  (NEWHP: 74)
[00:42:28]ATTACK: space carp attacked Areli Caelis(radiantflash)  (NEWHP: 59)
[00:42:28]ATTACK: space carp attacked Unknown(suicidalpickles)  (NEWHP: 73)
[00:42:29]ATTACK: Areli Caelis(radiantflash) shot space carp with the bullet (NEWHP: 0)
[00:42:29]ATTACK: Unknown(suicidalpickles) attacked space carp with double-bladed energy sword (Wielded)(INTENT: HARM) (DAMTYPE: BRUTE) (NEWHP: 0)
[00:42:30]ATTACK: Unknown(suicidalpickles) attacked space carp with double-bladed energy sword (Wielded)(INTENT: HARM) (DAMTYPE: BRUTE) (NEWHP: 0)
[00:42:31]ATTACK: space carp attacked Unknown(suicidalpickles)  (NEWHP: 68.5)
[00:42:31]ATTACK: space carp attacked Unknown(suicidalpickles)  (NEWHP: 55)
[00:42:31]ATTACK: space carp attacked Unknown(suicidalpickles)  (NEWHP: 41.5)
[00:42:31]ATTACK: space carp attacked Areli Caelis(radiantflash)  (NEWHP: 44)
[00:42:31]ATTACK: space carp attacked Areli Caelis(radiantflash)  (NEWHP: 29)
[00:42:31]ATTACK: space carp attacked Areli Caelis(radiantflash)  (NEWHP: 14)
[00:42:31]ATTACK: space carp attacked Areli Caelis(radiantflash)  (NEWHP: -1)
[00:42:31]ATTACK: space carp attacked Peter Sharpe(secondattemps)  (NEWHP: 25)
[00:42:31]ATTACK: space carp attacked Unknown(suicidalpickles)  (NEWHP: 28)
[00:42:33]ATTACK: space carp attacked Unknown(suicidalpickles)  (NEWHP: 14.5)
[00:42:33]ATTACK: space carp attacked Unknown(suicidalpickles)  (NEWHP: 1)
[00:42:33]ATTACK: space carp attacked Unknown(suicidalpickles)  (NEWHP: -12.5)
[00:42:33]ATTACK: space carp attacked Unknown(suicidalpickles)  (NEWHP: -26)
[00:42:33]ATTACK: space carp attacked Peter Sharpe(secondattemps)  (NEWHP: 10)
[00:42:37]ATTACK: Wolfy Tubek(cebutris) stunned Gunner Smirnov(kriegsmarineoffizier) with the telescopic baton (NEWHP: 100)
[00:42:43]ATTACK: Wolfy Tubek(cebutris) handcuffed Gunner Smirnov(kriegsmarineoffizier)  (NEWHP: 100)
[00:42:47]ATTACK: Zephyr(andyman105) shaked Roland(whirlwwwind)  (NEWHP: 100)
[00:42:49]ATTACK: Zephyr(andyman105) shaked Venri Voltari(kevak)  (NEWHP: 100)
[00:42:50]ATTACK: Wolfy Tubek(cebutris) attacked Gunner Smirnov(kriegsmarineoffizier) with telescopic baton(INTENT: HARM) (DAMTYPE: BRUTE) (NEWHP: 100)
[00:42:51]ATTACK: Wolfy Tubek(cebutris) attacked Gunner Smirnov(kriegsmarineoffizier) with telescopic baton(INTENT: HARM) (DAMTYPE: BRUTE) (NEWHP: 91)
[00:42:52]ATTACK: Wolfy Tubek(cebutris) attacked Gunner Smirnov(kriegsmarineoffizier) with telescopic baton(INTENT: HARM) (DAMTYPE: BRUTE) (NEWHP: 91)
[00:42:53]ATTACK: Wolfy Tubek(cebutris) attacked Gunner Smirnov(kriegsmarineoffizier) with telescopic baton(INTENT: HARM) (DAMTYPE: BRUTE) (NEWHP: 74)
[00:42:54]ATTACK: Wolfy Tubek(cebutris) attacked Gunner Smirnov(kriegsmarineoffizier) with telescopic baton(INTENT: HARM) (DAMTYPE: BRUTE) (NEWHP: 65)
[00:42:55]ATTACK: Wolfy Tubek(cebutris) attacked Gunner Smirnov(kriegsmarineoffizier) with telescopic baton(INTENT: HARM) (DAMTYPE: BRUTE) (NEWHP: 56)
[00:42:56]ATTACK: Wolfy Tubek(cebutris) attacked Gunner Smirnov(kriegsmarineoffizier) with telescopic baton(INTENT: HARM) (DAMTYPE: BRUTE) (NEWHP: 46)
[00:42:57]ATTACK: Zephyr(andyman105) shaked Nikolas Orland(hibou4)  (NEWHP: 100)
[00:43:02]ATTACK: Radulf Fawkes(fenrir2116) shot space carp with the unstable arc (NEWHP: 0)
[00:43:04]ATTACK: Radulf Fawkes(fenrir2116) shot space carp with the unstable arc (NEWHP: 0)
[00:43:05]ATTACK: Wolfy Tubek(cebutris) shot Gunner Smirnov(kriegsmarineoffizier) with the laser (NEWHP: 48)
[00:43:06]ATTACK: Wolfy Tubek(cebutris) shot Gunner Smirnov(kriegsmarineoffizier) with the laser (NEWHP: 38)
[00:43:08]ATTACK: Wolfy Tubek(cebutris) shot Gunner Smirnov(kriegsmarineoffizier) with the laser (NEWHP: 28)
[00:43:08]ATTACK: Wolfy Tubek(cebutris) shot Gunner Smirnov(kriegsmarineoffizier) with the laser (NEWHP: 18)
[00:43:09]ATTACK: Wolfy Tubek(cebutris) shot Gunner Smirnov(kriegsmarineoffizier) with the laser (NEWHP: 8)
[00:43:10]ATTACK: Wolfy Tubek(cebutris) shot Gunner Smirnov(kriegsmarineoffizier) with the laser (NEWHP: -2)
[00:43:11]ATTACK: Wolfy Tubek(cebutris) attacked Gunner Smirnov(kriegsmarineoffizier) with advanced laser pistol(INTENT: HARM) (DAMTYPE: BRUTE) (NEWHP: -12)
[00:43:12]ATTACK: Radulf Fawkes(fenrir2116) shot space carp with the unstable arc (NEWHP: 0)
[00:43:14]ATTACK: Wolfy Tubek(cebutris) punched Gunner Smirnov(kriegsmarineoffizier)  (NEWHP: -13)
[00:43:15]ATTACK: Radulf Fawkes(fenrir2116) shot space carp with the unstable arc (NEWHP: 0)
[00:43:15]ATTACK: Wolfy Tubek(cebutris) punched Gunner Smirnov(kriegsmarineoffizier)  (NEWHP: -13)
[00:43:16]ATTACK: Wolfy Tubek(cebutris) punched Gunner Smirnov(kriegsmarineoffizier)  (NEWHP: -24.4)
[00:43:17]ATTACK: Wolfy Tubek(cebutris) attacked Gunner Smirnov(kriegsmarineoffizier) with telescopic baton(INTENT: HARM) (DAMTYPE: BRUTE) (NEWHP: -21.4)
[00:43:17]ATTACK: Radulf Fawkes(fenrir2116) shot space carp with the unstable arc (NEWHP: 0)
[00:43:19]ATTACK: Wolfy Tubek(cebutris) attacked Gunner Smirnov(kriegsmarineoffizier) with telescopic baton(INTENT: HARM) (DAMTYPE: BRUTE) (NEWHP: -32.0667)
[00:43:20]ATTACK: Wolfy Tubek(cebutris) attacked Gunner Smirnov(kriegsmarineoffizier) with telescopic baton(INTENT: HARM) (DAMTYPE: BRUTE) (NEWHP: -38.0667)
[00:43:21]ATTACK: Wolfy Tubek(cebutris) attacked Gunner Smirnov(kriegsmarineoffizier) with telescopic baton(INTENT: HARM) (DAMTYPE: BRUTE) (NEWHP: -48.7333)
[00:43:22]ATTACK: Wolfy Tubek(cebutris) attacked Gunner Smirnov(kriegsmarineoffizier) with telescopic baton(INTENT: HARM) (DAMTYPE: BRUTE) (NEWHP: -52.7333)
[00:43:23]ATTACK: Wolfy Tubek(cebutris) attacked Gunner Smirnov(kriegsmarineoffizier) with telescopic baton(INTENT: HARM) (DAMTYPE: BRUTE) (NEWHP: -63.4)
[00:43:24]ATTACK: Wolfy Tubek(cebutris) attacked Gunner Smirnov(kriegsmarineoffizier) with telescopic baton(INTENT: HARM) (DAMTYPE: BRUTE) (NEWHP: -68.4)
[00:43:25]ATTACK: Wolfy Tubek(cebutris) punched Gunner Smirnov(kriegsmarineoffizier)  (NEWHP: -79.0667)
[00:43:26]ATTACK: Wolfy Tubek(cebutris) punched Gunner Smirnov(kriegsmarineoffizier)  (NEWHP: -88.0667)
[00:43:27]ATTACK: space carp attacked Radulf Fawkes(fenrir2116)  (NEWHP: 98)
[00:43:28]ATTACK: Wolfy Tubek(cebutris) punched Gunner Smirnov(kriegsmarineoffizier)  (NEWHP: -89.1333)
[00:43:29]ATTACK: Radulf Fawkes(fenrir2116) shot space carp with the unstable arc (NEWHP: 0)
[00:43:30]ATTACK: Wolfy Tubek(cebutris) attacked Gunner Smirnov(kriegsmarineoffizier) with oxygen tank(INTENT: HARM) (DAMTYPE: BRUTE) (NEWHP: -85.8)
[00:43:31]ATTACK: Wolfy Tubek(cebutris) attacked Gunner Smirnov(kriegsmarineoffizier) with oxygen tank(INTENT: HARM) (DAMTYPE: BRUTE) (NEWHP: -85.8)
[00:43:32]ATTACK: Wolfy Tubek(cebutris) attacked Gunner Smirnov(kriegsmarineoffizier) with oxygen tank(INTENT: HARM) (DAMTYPE: BRUTE) (NEWHP: -99.8)
[00:43:39]ATTACK: Radulf Fawkes(fenrir2116) shot space carp with the unstable arc (NEWHP: 0)
