

Starting up. 01:06.39
---------------------
Adding game mode abduction (abduction) to configuration.
Adding game mode blob (blob) to configuration.
Adding game mode changeling (changeling) to configuration.
Adding game mode traitor+changeling (traitorchan) to configuration.
Adding game mode double agents (double_agents) to configuration.
Adding game mode traitor (traitor) to configuration.
Adding game mode cult (cult) to configuration.
Adding game mode extended (extended) to configuration.
Adding game mode gang war (gang) to configuration.
Adding game mode hand of god (handofgod) to configuration.
Adding game mode AI malfunction (malfunction) to configuration.
Adding game mode meteor (meteor) to configuration.
Adding game mode monkey (monkey) to configuration.
Adding game mode nuclear emergency (nuclear) to configuration.
Adding game mode revolution (revolution) to configuration.
Adding game mode sandbox (sandbox) to configuration.
Adding game mode shadowling (shadowling) to configuration.
Adding game mode very ragin' bullshit mages (veryraginbullshitmages) to configuration.
Adding game mode ragin' mages (raginmages) to configuration.
Adding game mode wizard (wizard) to configuration.
Unknown setting in configuration: '/*'
Unknown setting in configuration: '*/'
Unknown setting in configuration: 'var/fps'
Unknown setting in configuration: '//###'
Unknown setting in configuration: '//##'
Unknown setting in configuration: '//#ghost_interaction'
Saved mode is 'extended'
[01:06:39]ADMIN: Loading Banlistjob
[01:06:39]ADMIN: Updating jobbanfile!
[01:06:39]ADMIN: Loading Banlist
[01:07:00]ACCESS: Login: Hibou4/(Hibou4) from 128.62.78.8-2599118141 || BYOND v510
[01:07:01]ACCESS: Login: Gozulio/(Gozulio) from 73.114.35.67-3548521517 || BYOND v510
[01:07:01]ACCESS: Login: ChronoFlux/(ChronoFlux) from 73.221.221.157-1336222677 || BYOND v510
[01:07:01]ACCESS: Login: Tk420634/(Tk420634) from 71.29.5.27-4019019304 || BYOND v509
[01:07:02]ACCESS: Login: Chokin and Tokin/(Chokin and Tokin) from 24.102.62.79-2332193 || BYOND v510
[01:07:03]ACCESS: Login: Twilightic/(Twilightic) from 74.194.85.130-3901625040 || BYOND v510
[01:07:04]ACCESS: Login: ThingPony/(ThingPony) from 71.29.5.27-2329598627 || BYOND v510
[01:07:04]ACCESS: Logout: Gozulio[DC]/(Gozulio)
[01:07:04]ACCESS: Logout: Twilightic[DC]/(Twilightic)
[01:07:04]ACCESS: Logout: Hibou4[DC]/(Hibou4)
[01:07:04]ACCESS: Logout: ChronoFlux[DC]/(ChronoFlux)
[01:07:04]ACCESS: Logout: Tk420634[DC]/(Tk420634)
[01:07:04]ACCESS: Logout: ThingPony[DC]/(ThingPony)
[01:07:04]ACCESS: Logout: Chokin and Tokin[DC]/(Chokin and Tokin)


Starting up. 02:25.27
---------------------
Adding game mode abduction (abduction) to configuration.
Adding game mode blob (blob) to configuration.
Adding game mode changeling (changeling) to configuration.
Adding game mode traitor+changeling (traitorchan) to configuration.
Adding game mode double agents (double_agents) to configuration.
Adding game mode traitor (traitor) to configuration.
Adding game mode cult (cult) to configuration.
Adding game mode extended (extended) to configuration.
Adding game mode gang war (gang) to configuration.
Adding game mode hand of god (handofgod) to configuration.
Adding game mode AI malfunction (malfunction) to configuration.
Adding game mode meteor (meteor) to configuration.
Adding game mode monkey (monkey) to configuration.
Adding game mode nuclear emergency (nuclear) to configuration.
Adding game mode revolution (revolution) to configuration.
Adding game mode sandbox (sandbox) to configuration.
Adding game mode shadowling (shadowling) to configuration.
Adding game mode very ragin' bullshit mages (veryraginbullshitmages) to configuration.
Adding game mode ragin' mages (raginmages) to configuration.
Adding game mode wizard (wizard) to configuration.
Unknown setting in configuration: '/*'
Unknown setting in configuration: '*/'
Unknown setting in configuration: 'var/fps'
Unknown setting in configuration: '//###'
Unknown setting in configuration: '//##'
Unknown setting in configuration: '//#ghost_interaction'
Saved mode is 'extended'
[02:25:46]ADMIN: Loading Banlistjob
[02:25:46]ADMIN: Updating jobbanfile!
[02:25:46]ADMIN: Loading Banlist
[02:25:52]ACCESS: Login: Arfsdallus/(Arfsdallus) from localhost-2970795726 || BYOND v509
[02:26:50]ADMIN: Arfsdallus has started the game.
[02:26:55]ACCESS: Logout: *no key*/(Arfsdallus)
[02:26:55]ACCESS: Login: Arfsdallus/(Suzan Costello) from localhost-2970795726 || BYOND v509
[02:28:15]EMOTE: monkey (962)/ : <B>The monkey (962)</B> jumps!
[02:28:26]EMOTE: monkey (257)/ : <B>The monkey (257)</B> jumps!
[02:29:12]ACCESS: Logout: Arfsdallus[DC]/(Suzan Costello)


Starting up. 02:44.19
---------------------
Adding game mode abduction (abduction) to configuration.
Adding game mode blob (blob) to configuration.
Adding game mode changeling (changeling) to configuration.
Adding game mode traitor+changeling (traitorchan) to configuration.
Adding game mode double agents (double_agents) to configuration.
Adding game mode traitor (traitor) to configuration.
Adding game mode cult (cult) to configuration.
Adding game mode extended (extended) to configuration.
Adding game mode gang war (gang) to configuration.
Adding game mode hand of god (handofgod) to configuration.
Adding game mode AI malfunction (malfunction) to configuration.
Adding game mode meteor (meteor) to configuration.
Adding game mode monkey (monkey) to configuration.
Adding game mode nuclear emergency (nuclear) to configuration.
Adding game mode revolution (revolution) to configuration.
Adding game mode sandbox (sandbox) to configuration.
Adding game mode shadowling (shadowling) to configuration.
Adding game mode very ragin' bullshit mages (veryraginbullshitmages) to configuration.
Adding game mode ragin' mages (raginmages) to configuration.
Adding game mode wizard (wizard) to configuration.
Unknown setting in configuration: '/*'
Unknown setting in configuration: '*/'
Unknown setting in configuration: 'var/fps'
Unknown setting in configuration: '//###'
Unknown setting in configuration: '//##'
Unknown setting in configuration: '//#ghost_interaction'
Saved mode is 'extended'
[02:44:21]ADMIN: Loading Banlistjob
[02:44:21]ADMIN: Updating jobbanfile!
[02:44:21]ADMIN: Loading Banlist
[02:44:29]ACCESS: Login: Arfsdallus/(Arfsdallus) from localhost-2970795726 || BYOND v509
[02:45:35]ADMIN: Arfsdallus has started the game.
[02:45:39]ACCESS: Logout: *no key*/(Arfsdallus)
[02:45:39]ACCESS: Login: Arfsdallus/(Suzan Costello) from localhost-2970795726 || BYOND v509
[02:45:56]EMOTE: Poly/ : <B>Poly</B> turns and flies towards the clipboard.
[02:46:09]EMOTE: monkey (142)/ : <B>The monkey (142)</B> jumps!
[02:46:12]EMOTE: Frank/ : <B>Frank</B> chases its tail.
[02:46:13]ACCESS: Logout: Arfsdallus[DC]/(Suzan Costello)


Starting up. 02:52.36
---------------------
Adding game mode abduction (abduction) to configuration.
Adding game mode blob (blob) to configuration.
Adding game mode changeling (changeling) to configuration.
Adding game mode traitor+changeling (traitorchan) to configuration.
Adding game mode double agents (double_agents) to configuration.
Adding game mode traitor (traitor) to configuration.
Adding game mode cult (cult) to configuration.
Adding game mode extended (extended) to configuration.
Adding game mode gang war (gang) to configuration.
Adding game mode hand of god (handofgod) to configuration.
Adding game mode AI malfunction (malfunction) to configuration.
Adding game mode meteor (meteor) to configuration.
Adding game mode monkey (monkey) to configuration.
Adding game mode nuclear emergency (nuclear) to configuration.
Adding game mode revolution (revolution) to configuration.
Adding game mode sandbox (sandbox) to configuration.
Adding game mode shadowling (shadowling) to configuration.
Adding game mode very ragin' bullshit mages (veryraginbullshitmages) to configuration.
Adding game mode ragin' mages (raginmages) to configuration.
Adding game mode wizard (wizard) to configuration.
Unknown setting in configuration: '/*'
Unknown setting in configuration: '*/'
Unknown setting in configuration: 'var/fps'
Unknown setting in configuration: '//###'
Unknown setting in configuration: '//##'
Unknown setting in configuration: '//#ghost_interaction'
Saved mode is 'extended'
[02:52:38]ADMIN: Loading Banlistjob
[02:52:38]ADMIN: Updating jobbanfile!
[02:52:38]ADMIN: Loading Banlist
[02:52:51]ACCESS: Login: Arfsdallus/(Arfsdallus) from localhost-2970795726 || BYOND v509
[02:53:00]ADMIN: Loading Banlistjob
[02:53:00]ADMIN: Loading Banlist
[02:53:00]ADMIN: Banlist is empty.
[02:53:00]ADMIN: Banlist missing base dir.
[02:53:03]ADMIN: Loading Banlistjob
[02:53:03]ADMIN: Loading Banlist
[02:53:03]ADMIN: Banlist is empty.
[02:53:03]ADMIN: Banlist missing base dir.
[02:53:09]ADMIN: Loading Banlistjob
[02:53:09]ADMIN: Loading Banlist
[02:53:09]ADMIN: Banlist is empty.
[02:53:09]ADMIN: Banlist missing base dir.
[02:53:14]ACCESS: Logout: Arfsdallus[DC]/(Arfsdallus)
[02:53:14]ADMIN: Loading Banlistjob
[02:53:14]ADMIN: Loading Banlist
[02:53:14]ADMIN: Banlist is empty.
[02:53:14]ADMIN: Banlist missing base dir.


Starting up. 02:56.06
---------------------
Adding game mode abduction (abduction) to configuration.
Adding game mode blob (blob) to configuration.
Adding game mode changeling (changeling) to configuration.
Adding game mode traitor+changeling (traitorchan) to configuration.
Adding game mode double agents (double_agents) to configuration.
Adding game mode traitor (traitor) to configuration.
Adding game mode cult (cult) to configuration.
Adding game mode extended (extended) to configuration.
Adding game mode gang war (gang) to configuration.
Adding game mode hand of god (handofgod) to configuration.
Adding game mode AI malfunction (malfunction) to configuration.
Adding game mode meteor (meteor) to configuration.
Adding game mode monkey (monkey) to configuration.
Adding game mode nuclear emergency (nuclear) to configuration.
Adding game mode revolution (revolution) to configuration.
Adding game mode sandbox (sandbox) to configuration.
Adding game mode shadowling (shadowling) to configuration.
Adding game mode very ragin' bullshit mages (veryraginbullshitmages) to configuration.
Adding game mode ragin' mages (raginmages) to configuration.
Adding game mode wizard (wizard) to configuration.
Unknown setting in configuration: '/*'
Unknown setting in configuration: '*/'
Unknown setting in configuration: 'var/fps'
Unknown setting in configuration: '//###'
Unknown setting in configuration: '//##'
Unknown setting in configuration: '//#ghost_interaction'
Saved mode is 'extended'
[02:56:08]ADMIN: Loading Banlistjob
[02:56:08]ADMIN: Updating jobbanfile!
[02:56:08]ADMIN: Loading Banlist
[02:56:20]ACCESS: Login: Arfsdallus/(Arfsdallus) from localhost-2970795726 || BYOND v509
[02:57:35]ADMIN: Arfsdallus has started the game.
[02:57:39]ACCESS: Logout: *no key*/(Arfsdallus)
[02:57:39]ACCESS: Login: Arfsdallus/(Suzan Costello) from localhost-2970795726 || BYOND v509
[02:57:45]EMOTE: monkey (408)/ : <B>The monkey (408)</B> jumps!
[02:57:50]EMOTE: Chester (383)/ : <B>Chester (383)</B> jumps!
[02:57:56]EMOTE: Poly/ : <B>Poly</B> turns and flies towards the clipboard.
[02:58:12]ACCESS: Logout: Arfsdallus[DC]/(Suzan Costello)


Starting up. 03:05.52
---------------------
Adding game mode abduction (abduction) to configuration.
Adding game mode blob (blob) to configuration.
Adding game mode changeling (changeling) to configuration.
Adding game mode traitor+changeling (traitorchan) to configuration.
Adding game mode double agents (double_agents) to configuration.
Adding game mode traitor (traitor) to configuration.
Adding game mode cult (cult) to configuration.
Adding game mode extended (extended) to configuration.
Adding game mode gang war (gang) to configuration.
Adding game mode hand of god (handofgod) to configuration.
Adding game mode AI malfunction (malfunction) to configuration.
Adding game mode meteor (meteor) to configuration.
Adding game mode monkey (monkey) to configuration.
Adding game mode nuclear emergency (nuclear) to configuration.
Adding game mode revolution (revolution) to configuration.
Adding game mode sandbox (sandbox) to configuration.
Adding game mode shadowling (shadowling) to configuration.
Adding game mode very ragin' bullshit mages (veryraginbullshitmages) to configuration.
Adding game mode ragin' mages (raginmages) to configuration.
Adding game mode wizard (wizard) to configuration.
Unknown setting in configuration: '/*'
Unknown setting in configuration: '*/'
Unknown setting in configuration: 'var/fps'
Unknown setting in configuration: '//###'
Unknown setting in configuration: '//##'
Unknown setting in configuration: '//#ghost_interaction'
Saved mode is 'extended'
[03:05:58]ADMIN: Loading Banlistjob
[03:05:58]ADMIN: Updating jobbanfile!
[03:06:00]ADMIN: Loading Banlist
[03:06:10]ACCESS: Login: Arfsdallus/(Arfsdallus) from localhost-2970795726 || BYOND v509
[03:07:53]ADMIN: Arfsdallus has started the game.
[03:07:57]ACCESS: Logout: *no key*/(Arfsdallus)
[03:07:57]ACCESS: Login: Arfsdallus/(Suzan Costello) from localhost-2970795726 || BYOND v509
[03:08:50]EMOTE: Frank/ : <B>Frank</B> chases its tail.
[03:08:51]ACCESS: Logout: Arfsdallus[DC]/(Suzan Costello)


Starting up. 03:24.09
---------------------
Adding game mode abduction (abduction) to configuration.
Adding game mode blob (blob) to configuration.
Adding game mode changeling (changeling) to configuration.
Adding game mode traitor+changeling (traitorchan) to configuration.
Adding game mode double agents (double_agents) to configuration.
Adding game mode traitor (traitor) to configuration.
Adding game mode cult (cult) to configuration.
Adding game mode extended (extended) to configuration.
Adding game mode gang war (gang) to configuration.
Adding game mode hand of god (handofgod) to configuration.
Adding game mode AI malfunction (malfunction) to configuration.
Adding game mode meteor (meteor) to configuration.
Adding game mode monkey (monkey) to configuration.
Adding game mode nuclear emergency (nuclear) to configuration.
Adding game mode revolution (revolution) to configuration.
Adding game mode sandbox (sandbox) to configuration.
Adding game mode shadowling (shadowling) to configuration.
Adding game mode very ragin' bullshit mages (veryraginbullshitmages) to configuration.
Adding game mode ragin' mages (raginmages) to configuration.
Adding game mode wizard (wizard) to configuration.
Unknown setting in configuration: '/*'
Unknown setting in configuration: '*/'
Unknown setting in configuration: 'var/fps'
Unknown setting in configuration: '//###'
Unknown setting in configuration: '//##'
Unknown setting in configuration: '//#ghost_interaction'
Saved mode is 'extended'
[03:24:13]ADMIN: Loading Banlistjob
[03:24:13]ADMIN: Updating jobbanfile!
[03:24:13]ADMIN: Loading Banlist
[03:24:18]ACCESS: Login: Arfsdallus/(Arfsdallus) from localhost-2970795726 || BYOND v509
[03:25:17]ADMIN: Arfsdallus has started the game.
[03:25:23]ACCESS: Logout: *no key*/(Arfsdallus)
[03:25:23]ACCESS: Login: Arfsdallus/(Suzan Costello) from localhost-2970795726 || BYOND v509
[03:25:44]EMOTE: Poly/ : <B>Poly</B> turns and flies towards the clipboard.
[03:25:44]EMOTE: monkey (202)/ : <B>The monkey (202)</B> jumps!
[03:25:49]ACCESS: Logout: Arfsdallus[DC]/(Suzan Costello)
