

Starting up. 00:49.35
---------------------
Adding game mode abduction (abduction) to configuration.
Adding game mode blob (blob) to configuration.
Adding game mode changeling (changeling) to configuration.
Adding game mode traitor+changeling (traitorchan) to configuration.
Adding game mode double agents (double_agents) to configuration.
Adding game mode traitor (traitor) to configuration.
Adding game mode cult (cult) to configuration.
Adding game mode extended (extended) to configuration.
Adding game mode gang war (gang) to configuration.
Adding game mode hand of god (handofgod) to configuration.
Adding game mode AI malfunction (malfunction) to configuration.
Adding game mode meteor (meteor) to configuration.
Adding game mode monkey (monkey) to configuration.
Adding game mode nuclear emergency (nuclear) to configuration.
Adding game mode revolution (revolution) to configuration.
Adding game mode sandbox (sandbox) to configuration.
Adding game mode shadowling (shadowling) to configuration.
Adding game mode very ragin' bullshit mages (veryraginbullshitmages) to configuration.
Adding game mode ragin' mages (raginmages) to configuration.
Adding game mode wizard (wizard) to configuration.
Unknown setting in configuration: '/*'
Unknown setting in configuration: '*/'
Unknown setting in configuration: 'var/fps'
Unknown setting in configuration: '//###'
Unknown setting in configuration: '//##'
Unknown setting in configuration: '//#ghost_interaction'
Saved mode is 'extended'
[00:49:35]ADMIN: Loading Banlistjob
[00:49:35]ADMIN: Updating jobbanfile!
[00:49:35]ADMIN: Loading Banlist
[00:49:42]ACCESS: Login: SuicidalPickles/(SuicidalPickles) from 73.151.100.94-3718660119 || BYOND v509
[00:49:49]ACCESS: Login: Gozulio/(Gozulio) from 73.114.32.244-3548521517 || BYOND v510
[00:49:49]ACCESS: Login: Czyrek/(Czyrek) from 107.209.19.75-2743071655 || BYOND v510
[00:49:49]ACCESS: Login: Chokin and Tokin/(Chokin and Tokin) from 24.102.60.102-2332193 || BYOND v510
[00:49:49]ACCESS: Login: Santano64neo/(Santano64neo) from 115.188.207.119-3752867390 || BYOND v510
[00:49:50]ACCESS: Login: Tk420634/(Tk420634) from 98.20.128.195-4019019304 || BYOND v509
[00:49:50]ACCESS: Login: Twilightic/(Twilightic) from 74.194.85.130-3901625040 || BYOND v510
[00:50:24]OOC: Gozulio/Gozulio : ^.^
[00:50:32]OOC: Gozulio/Gozulio : https://gyazo.com/82aa000baeea18eb44de0a0895b228d9
[00:50:53]OOC: Czyrek/Czyrek : laser pistooll
[00:51:01]OOC: Czyrek/Czyrek : is not self recharging it would seem
[00:51:32]OOC: Gozulio/Gozulio : self recharging is slow AF
[00:51:54]OOC: Gozulio/Gozulio : unwrench rechargers, drag them near to the bleb, lso use an emitter if you can get your paws on it
[00:52:20]ACCESS: Logout: *no key*/(Twilightic)
[00:52:20]ACCESS: Login: Twilightic/(Zander Sylphaen) from 74.194.85.130-3901625040 || BYOND v510
[00:52:29]ACCESS: Logout: *no key*/(Chokin and Tokin)
[00:52:29]ACCESS: Login: Chokin and Tokin/(Dante Bailey) from 24.102.60.102-2332193 || BYOND v510
[00:52:34]OOC: Gozulio/Gozulio : only place you can get them on dallus is the engine, so kick it off and unwrench/weld that fucker, and get it set up ASAP
[00:52:51]OOC: Dante Bailey/Chokin and Tokin : And order them from Cargo.
[00:52:57]ADMIN: ASAY: Gozulio/(Gozulio) : respawning?
[00:53:12]OOC: Gozulio/Gozulio : yeah you would want t order more from cargo to when the level 5 pops up
[00:53:26]EMOTE: Frank/ : <B>Frank</B> chases its tail.
[00:53:58]EMOTE: monkey (739)/ : <B>The monkey (739)</B> jumps!
[00:54:01]ADMIN: HELP: Twilightic/(Zander Sylphaen): Hey question. I didn&#39;t want to be CMO this round. Wanted to do Xeno. Can you switch me? - heard by 1 non-AFK admins who have +BAN.
[00:54:02]EMOTE: Frank/ : <B>Frank</B> chases its tail.
[00:54:14]OOC: Czyrek/Czyrek : I would have done that
[00:54:21]OOC: Czyrek/Czyrek : if i was enginerd
[00:54:30]OOC: Czyrek/Czyrek : though I had the spare I shoulda..
[00:54:47]OOC: Zander Sylphaen/Twilightic : I thought I was trapped inside medbay when I forgot I had the spare
[00:54:52]OOC: Czyrek/Czyrek : with low pop emitters are almost required to kill a blob
[00:54:54]OOC: Zander Sylphaen/Twilightic : I forgot it had buttons for the doro inside too
[00:54:59]OOC: Czyrek/Czyrek : not enough greyshits to weldblitz it
[00:55:21]SAY: Zander Sylphaen/Twilightic : Hello.
[00:55:23]GAME: Random Event triggering: Minor Space Dust (/datum/round_event/meteor_wave/dust)
[00:55:55]ADMIN: PM: Gozulio/(Gozulio)->Twilightic/(Zander Sylphaen): pretty sure tk is afk, might be stuck with tht role
[00:56:01]EMOTE: monkey (396)/ : <B>The monkey (396)</B> jumps!
[00:56:23]ADMIN: PM: Twilightic/(Zander Sylphaen)->Gozulio/(Gozulio): Oh wait. I&#39;m acting. I can still access xeno
[00:56:34]ADMIN: PM: Gozulio/(Gozulio)->Twilightic/(Zander Sylphaen): there you go
[00:56:46]SAY: Zander Sylphaen/Twilightic : Dante. Come for a scan if you would.
[00:56:53]SAY: Zander Sylphaen/Twilightic : Hello~
[00:57:16]ADMIN: PM: Chokin and Tokin/(Dante Bailey)->Twilightic/(Zander Sylphaen): You don&#39;t do other jobs as acting captain. Acting captain lets you change peoples access and can okay executions. 
[00:57:18]EMOTE: monkey (979)/ : <B>The monkey (979)</B> jumps!
[00:57:36]ADMIN: PM: Twilightic/(Zander Sylphaen)->Chokin and Tokin/(Dante Bailey): I&#39;m getting two different answers here. 
[00:58:23]GAME: Twilightic/(Zander Sylphaen) has wrenched a shower to freezing at (112,115,1)
[00:58:28]ADMIN: ASAY: Chokin and Tokin/(Dante Bailey) : Neither acting captain or captain should do other peoples jobs like that
[00:58:41]EMOTE: monkey (904)/ : <B>The monkey (904)</B> jumps!
[00:58:41]ADMIN: PM: Twilightic/(Zander Sylphaen)->Chokin and Tokin/(Dante Bailey): I didn&#39;t even want to be CMO this round, nick. :B Twer off, If I am not mistaken
[00:58:51]EMOTE: Chester (699)/ : <B>Chester (699)</B> jumps!
[00:58:55]ADMIN: PM: Twilightic/(Zander Sylphaen)->Chokin and Tokin/(Dante Bailey): I&#39;ve been trying all day to do xeno xD 
[00:58:57]ADMIN: ASAY: Gozulio/(Gozulio) : given how low pop it is i dont think it matters right now... but yeah
[00:59:03]ADMIN: PM: Chokin and Tokin/(Dante Bailey)->Twilightic/(Zander Sylphaen): If you&#39;re acting captain, you can change your own access.
[00:59:15]ADMIN: PM: Chokin and Tokin/(Dante Bailey)->Twilightic/(Zander Sylphaen): Just leave the spare in the bridge
[00:59:25]ADMIN: PM: Twilightic/(Zander Sylphaen)->Chokin and Tokin/(Dante Bailey): So change jobs or add xeno?
[00:59:37]EMOTE: monkey (594)/ : <B>The monkey (594)</B> jumps!
[00:59:38]ADMIN: PM: Chokin and Tokin/(Dante Bailey)->Twilightic/(Zander Sylphaen): If you don&#39;t want to be cmo, then change
[00:59:56]EMOTE: monkey (594)/ : <B>The monkey (594)</B> jumps!
[01:00:00]SAY: Frank/ : Bark!
[01:00:02]EMOTE: monkey (739)/ : <B>The monkey (739)</B> jumps!
[01:00:13]ADMIN: PM: Twilightic/(Zander Sylphaen)->Chokin and Tokin/(Dante Bailey): You know what, I&#39;ll just stay CMO.,,,,
[01:00:24]EMOTE: Frank/ : <B>Frank</B> chases its tail.
[01:00:31]ADMIN: PM: Chokin and Tokin/(Dante Bailey)->Twilightic/(Zander Sylphaen): If the admins come back, they can change you.
[01:00:32]EMOTE: Frank/ : <B>Frank</B> chases its tail.
[01:01:04]EMOTE: Frank/ : <B>Frank</B> chases its tail.
[01:01:37]EMOTE: monkey (842)/ : <B>The monkey (842)</B> jumps!
[01:01:57]SAY: grey baby slime (754)/ : Lonely...
[01:02:40]EMOTE: monkey (396)/ : <B>The monkey (396)</B> jumps!
[01:03:25]SAY: Zander Sylphaen/Twilightic : Dante...?
[01:03:39]SAY: grey baby slime (23)/ : Rawr...
[01:04:29]SAY: Dante Bailey/Chokin and Tokin : Hm?
[01:04:35]ACCESS: Logout: Gozulio[DC]/(Gozulio)
[01:04:40]SAY: grey baby slime (23)/ : Blop...
[01:04:48]SAY: Zander Sylphaen/Twilightic : Oh you are alive. good. Come to med for a scan please.
[01:04:50]SAY: Poly/ : OH GOD ITS FREE CALL THE SHUTTLE
[01:04:53]SAY: Dante Bailey/Chokin and Tokin : I&#39;m good, thanks.
[01:05:07]SAY: Zander Sylphaen/Twilightic : At least heighten your suit sensors...
[01:05:23]EMOTE: Frank/ : <B>Frank</B> chases its tail.
[01:06:31]SAY: Zander Sylphaen/Twilightic : ...why did you shut them off...?
[01:07:16]OOC: (LOCAL) Zander Sylphaen/Twilightic : Hey
[01:07:17]GAME: Random Event triggering: Spontaneous Appendicitis (/datum/round_event/spontaneous_appendicitis)
[01:07:20]EMOTE: Dante Bailey/Chokin and Tokin : <B>Dante Bailey</B> coughs!
[01:07:22]EMOTE: Dante Bailey/Chokin and Tokin : <B>Dante Bailey</B> coughs!
[01:07:24]EMOTE: Dante Bailey/Chokin and Tokin : <B>Dante Bailey</B> coughs!
[01:07:26]SAY: Dante Bailey/Chokin and Tokin : Er.. shit.
[01:07:28]SAY: Dante Bailey/Chokin and Tokin : My side..
[01:07:32]ACCESS: Login: Mechanicus Adept/(Mechanicus Adept) from 94.3.74.133-1771393593 || BYOND v510
[01:07:33]SAY: Zander Sylphaen/Twilightic : What is wrong?
[01:07:41]OOC: (LOCAL) Zander Sylphaen/Twilightic : O.o Is that thing from the other day &#39;remembered&#39;?
[01:07:42]ACCESS: Logout: *no key*/(Mechanicus Adept)
[01:07:42]ACCESS: Login: Mechanicus Adept/(Serena Rhinehart) from 94.3.74.133-1771393593 || BYOND v510
[01:07:46]SAY: Dante Bailey/Chokin and Tokin : Appendix I think..
[01:07:48]EMOTE: Frank/ : <B>Frank</B> chases its tail.
[01:07:49]SAY: Zander Sylphaen/Twilightic : Appendi-yes
[01:08:01]EMOTE: Dante Bailey/Chokin and Tokin : <B>Dante Bailey</B> coughs!
[01:08:13]EMOTE: Dante Bailey/Chokin and Tokin : <B>Dante Bailey</B> coughs!
[01:08:21]EMOTE: Frank/ : <B>Frank</B> chases its tail.
[01:08:24]ACCESS: Logout: *no key*/(Serena Rhinehart)
[01:08:24]ACCESS: Login: Mechanicus Adept/(Drone (841)) from 94.3.74.133-1771393593 || BYOND v510
[01:08:26]SAY: Zander Sylphaen/Twilightic : Would you like to be put under?
[01:08:33]SAY: Dante Bailey/Chokin and Tokin : Nope!
[01:08:41]EMOTE: Dante Bailey/Chokin and Tokin : <B>Dante Bailey</B> coughs!
[01:09:05]OOC: (LOCAL) Zander Sylphaen/Twilightic : I get the feeling you are keepign t hat in canon memory...I&#39;d really like that you&#39;d not if possible. x.x
[01:09:50]EMOTE: Chester (699)/ : <B>Chester (699)</B> jumps!
[01:09:56]OOC: (LOCAL) Dante Bailey/Chokin and Tokin : There wasn&#39;t antags, so I usually keep it cannon.
[01:09:58]SAY: Zander Sylphaen/Twilightic : All better~
[01:10:04]SAY: Dante Bailey/Chokin and Tokin : Thanks!
[01:10:09]SAY: Xena/ : HSSSSS
[01:10:09]OOC: (LOCAL) Zander Sylphaen/Twilightic : Eh...Can we omit that for now? 
[01:10:24]SAY: Zander Sylphaen/Twilightic : Could you at l-
[01:10:26]SAY: Zander Sylphaen/Twilightic : ...
[01:10:32]ADMIN: Mechanicus Adept/(Drone (841)) manipulated a pump at 119, 68, 1
[01:10:33]ADMIN: Mechanicus Adept/(Drone (841)) manipulated a pump at 119, 68, 1
[01:10:35]OOC: (LOCAL) Zander Sylphaen/Twilightic : God dammit.
[01:10:39]ADMIN: Mechanicus Adept/(Drone (841)) manipulated a pump at 127, 68, 1
[01:10:39]EMOTE: monkey (594)/ : <B>The monkey (594)</B> jumps!
[01:10:39]ADMIN: Mechanicus Adept/(Drone (841)) manipulated a pump at 127, 68, 1
[01:10:40]OOC: (LOCAL) Zander Sylphaen/Twilightic : You know fuck it...
[01:10:44]ADMIN: Mechanicus Adept/(Drone (841)) manipulated a pump at 127, 74, 1
[01:10:45]ADMIN: Mechanicus Adept/(Drone (841)) manipulated a pump at 127, 74, 1
[01:11:04]OOC: (LOCAL) Zander Sylphaen/Twilightic : If anyone needs me I&#39;ll me laying here.
[01:11:20]EMOTE: monkey (594)/ : <B>The monkey (594)</B> jumps!
[01:11:56]OOC: Zander Sylphaen/Twilightic : Look, I&#39;m still not used to the whole &#39;only omit antag round&#39; stuff. Normally I omit the bad stuff about people in rounds...Sorry... meh.
[01:12:23]EMOTE: monkey (979)/ : <B>The monkey (979)</B> jumps!
[01:12:46]EMOTE: Chester (699)/ : <B>Chester (699)</B> jumps!
[01:12:50]EMOTE: monkey (739)/ : <B>The monkey (739)</B> jumps!
[01:12:53]OOC: Zander Sylphaen/Twilightic : Like...I mean regardless of antags...because otherwise there would be a lot of conflict...
[01:12:54]EMOTE: monkey (739)/ : <B>The monkey (739)</B> jumps!
[01:13:00]EMOTE: Frank/ : <B>Frank</B> chases its tail.
[01:13:32]ACCESS: Logout: *no key*/(Drone (841))
[01:13:32]ACCESS: Login: Mechanicus Adept/(Drone (841)) from 94.3.74.133-1771393593 || BYOND v510
[01:13:40]EMOTE: Poly/ : <B>Poly</B> flutters its wings.
[01:13:51]OOC: (LOCAL) Zander Sylphaen/Twilightic : god dammit its like I&#39;m playing this alone again...
[01:14:14]OOC: (LOCAL) Zander Sylphaen/Twilightic : I&#39;ve really been trying to stay on here rather than cit, but this alone-ness gets to be depressing...
[01:14:15]EMOTE: monkey (396)/ : <B>The monkey (396)</B> jumps!
[01:14:31]EMOTE: monkey (842)/ : <B>The monkey (842)</B> jumps!
[01:14:38]OOC: (LOCAL) Drone (841)/Mechanicus Adept : I know what you mean.
[01:14:43]EMOTE: monkey (739)/ : <B>The monkey (739)</B> jumps!
[01:15:07]OOC: (LOCAL) Zander Sylphaen/Twilightic : Its depressing...and then that guy isn&#39;t even interacting at all because of something bleh
[01:15:30]EMOTE: Frank/ : <B>Frank</B> chases its tail.
[01:16:14]EMOTE: Frank/ : <B>Frank</B> chases its tail.
[01:16:16]EMOTE: monkey (979)/ : <B>The monkey (979)</B> jumps!
[01:16:24]PDA: Zander Sylphaen (PDA: PDA-Zander Sylphaen (Chief Medical Officer)) sent "...Do you have something against me, Dante...? Because I&#39;m feeling like you do, based on your responses thus far..." to PDA-Dante Bailey (Cargo Technician)
[01:16:43]OOC: (LOCAL) Zander Sylphaen/Twilightic : I&#39;ll try to fucking work it out IC, but if he doesn&#39;t want to then fuck it...
[01:16:45]EMOTE: monkey (396)/ : <B>The monkey (396)</B> jumps!
[01:16:45]ACCESS: Logout: Santano64neo[DC]/(Santano64neo)
[01:17:05]EMOTE: monkey (561)/ : <B>The monkey (561)</B> jumps!
[01:18:01]PDA: Zander Sylphaen (PDA: PDA-Zander Sylphaen (Chief Medical Officer)) sent "...sigh...sorry..." to PDA-Dante Bailey (Cargo Technician)
[01:18:14]EMOTE: monkey (288)/ : <B>The monkey (288)</B> jumps!
[01:18:22]EMOTE: Xena/ : <B>Xena</B> meows
[01:18:38]GAME: Random Event triggering: Minor Space Dust (/datum/round_event/meteor_wave/dust)
[01:19:06]EMOTE: monkey (288)/ : <B>The monkey (288)</B> gasps!
[01:19:08]EMOTE: Xena/ : <B>Xena</B> meows
[01:19:15]EMOTE: monkey (288)/ : <B>The monkey (288)</B> gasps!
[01:19:17]EMOTE: monkey (739)/ : <B>The monkey (739)</B> gasps!
[01:19:17]EMOTE: monkey (979)/ : <B>The monkey (979)</B> gasps!
[01:19:23]EMOTE: monkey (561)/ : <B>The monkey (561)</B> gasps!
[01:19:23]EMOTE: monkey (979)/ : <B>The monkey (979)</B> gasps!
[01:19:25]EMOTE: monkey (561)/ : <B>The monkey (561)</B> gasps!
[01:19:27]EMOTE: monkey (594)/ : <B>The monkey (594)</B> gasps!
[01:19:29]EMOTE: monkey (288)/ : <B>The monkey (288)</B> gasps!
[01:19:29]EMOTE: monkey (842)/ : <B>The monkey (842)</B> gasps!
[01:19:31]EMOTE: monkey (979)/ : <B>The monkey (979)</B> gasps!
[01:19:33]EMOTE: monkey (561)/ : <B>The monkey (561)</B> gasps!
[01:19:33]EMOTE: monkey (594)/ : <B>The monkey (594)</B> gasps!
[01:19:33]EMOTE: monkey (979)/ : <B>The monkey (979)</B> gasps!
[01:19:37]EMOTE: monkey (288)/ : <B>The monkey (288)</B> gasps!
[01:19:37]EMOTE: monkey (594)/ : <B>The monkey (594)</B> gasps!
[01:19:37]EMOTE: monkey (979)/ : <B>The monkey (979)</B> gasps!
[01:19:45]SAY: Poly/ : OH GOD ITS FREE CALL THE SHUTTLE
[01:19:53]EMOTE: Frank/ : <B>Frank</B> chases its tail.
[01:20:14]EMOTE: Frank/ : <B>Frank</B> chases its tail.
[01:20:30]SAY: grey baby slime (754)/ : Blorble...
[01:20:40]EMOTE: Frank/ : <B>Frank</B> chases its tail.
[01:21:05]ACCESS: Logout: Mechanicus Adept[DC]/(Drone (841))
[01:21:27]EMOTE: Xena/ : <B>Xena</B> shakes its head
[01:22:21]EMOTE: Frank/ : <B>Frank</B> chases its tail.
[01:22:31]SAY: Zander Sylphaen/Twilightic : ...If you need me...sigh...which I highly doubt you will...I&#39;ll be just laying in medbay...
[01:22:33]EMOTE: Frank/ : <B>Frank</B> chases its tail.
[01:22:43]SAY: Zander Sylphaen/Twilightic : This intercom is on...why...
[01:22:52]SAY: Dante Bailey/Chokin and Tokin : Mkay!
[01:22:55]SAY: Zander Sylphaen/Twilightic : ...
[01:23:27]SAY: Zander Sylphaen/Twilightic : Look...I&#39;m sorry about the other day...
[01:23:30]EMOTE: monkey (396)/ : <B>The monkey (396)</B> jumps!
[01:24:39]SAY: Poly/ : WHO TOOK THE DAMN HARDSUITS?
[01:24:45]SAY: Zander Sylphaen/Twilightic : I had a lot of stress lately, and I&#39;m sorry I shot you with Neurotoxin...I&#39;ve just had bad experiences with people in those situations...I tend to not like letting my guard down...
[01:24:55]EMOTE: monkey (396)/ : <B>The monkey (396)</B> jumps!
[01:25:43]EMOTE: Frank/ : <B>Frank</B> chases its tail.
[01:26:56]SAY: Poly/ : Wire the solars, you lazy bums!
[01:27:14]SAY: Zander Sylphaen/Twilightic : Ugh...
[01:27:29]SAY: Zander Sylphaen/Twilightic : You won&#39;t even give me the chance to try to talk about things...
[01:27:35]SAY: grey baby slime (754)/ : Rawr...
[01:28:01]SAY: grey baby slime (23)/ : Blop...
[01:28:09]EMOTE: Frank/ : <B>Frank</B> chases its tail.
[01:28:21]SAY: Zander Sylphaen/Twilightic : I give up...If you don&#39;t want me here, I won&#39;t be in your sight.  ...enjoy it.........
[01:29:42]SAY: Poly/ : Check the singlo, you chucklefucks!
[01:29:46]SAY: Frank/ : Woof!
[01:30:21]EMOTE: monkey (904)/ : <B>The monkey (904)</B> jumps!
[01:30:22]GAME: Random Event triggering: Camera Failure (/datum/round_event/camera_failure)
[01:30:45]EMOTE: Frank/ : <B>Frank</B> chases its tail.
[01:31:00]ACCESS: Login: Gozulio/(Gozulio) from 73.114.34.151-3548521517 || BYOND v510
[01:32:24]SAY: Xena/ : Meow!
[01:33:13]EMOTE: Frank/ : <B>Frank</B> chases its tail.
[01:33:41]SAY: Poly/ : Wire the solars, you lazy bums!
[01:34:40]EMOTE: Xena/ : <B>Xena</B> shivers
[01:35:30]EMOTE: Frank/ : <B>Frank</B> chases its tail.
[01:36:53]SAY: Poly/ : WHO TOOK THE DAMN HARDSUITS?
[01:37:05]EMOTE: monkey (904)/ : <B>The monkey (904)</B> jumps!
[01:37:52]SAY: grey baby slime (23)/ : Where is the food?
[01:38:39]EMOTE: Frank/ : <B>Frank</B> chases its tail.
[01:39:07]EMOTE: monkey (396)/ : <B>The monkey (396)</B> jumps!
[01:39:37]EMOTE: Frank/ : <B>Frank</B> chases its tail.
[01:39:55]EMOTE: Frank/ : <B>Frank</B> chases its tail.
[01:40:06]EMOTE: Frank/ : <B>Frank</B> chases its tail.
[01:40:12]SAY: grey baby slime (23)/ : I want to eat...
[01:41:04]EMOTE: Frank/ : <B>Frank</B> chases its tail.
[01:41:54]ACCESS: Logout: Chokin and Tokin[DC]/(Dante Bailey)
[01:42:37]EMOTE: monkey (396)/ : <B>The monkey (396)</B> jumps!
[01:43:58]GAME: Random Event triggering: False Alarm (/datum/round_event/falsealarm)
[01:43:58]SAY: grey baby slime (754)/ : I want to eat...
[01:44:00]EMOTE: Xena/ : <B>Xena</B> shivers
[01:44:02]EMOTE: Poly/ : <B>Poly</B> flutters its wings.
[01:44:24]SAY: grey baby slime (23)/ : Blorble...
[01:46:27]ADMIN: HELP: Twilightic/(Zander Sylphaen): ...does an acting/head fill in if a role is not being filled in other departments...? I&#39;m not gonna worry about getting job changed...if worst comes to worse, I&#39;ll just have you guys delete me and I&#39;ll get off for now... - heard by 0 non-AFK admins who have +BAN.
[01:46:29]EMOTE: Xena/ : <B>Xena</B> meows
[01:47:08]ACCESS: Login: RenegadeX557/(RenegadeX557) from 50.134.182.127-2685898956 || BYOND v510
[01:47:09]SAY: Zander Sylphaen/Twilightic : You know what. Whatever. Hate me if you wish, but I have a job to do. Do you know where the multitool went in primary storage?
[01:47:20]EMOTE: Frank/ : <B>Frank</B> chases its tail.
[01:47:29]ACCESS: Logout: *no key*/(RenegadeX557)
[01:47:29]ACCESS: Login: RenegadeX557/(Johnathan Cascade) from 50.134.182.127-2685898956 || BYOND v510
[01:47:53]EMOTE: Frank/ : <B>Frank</B> chases its tail.
[01:49:20]SAY: grey baby slime (754)/ : Hungry...
[01:49:22]GAME: Random Event triggering: Minor Space Dust (/datum/round_event/meteor_wave/dust)
[01:50:14]SAY: Zander Sylphaen/Twilightic : Testing
[01:50:16]SAY: Zander Sylphaen/Twilightic : Testing
[01:50:41]SAY: grey baby slime (754)/ : I want to eat...
[01:50:55]SAY: grey baby slime (754)/ : I want to eat...
[01:50:58]OOC: Zander Sylphaen/Twilightic : Anyone...?
[01:51:47]ADMIN: PM: Gozulio/(Gozulio)->Twilightic/(Zander Sylphaen): you only fll in in the case of an emergancy
[01:51:50]ACCESS: Logout: *no key*/(Gozulio)
[01:51:50]ACCESS: Login: Gozulio/(Eira Glitterpaws) from 73.114.34.151-3548521517 || BYOND v510
[01:52:00]ADMIN: PM: Twilightic/(Zander Sylphaen)->Gozulio/(Eira Glitterpaws): So I can&#39;t do rnD for med to get upgrades?
[01:52:00]EMOTE: monkey (904)/ : <B>The monkey (904)</B> jumps!
[01:52:02]EMOTE: Frank/ : <B>Frank</B> shakes its head.
[01:52:32]ADMIN: PM: Gozulio/(Eira Glitterpaws)->Twilightic/(Zander Sylphaen): its not your job so not really no.
[01:53:02]ADMIN: PM: Twilightic/(Zander Sylphaen)->Gozulio/(Eira Glitterpaws): Eh...once again I am the only crew member on this ship.....
[01:54:30]SAY: Zander Sylphaen/Twilightic : Hello????
[01:54:35]SAY: Zander Sylphaen/Twilightic : Are you even still alive??
[01:55:35]SAY: Zander Sylphaen/Twilightic : Not like i can tell since you shut down your sensors in spite of me
[01:56:05]ADMIN: PM: Twilightic/(Zander Sylphaen)->Gozulio/(Eira Glitterpaws): There is absolutely really nothing for me to do except genetics...
[01:56:27]EMOTE: monkey (396)/ : <B>The monkey (396)</B> jumps!
[01:56:33]EMOTE: monkey (396)/ : <B>The monkey (396)</B> jumps!
[01:57:12]SAY: Xena/ : HSSSSS
[01:57:38]GAME: Random Event triggering: Spontaneous Appendicitis (/datum/round_event/spontaneous_appendicitis)
[01:57:52]EMOTE: Xena/ : <B>Xena</B> shakes its head
[01:58:23]SAY: Xena/ : Esp!
[01:58:25]EMOTE: monkey (396)/ : <B>The monkey (396)</B> jumps!
[01:59:21]EMOTE: monkey (904)/ : <B>The monkey (904)</B> jumps!
[02:01:04]SAY: Zander Sylphaen/Twilightic : Ah
[02:02:01]EMOTE: Zander Sylphaen/Twilightic : <B>Zander Sylphaen</B> collapses!
[02:02:05]SAY: Poly/ : Poly wanna cracker!
[02:02:11]SAY: Zander Sylphaen/Twilightic : What
[02:02:16]EMOTE: Xena/ : <B>Xena</B> meows
[02:02:16]SAY: Zander Sylphaen/Twilightic : Did someone speak?
[02:02:32]EMOTE: Xena/ : <B>Xena</B> meows
[02:03:00]EMOTE: Zander Sylphaen/Twilightic : <B>Zander Sylphaen</B> collapses!
[02:04:55]EMOTE: Frank/ : <B>Frank</B> chases its tail.
[02:05:01]SAY: Poly/ : WHO TOOK THE DAMN HARDSUITS?
[02:05:46]SAY: Zander Sylphaen/Twilightic : The fuck did he go...
[02:06:18]EMOTE: Xena/ : <B>Xena</B> shivers
[02:06:41]SAY: Zander Sylphaen/Twilightic : I really...need him to at least scan me.
[02:06:44]SAY: Zander Sylphaen/Twilightic : :Dante?
[02:06:49]SAY: Zander Sylphaen/Twilightic : Dante?
[02:06:57]SAY: Zander Sylphaen/Twilightic : I need you to scan me at least.
[02:07:26]SAY: Zander Sylphaen/Twilightic : Ah.
[02:07:40]SAY: Zander Sylphaen/Twilightic : I guess you are SSD....
[02:07:58]SAY: Zander Sylphaen/Twilightic : Fantastic...
[02:08:13]ACCESS: Logout: *no key*/(Johnathan Cascade)
[02:08:13]ACCESS: Login: renegadex557/(ANTR-534) from 50.134.182.127-2685898956 || BYOND v510
[02:08:15]SAY: ANTR-534/renegadex557 : SIR?!
[02:08:22]SAY: ANTR-534/renegadex557 : .... Oh dear...
[02:08:24]EMOTE: Xena/ : <B>Xena</B> shakes its head
[02:08:28]SAY: ANTR-534/renegadex557 : What a digital nightmare...
[02:08:38]SAY: ANTR-534/renegadex557 : Uh hello?
[02:08:42]SAY: ANTR-534/renegadex557 : Is....
[02:08:54]SAY: ANTR-534/renegadex557 : .... oh dear... my processors seem to have booted at the worst possible time...
[02:09:04]SAY: grey baby slime (23)/ : Rawr...
[02:09:38]GAME: Random Event triggering: False Alarm (/datum/round_event/falsealarm)
[02:10:02]SAY: ANTR-534/renegadex557 : Oh-
[02:10:03]SAY: ANTR-534/renegadex557 : Darn.
[02:10:48]EMOTE: ANTR-534/renegadex557 : bounces lightly.
[02:10:53]SAY: ANTR-534/renegadex557 : Mmph.
[02:10:55]SAY: ANTR-534/renegadex557 : Darn. No servos.
[02:11:40]SAY: ANTR-534/renegadex557 : Ooooold maaaan riiiverrrrrr... Ooooold maaaan riiiverrrr~
[02:11:59]SAY: ANTR-534/renegadex557 : .... at least I&#39;m not drifting around in space with another space-obsessed brain...
[02:12:42]OOC: Zander Sylphaen/Twilightic : I need to restart things
[02:12:46]ACCESS: Logout: Twilightic[DC]/(Zander Sylphaen)
[02:12:53]SAY: ANTR-534/renegadex557 : ... oh well. If I&#39;m anything else, I&#39;m patient.
[02:12:59]EMOTE: monkey (396)/ : <B>The monkey (396)</B> jumps!
[02:13:01]SAY: Frank/ : Bark!
[02:13:19]SAY: ANTR-534/renegadex557 : Though a body would be lovely right now...
[02:13:22]EMOTE: Frank/ : <B>Frank</B> chases its tail.
[02:14:47]EMOTE: Frank/ : <B>Frank</B> chases its tail.
[02:15:09]EMOTE: Frank/ : <B>Frank</B> pants.
[02:15:45]EMOTE: Frank/ : <B>Frank</B> chases its tail.
[02:16:22]SAY: ANTR-534/renegadex557 : Um if there&#39;s a space god out there, would you be so kind as to move me to the table outside? Kinda... in sight?
[02:16:29]SAY: ANTR-534/renegadex557 : I dont think anyone looks in here anyway...
[02:16:44]ACCESS: Logout: Czyrek[DC]/(Czyrek)
[02:17:06]EMOTE: Frank/ : <B>Frank</B> chases its tail.
[02:17:14]SAY: ANTR-534/renegadex557 : ... hm....
[02:18:02]SAY: ANTR-534/renegadex557 : Oh well, time for the old Terra game &#34;Insult Simulator&#34;
[02:18:05]SAY: Poly/ : OH GOD ITS FREE CALL THE SHUTTLE
[02:18:37]GAME: Random Event triggering: Camera Failure (/datum/round_event/camera_failure)
[02:19:49]SAY: ANTR-534/renegadex557 : Your hovercraft is your mother... What?
[02:20:01]SAY: ANTR-534/renegadex557 : Oh c&#39;mon you can do better than that...
[02:20:30]SAY: Poly/ : Wire the solars, you lazy bums!
[02:21:03]ACCESS: Login: Twilightic/(Zander Sylphaen) from 74.194.85.130-3901625040 || BYOND v510
[02:21:28]OOC: Zander Sylphaen/Twilightic : back
[02:22:22]EMOTE: monkey (904)/ : <B>The monkey (904)</B> jumps!
[02:22:22]ACCESS: Logout: *no key*/(Tk420634)
[02:22:22]ACCESS: Login: Tk420634/(Hu Li Ming) from 98.20.128.195-4019019304 || BYOND v509
[02:22:36]SAY: ANTR-534/renegadex557 : Your mother wants some Wang and looks like a Demon&#39;s Asshole... Oh SIR! That was a bad one but so funny!
[02:22:46]OOC: Zander Sylphaen/Twilightic : there still no one on?
[02:22:57]OOC: ANTR-534/RenegadeX557 : telling would be icky in the oocky.
[02:22:59]SAY: Zander Sylphaen/Twilightic : Hello
[02:23:08]OOC: Zander Sylphaen/Twilightic : I meant active
[02:23:14]OOC: Zander Sylphaen/Twilightic : That is not Ic in occ. 
[02:23:25]OOC: Zander Sylphaen/Twilightic : I just feel like no one is on the server at all
[02:23:30]OOC: Zander Sylphaen/Twilightic : ghost, playing, or otherwise
[02:23:31]OOC: ANTR-534/RenegadeX557 : well someone is on and active. 
[02:24:50]SAY: grey baby slime (754)/ : Blorble...
[02:24:59]SAY: ANTR-534/renegadex557 : Why would someone use a corpse to hold cups of tea?!
[02:25:36]SAY: Zander Sylphaen/Twilightic : Bleh...
[02:25:55]SAY: ANTR-534/renegadex557 : Hello?
[02:26:12]SAY: ANTR-534/renegadex557 : Bleh bleh bleh??
[02:26:13]EMOTE: Frank/ : <B>Frank</B> chases its tail.
[02:26:19]EMOTE: monkey (904)/ : <B>The monkey (904)</B> jumps!
[02:26:25]EMOTE: monkey (396)/ : <B>The monkey (396)</B> jumps!
[02:26:55]OOC: Zander Sylphaen/Twilightic : I&#39;m so bored. x.x
[02:27:24]EMOTE: monkey (904)/ : <B>The monkey (904)</B> jumps!
[02:27:45]SAY: ANTR-534/renegadex557 : Meeeeeparooo
[02:27:46]SAY: grey baby slime (754)/ : Where is the food?
[02:27:48]SAY: ANTR-534/renegadex557 : ....
[02:27:52]EMOTE: Davion Allen/ : <B>Davion Allen</B> twitches violently.
[02:27:54]SAY: ANTR-534/renegadex557 : Oh well...
[02:27:58]SAY: ANTR-534/renegadex557 : Back to insult simulator.
[02:27:58]SAY: Davion Allen/ : MOTHERFUCKER
[02:28:04]SAY: ANTR-534/renegadex557 : Damn I hope someone finds me soon.
[02:28:04]EMOTE: Davion Allen/ : <B>Davion Allen</B> twitches violently.
[02:28:05]SAY: Zander Sylphaen/Twilightic : Nope
[02:28:14]SAY: Davion Allen/ : MOTHERFUCKER
[02:28:28]SAY: Davion Allen/ : MOTHERFUCKER
[02:28:30]SAY: grey baby slime (23)/ : Hungry...
[02:28:41]SAY: ANTR-534/renegadex557 : .... Hm.
[02:28:54]SAY: ANTR-534/renegadex557 : Your wife smells of your country and plays hidden object games...
[02:29:03]SAY: ANTR-534/renegadex557 : ... Huh...
[02:29:03]EMOTE: Frank/ : <B>Frank</B> chases its tail.
[02:29:11]EMOTE: Xena/ : <B>Xena</B> shivers
[02:29:40]SAY: Poly/ : WHO TOOK THE DAMN HARDSUITS?
[02:30:25]SAY: ANTR-534/renegadex557 : Hm hm hm.
[02:30:27]SAY: ANTR-534/renegadex557 : Bleh bleh bleh.
[02:30:29]SAY: ANTR-534/renegadex557 : Ooh ooh ooh.
[02:30:49]SAY: Twilightic/(Zander Sylphaen) has made a Centcom announcement: Putting in a request for more crewmates...Alas...I, the CMO, am the only active one...
[02:31:17]SAY: ANTR-534/renegadex557 : Hey space gods, if anyone&#39;s listening, tell someone sentient to get over here.
[02:31:25]EMOTE: Frank/ : <B>Frank</B> chases its tail.
[02:31:30]SAY: ANTR-534/renegadex557 : Please?
[02:31:35]SAY: grey baby slime (754)/ : Blop...
[02:31:43]GAME: Random Event triggering: Camera Failure (/datum/round_event/camera_failure)
[02:32:36]EMOTE: monkey (396)/ : <B>The monkey (396)</B> jumps!
[02:32:54]SAY: ANTR-534/renegadex557 : Hmm hm-hmmm hm hmmmm mmm~ Mm hm hmmm mhmmmhmhmmm hmhmhmhmhmhmhm~
[02:33:21]SAY: ANTR-534/renegadex557 : Damn I wish I was more noticable.
[02:33:32]SAY: ANTR-534/renegadex557 : Or at least sends a message through comms....
[02:33:43]EMOTE: monkey (904)/ : <B>The monkey (904)</B> jumps!
[02:34:42]SAY: ANTR-534/renegadex557 : HELLOOOO?!!
[02:35:05]SAY: grey baby slime (754)/ : Blop...
[02:35:46]SAY: ANTR-534/renegadex557 : ..... So bored...
[02:36:11]SAY: grey baby slime (23)/ : Blorble...
[02:37:11]SAY: ANTR-534/renegadex557 : ... I wonder if I can roll around...
[02:37:21]SAY: ANTR-534/renegadex557 : Maybe with the right electromagnetic wave....
[02:37:27]SAY: Poly/ : Wire the solars, you lazy bums!
[02:37:50]ADMIN: Gozulio replied to Twilightic/(Zander Sylphaen)'s Centcom message with the message Your reuest has been received and forwarded to the A.R.F global command channel..
[02:37:50]SAY: ANTR-534/renegadex557 : Hrgh...
[02:37:54]SAY: ANTR-534/renegadex557 : Grrrrrghh...
[02:38:13]SAY: Zander Sylphaen/Twilightic : Eh...thank you...
[02:38:18]SAY: ANTR-534/renegadex557 : GRRRGMMMMMGH!
[02:38:23]SAY: ANTR-534/renegadex557 : ... nope I&#39;m stuck.
[02:38:36]ADMIN: SubtlePM: Gozulio/(Eira Glitterpaws) -> Twilightic/(Zander Sylphaen) : you should go peek n RnD
[02:38:45]EMOTE: Xena/ : <B>Xena</B> shivers
[02:38:55]SAY: Zander Sylphaen/Twilightic : I feel like I should go look at RnD
[02:38:58]SAY: ANTR-534/renegadex557 : Heeeeeeelp.
[02:39:03]EMOTE: Frank/ : <B>Frank</B> chases its tail.
[02:39:20]SAY: ANTR-534/renegadex557 : HEY!!
[02:39:23]SAY: ANTR-534/renegadex557 : UPHERE!
[02:39:25]OOC: (LOCAL) Eira Glitterpaws/Gozulio : i cant SM posibrains, hold on someones coming
[02:39:25]SAY: grey baby slime (23)/ : Rawr...
[02:39:29]SAY: Poly/ : Poly wanna cracker!
[02:39:31]SAY: ANTR-534/renegadex557 : Ohmygoodness someone actually came by!
[02:39:34]SAY: Zander Sylphaen/Twilightic : Holy shit! I&#39;m so sorry!
[02:39:35]EMOTE: Xena/ : <B>Xena</B> shivers
[02:39:40]SAY: Zander Sylphaen/Twilightic : I&#39;ve been alone for awhile now...
[02:39:41]SAY: ANTR-534/renegadex557 : Hey hey no worries.
[02:39:45]SAY: ANTR-534/renegadex557 : I Dont got radio.
[02:39:59]SAY: Zander Sylphaen/Twilightic : I need to start turning that on when I get a chance
[02:40:01]GAME: Random Event triggering: Minor Space Dust (/datum/round_event/meteor_wave/dust)
[02:40:06]SAY: Zander Sylphaen/Twilightic : So!
[02:40:10]SAY: Zander Sylphaen/Twilightic : What would you like to be?
[02:40:17]SAY: ANTR-534/renegadex557 : Uhhhhh...
[02:40:22]SAY: ANTR-534/renegadex557 : Let&#39;s stick with a cyborg for now.
[02:40:27]SAY: ANTR-534/renegadex557 : As for mode, whatever&#39;s needed I guess.
[02:40:27]SAY: Zander Sylphaen/Twilightic : Alright
[02:40:30]SAY: Zander Sylphaen/Twilightic : Wait here
[02:40:32]SAY: Zander Sylphaen/Twilightic : Heh
[02:40:34]SAY: Zander Sylphaen/Twilightic : Sorry.
[02:40:47]SAY: Zander Sylphaen/Twilightic : You can speak over the intercom now though
[02:40:55]SAY: Zander Sylphaen/Twilightic : Can you hear me?
[02:40:57]ACCESS: Login: Sigmasquad/(Sigmasquad) from 169.233.57.123-3769776954 || BYOND v509
[02:40:58]SAY: ANTR-534/renegadex557 : Well that&#39;s true.
[02:40:59]SAY: Poly/ : WHO TOOK THE DAMN HARDSUITS?
[02:41:12]ACCESS: Logout: Sigmasquad[DC]/(Sigmasquad)
[02:41:26]SAY: ANTR-534/renegadex557 : Yeah I can.
[02:41:31]SAY: Zander Sylphaen/Twilightic : That is good
[02:41:37]SAY: Zander Sylphaen/Twilightic : As for whateveri s needed...
[02:41:47]SAY: Zander Sylphaen/Twilightic : I&#39;m the only crew member here...
[02:41:50]SAY: Zander Sylphaen/Twilightic : I&#39;m the CMO
[02:42:12]SAY: grey baby slime (23)/ : Lonely...
[02:42:18]EMOTE: Frank/ : <B>Frank</B> chases its tail.
[02:42:31]SAY: ANTR-534/renegadex557 : Really?
[02:42:32]SAY: grey baby slime (754)/ : I want to eat...
[02:42:32]SAY: ANTR-534/renegadex557 : Oh jeez.
[02:42:46]SAY: Zander Sylphaen/Twilightic : Oh! I need to get some things. And yeah...I didn&#39;t even want to clock in as teh CMO today.
[02:43:13]SAY: ANTR-534/renegadex557 : So i&#39;ll become whatever you want as needed.
[02:43:49]SAY: Zander Sylphaen/Twilightic : Hm...
[02:44:00]SAY: Zander Sylphaen/Twilightic : I&#39;m not entirely sure on all models right now.
[02:44:15]SAY: Zander Sylphaen/Twilightic : I&#39;m not supposed to do science so a miner would be useless...
[02:44:29]SAY: Zander Sylphaen/Twilightic : I will return
[02:45:08]SAY: Zander Sylphaen/Twilightic : And Janitorial is definitely useless right now
[02:45:25]SAY: Zander Sylphaen/Twilightic : I&#39;m medical...hm...Not sure about security.
[02:45:29]SAY: grey baby slime (23)/ : I want to eat...
[02:46:12]SAY: Zander Sylphaen/Twilightic : Just remember you can speak and I will hear you from there now
[02:46:38]SAY: Zander Sylphaen/Twilightic : Coming back~
[02:47:14]SAY: ANTR-534/renegadex557 : Need flashes?
[02:47:19]SAY: ANTR-534/renegadex557 : Use the fabricator.
[02:47:20]EMOTE: Xena/ : <B>Xena</B> mews
[02:47:23]SAY: Zander Sylphaen/Twilightic : I got them from bridge
[02:47:29]SAY: Zander Sylphaen/Twilightic : Besides
[02:47:39]SAY: Zander Sylphaen/Twilightic : Wait from the exofab?
[02:47:46]SAY: ANTR-534/renegadex557 : Yep.
[02:47:47]EMOTE: Frank/ : <B>Frank</B> chases its tail.
[02:47:53]SAY: ANTR-534/renegadex557 : Misc locatle.
[02:47:56]SAY: ANTR-534/renegadex557 : Misc location.
[02:47:57]SAY: ANTR-534/renegadex557 : Sorry.
[02:48:10]SAY: Zander Sylphaen/Twilightic : Only beacon, kibble, and powercell
[02:48:15]SAY: Zander Sylphaen/Twilightic : Don&#39;t have the research
[02:48:41]SAY: Zander Sylphaen/Twilightic : Preferred name~?
[02:48:45]ACCESS: Login: Chokin and Tokin/(Dante Bailey) from 24.102.60.102-2332193 || BYOND v510
[02:49:04]EMOTE: Frank/ : <B>Frank</B> chases its tail.
[02:49:32]SAY: ANTR-534/renegadex557 : I dont care really.
[02:49:53]SAY: Poly/ : OH GOD ITS FREE CALL THE SHUTTLE
[02:49:57]SAY: ANTR-534/renegadex557 : Name me anything.
[02:49:59]EMOTE: Frank/ : <B>Frank</B> chases its tail.
[02:50:16]SAY: Zander Sylphaen/Twilightic : Careful...my inner smartass will kick in and you will end up as Anything
[02:50:19]SAY: Zander Sylphaen/Twilightic : Heh
[02:50:39]SAY: ANTR-534/renegadex557 : Hah.
[02:50:43]SAY: ANTR-534/renegadex557 : If that&#39;ll be entertaining then fine.
[02:50:52]SAY: Zander Sylphaen/Twilightic : Nah, I got a name for you.
[02:50:57]ACCESS: Logout: *no key*/(ANTR-534)
[02:50:57]ACCESS: Login: renegadex557/(Void-Script) from 50.134.182.127-2685898956 || BYOND v510
[02:51:04]SAY: Void-Script/renegadex557 : Void script hm?
[02:51:08]ACCESS: Logout: Chokin and Tokin[DC]/(Dante Bailey)
[02:51:20]SAY: Zander Sylphaen/Twilightic : Would you like a rename board...?
[02:51:31]SAY: Zander Sylphaen/Twilightic : It was just something I came up with.
[02:51:36]SAY: Zander Sylphaen/Twilightic : Won&#39;t hurt my feelings.
[02:51:58]SAY: Void-Script/renegadex557 : So what shall I Be?
[02:52:00]EMOTE: Poly/ : <B>Poly</B> flutters its wings.
[02:52:04]SAY: Zander Sylphaen/Twilightic : What modules are there again?
[02:52:26]SAY: Zander Sylphaen/Twilightic : Moment.
[02:52:33]EMOTE: Poly/ : <B>Poly</B> bawks!
[02:52:59]SAY: Zander Sylphaen/Twilightic : Just in case.
[02:53:11]GAME: Random Event triggering: Camera Failure (/datum/round_event/camera_failure)
[02:53:55]SAY: grey baby slime (754)/ : Must... eat...
[02:54:16]OOC: (LOCAL) Zander Sylphaen/Twilightic : Might have to tend to the fucking annoying baby soon
[02:54:46]OOC: (LOCAL) Zander Sylphaen/Twilightic : So I might be down out of everything but talking for like 20 minutes.
[02:54:48]SAY: grey baby slime (23)/ : Lonely...
[02:55:25]SAY: grey baby slime (754)/ : Need... food...
[02:55:57]OOC: (LOCAL) Void-Script/RenegadeX557 : okay.
[02:56:03]SAY: Void-Script/renegadex557 : Let&#39;s see....
[02:56:27]SAY: Void-Script/renegadex557 : I can stay as I am... engineer, scientist, medical, miner, janitor, service, security, pleasure, loader, sec-hound, med-hound, borgi.
[02:56:36]EMOTE: Frank/ : <B>Frank</B> chases its tail.
[02:56:56]SAY: grey baby slime (754)/ : Must... eat...
[02:57:11]SAY: Zander Sylphaen/Twilightic : What on earth does a science droid do? And service... ...I can&#39;t believe we have pleasurebo-...scratch that, I can believe it.
[02:57:41]SAY: Zander Sylphaen/Twilightic : So far nothing is wrongwith the ship and the SM and atmos are set up enough...so ....hm.
[02:58:32]EMOTE: Frank/ : <B>Frank</B> chases its tail.
[02:59:42]SAY: Void-Script/renegadex557 : Well in events of emergency
[02:59:55]EMOTE: Frank/ : <B>Frank</B> chases its tail.
[02:59:57]SAY: Void-Script/renegadex557 : You can use the Reset board.
[03:00:33]SAY: grey baby slime (754)/ : Need... food...
[03:00:36]SAY: Zander Sylphaen/Twilightic : I know that much.
[03:00:40]SAY: Zander Sylphaen/Twilightic : Hm.
[03:00:59]OOC: (LOCAL) Zander Sylphaen/Twilightic : brb...
[03:01:01]SAY: Void-Script/renegadex557 : I recommend Miner for now.
[03:01:10]SAY: Zander Sylphaen/Twilightic : Alright. Then that will work
[03:01:32]SAY: Void-Script/renegadex557 : I will need upgrades
[03:01:41]SAY: Void-Script/renegadex557 : Ah.
[03:01:43]SAY: Void-Script/renegadex557 : There is none.
[03:02:13]SAY: Void-Script/renegadex557 : Welp.
[03:02:16]SAY: Void-Script/renegadex557 : Time to head out.
[03:02:32]SAY: Void-Script/renegadex557 : Contact me if you need anything.
[03:02:33]EMOTE: monkey (396)/ : <B>The monkey (396)</B> jumps!
[03:02:57]EMOTE: Xena/ : <B>Xena</B> meows
[03:03:38]EMOTE: Xena/ : <B>Xena</B> shivers
[03:03:44]SAY: Frank/ : Woof!
[03:03:56]EMOTE: Frank/ : <B>Frank</B> woofs!
[03:03:58]EMOTE: Frank/ : <B>Frank</B> chases its tail.
[03:04:03]EMOTE: Frank/ : <B>Frank</B> chases its tail.
[03:04:37]EMOTE: monkey (396)/ : <B>The monkey (396)</B> jumps!
[03:04:55]GAME: Random Event triggering: Minor Space Dust (/datum/round_event/meteor_wave/dust)
[03:05:40]EMOTE: monkey (396)/ : <B>The monkey (396)</B> jumps!
[03:06:15]ACCESS: Logout: Gozulio[DC]/(Eira Glitterpaws)
[03:08:24]EMOTE: Frank/ : <B>Frank</B> chases its tail.
[03:09:32]SAY: Xena/ : Meow!
[03:10:02]GAME: Random Event triggering: Minor Space Dust (/datum/round_event/meteor_wave/dust)
[03:10:14]EMOTE: monkey (396)/ : <B>The monkey (396)</B> jumps!
[03:10:30]EMOTE: monkey (904)/ : <B>The monkey (904)</B> jumps!
[03:11:49]EMOTE: Frank/ : <B>Frank</B> chases its tail.
[03:12:22]SAY: Xena/ : Esp!
[03:12:42]SAY: grey baby slime (23)/ : Must... eat...
[03:13:21]EMOTE: monkey (396)/ : <B>The monkey (396)</B> jumps!
[03:13:41]EMOTE: monkey (904)/ : <B>The monkey (904)</B> jumps!
[03:14:49]ADMIN: HELP: RenegadeX557/(Void-Script): Borgs are immune to basilisk blasts, right?? - heard by 0 non-AFK admins who have +BAN.
[03:15:02]ADMIN: PM: Tk420634/(Hu Li Ming)->RenegadeX557/(Void-Script): Uh... only one way to find out. :D
[03:15:22]ADMIN: PM: RenegadeX557/(Void-Script)->Tk420634/(Hu Li Ming): dont think I took any damage... but I did get punched by a goliath.
[03:15:27]EMOTE: Xena/ : <B>Xena</B> meows
[03:15:32]ADMIN: PM: Tk420634/(Hu Li Ming)->RenegadeX557/(Void-Script): Getting punched is bad mm'kay
[03:15:33]ADMIN: PM: RenegadeX557/(Void-Script)->Tk420634/(Hu Li Ming): I mean I know we&#39;re immune to FIRE.
[03:15:42]ADMIN: PM: Tk420634/(Hu Li Ming)->RenegadeX557/(Void-Script): Honestly, I don't borg/AI like at all. 
[03:16:01]EMOTE: Frank/ : <B>Frank</B> chases its tail.
[03:16:10]ADMIN: PM: RenegadeX557/(Void-Script)->Tk420634/(Hu Li Ming): I understand why.
[03:16:22]ADMIN: PM: Tk420634/(Hu Li Ming)->RenegadeX557/(Void-Script): Well, on Cita it was because Asimov is a fucking joke.
[03:16:28]ADMIN: PM: Tk420634/(Hu Li Ming)->RenegadeX557/(Void-Script): Here it's because I just haven't yet. :p
[03:16:33]ADMIN: PM: RenegadeX557/(Void-Script)->Tk420634/(Hu Li Ming): A-Flakking-greed.
[03:16:47]ACCESS: Logout: SuicidalPickles[DC]/(SuicidalPickles)
[03:16:47]OOC: Hu Li Ming/Tk420634 : I
[03:16:51]OOC: Hu Li Ming/Tk420634 : am going to go take a shower
[03:16:55]ADMIN: PM: RenegadeX557/(Void-Script)->Tk420634/(Hu Li Ming): Asimov... good grief. anyone can abuse that
[03:17:25]ADMIN: PM: Tk420634/(Hu Li Ming)->RenegadeX557/(Void-Script): It's great for stories.  Make interesting situations.  The problem is it's just _too_ easily abused.  Too many ways of approaching it.  It's a nightmare.
[03:17:47]ADMIN: PM: RenegadeX557/(Void-Script)->Tk420634/(Hu Li Ming): yeah I tried to take the I-Robot measure of thinking with that law... boy Cactus was PISSED at me for it.
[03:18:04]ADMIN: PM: RenegadeX557/(Void-Script)->Tk420634/(Hu Li Ming): Seen that movie? Makes ya think.
[03:18:09]EMOTE: Frank/ : <B>Frank</B> yaps.
[03:18:18]ACCESS: Login: Santano64neo/(Santano64neo) from 115.188.207.119-3752867390 || BYOND v510
[03:18:37]GAME: renegadex557/(Void-Script) has triggered a gibtonite deposit reaction at Mine (67, 15, 5).
[03:18:45]GAME: Random Event triggering: Brand Intelligence (/datum/round_event/brand_intelligence)
[03:19:08]EMOTE: monkey (904)/ : <B>The monkey (904)</B> jumps!
[03:19:14]ADMIN: PM: Tk420634/(Hu Li Ming)->RenegadeX557/(Void-Script): Man, asimov does nothing but piss me off.  It's just so fucking god awful.
[03:19:23]ACCESS: Logout: Santano64neo[DC]/(Santano64neo)
[03:19:34]SAY: Void-Script/renegadex557 : Oh shoop.
[03:19:40]EMOTE: Xena/ : <B>Xena</B> mews
[03:19:43]SAY: Void-Script/renegadex557 : Zander?!
[03:20:03]SAY: Zander Sylphaen/Twilightic : Oh no! What do I do!?
[03:20:10]SAY: Void-Script/renegadex557 : Calm down. Grab a screwdriver.
[03:20:17]SAY: Void-Script/renegadex557 : Locate ANY Getmore Chocolate vendors and toggle the speakers OFF.
[03:20:38]EMOTE: monkey (904)/ : <B>The monkey (904)</B> jumps!
[03:20:46]SAY: Void-Script/renegadex557 : I am unable to return due to battery problems.
[03:21:07]SAY: Zander Sylphaen/Twilightic : How do I help you?!
[03:21:13]SAY: Void-Script/renegadex557 : If any vending machines display any hostility, namely any Getmore Chocolate vendors- Don&#39;t worry about me
[03:21:23]SAY: Void-Script/renegadex557 : Focus on the vendors. Go! Toggle the speakers off.
[03:21:35]SAY: Void-Script/renegadex557 : Spacegods... if any are listening, please aid Zander.
[03:21:49]EMOTE: Frank/ : <B>Frank</B> chases its tail.
[03:21:51]SAY: grey baby slime (754)/ : So... hungry...
[03:21:58]SAY: Zander Sylphaen/Twilightic : Its infected hotdrinks!
[03:22:05]SAY: Void-Script/renegadex557 : Ignore them
[03:22:10]SAY: Void-Script/renegadex557 : But that means the target is close.
[03:22:29]SAY: Zander Sylphaen/Twilightic : Oh...This one said he is vanquished.
[03:22:32]SAY: Zander Sylphaen/Twilightic : Did I do it?
[03:22:36]SAY: Void-Script/renegadex557 : At this stage-
[03:22:38]SAY: Void-Script/renegadex557 : Yes!
[03:22:40]SAY: Void-Script/renegadex557 : You did it!
[03:22:42]SAY: Zander Sylphaen/Twilightic : Hooray!
[03:22:44]SAY: Void-Script/renegadex557 : Wonderfully job, Sir!
[03:22:49]SAY: Zander Sylphaen/Twilightic : Thank you!~
[03:22:53]SAY: Void-Script/renegadex557 : Oh dear, grammar malfunction.
[03:22:53]EMOTE: Frank/ : <B>Frank</B> chases its tail.
[03:22:54]ADMIN: Tk420634/(Hu Li Ming) played sound Explosions At Sealab.ogg
[03:22:57]SAY: Zander Sylphaen/Twilightic : Now. how do I help you?
[03:23:05]SAY: Void-Script/renegadex557 : You can&#39;t. I Have recharge stations.
[03:23:12]SAY: Zander Sylphaen/Twilightic : Okay. good.
[03:23:20]ADMIN: HELP: Twilightic/(Zander Sylphaen): Hey should I do rnd now? - heard by 1 non-AFK admins who have +BAN.
[03:23:24]EMOTE: Frank/ : <B>Frank</B> chases its tail.
[03:23:34]SAY: Void-Script/renegadex557 : However I would like your presence soon.
[03:23:35]ADMIN: PM: Tk420634/(Hu Li Ming)->Twilightic/(Zander Sylphaen): yeah, go ahead if you want.  I'mma be back in a bit
[03:23:38]SAY: Zander Sylphaen/Twilightic : Should I toggle the other speakers back on? It was actually  the second machine that did it.
[03:23:41]SAY: Void-Script/renegadex557 : But.... on the ship of course.
[03:23:51]SAY: Void-Script/renegadex557 : And yes, the danger has passed.
[03:23:55]SAY: Void-Script/renegadex557 : But they may need repairs.
[03:24:07]ADMIN: PM: Twilightic/(Zander Sylphaen)->Tk420634/(Hu Li Ming): Well.. I asked because I was told even as acting captain, I shouldn&#39;t do other jobs unless emergency
[03:24:11]SAY: grey baby slime (754)/ : Lonely...
[03:24:21]SAY: Zander Sylphaen/Twilightic : Repairs?
[03:24:27]SAY: Void-Script/renegadex557 : They&#39;re still flinging product.
[03:24:51]SAY: Zander Sylphaen/Twilightic : I&#39;m going to start some RnD.
[03:24:51]EMOTE: Xena/ : <B>Xena</B> meows
[03:24:59]SAY: Void-Script/renegadex557 : Ah. Yes. Gimme a moment.
[03:25:04]SAY: grey baby slime (23)/ : Blorble...
[03:25:28]EMOTE: Frank/ : <B>Frank</B> chases its tail.
[03:25:50]GAME: Random Event triggering: Minor Space Dust (/datum/round_event/meteor_wave/dust)
[03:26:04]GAME: Emitter lost power in (121,74,1)
[03:26:48]EMOTE: Frank/ : <B>Frank</B> chases its tail.
[03:27:04]SAY: Void-Script/renegadex557 : I will have supplies soon.
[03:28:19]SAY: Zander Sylphaen/Twilightic : Thank you, Void-Script~
[03:28:23]EMOTE: Frank/ : <B>Frank</B> pants.
[03:28:49]EMOTE: Frank/ : <B>Frank</B> chases its tail.
[03:28:52]SAY: Zander Sylphaen/Twilightic : Thank god it was that machine...because there are sooooo many of those things around here
[03:28:53]EMOTE: monkey (396)/ : <B>The monkey (396)</B> jumps!
[03:28:56]ADMIN: HELP: RenegadeX557/(Void-Script): But yes the Asimov laws were bull. It forces AIs and Borgs to work against their operators... Tried to oppose it using logic and TalkingCactus did the &#34;VOICE OF THE GODS&#34; on me going &#34;THE LAWS ARE ABSOLUTE! OBEY OR DIE!&#34; - heard by 0 non-AFK admins who have +BAN.
[03:29:14]EMOTE: Xena/ : <B>Xena</B> mews
[03:31:40]EMOTE: monkey (396)/ : <B>The monkey (396)</B> jumps!
[03:31:50]EMOTE: Frank/ : <B>Frank</B> chases its tail.
[03:32:21]SAY: grey baby slime (754)/ : Must... eat...
[03:32:33]SAY: grey baby slime (23)/ : So... hungry...
[03:33:46]SAY: Void-Script/renegadex557 : Please come to cargo.
[03:34:10]SAY: Zander Sylphaen/Twilightic : Coming
[03:34:51]SAY: Void-Script/renegadex557 : Zander?
[03:34:53]SAY: Frank/ : YAP
[03:34:59]GAME: Random Event triggering: Camera Failure (/datum/round_event/camera_failure)
[03:34:59]SAY: Zander Sylphaen/Twilightic : Where are you?
[03:35:01]EMOTE: Frank/ : <B>Frank</B> chases its tail.
[03:35:02]SAY: Void-Script/renegadex557 : Oh!
[03:35:11]SAY: Void-Script/renegadex557 : Cargo
[03:35:17]SAY: Void-Script/renegadex557 : Ah.
[03:35:18]SAY: Void-Script/renegadex557 : There you are.
[03:35:20]SAY: Zander Sylphaen/Twilightic : Just to let you know
[03:35:22]SAY: Void-Script/renegadex557 : I Bring a gift.
[03:35:24]SAY: Zander Sylphaen/Twilightic : I have x-ray vision. Hah
[03:35:29]SAY: Zander Sylphaen/Twilightic : Oh?
[03:35:33]SAY: Void-Script/renegadex557 : Spoils of combat.
[03:35:34]SAY: Zander Sylphaen/Twilightic : Gah!
[03:35:37]SAY: Zander Sylphaen/Twilightic : What is that!?
[03:35:38]SAY: Void-Script/renegadex557 : With a mining hardsuit so you can armor it up.
[03:35:40]SAY: Void-Script/renegadex557 : Ah.
[03:35:43]SAY: Void-Script/renegadex557 : Goliath hide plating.
[03:35:54]SAY: Zander Sylphaen/Twilightic : JESUS
[03:35:56]SAY: Void-Script/renegadex557 : You can attach them to the hardsuit to amplify its defense.
[03:36:09]SAY: Void-Script/renegadex557 : It is HIGHLY ideal for anti-melee damage.
[03:36:15]SAY: Zander Sylphaen/Twilightic : All to this one?
[03:36:19]SAY: Void-Script/renegadex557 : Yes.
[03:36:25]EMOTE: Frank/ : <B>Frank</B> chases its tail.
[03:36:29]SAY: Void-Script/renegadex557 : 5 goliaths taken down, 2 basilisks executed.
[03:36:32]SAY: grey baby slime (754)/ : Blop...
[03:36:32]SAY: Zander Sylphaen/Twilightic : There you go~
[03:36:33]SAY: Zander Sylphaen/Twilightic : Woah
[03:36:34]SAY: Void-Script/renegadex557 : Unable to inquire about haul.
[03:36:38]SAY: Zander Sylphaen/Twilightic : Congratulations!
[03:36:39]SAY: Zander Sylphaen/Twilightic : What?
[03:36:40]SAY: Void-Script/renegadex557 : This way.
[03:36:52]SAY: Void-Script/renegadex557 : I cannot look in the box.
[03:37:00]SAY: Void-Script/renegadex557 : How much did I bring?
[03:37:28]SAY: Zander Sylphaen/Twilightic : 72 gold, 45 silver, 174 metal, 259 sand 13 diamond 48 plasma 33 uranium
[03:37:34]SAY: Void-Script/renegadex557 : If it helps, I recommend starting with 4 of each ore.
[03:37:48]SAY: Void-Script/renegadex557 : That way it can maximize yield and aid Science&#39;s advancement.
[03:37:51]SAY: Zander Sylphaen/Twilightic : So...Just place them in the ORM?
[03:37:56]SAY: Void-Script/renegadex557 : No
[03:38:03]SAY: Void-Script/renegadex557 : It will be wasted
[03:38:09]SAY: Zander Sylphaen/Twilightic : I mean the four of each
[03:38:11]SAY: Void-Script/renegadex557 : Recommend individual application.
[03:38:17]SAY: Void-Script/renegadex557 : Warning. Battery low.
[03:38:24]SAY: Zander Sylphaen/Twilightic : Go to mechbay
[03:38:28]SAY: Void-Script/renegadex557 : Empty box and load individually.
[03:38:32]SAY: Void-Script/renegadex557 : Do not put box by redeemer.
[03:38:39]SAY: Zander Sylphaen/Twilightic : I was gonna have it behind me
[03:38:39]OOC: (LOCAL) Void-Script/RenegadeX557 : also...
[03:38:48]OOC: (LOCAL) Void-Script/RenegadeX557 : alt-click. Don&#39;t right click.
[03:38:53]OOC: (LOCAL) Void-Script/RenegadeX557 : it&#39;ll help. Trust me.
[03:38:57]SAY: Zander Sylphaen/Twilightic : Wait
[03:39:01]SAY: Void-Script/renegadex557 : Do hurry.
[03:39:03]OOC: (LOCAL) Zander Sylphaen/Twilightic : alt click what?
[03:39:08]OOC: (LOCAL) Void-Script/RenegadeX557 : the ore pack once you unload.
[03:39:17]OOC: (LOCAL) Void-Script/RenegadeX557 : yes, alt-click.
[03:39:20]OOC: (LOCAL) Void-Script/RenegadeX557 : alt-left click.
[03:39:44]SAY: grey baby slime (23)/ : Blorble...
[03:40:38]ADMIN: HELP: Twilightic/(Zander Sylphaen): How do I separate stacks? - heard by 0 non-AFK admins who have +BAN.
[03:41:52]SAY: Void-Script/renegadex557 : How&#39;s it coming?
[03:42:06]SAY: Zander Sylphaen/Twilightic : Its a quarrysome task~
[03:42:08]SAY: Zander Sylphaen/Twilightic : Heh.
[03:42:09]SAY: Void-Script/renegadex557 : But doable.
[03:42:14]SAY: Zander Sylphaen/Twilightic : It was a pun
[03:42:18]SAY: Void-Script/renegadex557 : Okay, this is good.
[03:42:20]EMOTE: Xena/ : <B>Xena</B> shivers
[03:42:23]SAY: Void-Script/renegadex557 : ... I am unable to parse &#39;puns&#39;
[03:42:24]SAY: Zander Sylphaen/Twilightic : But I guess it would make more sense if we had a quarry
[03:42:41]SAY: Void-Script/renegadex557 : That is enough.
[03:42:45]SAY: Void-Script/renegadex557 : There is more than enough ore.
[03:42:51]SAY: Void-Script/renegadex557 : Allow me to clean up.
[03:43:02]SAY: Zander Sylphaen/Twilightic : I was just throwing what I didn&#39;t throw. We had no silver in the ORM
[03:43:05]SAY: Xena/ : HSSSSS
[03:43:08]SAY: Void-Script/renegadex557 : Understood.
[03:44:08]SAY: Void-Script/renegadex557 : Adequately amounted.
[03:44:09]SAY: Zander Sylphaen/Twilightic : Unclaimed points...?
[03:44:17]SAY: Void-Script/renegadex557 : Leave that for a legitimate miner
[03:44:23]SAY: Zander Sylphaen/Twilightic : Okay
[03:44:29]SAY: Frank/ : AUUUUUU
[03:44:29]SAY: Void-Script/renegadex557 : A Miner can put their ID in and save it to their card to be used on a Mining rewards vendor.
[03:44:34]SAY: Zander Sylphaen/Twilightic : Oh
[03:44:36]SAY: Zander Sylphaen/Twilightic : Neat~
[03:44:39]SAY: Zander Sylphaen/Twilightic : Like for lazarus
[03:44:42]SAY: Void-Script/renegadex557 : Yes.
[03:44:50]SAY: Void-Script/renegadex557 : Done.
[03:44:58]SAY: Void-Script/renegadex557 : Also.
[03:45:00]SAY: Void-Script/renegadex557 : I require repairs.
[03:45:02]SAY: Void-Script/renegadex557 : A Goliath got too close.
[03:45:05]SAY: Zander Sylphaen/Twilightic : I do so.
[03:45:15]SAY: Zander Sylphaen/Twilightic : I shall do so, more likely
[03:45:23]EMOTE: Frank/ : <B>Frank</B> chases its tail.
[03:45:43]EMOTE: monkey (904)/ : <B>The monkey (904)</B> jumps!
[03:46:04]SAY: Zander Sylphaen/Twilightic : I need to get eyeware fist
[03:46:07]SAY: Zander Sylphaen/Twilightic : First...
[03:47:15]SAY: Zander Sylphaen/Twilightic : Another strange object...
[03:47:26]SAY: Zander Sylphaen/Twilightic : I need welding goggles....
[03:47:35]SAY: Void-Script/renegadex557 : There.
[03:47:48]SAY: Zander Sylphaen/Twilightic : Thank you
[03:47:59]SAY: Frank/ : AUUUUUU
[03:48:05]GAME: Random Event triggering: Clogged Vents (/datum/round_event/vent_clog)
[03:48:08]SAY: Zander Sylphaen/Twilightic : NOOOOO
[03:48:10]SAY: Zander Sylphaen/Twilightic : Oh
[03:48:11]SAY: Zander Sylphaen/Twilightic : Well
[03:48:12]SAY: Void-Script/renegadex557 : Good timing.
[03:48:14]SAY: Zander Sylphaen/Twilightic : That works out hah
[03:48:23]SAY: Zander Sylphaen/Twilightic : You goodnow?
[03:48:52]SAY: Void-Script/renegadex557 : Yes.
[03:48:53]SAY: Zander Sylphaen/Twilightic : How can I make you a better battery?
[03:48:55]SAY: Void-Script/renegadex557 : Ah
[03:49:03]EMOTE: monkey (396)/ : <B>The monkey (396)</B> jumps!
[03:49:03]SAY: Xena/ : HSSSSS
[03:49:09]SAY: Void-Script/renegadex557 : Mhmm.
[03:49:09]SAY: Void-Script/renegadex557 : There
[03:49:20]SAY: Void-Script/renegadex557 : Oh dear.
[03:49:24]SAY: Zander Sylphaen/Twilightic : What?
[03:49:28]SAY: Void-Script/renegadex557 : I Started construction as you loaded up materials
[03:49:32]SAY: Void-Script/renegadex557 : The system is now frozen.
[03:49:51]SAY: Void-Script/renegadex557 : Oh no.
[03:49:59]SAY: Void-Script/renegadex557 : Ah. fixed.
[03:50:00]SAY: Zander Sylphaen/Twilightic : Tada~
[03:50:08]EMOTE: monkey (904)/ : <B>The monkey (904)</B> jumps!
[03:50:09]SAY: Zander Sylphaen/Twilightic : Are you doing that?
[03:50:10]SAY: Void-Script/renegadex557 : Uh oh.
[03:50:11]SAY: Void-Script/renegadex557 : Yes.
[03:50:13]SAY: Void-Script/renegadex557 : Error.
[03:50:21]SAY: Void-Script/renegadex557 : Destructive Analyzer and Circuit Imprinter do not exist.
[03:50:36]SAY: Void-Script/renegadex557 : Fixed.
[03:50:48]SAY: Poly/ : OH GOD ITS FREE CALL THE SHUTTLE
[03:50:55]SAY: Zander Sylphaen/Twilightic : Jesus
[03:51:00]SAY: Void-Script/renegadex557 : Here.
[03:51:04]SAY: Zander Sylphaen/Twilightic : Pretty sure you have this one in you...
[03:51:15]SAY: Zander Sylphaen/Twilightic : This is what was on the table
[03:51:20]SAY: Zander Sylphaen/Twilightic : Oh dear
[03:51:23]SAY: Void-Script/renegadex557 : Crowbar.
[03:51:45]SAY: Xena/ : HSSSSS
[03:51:55]EMOTE: Frank/ : <B>Frank</B> chases its tail.
[03:51:57]OOC: (LOCAL) Void-Script/RenegadeX557 : click to pull out first.
[03:52:00]OOC: (LOCAL) Void-Script/RenegadeX557 : empty hand.
[03:52:25]SAY: Void-Script/renegadex557 : Use your ID to lock me.
[03:52:28]SAY: Zander Sylphaen/Twilightic : Do I lock it with a s-oh
[03:52:46]SAY: Zander Sylphaen/Twilightic : Better~?
[03:52:48]SAY: Void-Script/renegadex557 : Yes.
[03:52:52]SAY: Void-Script/renegadex557 : I now have more power.
[03:53:02]SAY: Zander Sylphaen/Twilightic : Eventually we will have the most power
[03:53:24]SAY: Zander Sylphaen/Twilightic : Wait
[03:53:28]SAY: Void-Script/renegadex557 : Hm?
[03:53:51]SAY: Zander Sylphaen/Twilightic : Hm
[03:54:00]SAY: Zander Sylphaen/Twilightic : What is VTEC?
[03:54:28]SAY: Void-Script/renegadex557 : V-tec.
[03:54:28]SAY: Zander Sylphaen/Twilightic : Self repair module
[03:54:30]SAY: Void-Script/renegadex557 : Speed boost.
[03:54:32]SAY: Zander Sylphaen/Twilightic : Oh
[03:54:39]SAY: Zander Sylphaen/Twilightic : Well how do I load this one into you?
[03:54:42]SAY: Zander Sylphaen/Twilightic : Its repair
[03:54:49]SAY: Void-Script/renegadex557 : As if you&#39;re changing out the battery.
[03:54:55]SAY: Void-Script/renegadex557 : Unlock cover, crowbar open, set tech inside.
[03:55:10]GAME: Random Event triggering: Camera Failure (/datum/round_event/camera_failure)
[03:55:12]EMOTE: Frank/ : <B>Frank</B> chases its tail.
[03:55:33]SAY: Zander Sylphaen/Twilightic : Tada~
[03:56:01]SAY: Void-Script/renegadex557 : Upgrades detected.
[03:56:04]SAY: Void-Script/renegadex557 : Software updated.
[03:56:07]SAY: Void-Script/renegadex557 : Hardware updated.
[03:56:12]SAY: Void-Script/renegadex557 : Thanks!
[03:56:16]SAY: Zander Sylphaen/Twilightic : Of course~
[03:56:40]EMOTE: Frank/ : <B>Frank</B> chases its tail.
[03:57:02]EMOTE: monkey (396)/ : <B>The monkey (396)</B> jumps!
[03:58:13]EMOTE: Poly/ : <B>Poly</B> squawks.
[03:58:36]SAY: Zander Sylphaen/Twilightic : Do you have a module to hold items?
[03:59:02]EMOTE: Frank/ : <B>Frank</B> chases its tail.
[03:59:21]SAY: Void-Script/renegadex557 : No.
[03:59:30]SAY: Zander Sylphaen/Twilightic : Damn
[03:59:41]EMOTE: Frank/ : <B>Frank</B> barks!
[03:59:49]SAY: Zander Sylphaen/Twilightic : Its too bad I can&#39;t make you something to teleport to a beacon with
[04:00:36]EMOTE: Frank/ : <B>Frank</B> chases its tail.
[04:00:58]OOC: (LOCAL) Void-Script/RenegadeX557 : hey sorry but I gotta get going.
[04:01:05]OOC: (LOCAL) Void-Script/RenegadeX557 : 2 AM and I gotta be up by 8 AM.
[04:01:14]OOC: (LOCAL) Zander Sylphaen/Twilightic : its alright :P
[04:01:18]SAY: Void-Script/renegadex557 : My role has been completed.
[04:01:22]GAME: Random Event triggering: Camera Failure (/datum/round_event/camera_failure)
[04:01:31]SAY: Zander Sylphaen/Twilightic : Thank you very much Void~
[04:01:33]SAY: Void-Script/renegadex557 : I Do apologize but I will go into a permanent standby.
[04:01:46]SAY: Zander Sylphaen/Twilightic : It is alright. It was nice to hve company
[04:01:48]SAY: Zander Sylphaen/Twilightic : Have even
[04:01:55]ACCESS: Logout: renegadex557[DC]/(Void-Script)
[04:02:03]EMOTE: Frank/ : <B>Frank</B> chases its tail.
[04:03:15]EMOTE: monkey (396)/ : <B>The monkey (396)</B> jumps!
[04:04:36]SAY: Frank/ : Woof!
[04:05:11]EMOTE: Frank/ : <B>Frank</B> pants.
[04:05:21]EMOTE: Frank/ : <B>Frank</B> chases its tail.
[04:07:30]EMOTE: Frank/ : <B>Frank</B> chases its tail.
[04:07:38]EMOTE: Xena/ : <B>Xena</B> meows
[04:08:10]EMOTE: Frank/ : <B>Frank</B> chases its tail.
[04:08:53]EMOTE: monkey (396)/ : <B>The monkey (396)</B> jumps!
[04:09:05]EMOTE: Frank/ : <B>Frank</B> chases its tail.
[04:09:28]EMOTE: Xena/ : <B>Xena</B> meows
[04:09:48]EMOTE: Frank/ : <B>Frank</B> chases its tail.
[04:10:55]SAY: Zander Sylphaen/Twilightic : JESUS
[04:11:58]GAME: Random Event triggering: Minor Space Dust (/datum/round_event/meteor_wave/dust)
[04:12:00]EMOTE: Frank/ : <B>Frank</B> chases its tail.
[04:14:15]EMOTE: monkey (904)/ : <B>The monkey (904)</B> jumps!
[04:14:44]EMOTE: Frank/ : <B>Frank</B> chases its tail.
[04:14:53]SAY: Poly/ : Check the singlo, you chucklefucks!
[04:16:18]EMOTE: Frank/ : <B>Frank</B> chases its tail.
[04:16:40]EMOTE: Frank/ : <B>Frank</B> pants.
[04:18:01]EMOTE: monkey (904)/ : <B>The monkey (904)</B> jumps!
[04:18:27]EMOTE: Frank/ : <B>Frank</B> shakes its head.
[04:19:31]SAY: Poly/ : Wire the solars, you lazy bums!
[04:19:43]OOC: Zander Sylphaen/Twilightic : Wow
[04:19:49]OOC: Zander Sylphaen/Twilightic : Tis only myself and you tk
[04:20:32]EMOTE: Frank/ : <B>Frank</B> chases its tail.
[04:22:18]EMOTE: Frank/ : <B>Frank</B> chases its tail.
[04:22:24]EMOTE: Frank/ : <B>Frank</B> chases its tail.
[04:23:35]SAY: Poly/ : WHO TOOK THE DAMN HARDSUITS?
[04:24:39]EMOTE: Frank/ : <B>Frank</B> chases its tail.
[04:24:52]GAME: Random Event triggering: Clogged Vents (/datum/round_event/vent_clog)
[04:25:01]EMOTE: Frank/ : <B>Frank</B> chases its tail.
[04:25:27]SAY: Zander Sylphaen/Twilightic : Wow
[04:28:59]SAY: Poly/ : Poly wanna cracker!
[04:29:11]EMOTE: Frank/ : <B>Frank</B> chases its tail.
[04:29:25]EMOTE: Frank/ : <B>Frank</B> chases its tail.
[04:29:59]GAME: Random Event triggering: Mass Hallucination (/datum/round_event/mass_hallucination)
[04:31:07]EMOTE: Poly/ : <B>Poly</B> flutters its wings.
[04:32:06]EMOTE: Frank/ : <B>Frank</B> chases its tail.
[04:33:51]EMOTE: monkey (904)/ : <B>The monkey (904)</B> jumps!
[04:35:22]EMOTE: Frank/ : <B>Frank</B> woofs!
[04:36:58]EMOTE: monkey (396)/ : <B>The monkey (396)</B> jumps!
[04:40:33]ADMIN: Tk420634/(Hu Li Ming) has possessed Medical Bus (/obj/structure/bed/chair/janicart/medicalbus) at (97, 107, 1)
[04:40:43]SAY: Zander Sylphaen/Twilightic : What the
[04:40:52]ADMIN: HELP: Twilightic/(Zander Sylphaen): Tk is that you!? - heard by 1 non-AFK admins who have +BAN.
[04:41:19]SAY: Zander Sylphaen/Twilightic : Look either its you or my game is freaking out
[04:41:23]OOC: Zander Sylphaen/Twilightic : oops
[04:41:26]OOC: Zander Sylphaen/Twilightic : wrong thing.
[04:41:38]ADMIN: PM: Tk420634/(Medical Bus)->Twilightic/(Zander Sylphaen): Huh?
[04:41:47]SAY: Poly/ : WHO TOOK THE DAMN HARDSUITS?
[04:41:49]ADMIN: PM: Twilightic/(Zander Sylphaen)->Tk420634/(Medical Bus): :B You and I are the only ones on.
[04:41:56]ADMIN: PM: Tk420634/(Medical Bus)->Twilightic/(Zander Sylphaen): Proves nothing.
[04:42:02]ADMIN: PM: Twilightic/(Zander Sylphaen)->Tk420634/(Medical Bus): And you responded after the medicalbus stopped
[04:42:07]ADMIN: PM: Tk420634/(Medical Bus)->Twilightic/(Zander Sylphaen): npo
[04:42:11]ADMIN: PM: Twilightic/(Zander Sylphaen)->Tk420634/(Medical Bus): Just like that
[04:42:16]ADMIN: PM: Tk420634/(Medical Bus)->Twilightic/(Zander Sylphaen): nuh uh
[04:42:19]ADMIN: PM: Twilightic/(Zander Sylphaen)->Tk420634/(Medical Bus): xD TK!!!
[04:42:47]SAY: Zander Sylphaen/Twilightic : If there are any ghosts hauntin me...
[04:42:56]SAY: Zander Sylphaen/Twilightic : Stop
[04:43:07]OOC: Hu Li Ming/Tk420634 : Heya Twili
[04:43:08]ADMIN: PM: Twilightic/(Zander Sylphaen)->Tk420634/(Hu Li Ming): Lmfao I didn&#39;t know what was going on at first xD
[04:43:12]OOC: Zander Sylphaen/Twilightic : :P Heya
[04:43:13]OOC: Hu Li Ming/Tk420634 : We&#39;re gonna pull down for updoots. = 3=
[04:43:18]OOC: Zander Sylphaen/Twilightic : Alriht.
[04:43:26]OOC: Hu Li Ming/Tk420634 : Jess thinks she fixed the stuff with the clothes code
[04:43:30]ADMIN: Tk420634/(Hu Li Ming) checked antagonists.
[04:43:31]ADMIN: Tk420634/(Hu Li Ming) called the Emergency Shuttle
[04:43:35]OOC: Zander Sylphaen/Twilightic : just random down or normal station -ah shuttle
[04:43:35]ADMIN: Tk420634/(Hu Li Ming) checked antagonists.
[04:43:39]OOC: Zander Sylphaen/Twilightic : Well that is good :3
[04:43:40]ADMIN: Tk420634/(Hu Li Ming) edited the Emergency Shuttle's timeleft to 120 seconds
[04:43:50]ADMIN: Tk420634/(Hu Li Ming) has created a command report: git ur shit an git out

[04:43:54]EMOTE: Frank/ : <B>Frank</B> chases its tail.
[04:44:28]OOC: Zander Sylphaen/Twilightic : I&#39;m sad its been so deserted :&lt;
[04:44:30]GAME: Random Event triggering: Minor Space Dust (/datum/round_event/meteor_wave/dust)
[04:44:34]OOC: Hu Li Ming/Tk420634 : Late night.
[04:44:44]OOC: Zander Sylphaen/Twilightic : Yeah but even before...
[04:44:53]OOC: Zander Sylphaen/Twilightic : Oh! did you see my question on discord?
[04:44:56]OOC: Hu Li Ming/Tk420634 : Nope.
[04:45:08]OOC: Zander Sylphaen/Twilightic : Ah.
[04:45:54]OOC: Hu Li Ming/Tk420634 : What was your question...?
[04:46:01]OOC: Zander Sylphaen/Twilightic : Oh...let me paste
[04:46:10]OOC: Hu Li Ming/Tk420634 : Was it what you sent me?
[04:46:20]OOC: Zander Sylphaen/Twilightic : Hey TK what should I do in this situation. There is no one to do job changes, and I had CMO off because I wanted to do XENO today. I was just going to use the spare since I am acting, to go do Xeno, and Eira said yeah, and Chokin said no... Should I change my access with the spare or keep it because I&#39;m still a head? I&#39;m confused.
[04:46:23]OOC: Zander Sylphaen/Twilightic : that. yes
[04:46:47]OOC: Zander Sylphaen/Twilightic : I also realized Dante is nick and my friend is an ass xD
[04:47:53]EMOTE: Frank/ : <B>Frank</B> shivers.
[04:50:17]EMOTE: monkey (396)/ : <B>The monkey (396)</B> jumps!
[04:50:49]GAME: Antagonists at round end were...
[04:50:49]GAME: Animals: Drone (841)(Mechanicus Adept).
[04:50:55]SAY: Zander Sylphaen/Twilightic : COME AT ME!!!
[04:51:00]ACCESS: Logout: Tk420634[DC]/(Hu Li Ming)
[04:51:00]ACCESS: Logout: Twilightic[DC]/(Zander Sylphaen)


Starting up. 06:24.32
---------------------
Adding game mode abduction (abduction) to configuration.
Adding game mode blob (blob) to configuration.
Adding game mode changeling (changeling) to configuration.
Adding game mode traitor+changeling (traitorchan) to configuration.
Adding game mode double agents (double_agents) to configuration.
Adding game mode traitor (traitor) to configuration.
Adding game mode cult (cult) to configuration.
Adding game mode extended (extended) to configuration.
Adding game mode gang war (gang) to configuration.
Adding game mode hand of god (handofgod) to configuration.
Adding game mode AI malfunction (malfunction) to configuration.
Adding game mode meteor (meteor) to configuration.
Adding game mode monkey (monkey) to configuration.
Adding game mode nuclear emergency (nuclear) to configuration.
Adding game mode revolution (revolution) to configuration.
Adding game mode sandbox (sandbox) to configuration.
Adding game mode shadowling (shadowling) to configuration.
Adding game mode very ragin' bullshit mages (veryraginbullshitmages) to configuration.
Adding game mode ragin' mages (raginmages) to configuration.
Adding game mode wizard (wizard) to configuration.
Unknown setting in configuration: '/*'
Unknown setting in configuration: '*/'
Unknown setting in configuration: 'var/fps'
Unknown setting in configuration: '//###'
Unknown setting in configuration: '//##'
Unknown setting in configuration: '//#ghost_interaction'
Saved mode is 'extended'
[06:24:36]ADMIN: Loading Banlistjob
[06:24:36]ADMIN: Updating jobbanfile!
[06:24:36]ADMIN: Loading Banlist
[06:24:41]ACCESS: Login: Arfsdallus/(Arfsdallus) from localhost-2970795726 || BYOND v509
[06:26:04]ADMIN: Arfsdallus has started the game.
[06:26:09]ACCESS: Logout: *no key*/(Arfsdallus)
[06:26:09]ACCESS: Login: Arfsdallus/(Suzan Costello) from localhost-2970795726 || BYOND v509
[06:26:15]GAME: *null* has triggered a gibtonite deposit reaction at Mine (67, 15, 5).
[06:29:04]ADMIN: Arfsdallus/(Suzan Costello) spawned /obj/structure/dresser at (104,147,1)
[06:31:25]EMOTE: Poly/ : <B>Poly</B> flutters its wings.
[06:32:19]EMOTE: Frank/ : <B>Frank</B> chases its tail.
[06:33:17]ADMIN: Arfsdallus/(Suzan Costello) spawned /obj/item/weapon/card/id/captains_spare at (104,146,1)
[06:34:57]GAME: Random Event triggering: Minor Space Dust (/datum/round_event/meteor_wave/dust)
[06:35:24]EMOTE: Frank/ : <B>Frank</B> chases its tail.
[06:36:00]EMOTE: Frank/ : <B>Frank</B> chases its tail.
[06:37:16]EMOTE: Frank/ : <B>Frank</B> chases its tail.
[06:37:26]ACCESS: Logout: Arfsdallus[DC]/(Suzan Costello)


Starting up. 06:49.34
---------------------
Adding game mode abduction (abduction) to configuration.
Adding game mode blob (blob) to configuration.
Adding game mode changeling (changeling) to configuration.
Adding game mode traitor+changeling (traitorchan) to configuration.
Adding game mode double agents (double_agents) to configuration.
Adding game mode traitor (traitor) to configuration.
Adding game mode cult (cult) to configuration.
Adding game mode extended (extended) to configuration.
Adding game mode gang war (gang) to configuration.
Adding game mode hand of god (handofgod) to configuration.
Adding game mode AI malfunction (malfunction) to configuration.
Adding game mode meteor (meteor) to configuration.
Adding game mode monkey (monkey) to configuration.
Adding game mode nuclear emergency (nuclear) to configuration.
Adding game mode revolution (revolution) to configuration.
Adding game mode sandbox (sandbox) to configuration.
Adding game mode shadowling (shadowling) to configuration.
Adding game mode very ragin' bullshit mages (veryraginbullshitmages) to configuration.
Adding game mode ragin' mages (raginmages) to configuration.
Adding game mode wizard (wizard) to configuration.
Unknown setting in configuration: '/*'
Unknown setting in configuration: '*/'
Unknown setting in configuration: 'var/fps'
Unknown setting in configuration: '//###'
Unknown setting in configuration: '//##'
Unknown setting in configuration: '//#ghost_interaction'
Saved mode is 'extended'
[06:49:37]ADMIN: Loading Banlistjob
[06:49:37]ADMIN: Updating jobbanfile!
[06:49:37]ADMIN: Loading Banlist
[06:49:43]ACCESS: Login: Arfsdallus/(Arfsdallus) from localhost-2970795726 || BYOND v509
[06:50:47]ACCESS: Logout: Arfsdallus[DC]/(Arfsdallus)


Starting up. 06:52.05
---------------------
Adding game mode abduction (abduction) to configuration.
Adding game mode blob (blob) to configuration.
Adding game mode changeling (changeling) to configuration.
Adding game mode traitor+changeling (traitorchan) to configuration.
Adding game mode double agents (double_agents) to configuration.
Adding game mode traitor (traitor) to configuration.
Adding game mode cult (cult) to configuration.
Adding game mode extended (extended) to configuration.
Adding game mode gang war (gang) to configuration.
Adding game mode hand of god (handofgod) to configuration.
Adding game mode AI malfunction (malfunction) to configuration.
Adding game mode meteor (meteor) to configuration.
Adding game mode monkey (monkey) to configuration.
Adding game mode nuclear emergency (nuclear) to configuration.
Adding game mode revolution (revolution) to configuration.
Adding game mode sandbox (sandbox) to configuration.
Adding game mode shadowling (shadowling) to configuration.
Adding game mode very ragin' bullshit mages (veryraginbullshitmages) to configuration.
Adding game mode ragin' mages (raginmages) to configuration.
Adding game mode wizard (wizard) to configuration.
Unknown setting in configuration: '/*'
Unknown setting in configuration: '*/'
Unknown setting in configuration: 'var/fps'
Unknown setting in configuration: '//###'
Unknown setting in configuration: '//##'
Unknown setting in configuration: '//#ghost_interaction'
Saved mode is 'extended'
[06:52:05]ADMIN: Loading Banlistjob
[06:52:05]ADMIN: Updating jobbanfile!
[06:52:05]ADMIN: Loading Banlist
[06:53:21]ACCESS: Login: Tk420634/(Tk420634) from 98.20.128.195-4019019304 || BYOND v509
[06:53:46]ADMIN: Tk420634/(Tk420634) delayed the round start.
[06:53:52]ACCESS: Login: ThingPony/(ThingPony) from 98.20.128.195-2329598627 || BYOND v510
[06:54:33]OOC: ThingPony/ThingPony : Hey bby
[06:54:36]OOC: ThingPony/ThingPony : wanna fuk?
[06:56:09]OOC: Tk420634/Tk420634 : . _.
[06:56:12]OOC: Tk420634/Tk420634 : :feelsgood:
[06:56:18]OOC: ThingPony/ThingPony : _wiggles eyebrows_
[06:56:24]OOC: Tk420634/Tk420634 : :feelsbirthday:
[06:56:32]OOC: ThingPony/ThingPony : _lewds hungrly_
[06:56:43]OOC: ThingPony/ThingPony : _Nooms_
[06:56:53]ADMIN: ThingPony/(ThingPony) set the pre-game delay to 60 seconds.
[06:57:44]ADMIN: ThingPony/(ThingPony) used secret show_admins
[06:57:55]ACCESS: Logout: *no key*/(ThingPony)
[06:57:55]ACCESS: Login: ThingPony/(Iris Miller) from 98.20.128.195-2329598627 || BYOND v510
[06:58:08]EMOTE: Poly/ : <B>Poly</B> turns and flies towards the clipboard.
[06:58:23]EMOTE: Frank/ : <B>Frank</B> chases its tail.
[06:58:39]ADMIN: ThingPony/(Iris Miller) spawned /obj/item/device/flashlight/lamp at (134,180,1)
[06:59:10]SAY: Xena/ : Meow!
[06:59:42]EMOTE: Chester (438)/ : <B>Chester (438)</B> jumps!
[07:00:22]EMOTE: monkey (923)/ : <B>The monkey (923)</B> jumps!
[07:01:39]EMOTE: monkey (176)/ : <B>The monkey (176)</B> jumps!
[07:02:08]GAME: Random Event triggering: Minor Space Dust (/datum/round_event/meteor_wave/dust)
[07:02:13]EMOTE: monkey (295)/ : <B>The monkey (295)</B> jumps!
[07:02:13]EMOTE: monkey (176)/ : <B>The monkey (176)</B> jumps!
[07:02:19]EMOTE: Frank/ : <B>Frank</B> chases its tail.
[07:03:01]ACCESS: Login: Twilightic/(Twilightic) from 74.194.85.130-3901625040 || BYOND v510
[07:03:06]EMOTE: monkey (63)/ : <B>The monkey (63)</B> jumps!
[07:03:12]EMOTE: Frank/ : <B>Frank</B> chases its tail.
[07:03:14]EMOTE: Xena/ : <B>Xena</B> shakes its head
[07:03:25]ACCESS: Logout: *no key*/(Twilightic)
[07:03:25]ACCESS: Login: Twilightic/(Zander Sylphaen) from 74.194.85.130-3901625040 || BYOND v510
[07:03:29]SAY: Iris Miller/ThingPony : Heyo
[07:03:31]EMOTE: Frank/ : <B>Frank</B> chases its tail.
[07:03:39]EMOTE: Frank/ : <B>Frank</B> yaps.
[07:03:47]SAY: Xena/ : Esp!
[07:03:47]SAY: Zander Sylphaen/Twilightic : Hello
[07:03:51]SAY: Zander Sylphaen/Twilightic : Hello
[07:04:24]SAY: Zander Sylphaen/Twilightic : Do you ever get the feeling that babies are terrible little creatures that ruin lives? I&#39;ve not had the pleasure of dealing with one, personally, but I feel like this is something that is true.
[07:04:40]OOC: Tk420634/Tk420634 : Heya Twili
[07:04:46]SAY: Iris Miller/ThingPony : Not really! I&#39;m actually probably expecting
[07:04:47]EMOTE: Chester (438)/ : <B>Chester (438)</B> jumps!
[07:04:49]OOC: Zander Sylphaen/Twilightic : Hello TK
[07:04:58]SAY: grey baby slime (326)/ : Blop...
[07:04:59]SAY: Zander Sylphaen/Twilightic : Be careful. It will drain your body and soul.
[07:05:04]OOC: Tk420634/Tk420634 : You doing alright?
[07:05:15]OOC: Zander Sylphaen/Twilightic : Yes! *twitchtwitch*
[07:05:36]EMOTE: Frank/ : <B>Frank</B> chases its tail.
[07:05:47]OOC: Zander Sylphaen/Twilightic : He is going over to his nanny&#39;s tomorrow for awhile YAY
[07:05:54]OOC: Tk420634/Tk420634 : Thank heavens.
[07:06:01]OOC: Zander Sylphaen/Twilightic : HAPPINESS INTENSI-he just farted on my bed, that asshole.
[07:06:08]OOC: Tk420634/Tk420634 : I&#39;d fart on your bed.
[07:06:15]OOC: Zander Sylphaen/Twilightic : Kinky
[07:06:18]OOC: Zander Sylphaen/Twilightic : lol
[07:06:24]OOC: Tk420634/Tk420634 : :feelsbad:
[07:06:29]EMOTE: Frank/ : <B>Frank</B> chases its tail.
[07:06:37]OOC: Zander Sylphaen/Twilightic : xD Lmfao. 
[07:06:42]OOC: Zander Sylphaen/Twilightic : Well...
[07:06:49]OOC: Zander Sylphaen/Twilightic : Honestly, have you seen my f-list?
[07:06:54]OOC: Tk420634/Tk420634 : No, but I&#39;ve seen you.
[07:06:58]OOC: Tk420634/Tk420634 : Going full tilt.
[07:07:00]OOC: Tk420634/Tk420634 : So I can imagine.
[07:07:06]OOC: Zander Sylphaen/Twilightic : tilt?
[07:07:16]OOC: Tk420634/Tk420634 : I see everything, Twili.
[07:07:17]OOC: Tk420634/Tk420634 : Everything.
[07:07:21]OOC: Iris Miller/ThingPony : Your flist can&#39;t be that bad
[07:07:24]EMOTE: Frank/ : <B>Frank</B> shakes its head.
[07:07:27]OOC: Zander Sylphaen/Twilightic : I don&#39;t understand the term tilt
[07:07:39]OOC: Tk420634/Tk420634 : http://www.merriam-webster.com/dictionary/full%20tilt
[07:07:49]OOC: Zander Sylphaen/Twilightic : https://www.f-list.net/c/twilightic/
[07:08:36]OOC: Zander Sylphaen/Twilightic : Eh
[07:08:50]OOC: Zander Sylphaen/Twilightic : Farting and beds, not so much, but on faces, yeah I can get into that being done.
[07:08:59]OOC: Zander Sylphaen/Twilightic : I still don&#39;t understand.
[07:09:08]OOC: Zander Sylphaen/Twilightic : full speed, like when you were hijacking the medical bus?
[07:09:23]EMOTE: Frank/ : <B>Frank</B> chases its tail.
[07:09:29]OOC: Zander Sylphaen/Twilightic : I really hate this creature
[07:09:37]EMOTE: monkey (63)/ : <B>The monkey (63)</B> jumps!
[07:09:40]OOC: Zander Sylphaen/Twilightic : Sorry I keep saying that but I need to vent my rage
[07:09:41]EMOTE: monkey (745)/ : <B>The monkey (745)</B> jumps!
[07:10:12]SAY: Poly/ : Wire the solars, you lazy bums!
[07:10:36]EMOTE: monkey (923)/ : <B>The monkey (923)</B> jumps!
[07:10:48]EMOTE: monkey (78)/ : <B>The monkey (78)</B> jumps!
[07:10:55]EMOTE: monkey (745)/ : <B>The monkey (745)</B> jumps!
[07:11:25]EMOTE: Frank/ : <B>Frank</B> chases its tail.
[07:11:39]EMOTE: Poly/ : <B>Poly</B> flutters its wings.
[07:12:14]SAY: Xena/ : Meow!
[07:12:31]OOC: Zander Sylphaen/Twilightic : I can&#39;t put clothing back in the machines, can I?
[07:12:43]OOC: Zander Sylphaen/Twilightic : I already checked the who list.
[07:12:43]EMOTE: Frank/ : <B>Frank</B> chases its tail.
[07:12:45]OOC: Zander Sylphaen/Twilightic : :P
[07:13:01]OOC: Tk420634/Tk420634 : No, you can&#39;t.
[07:13:06]GAME: Random Event triggering: Minor Space Dust (/datum/round_event/meteor_wave/dust)
[07:13:06]ACCESS: Logout: *no key*/(Tk420634)
[07:13:06]ACCESS: Login: Tk420634/(Hu Li Ming) from 98.20.128.195-4019019304 || BYOND v509
[07:13:12]OOC: Zander Sylphaen/Twilightic : Is there a kimono in these?
[07:13:15]ACCESS: Logout: *no key*/(Hu Li Ming)
[07:13:15]ACCESS: Login: Tk420634/(Drone (237)) from 98.20.128.195-4019019304 || BYOND v509
[07:13:22]OOC: Iris Miller/ThingPony : Yes, should be in the clothesmate
[07:13:24]SAY: grey baby slime (405)/ : Rawr...
[07:13:26]ADMIN: Tk420634/(Drone (237)) manipulated a pump at 119, 68, 1
[07:13:27]ADMIN: Tk420634/(Drone (237)) manipulated a pump at 119, 68, 1
[07:13:33]OOC: Iris Miller/ThingPony : Just ctrl+f search for sakura
[07:13:51]ADMIN: Tk420634/(Drone (237)) manipulated a pump at 127, 74, 1
[07:13:52]ADMIN: Tk420634/(Drone (237)) manipulated a pump at 127, 74, 1
[07:13:58]ADMIN: Tk420634/(Drone (237)) manipulated a pump at 127, 68, 1
[07:13:58]ADMIN: Tk420634/(Drone (237)) manipulated a pump at 127, 68, 1
[07:14:11]OOC: Zander Sylphaen/Twilightic : yay. Pretty~
[07:14:23]EMOTE: monkey (176)/ : <B>The monkey (176)</B> jumps!
[07:14:34]SAY: Iris Miller/ThingPony : Ah geeze. I made a mess in the locker room thing.
[07:14:36]SAY: Poly/ : Be careful. It will drain your body and soul.
[07:14:43]SAY: Zander Sylphaen/Twilightic : Mess...of what...?
[07:14:48]SAY: Iris Miller/ThingPony : Clothes!
[07:14:52]EMOTE: monkey (745)/ : <B>The monkey (745)</B> jumps!
[07:14:53]SAY: Iris Miller/ThingPony : All over the floor
[07:14:56]SAY: grey baby slime (405)/ : Blorble...
[07:15:09]ADMIN: Tk420634/(Drone (237)) admin ghosted
[07:15:09]ACCESS: Logout: *no key*/(Drone (237))
[07:15:09]ACCESS: Login: Tk420634/(Drone (237)) from 98.20.128.195-4019019304 || BYOND v509
[07:15:12]SAY: Poly/ : Check the singlo, you chucklefucks!
[07:15:14]SAY: Poly/ : OH GOD ITS FREE CALL THE SHUTTLE
[07:15:18]OOC: Zander Sylphaen/Twilightic : Oh. what is up with the autodrobe?
[07:15:25]SAY: Poly/ : Be careful. It will drain your body and soul.
[07:15:27]OOC: Drone (237)/Tk420634 : What&#39;s it doing?
[07:15:28]SAY: Iris Miller/ThingPony : Ah well, time to run around in some PJs and bunny slippers!
[07:15:30]SAY: Zander Sylphaen/Twilightic : Well. I know the feeling...
[07:15:34]OOC: Zander Sylphaen/Twilightic : Access denied
[07:15:37]OOC: Drone (237)/Tk420634 : Oh
[07:15:42]OOC: Drone (237)/Tk420634 : LEMME FIX THAT ON THE MAP REAL QUICK
[07:15:51]OOC: Zander Sylphaen/Twilightic : xD
[07:16:06]SAY: Xena/ : HSSSSS
[07:16:06]OOC: Zander Sylphaen/Twilightic : Yeah both of them say that 
[07:16:08]OOC: Iris Miller/ThingPony : Its because you don&#39;t have access to it. Its usually restircted to clown and mime.
[07:16:19]OOC: Zander Sylphaen/Twilightic : Oh
[07:16:22]EMOTE: monkey (508)/ : <B>The monkey (508)</B> jumps!
[07:16:25]OOC: Iris Miller/ThingPony : We are gonna take down the server to fix some stuffs
[07:16:34]OOC: Zander Sylphaen/Twilightic : Alright
[07:16:37]OOC: Zander Sylphaen/Twilightic : Hey
[07:16:40]EMOTE: Poly/ : <B>Poly</B> squawks.
[07:16:44]ACCESS: Logout: Tk420634[DC]/(Drone (237))
[07:16:44]ACCESS: Logout: ThingPony[DC]/(Iris Miller)
[07:16:44]ACCESS: Logout: Twilightic[DC]/(Zander Sylphaen)


Starting up. 07:35.21
---------------------
Adding game mode abduction (abduction) to configuration.
Adding game mode blob (blob) to configuration.
Adding game mode changeling (changeling) to configuration.
Adding game mode traitor+changeling (traitorchan) to configuration.
Adding game mode double agents (double_agents) to configuration.
Adding game mode traitor (traitor) to configuration.
Adding game mode cult (cult) to configuration.
Adding game mode extended (extended) to configuration.
Adding game mode gang war (gang) to configuration.
Adding game mode hand of god (handofgod) to configuration.
Adding game mode AI malfunction (malfunction) to configuration.
Adding game mode meteor (meteor) to configuration.
Adding game mode monkey (monkey) to configuration.
Adding game mode nuclear emergency (nuclear) to configuration.
Adding game mode revolution (revolution) to configuration.
Adding game mode sandbox (sandbox) to configuration.
Adding game mode shadowling (shadowling) to configuration.
Adding game mode very ragin' bullshit mages (veryraginbullshitmages) to configuration.
Adding game mode ragin' mages (raginmages) to configuration.
Adding game mode wizard (wizard) to configuration.
Unknown setting in configuration: '/*'
Unknown setting in configuration: '*/'
Unknown setting in configuration: 'var/fps'
Unknown setting in configuration: '//###'
Unknown setting in configuration: '//##'
Unknown setting in configuration: '//#ghost_interaction'
Saved mode is 'extended'
[07:35:24]ADMIN: Loading Banlistjob
[07:35:24]ADMIN: Updating jobbanfile!
[07:35:24]ADMIN: Loading Banlist
[07:35:28]ACCESS: Login: Arfsdallus/(Arfsdallus) from localhost-2970795726 || BYOND v509
[07:37:59]ACCESS: Logout: Arfsdallus[DC]/(Arfsdallus)


Starting up. 14:40.13
---------------------
Adding game mode abduction (abduction) to configuration.
Adding game mode blob (blob) to configuration.
Adding game mode changeling (changeling) to configuration.
Adding game mode traitor+changeling (traitorchan) to configuration.
Adding game mode double agents (double_agents) to configuration.
Adding game mode traitor (traitor) to configuration.
Adding game mode cult (cult) to configuration.
Adding game mode extended (extended) to configuration.
Adding game mode gang war (gang) to configuration.
Adding game mode hand of god (handofgod) to configuration.
Adding game mode AI malfunction (malfunction) to configuration.
Adding game mode meteor (meteor) to configuration.
Adding game mode monkey (monkey) to configuration.
Adding game mode nuclear emergency (nuclear) to configuration.
Adding game mode revolution (revolution) to configuration.
Adding game mode sandbox (sandbox) to configuration.
Adding game mode shadowling (shadowling) to configuration.
Adding game mode very ragin' bullshit mages (veryraginbullshitmages) to configuration.
Adding game mode ragin' mages (raginmages) to configuration.
Adding game mode wizard (wizard) to configuration.
Saved mode is 'extended'
Failed to connect to database in load_admin_ranks(). Reverting to legacy system.
Database connection failed. Reverting to the legacy ban system.


Starting up. 14:43.56
---------------------
Adding game mode abduction (abduction) to configuration.
Adding game mode blob (blob) to configuration.
Adding game mode changeling (changeling) to configuration.
Adding game mode traitor+changeling (traitorchan) to configuration.
Adding game mode double agents (double_agents) to configuration.
Adding game mode traitor (traitor) to configuration.
Adding game mode cult (cult) to configuration.
Adding game mode extended (extended) to configuration.
Adding game mode gang war (gang) to configuration.
Adding game mode hand of god (handofgod) to configuration.
Adding game mode AI malfunction (malfunction) to configuration.
Adding game mode meteor (meteor) to configuration.
Adding game mode monkey (monkey) to configuration.
Adding game mode nuclear emergency (nuclear) to configuration.
Adding game mode revolution (revolution) to configuration.
Adding game mode sandbox (sandbox) to configuration.
Adding game mode shadowling (shadowling) to configuration.
Adding game mode very ragin' bullshit mages (veryraginbullshitmages) to configuration.
Adding game mode ragin' mages (raginmages) to configuration.
Adding game mode wizard (wizard) to configuration.
Saved mode is 'extended'
Failed to connect to database in load_admin_ranks(). Reverting to legacy system.
Database connection failed. Reverting to the legacy ban system.


Starting up. 14:46.51
---------------------
Adding game mode abduction (abduction) to configuration.
Adding game mode blob (blob) to configuration.
Adding game mode changeling (changeling) to configuration.
Adding game mode traitor+changeling (traitorchan) to configuration.
Adding game mode double agents (double_agents) to configuration.
Adding game mode traitor (traitor) to configuration.
Adding game mode cult (cult) to configuration.
Adding game mode extended (extended) to configuration.
Adding game mode gang war (gang) to configuration.
Adding game mode hand of god (handofgod) to configuration.
Adding game mode AI malfunction (malfunction) to configuration.
Adding game mode meteor (meteor) to configuration.
Adding game mode monkey (monkey) to configuration.
Adding game mode nuclear emergency (nuclear) to configuration.
Adding game mode revolution (revolution) to configuration.
Adding game mode sandbox (sandbox) to configuration.
Adding game mode shadowling (shadowling) to configuration.
Adding game mode very ragin' bullshit mages (veryraginbullshitmages) to configuration.
Adding game mode ragin' mages (raginmages) to configuration.
Adding game mode wizard (wizard) to configuration.
Saved mode is 'extended'
Failed to connect to database in load_admin_ranks(). Reverting to legacy system.
Database connection failed. Reverting to the legacy ban system.


Starting up. 15:12.01
---------------------
Adding game mode abduction (abduction) to configuration.
Adding game mode blob (blob) to configuration.
Adding game mode changeling (changeling) to configuration.
Adding game mode traitor+changeling (traitorchan) to configuration.
Adding game mode double agents (double_agents) to configuration.
Adding game mode traitor (traitor) to configuration.
Adding game mode cult (cult) to configuration.
Adding game mode extended (extended) to configuration.
Adding game mode gang war (gang) to configuration.
Adding game mode hand of god (handofgod) to configuration.
Adding game mode AI malfunction (malfunction) to configuration.
Adding game mode meteor (meteor) to configuration.
Adding game mode monkey (monkey) to configuration.
Adding game mode nuclear emergency (nuclear) to configuration.
Adding game mode revolution (revolution) to configuration.
Adding game mode sandbox (sandbox) to configuration.
Adding game mode shadowling (shadowling) to configuration.
Adding game mode very ragin' bullshit mages (veryraginbullshitmages) to configuration.
Adding game mode ragin' mages (raginmages) to configuration.
Adding game mode wizard (wizard) to configuration.
Saved mode is 'extended'
Failed to connect to database in load_admin_ranks(). Reverting to legacy system.
Database connection failed. Reverting to the legacy ban system.


Starting up. 15:18.24
---------------------
Adding game mode abduction (abduction) to configuration.
Adding game mode blob (blob) to configuration.
Adding game mode changeling (changeling) to configuration.
Adding game mode traitor+changeling (traitorchan) to configuration.
Adding game mode double agents (double_agents) to configuration.
Adding game mode traitor (traitor) to configuration.
Adding game mode cult (cult) to configuration.
Adding game mode extended (extended) to configuration.
Adding game mode gang war (gang) to configuration.
Adding game mode hand of god (handofgod) to configuration.
Adding game mode AI malfunction (malfunction) to configuration.
Adding game mode meteor (meteor) to configuration.
Adding game mode monkey (monkey) to configuration.
Adding game mode nuclear emergency (nuclear) to configuration.
Adding game mode revolution (revolution) to configuration.
Adding game mode sandbox (sandbox) to configuration.
Adding game mode shadowling (shadowling) to configuration.
Adding game mode very ragin' bullshit mages (veryraginbullshitmages) to configuration.
Adding game mode ragin' mages (raginmages) to configuration.
Adding game mode wizard (wizard) to configuration.
Saved mode is 'extended'
Failed to connect to database in load_admin_ranks(). Reverting to legacy system.
Database connection failed. Reverting to the legacy ban system.
