

Starting up. 00:49.35
---------------------
[01:08:32]ATTACK: Dante Bailey(chokinandtokin) climbed onto operating table 
[01:08:46]ATTACK: Zander Sylphaen(twilightic) operated Dante Bailey(chokinandtokin) Operation type: organ manipulation, location: groin (NEWHP: 100)
[01:09:41]ATTACK: Zander Sylphaen(twilightic) surgically removed inflamed appendix from Dante Bailey(chokinandtokin) INTENT: HELP (NEWHP: 100)
[01:09:53]ATTACK: Zander Sylphaen(twilightic) shaked Dante Bailey(chokinandtokin)  (NEWHP: 100)
[01:19:15]ATTACK: Zander Sylphaen(twilightic) climbed onto operating table 
[01:48:38]ATTACK: Zander Sylphaen(twilightic) electrified Command Desk at 123,217,1
[02:01:40]ATTACK: Zander Sylphaen(twilightic) shaked Davion Allen  (NEWHP: 77)
[03:08:30]ATTACK: Void-Script(renegadex557) shot goliath with the kinetic force (NEWHP: 290)
[03:08:33]ATTACK: Void-Script(renegadex557) shot goliath with the full strength kinetic force (NEWHP: 250)
[03:08:40]ATTACK: Void-Script(renegadex557) shot goliath with the full strength kinetic force (NEWHP: 210)
[03:08:43]ATTACK: Void-Script(renegadex557) shot goliath with the full strength kinetic force (NEWHP: 170)
[03:08:46]ATTACK: Void-Script(renegadex557) shot goliath with the full strength kinetic force (NEWHP: 130)
[03:08:49]ATTACK: Void-Script(renegadex557) shot goliath with the full strength kinetic force (NEWHP: 90)
[03:08:51]ATTACK: Void-Script(renegadex557) shot goliath with the full strength kinetic force (NEWHP: 50)
[03:08:54]ATTACK: Void-Script(renegadex557) shot goliath with the full strength kinetic force (NEWHP: 10)
[03:08:59]ATTACK: Void-Script(renegadex557) shot goliath with the full strength kinetic force (NEWHP: 0)
[03:10:16]ATTACK: Void-Script(renegadex557) shot goliath with the full strength kinetic force (NEWHP: 260)
[03:10:19]ATTACK: Void-Script(renegadex557) shot goliath with the full strength kinetic force (NEWHP: 220)
[03:10:23]ATTACK: Void-Script(renegadex557) shot goliath with the full strength kinetic force (NEWHP: 180)
[03:10:26]ATTACK: Void-Script(renegadex557) shot goliath with the full strength kinetic force (NEWHP: 140)
[03:10:28]ATTACK: Void-Script(renegadex557) shot goliath with the full strength kinetic force (NEWHP: 100)
[03:10:31]ATTACK: Void-Script(renegadex557) shot goliath with the full strength kinetic force (NEWHP: 60)
[03:10:35]ATTACK: Void-Script(renegadex557) shot goliath with the full strength kinetic force (NEWHP: 20)
[03:10:37]ATTACK: Void-Script(renegadex557) shot goliath with the full strength kinetic force (NEWHP: 0)
[03:12:39]ATTACK: Void-Script(renegadex557) shot goliath with the full strength kinetic force (NEWHP: 260)
[03:12:44]ATTACK: goliath attacked Void-Script(renegadex557)  (NEWHP: 100)
[03:12:44]ATTACK: Void-Script(renegadex557) shot goliath with the full strength kinetic force (NEWHP: 220)
[03:12:49]ATTACK: Void-Script(renegadex557) shot goliath with the full strength kinetic force (NEWHP: 170)
[03:12:56]ATTACK: Void-Script(renegadex557) shot goliath with the full strength kinetic force (NEWHP: 130)
[03:12:58]ATTACK: Void-Script(renegadex557) shot goliath with the full strength kinetic force (NEWHP: 90)
[03:13:01]ATTACK: Void-Script(renegadex557) shot goliath with the full strength kinetic force (NEWHP: 50)
[03:13:04]ATTACK: Void-Script(renegadex557) shot goliath with the full strength kinetic force (NEWHP: 10)
[03:13:06]ATTACK: Void-Script(renegadex557) shot goliath with the full strength kinetic force (NEWHP: 0)
[03:13:09]ATTACK: Void-Script(renegadex557) shot goliath with the full strength kinetic force (NEWHP: 260)
[03:13:12]ATTACK: Void-Script(renegadex557) shot goliath with the full strength kinetic force (NEWHP: 220)
[03:13:14]ATTACK: Void-Script(renegadex557) shot goliath with the full strength kinetic force (NEWHP: 180)
[03:13:17]ATTACK: Void-Script(renegadex557) shot goliath with the full strength kinetic force (NEWHP: 140)
[03:13:19]ATTACK: Void-Script(renegadex557) shot goliath with the full strength kinetic force (NEWHP: 100)
[03:13:21]ATTACK: Void-Script(renegadex557) shot goliath with the full strength kinetic force (NEWHP: 60)
[03:13:26]ATTACK: Void-Script(renegadex557) shot goliath with the full strength kinetic force (NEWHP: 20)
[03:13:28]ATTACK: Void-Script(renegadex557) shot goliath with the full strength kinetic force (NEWHP: 0)
[03:14:24]ATTACK: basilisk shot Void-Script(renegadex557) with the freezing blast (NEWHP: 75)
[03:14:24]ATTACK: Void-Script(renegadex557) shot basilisk with the full strength kinetic force (NEWHP: 160)
[03:14:27]ATTACK: Void-Script(renegadex557) shot basilisk with the full strength kinetic force (NEWHP: 120)
[03:14:32]ATTACK: basilisk shot Void-Script(renegadex557) with the freezing blast (NEWHP: 75)
[03:14:32]ATTACK: Void-Script(renegadex557) shot basilisk with the full strength kinetic force (NEWHP: 80)
[03:14:34]ATTACK: Void-Script(renegadex557) shot basilisk with the full strength kinetic force (NEWHP: 40)
[03:14:37]ATTACK: Void-Script(renegadex557) shot basilisk with the full strength kinetic force (NEWHP: 0)
[03:15:43]ATTACK: basilisk shot Void-Script(renegadex557) with the freezing blast (NEWHP: 75)
[03:15:49]ATTACK: Void-Script(renegadex557) shot basilisk with the full strength kinetic force (NEWHP: 160)
[03:15:51]ATTACK: basilisk shot Void-Script(renegadex557) with the freezing blast (NEWHP: 75)
[03:15:52]ATTACK: Void-Script(renegadex557) shot basilisk with the full strength kinetic force (NEWHP: 120)
[03:15:54]ATTACK: Void-Script(renegadex557) shot basilisk with the full strength kinetic force (NEWHP: 80)
[03:15:56]ATTACK: Void-Script(renegadex557) shot basilisk with the full strength kinetic force (NEWHP: 40)
[03:15:58]ATTACK: Void-Script(renegadex557) shot basilisk with the full strength kinetic force (NEWHP: 0)
[03:25:35]ATTACK: Void-Script(renegadex557) shot goliath with the full strength kinetic force (NEWHP: 260)
[03:25:39]ATTACK: Void-Script(renegadex557) shot goliath with the full strength kinetic force (NEWHP: 220)
[03:25:42]ATTACK: Void-Script(renegadex557) shot goliath with the full strength kinetic force (NEWHP: 180)
[03:25:44]ATTACK: Void-Script(renegadex557) shot goliath with the full strength kinetic force (NEWHP: 140)
[03:25:47]ATTACK: Void-Script(renegadex557) shot goliath with the full strength kinetic force (NEWHP: 100)
[03:25:49]ATTACK: Void-Script(renegadex557) shot goliath with the full strength kinetic force (NEWHP: 60)
[03:25:54]ATTACK: Void-Script(renegadex557) shot goliath with the full strength kinetic force (NEWHP: 20)
[03:25:56]ATTACK: Void-Script(renegadex557) shot goliath with the full strength kinetic force (NEWHP: 0)
[03:51:17]ATTACK: Zander Sylphaen(twilightic) attacked Void-Script(renegadex557) with super-capacity power cell(INTENT: HELP) (DAMTYPE: BRUTE) (NEWHP: 95)
[04:21:49]ATTACK: Zander Sylphaen(twilightic) attacked Zander Sylphaen(twilightic) with advanced mass-spectrometer(INTENT: HELP) (DAMTYPE: BRUTE) (NEWHP: 100)
[04:21:53]ATTACK: Zander Sylphaen(twilightic) attacked Zander Sylphaen(twilightic) with advanced mass-spectrometer(INTENT: HELP) (DAMTYPE: BRUTE) (NEWHP: 100)
[04:21:54]ATTACK: Zander Sylphaen(twilightic) attacked Zander Sylphaen(twilightic) with advanced mass-spectrometer(INTENT: HELP) (DAMTYPE: BRUTE) (NEWHP: 100)
[04:36:04]ATTACK: Zander Sylphaen(twilightic) fed Davion Allen with charcoal(30 units);  (NEWHP: 58)
[04:36:05]ATTACK: Zander Sylphaen(twilightic) fed Davion Allen with charcoal(25 units);  (NEWHP: 58)


Starting up. 06:24.32
---------------------


Starting up. 06:49.35
---------------------


Starting up. 06:52.05
---------------------
C

Starting up. 14:40.13
---------------------


Starting up. 14:43.56
---------------------


Starting up. 14:46.51
---------------------


Starting up. 15:12.01
---------------------


Starting up. 15:18.24
---------------------
